 Parameter mdl_mb               has been read with value 4.180000e+00        
 Parameter mdl_mt               has been read with value 1.727600e+02        
 Parameter mdl_mz               has been read with value 9.118760e+01        
 Parameter mdl_mh               has been read with value 1.250900e+02        
 Parameter mdl_ctgre            has been read with value 0.000000e+00        
 Parameter mdl_ctwre            has been read with value 0.000000e+00        
 Parameter mdl_ctbre            has been read with value 0.000000e+00        
 Parameter mdl_cht              has been read with value 2.000000e+00        
 Parameter mdl_chtbre           has been read with value 0.000000e+00        
 Parameter mdl_ctgim            has been read with value 0.000000e+00        
 Parameter mdl_ctwim            has been read with value 0.000000e+00        
 Parameter mdl_ctbim            has been read with value 0.000000e+00        
 Parameter mdl_chtbim           has been read with value 0.000000e+00        
 Parameter mdl_lambdasmeft      has been read with value 1.000000e+03        
 Parameter mdl_mw               has been read with value 8.038700e+01        
 Parameter mdl_gf               has been read with value 1.166379e-05        
 Parameter as                   has been read with value 1.179000e-01        
 Parameter mdl_ymb              has been read with value 4.180000e+00        
 Parameter mdl_ymt              has been read with value 1.727600e+02        
 Parameter mdl_wt               has been read with value 1.330000e+00        
 Parameter mdl_wz               has been read with value 2.495200e+00        
 Parameter mdl_ww               has been read with value 2.085000e+00        
 Parameter mdl_wh               has been read with value 4.070000e-03        
