==== LHAPDF6 USING DEFAULT-TYPE LHAGLUE INTERFACE ====
LHAPDF 6.2.1 loading /cvmfs/cms.cern.ch/slc7_amd64_gcc700/external/lhapdf/6.2.1-pafccj3/share/LHAPDF/NNPDF31_nnlo_as_0118_nf_4_mc_hessian/NNPDF31_nnlo_as_0118_nf_4_mc_hessian_0000.dat
NNPDF31_nnlo_as_0118_nf_4_mc_hessian PDF set, member #0, version 1; LHAPDF ID = 325500
 Process in group number            2
 A PDF is used, so alpha_s(MZ) is going to be modified
 Old value of alpha_s from param_card:   0.11790000000000000     
 New value of alpha_s from PDF lhapdf :  0.11266013434007299     
 using LHAPDF
 Warning! ptj set to xqcut=   10.000000000000000       to improve integration efficiency
 Note that this might affect non-radiated jets,
 e.g. from decays. Use cut_decays=F in run_card.
 Warning! mmjj set to xqcut=   10.000000000000000       to improve integration efficiency
 Note that this might affect non-radiated jets,
 e.g. from decays. Use cut_decays=F in run_card.
 Define smin to   640000.00000000000     
 Define smin to   640000.00000000000     
 *****************************************************
 *               MadGraph/MadEvent                   *
 *        --------------------------------           *
 *          http://madgraph.hep.uiuc.edu             *
 *          http://madgraph.phys.ucl.ac.be           *
 *          http://madgraph.roma2.infn.it            *
 *        --------------------------------           *
 *                                                   *
 *          PARAMETER AND COUPLING VALUES            *
 *                                                   *
 *****************************************************

  External Params
  ---------------------------------
  
 mdl_ctGRe =    9.9999999999999994E-012
 mdl_ctWRe =    3.0000000000000000E-011
 mdl_ctBRe =    5.0000000000000002E-011
 mdl_cHt =    8.9999999999999999E-011
 mdl_cHtbRe =    7.0000000000000004E-011
 mdl_ctGIm =    1.9999999999999999E-011
 mdl_ctWIm =    3.9999999999999998E-011
 mdl_ctBIm =    6.0000000000000000E-011
 mdl_cHtbIm =    7.9999999999999995E-011
 mdl_LambdaSMEFT =    1000.0000000000000     
 mdl_MW =    80.387000000000000     
 mdl_Gf =    1.1663789999999999E-005
 aS =   0.11790000000000000     
 mdl_ymb =    4.1799999999999997     
 mdl_ymt =    172.75999999999999     
 mdl_MZ =    91.187600000000003     
 mdl_MT =    172.75999999999999     
 mdl_MB =    4.1799999999999997     
 mdl_MH =    125.09000000000000     
 mdl_WZ =    2.4952000000000001     
 mdl_WW =    2.0850000000000000     
 mdl_WT =    1.3300000000000001     
 mdl_WH =    4.0699999999999998E-003
  Internal Params
  ---------------------------------
  
 mdl_cHQ3 =    0.0000000000000000     
 mdl_cH =    0.0000000000000000     
 mdl_conjg__cbH =    0.0000000000000000     
 mdl_dGf =    0.0000000000000000     
 mdl_cbWRe =    0.0000000000000000     
 mdl_dMH2 =    0.0000000000000000     
 mdl_conjg__ctHH =    0.0000000000000000     
 mdl_dg1 =    0.0000000000000000     
 mdl_cHB =    0.0000000000000000     
 mdl_cHW =    0.0000000000000000     
 mdl_dgw =    0.0000000000000000     
 mdl_complexi =                (0.0000000000000000,1.0000000000000000)
 mdl_ctG =    (9.99999999999999939E-012,1.99999999999999988E-011)
 mdl_ctW =    (2.99999999999999998E-011,3.99999999999999976E-011)
 mdl_ctB =    (5.00000000000000018E-011,5.99999999999999996E-011)
 mdl_cHtb =    (7.00000000000000038E-011,7.99999999999999952E-011)
 mdl_MWsm =    80.387000000000000     
 mdl_MW__exp__2 =    6462.0697689999997     
 mdl_MZ__exp__2 =    8315.1783937600012     
 mdl_sqrt__2 =    1.4142135623730951     
 mdl_nb__2__exp__0_25 =    1.1892071150027210     
 mdl_MH__exp__2 =    15647.508100000001     
 mdl_sth2 =   0.22285855299877133     
 mdl_nb__10__exp___m_40 =    9.9999999999999993E-041
 mdl_MZ1 =    91.187600000000003     
 mdl_MH1 =    125.09000000000000     
 mdl_MT1 =    172.75999999999999     
 mdl_WZ1 =    2.4952000000000001     
 mdl_WW1 =    2.0850000000000000     
 mdl_WH1 =    4.0699999999999998E-003
 mdl_WT1 =    1.3300000000000001     
 mdl_cth =   0.88155626422890820     
 mdl_MW1 =    80.387000000000000     
 mdl_sqrt__sth2 =   0.47207896902824564     
 mdl_sth =   0.47207896902824564     
 mdl_LambdaSMEFT__exp__2 =    1000000.0000000000     
 mdl_MT__exp__2 =    29846.017599999996     
 mdl_MH__exp__6 =    3831206449390.3818     
 mdl_MWsm__exp__6 =    269845343347.69711     
 mdl_MH__exp__4 =    244844509.73956564     
 mdl_MWsm__exp__4 =    41758345.699423708     
 mdl_MWsm__exp__2 =    6462.0697689999997     
 mdl_MZ__exp__4 =    69142191.720053151     
 mdl_MZ__exp__6 =    574929658687.79749     
 mdl_cth__exp__2 =   0.77714144700122867     
 mdl_sth__exp__2 =   0.22285855299877130     
 mdl_MB__exp__2 =    17.472399999999997     
 mdl_MZ__exp__3 =    758241.16129882948     
 mdl_sth__exp__4 =    4.9665934644706158E-002
 mdl_sth__exp__6 =    1.1068478328250760E-002
 mdl_sth__exp__3 =   0.10520683593878660     
 mdl_sth__exp__5 =    2.3446243222897113E-002
 mdl_cth__exp__3 =   0.68509391079585125     
 mdl_aEW =    7.5614618607353409E-003
 mdl_sqrt__Gf =    3.4152291284773265E-003
 mdl_vevhat =    246.21961912951551     
 mdl_lam =   0.12905352724481209     
 mdl_sqrt__aEW =    8.6956666568672819E-002
 mdl_ee =   0.30825335704310214     
 mdl_yb =    2.4008698866559607E-002
 mdl_yt =   0.99228297037962632     
 mdl_vevhat__exp__2 =    60624.100844283676     
 mdl_vevT =    246.21961912951551     
 mdl_g1 =   0.34966952144878632     
 mdl_gw =   0.65296989967087182     
 mdl_yb0 =          (2.40086988665596072E-002,0.0000000000000000)
 mdl_yt0 =               (0.99228297037962632,0.0000000000000000)
 mdl_ee__exp__2 =    9.5020132128342205E-002
 mdl_gHaa =   -1.9312250240531351E-003
 mdl_gHza =   -6.8562264784117729E-003
 mdl_barlam =   0.12905352724481209     
 mdl_dWT =   -6.5076395941683845E-012
 mdl_gwsh =   0.65296989967087182     
 mdl_vev =    246.21961912951551     
 mdl_g1sh =   0.34966952144878632     
 mdl_ee__exp__3 =    2.9290274715240611E-002
 mdl_vevhat__exp__3 =    14926843.019948866     
  Internal Params evaluated point by point
  ----------------------------------------
  
 mdl_sqrt__aS =   0.34336569426778790     
 mdl_gHgg2 =   -3.6486270703817007E-004
 mdl_gHgg4 =    1.0424648772519146E-004
 mdl_gHgg5 =    1.8764367790534461E-003
 mdl_G__exp__2 =    1.4815750954329465     
 mdl_gHgg1 =    3.1273946317557436E-003
 mdl_gHgg3 =    7.6133275785037098E-004
 mdl_G__exp__3 =                (1.8033727530176447,0.0000000000000000)
  Couplings of SMEFTsim_topU3l_MwScheme_UFO-massless_2t
  ---------------------------------
  
       GC_385 =   0.00000E+00   0.42384E-14
       GC_386 =   0.21192E-14   0.00000E+00
         GC_6 =  -0.00000E+00  -0.12172E+01
         GC_7 =   0.12172E+01   0.00000E+00
         GC_8 =   0.00000E+00   0.14816E+01
         GC_1 =   0.00000E+00   0.10275E+00
         GC_2 =  -0.00000E+00  -0.20550E+00
       GC_202 =  -0.00000E+00  -0.46172E+00
       GC_203 =  -0.00000E+00  -0.37035E+00
       GC_263 =  -0.00000E+00  -0.55024E-01
       GC_264 =   0.00000E+00   0.11005E+00
       GC_351 =  -0.34821E-14   0.00000E+00
       GC_352 =   0.00000E+00   0.17410E-14
       GC_357 =  -0.92089E-14   0.00000E+00
       GC_358 =   0.00000E+00   0.76741E-14
       GC_365 =  -0.98488E-14   0.00000E+00
       GC_367 =  -0.61393E-14   0.00000E+00
       GC_368 =   0.00000E+00   0.73866E-14
       GC_369 =   0.00000E+00   0.46045E-14
       GC_441 =   0.49314E-14   0.00000E+00
       GC_442 =  -0.00000E+00  -0.41095E-14
       GC_451 =  -0.32876E-14   0.00000E+00
       GC_452 =   0.00000E+00   0.24657E-14
       GC_504 =  -0.11197E-11   0.00000E+00
       GC_506 =   0.00000E+00   0.97970E-12
       GC_524 =   0.00000E+00   0.20207E-11

 Collider parameters:
 --------------------

 Running at P P   machine @    13000.000000000000       GeV
 PDF set = lhapdf 
 alpha_s(Mz)= 0.1127 running at 3 loops.
 alpha_s(Mz)= 0.1127 running at 3 loops.
 Renormalization scale set on event-by-event basis
 Factorization   scale set on event-by-event basis


 getting user params
Enter number of events and max and min iterations: 
 Number of events and iterations         2000           8           3
Enter desired fractional accuracy: 
 Desired fractional accuracy:    1.0000000000000000E-002
Enter 0 for fixed, 2 for adjustable grid: 
Suppress amplitude (0 no, 1 yes)? 
 Using suppressed amplitude.
Exact helicity sum (0 yes, n = number/event)? 
 Explicitly summing over helicities
Enter Configuration Number: 
Running Configuration Number:    9
 Using dconfig=          23
 BW Setting            2           1           2           0           0           0           0
 Attempting mappinvarients           1           9
 Completed mapping           9
 about to integrate           19        2000           8           3          19           1
 Using non-zero grid deformation.
 19 dimensions   2000 events 19 invarients  8 iterations  1 config(s),  (0.99)
 Using h-tuple random number sequence.
 Error opening grid
 Using Uniform Grid!          36
 Using uniform alpha   1.0000000000000000     
 Grid defined OK
 Set CM energy to      13000.00
 Mapping Graph           9  to config           9
Setting grid   1    0.59172E-06   1
 Setting BW          -2           2   172.75999999999999     
Setting grid   3    0.13817E-03   1
 Setting BW          -4           4   80.387000000000000     
 Setting BW          -5           5   172.75999999999999     
Setting grid   6    0.55268E-03   1
 Transforming s_hat 1/s           18   3.7869822485207109E-003   640000.00000000000        168999999.99999997     
   9   1   2   3   4   5   6   7   8   9  10  11  12  13  14
  15  16  17  18  19
 Masses: 0.000E+00 0.000E+00 0.000E+00 0.000E+00 0.418E+01 0.000E+00 0.000E+00 0.418E+01 0.000E+00
Using random seed offsets     9 :      3
  with seed                   24
 Ranmar initialization seeds       31067        9400
 
 ********************************************
 * You are using the DiscreteSampler module *
 *      part of the MG5_aMC framework       *
 *         Author: Valentin Hirschi         *
 ********************************************
 
  Particle       3       4       5       6       7       8       9
      Et >     0.0     0.0     0.0    10.0    10.0     0.0    10.0
       E >     0.0     0.0     0.0     0.0     0.0     0.0     0.0
     Eta <     5.0    -1.0    -1.0    -1.0    -1.0    -1.0    -1.0
   xqcut:      0.0     0.0     0.0     0.0     0.0     0.0    10.0
d R # 3  >    -0.0     0.0     0.0     0.0     0.0     0.0     0.0
d R # 4  >    -0.0    -0.0     0.0     0.0     0.0     0.0     0.0
d R # 5  >    -0.0    -0.0    -0.0     0.0     0.0     0.0     0.0
d R # 6  >    -0.0    -0.0    -0.0    -0.0     0.0     0.0     0.0
d R # 7  >    -0.0    -0.0    -0.0    -0.0    -0.0     0.0     0.0
d R # 8  >    -0.0    -0.0    -0.0    -0.0    -0.0    -0.0     0.0
s min # 3>     0.0     0.0     0.0     0.0     0.0     0.0     0.0
s min # 4>     0.0     0.0     0.0     0.0     0.0     0.0     0.0
s min # 5>     0.0     0.0     0.0     0.0     0.0     0.0     0.0
s min # 6>     0.0     0.0     0.0     0.0   100.0     0.0   100.0
s min # 7>     0.0     0.0     0.0     0.0     0.0     0.0   100.0
s min # 8>     0.0     0.0     0.0     0.0     0.0     0.0     0.0
xqcutij # 3>     0.0     0.0     0.0     0.0     0.0     0.0     0.0
xqcutij # 4>     0.0     0.0     0.0     0.0     0.0     0.0     0.0
xqcutij # 5>     0.0     0.0     0.0     0.0     0.0     0.0     0.0
xqcutij # 6>     0.0     0.0     0.0     0.0    10.0     0.0     0.0
xqcutij # 7>     0.0     0.0     0.0    10.0     0.0     0.0     0.0
xqcutij # 8>     0.0     0.0     0.0     0.0     0.0     0.0     0.0
 Excluding BW           -1           1
 Requiring BW           -2           2
 Excluding BW           -3           3
 No cut BW           -4           4
 No cut BW           -5           5
 alpha_s for scale    888.52260093697942       is    8.3001582354723338E-002
 Added good helicity            1   208.64385028616820       in event            1 local:           1
 Added good helicity            2   39.033240392113683       in event            1 local:           1
 Added good helicity            3  0.12621383920904525       in event            1 local:           1
 Added good helicity            4   2.3612175107009609E-002  in event            1 local:           1
 Added good helicity           17   6.3614341228834954       in event            1 local:           1
 Added good helicity           18   1.1901016349894540       in event            1 local:           1
 Added good helicity           19   3.8481892585059273E-003  in event            1 local:           1
 Added good helicity           20   7.1992199259447059E-004  in event            1 local:           1
 Added good helicity          385   196.43389781127257       in event            1 local:           1
 Added good helicity          386   52.439918255756304       in event            1 local:           1
 Added good helicity          387  0.11882773616692877       in event            1 local:           1
 Added good helicity          388   3.1722207025898175E-002  in event            1 local:           1
 Added good helicity          401   5.9891595113496310       in event            1 local:           1
 Added good helicity          402   1.5988637332695752       in event            1 local:           1
 Added good helicity          403   3.6229911140900151E-003  in event            1 local:           1
 Added good helicity          404   9.6719232294780507E-004  in event            1 local:           1
 Added good helicity            1   208.64385028616752       in event            1 local:           1
 Added good helicity            2   39.033240392114834       in event            1 local:           1
 Added good helicity            3  0.12621383920904503       in event            1 local:           1
 Added good helicity            4   2.3612175107010538E-002  in event            1 local:           1
 Added good helicity           17   6.3614341228834874       in event            1 local:           1
 Added good helicity           18   1.1901016349894944       in event            1 local:           1
 Added good helicity           19   3.8481892585059273E-003  in event            1 local:           1
 Added good helicity           20   7.1992199259450051E-004  in event            1 local:           1
 Added good helicity          385   196.43389781127138       in event            1 local:           1
 Added good helicity          386   52.439918255756979       in event            1 local:           1
 Added good helicity          387  0.11882773616692795       in event            1 local:           1
 Added good helicity          388   3.1722207025899139E-002  in event            1 local:           1
 Added good helicity          401   5.9891595113495981       in event            1 local:           1
 Added good helicity          402   1.5988637332695952       in event            1 local:           1
 Added good helicity          403   3.6229911140899852E-003  in event            1 local:           1
 Added good helicity          404   9.6719232294783391E-004  in event            1 local:           1
 RESET CUMULATIVE VARIABLE
 RESET CUMULATIVE VARIABLE
 RESET CUMULATIVE VARIABLE
 Iteration  1   Mean: 0.1982E-04 Abs mean: 0.1982E-04   Fluctuation:  0.395E-05   0.441E-02     5.3%
  1    0.1982E-04 0.1982E-04 +- 0.3950E-05      8.91
 Writing out events   2.3294973059927210E-008   8.9144071089368104     
 Relative summed weights:
  0.1630E+00  0.2600E+00  0.3104E+00  0.2665E+00
 Relative number of events:
  0.2707E+00  0.2653E+00  0.2250E+00  0.2389E+00
 Events:
         545         534         453         481
 Iteration  2   Mean: 0.3260E-04 Abs mean: 0.3260E-04   Fluctuation:  0.472E-05   0.916E-02    17.8%
  2    0.3260E-04 0.3260E-04 +- 0.4716E-05      9.15
 Relative summed weights:
  0.2339E+00  0.4454E+00  0.1820E+00  0.1387E+00
 Relative number of events:
  0.2858E+00  0.2955E+00  0.2107E+00  0.2080E+00
 Events:
        1143        1182         843         832
 Iteration  3   Mean: 0.4945E-04 Abs mean: 0.4945E-04   Fluctuation:  0.502E-05   0.219E-01    22.8%
  3    0.4945E-04 0.4945E-04 +- 0.5016E-05      9.07
 Relative summed weights:
  0.3639E+00  0.3186E+00  0.1499E+00  0.1676E+00
 Relative number of events:
  0.3004E+00  0.2944E+00  0.1973E+00  0.2080E+00
 Events:
        2403        2355        1578        1664
 Accuracy:    0.197   0.010   0.077   6.617
 Found         1359  events.
 Wrote           12  events.
 Actual xsec    4.0335164796745307E-005
 Correct abs xsec    4.0335164796745307E-005
 Event xsec    4.0335164796745294E-005
 Events wgts > 1:            1
 % Cross section > 1:    1.9555774246054166E-007  0.48483189159133305     
 Iteration  4   Mean: 0.4874E-04 Abs mean: 0.4874E-04   Fluctuation:  0.196E-05   0.119E-01    22.9%
  4    0.4874E-04 0.4874E-04 +- 0.1964E-05      5.10
 Relative summed weights:
  0.3415E+00  0.3446E+00  0.1457E+00  0.1682E+00
 Relative number of events:
  0.3167E+00  0.3186E+00  0.1744E+00  0.1903E+00
 Events:
        5068        5098        2790        3044
 Accuracy:    0.077   0.010   0.036   4.687
 Found         2875  events.
 Wrote          118  events.
 Actual xsec    4.7820673477547371E-005
 Correct abs xsec    4.7820673477547371E-005
 Event xsec    4.7820673477547601E-005
 Events wgts > 1:            3
 % Cross section > 1:    3.8186147872223807E-007  0.79852802345313434     
 Iteration  5   Mean: 0.5319E-04 Abs mean: 0.5319E-04   Fluctuation:  0.127E-05   0.963E-02    21.4%
  5    0.5319E-04 0.5319E-04 +- 0.1269E-05      4.27
 Relative summed weights:
  0.3137E+00  0.3246E+00  0.2023E+00  0.1594E+00
 Relative number of events:
  0.3194E+00  0.3177E+00  0.1838E+00  0.1790E+00
 Events:
       10221       10168        5882        5729
 Accuracy:    0.044   0.010   0.020   4.975
 Found         7373  events.
 Wrote          343  events.
 Actual xsec    5.1932773308694081E-005
 Correct abs xsec    5.1932773308694081E-005
 Event xsec    5.1932773308694623E-005
 Events wgts > 1:            8
 % Cross section > 1:    4.3505445613771447E-007  0.83772621491191834     
 Iteration  6   Mean: 0.5564E-04 Abs mean: 0.5564E-04   Fluctuation:  0.795E-06   0.112E-01    19.9%
  6    0.5564E-04 0.5564E-04 +- 0.7947E-06      3.61
 Relative summed weights:
  0.3200E+00  0.3242E+00  0.1785E+00  0.1773E+00
 Relative number of events:
  0.3226E+00  0.3194E+00  0.1790E+00  0.1790E+00
 Events:
       20647       20442       11455       11456
 Accuracy:    0.028   0.010   0.012   5.767
 Found        16228  events.
 Wrote          982  events.
 Actual xsec    5.4464812470050451E-005
 Correct abs xsec    5.4464812470050451E-005
 Event xsec    5.4464812470051258E-005
 Events wgts > 1:           29
 % Cross section > 1:    5.5090939159594111E-007   1.0114959854105279     
 Iteration  7   Mean: 0.5431E-04 Abs mean: 0.5431E-04   Fluctuation:  0.471E-06   0.113E-01    17.9%
  7    0.5431E-04 0.5431E-04 +- 0.4715E-06      3.11
 Relative summed weights:
  0.3174E+00  0.3181E+00  0.1837E+00  0.1809E+00
 Relative number of events:
  0.3219E+00  0.3223E+00  0.1786E+00  0.1773E+00
 Events:
       41203       41251       22855       22691
 Accuracy:    0.015   0.010   0.007   4.794
 Found        36119  events.
 Wrote         2901  events.
 Actual xsec    5.4541015289759190E-005
 Correct abs xsec    5.4541015289759190E-005
 Event xsec    5.4541015289761541E-005
 Events wgts > 1:           77
 % Cross section > 1:    5.4433528062665413E-007  0.99802924044363539     
 Iteration  8   Mean: 0.5506E-04 Abs mean: 0.5506E-04   Fluctuation:  0.313E-06   0.738E-02    16.3%
  8    0.5506E-04 0.5506E-04 +- 0.3133E-06      2.88
 Relative summed weights:
  0.3228E+00  0.3182E+00  0.1761E+00  0.1830E+00
 Relative number of events:
  0.3237E+00  0.3225E+00  0.1766E+00  0.1772E+00
 Events:
       82878       82552       45200       45370
 Accuracy:    0.009   0.010   0.004   4.424
 Finished due to accuracy    9.2599293198000060E-003   1.0000000000000000E-002

 -------------------------------------------------------------------------------
 Accumulated results:   Integral =  0.5474E-04
                        Std dev  =  0.2410E-06
                       Cross sec =  0.5474E-04
             Chi**2 per DoF.     =      4.4243
 -------------------------------------------------------------------------------
 Found        79086  events.
 Wrote         7280  events.
 Actual xsec    5.4917063655261654E-005
 Correct abs xsec    5.4917063655261654E-005
 Event xsec    5.4917063655260116E-005
 Events wgts > 1:          181
 % Cross section > 1:    5.4672952336005141E-007  0.99555490947608960     
-------------------------------------------------
---------------------------
 Results Last   3 iters: Integral =   0.5492E-04
                     Abs integral =   0.5492E-04
                          Std dev =   0.2480E-06
                  Chi**2 per DoF. =      1.3398
-------------------------------------------------
Thanks for using LHAPDF 6.2.1. Please make sure to cite the paper:
  Eur.Phys.J. C75 (2015) 3, 132  (http://arxiv.org/abs/1412.7420)
---------------------------
 Status   1.0000000000000000E-002           9           8

ls status:
events.lhe
ftn26
input_app.txt
results.dat
run1_app.log
