==== LHAPDF6 USING DEFAULT-TYPE LHAGLUE INTERFACE ====
LHAPDF 6.2.1 loading /cvmfs/cms.cern.ch/slc7_amd64_gcc700/external/lhapdf/6.2.1-pafccj3/share/LHAPDF/NNPDF31_nnlo_as_0118_nf_4_mc_hessian/NNPDF31_nnlo_as_0118_nf_4_mc_hessian_0000.dat
NNPDF31_nnlo_as_0118_nf_4_mc_hessian PDF set, member #0, version 1; LHAPDF ID = 325500
 Process in group number            3
 A PDF is used, so alpha_s(MZ) is going to be modified
 Old value of alpha_s from param_card:   0.11790000000000000     
 New value of alpha_s from PDF lhapdf :  0.11266013434007299     
 using LHAPDF
 Warning! ptj set to xqcut=   10.000000000000000       to improve integration efficiency
 Note that this might affect non-radiated jets,
 e.g. from decays. Use cut_decays=F in run_card.
 Warning! mmjj set to xqcut=   10.000000000000000       to improve integration efficiency
 Note that this might affect non-radiated jets,
 e.g. from decays. Use cut_decays=F in run_card.
 Define smin to   640000.00000000000     
 Define smin to   640000.00000000000     
 *****************************************************
 *               MadGraph/MadEvent                   *
 *        --------------------------------           *
 *          http://madgraph.hep.uiuc.edu             *
 *          http://madgraph.phys.ucl.ac.be           *
 *          http://madgraph.roma2.infn.it            *
 *        --------------------------------           *
 *                                                   *
 *          PARAMETER AND COUPLING VALUES            *
 *                                                   *
 *****************************************************

  External Params
  ---------------------------------
  
 mdl_ctGRe =    9.9999999999999994E-012
 mdl_ctWRe =    3.0000000000000000E-011
 mdl_ctBRe =    5.0000000000000002E-011
 mdl_cHt =    8.9999999999999999E-011
 mdl_cHtbRe =    7.0000000000000004E-011
 mdl_ctGIm =    1.9999999999999999E-011
 mdl_ctWIm =    3.9999999999999998E-011
 mdl_ctBIm =    6.0000000000000000E-011
 mdl_cHtbIm =    7.9999999999999995E-011
 mdl_LambdaSMEFT =    1000.0000000000000     
 mdl_MW =    80.387000000000000     
 mdl_Gf =    1.1663789999999999E-005
 aS =   0.11790000000000000     
 mdl_ymb =    4.1799999999999997     
 mdl_ymt =    172.75999999999999     
 mdl_MZ =    91.187600000000003     
 mdl_MT =    172.75999999999999     
 mdl_MB =    4.1799999999999997     
 mdl_MH =    125.09000000000000     
 mdl_WZ =    2.4952000000000001     
 mdl_WW =    2.0850000000000000     
 mdl_WT =    1.3300000000000001     
 mdl_WH =    4.0699999999999998E-003
  Internal Params
  ---------------------------------
  
 mdl_cHQ3 =    0.0000000000000000     
 mdl_cH =    0.0000000000000000     
 mdl_conjg__cbH =    0.0000000000000000     
 mdl_dGf =    0.0000000000000000     
 mdl_cbWRe =    0.0000000000000000     
 mdl_dMH2 =    0.0000000000000000     
 mdl_conjg__ctHH =    0.0000000000000000     
 mdl_dg1 =    0.0000000000000000     
 mdl_cHB =    0.0000000000000000     
 mdl_cHW =    0.0000000000000000     
 mdl_dgw =    0.0000000000000000     
 mdl_complexi =                (0.0000000000000000,1.0000000000000000)
 mdl_ctG =    (9.99999999999999939E-012,1.99999999999999988E-011)
 mdl_ctW =    (2.99999999999999998E-011,3.99999999999999976E-011)
 mdl_ctB =    (5.00000000000000018E-011,5.99999999999999996E-011)
 mdl_cHtb =    (7.00000000000000038E-011,7.99999999999999952E-011)
 mdl_MWsm =    80.387000000000000     
 mdl_MW__exp__2 =    6462.0697689999997     
 mdl_MZ__exp__2 =    8315.1783937600012     
 mdl_sqrt__2 =    1.4142135623730951     
 mdl_nb__2__exp__0_25 =    1.1892071150027210     
 mdl_MH__exp__2 =    15647.508100000001     
 mdl_sth2 =   0.22285855299877133     
 mdl_nb__10__exp___m_40 =    9.9999999999999993E-041
 mdl_MZ1 =    91.187600000000003     
 mdl_MH1 =    125.09000000000000     
 mdl_MT1 =    172.75999999999999     
 mdl_WZ1 =    2.4952000000000001     
 mdl_WW1 =    2.0850000000000000     
 mdl_WH1 =    4.0699999999999998E-003
 mdl_WT1 =    1.3300000000000001     
 mdl_cth =   0.88155626422890820     
 mdl_MW1 =    80.387000000000000     
 mdl_sqrt__sth2 =   0.47207896902824564     
 mdl_sth =   0.47207896902824564     
 mdl_LambdaSMEFT__exp__2 =    1000000.0000000000     
 mdl_MT__exp__2 =    29846.017599999996     
 mdl_MH__exp__6 =    3831206449390.3818     
 mdl_MWsm__exp__6 =    269845343347.69711     
 mdl_MH__exp__4 =    244844509.73956564     
 mdl_MWsm__exp__4 =    41758345.699423708     
 mdl_MWsm__exp__2 =    6462.0697689999997     
 mdl_MZ__exp__4 =    69142191.720053151     
 mdl_MZ__exp__6 =    574929658687.79749     
 mdl_cth__exp__2 =   0.77714144700122867     
 mdl_sth__exp__2 =   0.22285855299877130     
 mdl_MB__exp__2 =    17.472399999999997     
 mdl_MZ__exp__3 =    758241.16129882948     
 mdl_sth__exp__4 =    4.9665934644706158E-002
 mdl_sth__exp__6 =    1.1068478328250760E-002
 mdl_sth__exp__3 =   0.10520683593878660     
 mdl_sth__exp__5 =    2.3446243222897113E-002
 mdl_cth__exp__3 =   0.68509391079585125     
 mdl_aEW =    7.5614618607353409E-003
 mdl_sqrt__Gf =    3.4152291284773265E-003
 mdl_vevhat =    246.21961912951551     
 mdl_lam =   0.12905352724481209     
 mdl_sqrt__aEW =    8.6956666568672819E-002
 mdl_ee =   0.30825335704310214     
 mdl_yb =    2.4008698866559607E-002
 mdl_yt =   0.99228297037962632     
 mdl_vevhat__exp__2 =    60624.100844283676     
 mdl_vevT =    246.21961912951551     
 mdl_g1 =   0.34966952144878632     
 mdl_gw =   0.65296989967087182     
 mdl_yb0 =          (2.40086988665596072E-002,0.0000000000000000)
 mdl_yt0 =               (0.99228297037962632,0.0000000000000000)
 mdl_ee__exp__2 =    9.5020132128342205E-002
 mdl_gHaa =   -1.9312250240531351E-003
 mdl_gHza =   -6.8562264784117729E-003
 mdl_barlam =   0.12905352724481209     
 mdl_dWT =   -6.5076395941683845E-012
 mdl_gwsh =   0.65296989967087182     
 mdl_vev =    246.21961912951551     
 mdl_g1sh =   0.34966952144878632     
 mdl_ee__exp__3 =    2.9290274715240611E-002
 mdl_vevhat__exp__3 =    14926843.019948866     
  Internal Params evaluated point by point
  ----------------------------------------
  
 mdl_sqrt__aS =   0.34336569426778790     
 mdl_gHgg2 =   -3.6486270703817007E-004
 mdl_gHgg4 =    1.0424648772519146E-004
 mdl_gHgg5 =    1.8764367790534461E-003
 mdl_G__exp__2 =    1.4815750954329465     
 mdl_gHgg1 =    3.1273946317557436E-003
 mdl_gHgg3 =    7.6133275785037098E-004
 mdl_G__exp__3 =                (1.8033727530176447,0.0000000000000000)
  Couplings of SMEFTsim_topU3l_MwScheme_UFO-massless_2t
  ---------------------------------
  
       GC_385 =   0.00000E+00   0.42384E-14
       GC_386 =   0.21192E-14   0.00000E+00
         GC_6 =  -0.00000E+00  -0.12172E+01
         GC_7 =   0.12172E+01   0.00000E+00
         GC_8 =   0.00000E+00   0.14816E+01
         GC_1 =   0.00000E+00   0.10275E+00
         GC_2 =  -0.00000E+00  -0.20550E+00
       GC_202 =  -0.00000E+00  -0.46172E+00
       GC_203 =  -0.00000E+00  -0.37035E+00
       GC_263 =  -0.00000E+00  -0.55024E-01
       GC_264 =   0.00000E+00   0.11005E+00
       GC_351 =  -0.34821E-14   0.00000E+00
       GC_352 =   0.00000E+00   0.17410E-14
       GC_357 =  -0.92089E-14   0.00000E+00
       GC_358 =   0.00000E+00   0.76741E-14
       GC_365 =  -0.98488E-14   0.00000E+00
       GC_367 =  -0.61393E-14   0.00000E+00
       GC_368 =   0.00000E+00   0.73866E-14
       GC_369 =   0.00000E+00   0.46045E-14
       GC_441 =   0.49314E-14   0.00000E+00
       GC_442 =  -0.00000E+00  -0.41095E-14
       GC_451 =  -0.32876E-14   0.00000E+00
       GC_452 =   0.00000E+00   0.24657E-14
       GC_504 =  -0.11197E-11   0.00000E+00
       GC_506 =   0.00000E+00   0.97970E-12
       GC_524 =   0.00000E+00   0.20207E-11

 Collider parameters:
 --------------------

 Running at P P   machine @    13000.000000000000       GeV
 PDF set = lhapdf 
 alpha_s(Mz)= 0.1127 running at 3 loops.
 alpha_s(Mz)= 0.1127 running at 3 loops.
 Renormalization scale set on event-by-event basis
 Factorization   scale set on event-by-event basis


 getting user params
Enter number of events and max and min iterations: 
 Number of events and iterations         2000           8           3
Enter desired fractional accuracy: 
 Desired fractional accuracy:    1.0000000000000000E-002
Enter 0 for fixed, 2 for adjustable grid: 
Suppress amplitude (0 no, 1 yes)? 
 Using suppressed amplitude.
Exact helicity sum (0 yes, n = number/event)? 
 Explicitly summing over helicities
Enter Configuration Number: 
Running Configuration Number:    6
 Using dconfig=          23
 BW Setting            2           1           2           0           0           0           0
 Attempting mappinvarients           1           9
 Completed mapping           9
 about to integrate           19        2000           8           3          19           1
 Using non-zero grid deformation.
 19 dimensions   2000 events 19 invarients  8 iterations  1 config(s),  (0.99)
 Using h-tuple random number sequence.
 Error opening grid
 Using Uniform Grid!          36
 Using uniform alpha   1.0000000000000000     
 Grid defined OK
 Set CM energy to      13000.00
 Mapping Graph           6  to config           6
Setting grid   1    0.59172E-06   1
 Setting BW          -2           2   172.75999999999999     
Setting grid   3    0.13817E-03   1
 Setting BW          -4           4   80.387000000000000     
 Setting BW          -5           5   172.75999999999999     
Setting grid   6    0.55268E-03   1
 Transforming s_hat 1/s           18   3.7869822485207109E-003   640000.00000000000        168999999.99999997     
   6   1   2   3   4   5   6   7   8   9  10  11  12  13  14
  15  16  17  18  19
 Masses: 0.000E+00 0.000E+00 0.000E+00 0.000E+00 0.418E+01 0.000E+00 0.000E+00 0.418E+01 0.000E+00
Using random seed offsets     6 :      6
  with seed                   24
 Ranmar initialization seeds       31064        9403
 
 ********************************************
 * You are using the DiscreteSampler module *
 *      part of the MG5_aMC framework       *
 *         Author: Valentin Hirschi         *
 ********************************************
 
  Particle       3       4       5       6       7       8       9
      Et >    10.0    10.0     0.0     0.0     0.0     0.0    10.0
       E >     0.0     0.0     0.0     0.0     0.0     0.0     0.0
     Eta <    -1.0    -1.0    -1.0     5.0    -1.0    -1.0    -1.0
   xqcut:      0.0     0.0     0.0     0.0     0.0     0.0    10.0
d R # 3  >    -0.0     0.0     0.0     0.0     0.0     0.0     0.0
d R # 4  >    -0.0    -0.0     0.0     0.0     0.0     0.0     0.0
d R # 5  >    -0.0    -0.0    -0.0     0.0     0.0     0.0     0.0
d R # 6  >    -0.0    -0.0    -0.0    -0.0     0.0     0.0     0.0
d R # 7  >    -0.0    -0.0    -0.0    -0.0    -0.0     0.0     0.0
d R # 8  >    -0.0    -0.0    -0.0    -0.0    -0.0    -0.0     0.0
s min # 3>     0.0   100.0     0.0     0.0     0.0     0.0   100.0
s min # 4>     0.0     0.0     0.0     0.0     0.0     0.0   100.0
s min # 5>     0.0     0.0     0.0     0.0     0.0     0.0     0.0
s min # 6>     0.0     0.0     0.0     0.0     0.0     0.0     0.0
s min # 7>     0.0     0.0     0.0     0.0     0.0     0.0     0.0
s min # 8>     0.0     0.0     0.0     0.0     0.0     0.0     0.0
xqcutij # 3>     0.0    10.0     0.0     0.0     0.0     0.0     0.0
xqcutij # 4>    10.0     0.0     0.0     0.0     0.0     0.0     0.0
xqcutij # 5>     0.0     0.0     0.0     0.0     0.0     0.0     0.0
xqcutij # 6>     0.0     0.0     0.0     0.0     0.0     0.0     0.0
xqcutij # 7>     0.0     0.0     0.0     0.0     0.0     0.0     0.0
xqcutij # 8>     0.0     0.0     0.0     0.0     0.0     0.0     0.0
 Excluding BW           -1           1
 Requiring BW           -2           2
 Excluding BW           -3           3
 No cut BW           -4           4
 No cut BW           -5           5
 alpha_s for scale    937.07372062311913       is    8.2497864879912050E-002
 Added good helicity            1   117.98753741651545       in event            1 local:           1
 Added good helicity            2   204.75984766182572       in event            1 local:           1
 Added good helicity            3   5.4544782992200912E-002  in event            1 local:           1
 Added good helicity            4   9.4658992821408050E-002  in event            1 local:           1
 Added good helicity           17   3.6862482283058440E-002  in event            1 local:           1
 Added good helicity           18   6.3972487471870843E-002  in event            1 local:           1
 Added good helicity           19   1.7041258260907036E-005  in event            1 local:           1
 Added good helicity           20   2.9574017081555051E-005  in event            1 local:           1
 Added good helicity          385   130.70101113331233       in event            1 local:           1
 Added good helicity          386   58.155180545239347       in event            1 local:           1
 Added good helicity          387   6.0422129692674978E-002  in event            1 local:           1
 Added good helicity          388   2.6884718267276803E-002  in event            1 local:           1
 Added good helicity          401   4.0834513651690232E-002  in event            1 local:           1
 Added good helicity          402   1.8169243642425004E-002  in event            1 local:           1
 Added good helicity          403   1.8877499557238542E-005  in event            1 local:           1
 Added good helicity          404   8.3995095858419501E-006  in event            1 local:           1
 Added good helicity            1   117.98753741651556       in event            1 local:           1
 Added good helicity            2   204.75984766182557       in event            1 local:           1
 Added good helicity            3   5.4544782992200953E-002  in event            1 local:           1
 Added good helicity            4   9.4658992821408064E-002  in event            1 local:           1
 Added good helicity           17   3.6862482283058509E-002  in event            1 local:           1
 Added good helicity           18   6.3972487471871037E-002  in event            1 local:           1
 Added good helicity           19   1.7041258260907084E-005  in event            1 local:           1
 Added good helicity           20   2.9574017081555132E-005  in event            1 local:           1
 Added good helicity          385   130.70101113331242       in event            1 local:           1
 Added good helicity          386   58.155180545239354       in event            1 local:           1
 Added good helicity          387   6.0422129692675131E-002  in event            1 local:           1
 Added good helicity          388   2.6884718267276824E-002  in event            1 local:           1
 Added good helicity          401   4.0834513651690267E-002  in event            1 local:           1
 Added good helicity          402   1.8169243642425049E-002  in event            1 local:           1
 Added good helicity          403   1.8877499557238562E-005  in event            1 local:           1
 Added good helicity          404   8.3995095858419704E-006  in event            1 local:           1
 RESET CUMULATIVE VARIABLE
 RESET CUMULATIVE VARIABLE
 RESET CUMULATIVE VARIABLE
 Iteration  1   Mean: 0.2021E-04 Abs mean: 0.2021E-04   Fluctuation:  0.460E-05   0.637E-02     5.3%
  1    0.2021E-04 0.2021E-04 +- 0.4600E-05     10.18
 Writing out events   2.4023234976325755E-008   10.180315016269128     
 Relative summed weights:
  0.4463E+00  0.2307E+00  0.2004E+00  0.1227E+00
 Relative number of events:
  0.2739E+00  0.2754E+00  0.2169E+00  0.2338E+00
 Events:
         553         556         438         472
 Iteration  2   Mean: 0.3400E-04 Abs mean: 0.3400E-04   Fluctuation:  0.359E-05   0.638E-02    21.0%
  2    0.3400E-04 0.3400E-04 +- 0.3589E-05      6.68
 Relative summed weights:
  0.3337E+00  0.2667E+00  0.1541E+00  0.2456E+00
 Relative number of events:
  0.2820E+00  0.2820E+00  0.2152E+00  0.2208E+00
 Events:
        1128        1128         861         883
 Iteration  3   Mean: 0.5430E-04 Abs mean: 0.5430E-04   Fluctuation:  0.567E-05   0.253E-01    24.8%
  3    0.5430E-04 0.5430E-04 +- 0.5672E-05      9.34
 Relative summed weights:
  0.3545E+00  0.3220E+00  0.1770E+00  0.1465E+00
 Relative number of events:
  0.3014E+00  0.2985E+00  0.2072E+00  0.1929E+00
 Events:
        2411        2388        1658        1543
 Accuracy:    0.202   0.010   0.071   8.179
 Found         1310  events.
 Wrote           20  events.
 Actual xsec    4.1946989469040497E-005
 Correct abs xsec    4.1946989469040497E-005
 Event xsec    4.1946989469040497E-005
 Events wgts > 1:            1
 % Cross section > 1:    2.4795636253050043E-007  0.59111837504693332     
 Iteration  4   Mean: 0.5043E-04 Abs mean: 0.5043E-04   Fluctuation:  0.217E-05   0.132E-01    24.4%
  4    0.5043E-04 0.5043E-04 +- 0.2167E-05      5.44
 Relative summed weights:
  0.3498E+00  0.3032E+00  0.1857E+00  0.1613E+00
 Relative number of events:
  0.3127E+00  0.3148E+00  0.1866E+00  0.1859E+00
 Events:
        5003        5037        2985        2975
 Accuracy:    0.087   0.010   0.037   5.657
 Found         2589  events.
 Wrote           87  events.
 Actual xsec    4.8884527085957279E-005
 Correct abs xsec    4.8884527085957279E-005
 Event xsec    4.8884527085957239E-005
 Events wgts > 1:            3
 % Cross section > 1:    3.3748491604843363E-007  0.69037164961217534     
 Iteration  5   Mean: 0.5540E-04 Abs mean: 0.5540E-04   Fluctuation:  0.133E-05   0.114E-01    22.1%
  5    0.5540E-04 0.5540E-04 +- 0.1330E-05      4.30
 Relative summed weights:
  0.3062E+00  0.3164E+00  0.1791E+00  0.1983E+00
 Relative number of events:
  0.3150E+00  0.3166E+00  0.1843E+00  0.1841E+00
 Events:
       10081       10130        5898        5891
 Accuracy:    0.049   0.010   0.020   5.890
 Found         7085  events.
 Wrote          293  events.
 Actual xsec    5.4222278412205173E-005
 Correct abs xsec    5.4222278412205173E-005
 Event xsec    5.4222278412205572E-005
 Events wgts > 1:            6
 % Cross section > 1:    4.3168272518747459E-007  0.79613534847385103     
 Iteration  6   Mean: 0.5453E-04 Abs mean: 0.5453E-04   Fluctuation:  0.884E-06   0.182E-01    20.5%
  6    0.5453E-04 0.5453E-04 +- 0.8840E-06      4.10
 Relative summed weights:
  0.3123E+00  0.3140E+00  0.1877E+00  0.1860E+00
 Relative number of events:
  0.3155E+00  0.3176E+00  0.1858E+00  0.1811E+00
 Events:
       20194       20324       11891       11591
 Accuracy:    0.028   0.010   0.013   4.750
 Found        15698  events.
 Wrote          376  events.
 Actual xsec    5.4414778151897801E-005
 Correct abs xsec    5.4414778151897801E-005
 Event xsec    5.4414778151898350E-005
 Events wgts > 1:            4
 % Cross section > 1:    4.0764347711897094E-007  0.74914111747554668     
 Iteration  7   Mean: 0.5519E-04 Abs mean: 0.5519E-04   Fluctuation:  0.485E-06   0.107E-01    18.2%
  7    0.5519E-04 0.5519E-04 +- 0.4849E-06      3.14
 Relative summed weights:
  0.3181E+00  0.3223E+00  0.1841E+00  0.1756E+00
 Relative number of events:
  0.3178E+00  0.3200E+00  0.1810E+00  0.1812E+00
 Events:
       40684       40962       23166       23188
 Accuracy:    0.015   0.010   0.007   4.167
 Found        36202  events.
 Wrote         2710  events.
 Actual xsec    5.5071869880977283E-005
 Correct abs xsec    5.5071869880977283E-005
 Event xsec    5.5071869880978313E-005
 Events wgts > 1:           55
 % Cross section > 1:    5.5040941418668999E-007  0.99943839818084701     
 Iteration  8   Mean: 0.5517E-04 Abs mean: 0.5517E-04   Fluctuation:  0.311E-06   0.695E-02    16.9%
  8    0.5517E-04 0.5517E-04 +- 0.3110E-06      2.85
 Relative summed weights:
  0.3172E+00  0.3220E+00  0.1806E+00  0.1803E+00
 Relative number of events:
  0.3181E+00  0.3198E+00  0.1812E+00  0.1809E+00
 Events:
       81425       81874       46396       46305
 Accuracy:    0.008   0.010   0.004   3.618
 Finished due to accuracy    8.4466648268629110E-003   1.0000000000000000E-002

 -------------------------------------------------------------------------------
 Accumulated results:   Integral =  0.5503E-04
                        Std dev  =  0.2444E-06
                       Cross sec =  0.5503E-04
             Chi**2 per DoF.     =      3.6181
 -------------------------------------------------------------------------------
 Found        77372  events.
 Wrote         7373  events.
 Actual xsec    5.5125144797622119E-005
 Correct abs xsec    5.5125144797622119E-005
 Event xsec    5.5125144797626788E-005
 Events wgts > 1:          202
 % Cross section > 1:    5.5914120550741725E-007   1.0143124477225662     
-------------------------------------------------
---------------------------
 Results Last   3 iters: Integral =   0.5513E-04
                     Abs integral =   0.5513E-04
                          Std dev =   0.2510E-06
                  Chi**2 per DoF. =      0.2444
-------------------------------------------------
Thanks for using LHAPDF 6.2.1. Please make sure to cite the paper:
  Eur.Phys.J. C75 (2015) 3, 132  (http://arxiv.org/abs/1412.7420)
---------------------------
 Status   1.0000000000000000E-002           9           8

ls status:
events.lhe
ftn26
input_app.txt
results.dat
run1_app.log
