==== LHAPDF6 USING DEFAULT-TYPE LHAGLUE INTERFACE ====
LHAPDF 6.2.1 loading /cvmfs/cms.cern.ch/slc7_amd64_gcc700/external/lhapdf/6.2.1-pafccj3/share/LHAPDF/NNPDF31_nnlo_as_0118_nf_4_mc_hessian/NNPDF31_nnlo_as_0118_nf_4_mc_hessian_0000.dat
NNPDF31_nnlo_as_0118_nf_4_mc_hessian PDF set, member #0, version 1; LHAPDF ID = 325500
 Process in group number            3
 A PDF is used, so alpha_s(MZ) is going to be modified
 Old value of alpha_s from param_card:   0.11790000000000000     
 New value of alpha_s from PDF lhapdf :  0.11266013434007299     
 using LHAPDF
 Warning! ptj set to xqcut=   10.000000000000000       to improve integration efficiency
 Note that this might affect non-radiated jets,
 e.g. from decays. Use cut_decays=F in run_card.
 Warning! mmjj set to xqcut=   10.000000000000000       to improve integration efficiency
 Note that this might affect non-radiated jets,
 e.g. from decays. Use cut_decays=F in run_card.
 Define smin to   640000.00000000000     
 Define smin to   640000.00000000000     
 Define smin to   640000.00000000000     
 Define smin to   640000.00000000000     
 Define smin to   640000.00000000000     
 Define smin to   640000.00000000000     
 *****************************************************
 *               MadGraph/MadEvent                   *
 *        --------------------------------           *
 *          http://madgraph.hep.uiuc.edu             *
 *          http://madgraph.phys.ucl.ac.be           *
 *          http://madgraph.roma2.infn.it            *
 *        --------------------------------           *
 *                                                   *
 *          PARAMETER AND COUPLING VALUES            *
 *                                                   *
 *****************************************************

  External Params
  ---------------------------------
  
 mdl_ctGRe =    9.9999999999999994E-012
 mdl_ctWRe =    3.0000000000000000E-011
 mdl_ctBRe =    5.0000000000000002E-011
 mdl_cHt =    8.9999999999999999E-011
 mdl_cHtbRe =    7.0000000000000004E-011
 mdl_ctGIm =    1.9999999999999999E-011
 mdl_ctWIm =    3.9999999999999998E-011
 mdl_ctBIm =    6.0000000000000000E-011
 mdl_cHtbIm =    7.9999999999999995E-011
 mdl_LambdaSMEFT =    1000.0000000000000     
 mdl_MW =    80.387000000000000     
 mdl_Gf =    1.1663789999999999E-005
 aS =   0.11790000000000000     
 mdl_ymb =    4.1799999999999997     
 mdl_ymt =    172.75999999999999     
 mdl_MZ =    91.187600000000003     
 mdl_MT =    172.75999999999999     
 mdl_MB =    4.1799999999999997     
 mdl_MH =    125.09000000000000     
 mdl_WZ =    2.4952000000000001     
 mdl_WW =    2.0850000000000000     
 mdl_WT =    1.3300000000000001     
 mdl_WH =    4.0699999999999998E-003
  Internal Params
  ---------------------------------
  
 mdl_cHQ3 =    0.0000000000000000     
 mdl_cH =    0.0000000000000000     
 mdl_conjg__cbH =    0.0000000000000000     
 mdl_dGf =    0.0000000000000000     
 mdl_cbWRe =    0.0000000000000000     
 mdl_dMH2 =    0.0000000000000000     
 mdl_conjg__ctHH =    0.0000000000000000     
 mdl_dg1 =    0.0000000000000000     
 mdl_cHB =    0.0000000000000000     
 mdl_cHW =    0.0000000000000000     
 mdl_dgw =    0.0000000000000000     
 mdl_complexi =                (0.0000000000000000,1.0000000000000000)
 mdl_ctG =    (9.99999999999999939E-012,1.99999999999999988E-011)
 mdl_ctW =    (2.99999999999999998E-011,3.99999999999999976E-011)
 mdl_ctB =    (5.00000000000000018E-011,5.99999999999999996E-011)
 mdl_cHtb =    (7.00000000000000038E-011,7.99999999999999952E-011)
 mdl_MWsm =    80.387000000000000     
 mdl_MW__exp__2 =    6462.0697689999997     
 mdl_MZ__exp__2 =    8315.1783937600012     
 mdl_sqrt__2 =    1.4142135623730951     
 mdl_nb__2__exp__0_25 =    1.1892071150027210     
 mdl_MH__exp__2 =    15647.508100000001     
 mdl_sth2 =   0.22285855299877133     
 mdl_nb__10__exp___m_40 =    9.9999999999999993E-041
 mdl_MZ1 =    91.187600000000003     
 mdl_MH1 =    125.09000000000000     
 mdl_MT1 =    172.75999999999999     
 mdl_WZ1 =    2.4952000000000001     
 mdl_WW1 =    2.0850000000000000     
 mdl_WH1 =    4.0699999999999998E-003
 mdl_WT1 =    1.3300000000000001     
 mdl_cth =   0.88155626422890820     
 mdl_MW1 =    80.387000000000000     
 mdl_sqrt__sth2 =   0.47207896902824564     
 mdl_sth =   0.47207896902824564     
 mdl_LambdaSMEFT__exp__2 =    1000000.0000000000     
 mdl_MT__exp__2 =    29846.017599999996     
 mdl_MH__exp__6 =    3831206449390.3818     
 mdl_MWsm__exp__6 =    269845343347.69711     
 mdl_MH__exp__4 =    244844509.73956564     
 mdl_MWsm__exp__4 =    41758345.699423708     
 mdl_MWsm__exp__2 =    6462.0697689999997     
 mdl_MZ__exp__4 =    69142191.720053151     
 mdl_MZ__exp__6 =    574929658687.79749     
 mdl_cth__exp__2 =   0.77714144700122867     
 mdl_sth__exp__2 =   0.22285855299877130     
 mdl_MB__exp__2 =    17.472399999999997     
 mdl_MZ__exp__3 =    758241.16129882948     
 mdl_sth__exp__4 =    4.9665934644706158E-002
 mdl_sth__exp__6 =    1.1068478328250760E-002
 mdl_sth__exp__3 =   0.10520683593878660     
 mdl_sth__exp__5 =    2.3446243222897113E-002
 mdl_cth__exp__3 =   0.68509391079585125     
 mdl_aEW =    7.5614618607353409E-003
 mdl_sqrt__Gf =    3.4152291284773265E-003
 mdl_vevhat =    246.21961912951551     
 mdl_lam =   0.12905352724481209     
 mdl_sqrt__aEW =    8.6956666568672819E-002
 mdl_ee =   0.30825335704310214     
 mdl_yb =    2.4008698866559607E-002
 mdl_yt =   0.99228297037962632     
 mdl_vevhat__exp__2 =    60624.100844283676     
 mdl_vevT =    246.21961912951551     
 mdl_g1 =   0.34966952144878632     
 mdl_gw =   0.65296989967087182     
 mdl_yb0 =          (2.40086988665596072E-002,0.0000000000000000)
 mdl_yt0 =               (0.99228297037962632,0.0000000000000000)
 mdl_ee__exp__2 =    9.5020132128342205E-002
 mdl_gHaa =   -1.9312250240531351E-003
 mdl_gHza =   -6.8562264784117729E-003
 mdl_barlam =   0.12905352724481209     
 mdl_dWT =   -6.5076395941683845E-012
 mdl_gwsh =   0.65296989967087182     
 mdl_vev =    246.21961912951551     
 mdl_g1sh =   0.34966952144878632     
 mdl_ee__exp__3 =    2.9290274715240611E-002
 mdl_vevhat__exp__3 =    14926843.019948866     
  Internal Params evaluated point by point
  ----------------------------------------
  
 mdl_sqrt__aS =   0.34336569426778790     
 mdl_gHgg2 =   -3.6486270703817007E-004
 mdl_gHgg4 =    1.0424648772519146E-004
 mdl_gHgg5 =    1.8764367790534461E-003
 mdl_G__exp__2 =    1.4815750954329465     
 mdl_gHgg1 =    3.1273946317557436E-003
 mdl_gHgg3 =    7.6133275785037098E-004
 mdl_G__exp__3 =                (1.8033727530176447,0.0000000000000000)
  Couplings of SMEFTsim_topU3l_MwScheme_UFO-massless_2t
  ---------------------------------
  
       GC_385 =   0.00000E+00   0.42384E-14
       GC_386 =   0.21192E-14   0.00000E+00
         GC_6 =  -0.00000E+00  -0.12172E+01
         GC_7 =   0.12172E+01   0.00000E+00
         GC_8 =   0.00000E+00   0.14816E+01
         GC_1 =   0.00000E+00   0.10275E+00
         GC_2 =  -0.00000E+00  -0.20550E+00
       GC_202 =  -0.00000E+00  -0.46172E+00
       GC_203 =  -0.00000E+00  -0.37035E+00
       GC_263 =  -0.00000E+00  -0.55024E-01
       GC_264 =   0.00000E+00   0.11005E+00
       GC_351 =  -0.34821E-14   0.00000E+00
       GC_352 =   0.00000E+00   0.17410E-14
       GC_357 =  -0.92089E-14   0.00000E+00
       GC_358 =   0.00000E+00   0.76741E-14
       GC_365 =  -0.98488E-14   0.00000E+00
       GC_367 =  -0.61393E-14   0.00000E+00
       GC_368 =   0.00000E+00   0.73866E-14
       GC_369 =   0.00000E+00   0.46045E-14
       GC_441 =   0.49314E-14   0.00000E+00
       GC_442 =  -0.00000E+00  -0.41095E-14
       GC_451 =  -0.32876E-14   0.00000E+00
       GC_452 =   0.00000E+00   0.24657E-14
       GC_504 =  -0.11197E-11   0.00000E+00
       GC_506 =   0.00000E+00   0.97970E-12
       GC_524 =   0.00000E+00   0.20207E-11

 Collider parameters:
 --------------------

 Running at P P   machine @    13000.000000000000       GeV
 PDF set = lhapdf 
 alpha_s(Mz)= 0.1127 running at 3 loops.
 alpha_s(Mz)= 0.1127 running at 3 loops.
 Renormalization scale set on event-by-event basis
 Factorization   scale set on event-by-event basis


 getting user params
Enter number of events and max and min iterations: 
 Number of events and iterations         2000           8           3
Enter desired fractional accuracy: 
 Desired fractional accuracy:    1.0000000000000000E-002
Enter 0 for fixed, 2 for adjustable grid: 
Suppress amplitude (0 no, 1 yes)? 
 Using suppressed amplitude.
Exact helicity sum (0 yes, n = number/event)? 
 Explicitly summing over helicities
Enter Configuration Number: 
Running Configuration Number:    8
 Not subdividing B.W.
 Attempting mappinvarients           1           9
 Completed mapping           9
 about to integrate           19        2000           8           3          19           1
 Using non-zero grid deformation.
 19 dimensions   2000 events 19 invarients  8 iterations  1 config(s),  (0.99)
 Using h-tuple random number sequence.
 Error opening grid
 Using Uniform Grid!          36
 Using uniform alpha   1.0000000000000000     
 Grid defined OK
 Set CM energy to      13000.00
 Mapping Graph           8  to config           8
 Setting BW          -1           1   80.387000000000000     
 Setting BW          -2           2   172.75999999999999     
 Setting BW          -3           3   80.387000000000000     
 Setting BW          -4           4   172.75999999999999     
Setting grid   5    0.13817E-03   1
Setting grid   6    0.59172E-06   1
 Transforming s_hat 1/s           18   3.7869822485207109E-003   640000.00000000000        168999999.99999997     
   8   1   2   3   4   5   6   7   8   9  10  11  12  13  14
  15  16  17  18  19
 Masses: 0.000E+00 0.000E+00 0.000E+00 0.000E+00 0.418E+01 0.000E+00 0.000E+00 0.418E+01 0.000E+00
Using random seed offsets     8 :      5
  with seed                   24
 Ranmar initialization seeds       31066        9402
 
 ********************************************
 * You are using the DiscreteSampler module *
 *      part of the MG5_aMC framework       *
 *         Author: Valentin Hirschi         *
 ********************************************
 
  Particle       3       4       5       6       7       8       9
      Et >    10.0    10.0     0.0     0.0     0.0     0.0    10.0
       E >     0.0     0.0     0.0     0.0     0.0     0.0     0.0
     Eta <    -1.0    -1.0    -1.0     5.0    -1.0    -1.0    -1.0
   xqcut:      0.0     0.0     0.0     0.0     0.0     0.0    10.0
d R # 3  >    -0.0     0.0     0.0     0.0     0.0     0.0     0.0
d R # 4  >    -0.0    -0.0     0.0     0.0     0.0     0.0     0.0
d R # 5  >    -0.0    -0.0    -0.0     0.0     0.0     0.0     0.0
d R # 6  >    -0.0    -0.0    -0.0    -0.0     0.0     0.0     0.0
d R # 7  >    -0.0    -0.0    -0.0    -0.0    -0.0     0.0     0.0
d R # 8  >    -0.0    -0.0    -0.0    -0.0    -0.0    -0.0     0.0
s min # 3>     0.0   100.0     0.0     0.0     0.0     0.0   100.0
s min # 4>     0.0     0.0     0.0     0.0     0.0     0.0   100.0
s min # 5>     0.0     0.0     0.0     0.0     0.0     0.0     0.0
s min # 6>     0.0     0.0     0.0     0.0     0.0     0.0     0.0
s min # 7>     0.0     0.0     0.0     0.0     0.0     0.0     0.0
s min # 8>     0.0     0.0     0.0     0.0     0.0     0.0     0.0
xqcutij # 3>     0.0    10.0     0.0     0.0     0.0     0.0     0.0
xqcutij # 4>    10.0     0.0     0.0     0.0     0.0     0.0     0.0
xqcutij # 5>     0.0     0.0     0.0     0.0     0.0     0.0     0.0
xqcutij # 6>     0.0     0.0     0.0     0.0     0.0     0.0     0.0
xqcutij # 7>     0.0     0.0     0.0     0.0     0.0     0.0     0.0
xqcutij # 8>     0.0     0.0     0.0     0.0     0.0     0.0     0.0
 No cut BW           -1           1
 No cut BW           -2           2
 No cut BW           -3           3
 No cut BW           -4           4
 No cut BW           -6           5
 alpha_s for scale    977.41767149100974       is    8.2103176925465413E-002
 Added good helicity            2   117.20525563372640       in event            1 local:           1
 Added good helicity            4   5.1837759545847774E-003  in event            1 local:           1
 Added good helicity           18   9.3228593288717923E-002  in event            1 local:           1
 Added good helicity           20   4.1233316505881664E-006  in event            1 local:           1
 Added good helicity          129   125.07399545159333       in event            1 local:           1
 Added good helicity          131   5.5317960501874153E-003  in event            1 local:           1
 Added good helicity          145   9.9487626131001206E-002  in event            1 local:           1
 Added good helicity          147   4.4001573251651104E-006  in event            1 local:           1
 Added good helicity          258   139.95486166991117       in event            1 local:           1
 Added good helicity          260   6.1899497887497271E-003  in event            1 local:           1
 Added good helicity          274  0.11132431565439152       in event            1 local:           1
 Added good helicity          276   4.9236726466341567E-006  in event            1 local:           1
 Added good helicity          385   129.33632486806860       in event            1 local:           1
 Added good helicity          387   5.7203111576913613E-003  in event            1 local:           1
 Added good helicity          401  0.10287801140568685       in event            1 local:           1
 Added good helicity          403   4.5501079230861974E-006  in event            1 local:           1
 Added good helicity            2   117.20525563372837       in event            1 local:           1
 Added good helicity            4   5.1837759545846681E-003  in event            1 local:           1
 Added good helicity           18   9.3228593288718922E-002  in event            1 local:           1
 Added good helicity           20   4.1233316505880520E-006  in event            1 local:           1
 Added good helicity          129   125.07399545159464       in event            1 local:           1
 Added good helicity          131   5.5317960501872739E-003  in event            1 local:           1
 Added good helicity          145   9.9487626131002219E-002  in event            1 local:           1
 Added good helicity          147   4.4001573251649901E-006  in event            1 local:           1
 Added good helicity          258   139.95486166990926       in event            1 local:           1
 Added good helicity          260   6.1899497887493923E-003  in event            1 local:           1
 Added good helicity          274  0.11132431565439189       in event            1 local:           1
 Added good helicity          276   4.9236726466339754E-006  in event            1 local:           1
 Added good helicity          385   129.33632486806715       in event            1 local:           1
 Added good helicity          387   5.7203111576910708E-003  in event            1 local:           1
 Added good helicity          401  0.10287801140568725       in event            1 local:           1
 Added good helicity          403   4.5501079230860297E-006  in event            1 local:           1
 RESET CUMULATIVE VARIABLE
 RESET CUMULATIVE VARIABLE
 RESET CUMULATIVE VARIABLE
 Iteration  1   Mean: 0.4813E-04 Abs mean: 0.4813E-04   Fluctuation:  0.302E-05   0.154E-02     5.1%
  1    0.4813E-04 0.4813E-04 +- 0.3023E-05      2.81
 Writing out events   5.8976635983038598E-008   2.8095933307414698     
 Relative summed weights:
  0.1684E+00  0.1648E+00  0.1413E+00  0.1050E+00  0.1757E+00  0.1443E+00  0.1849E-01  0.2480E-01  0.4204E-02  0.2903E-01  0.1753E-01  0.6465E-02
 Relative number of events:
  0.1310E+00  0.1206E+00  0.1281E+00  0.1211E+00  0.1435E+00  0.1480E+00  0.2641E-01  0.2641E-01  0.3388E-01  0.4036E-01  0.4136E-01  0.3936E-01
 Events:
         263         242         257         243         288         297          53          53          68          81          83          79
 Iteration  2   Mean: 0.5030E-04 Abs mean: 0.5030E-04   Fluctuation:  0.163E-05   0.187E-02    15.5%
  2    0.5030E-04 0.5030E-04 +- 0.1626E-05      2.04
 Relative summed weights:
  0.1511E+00  0.1350E+00  0.1479E+00  0.1492E+00  0.1561E+00  0.1703E+00  0.1896E-01  0.1668E-01  0.1239E-01  0.1278E-01  0.1688E-01  0.1278E-01
 Relative number of events:
  0.1363E+00  0.1268E+00  0.1333E+00  0.1368E+00  0.1500E+00  0.1452E+00  0.2775E-01  0.2675E-01  0.2750E-01  0.2950E-01  0.3000E-01  0.3025E-01
 Events:
         545         507         533         547         600         581         111         107         110         118         120         121
 Iteration  3   Mean: 0.5297E-04 Abs mean: 0.5297E-04   Fluctuation:  0.104E-05   0.126E-02    18.7%
Thanks for using LHAPDF 6.2.1. Please make sure to cite the paper:
  Eur.Phys.J. C75 (2015) 3, 132  (http://arxiv.org/abs/1412.7420)
  3    0.5297E-04 0.5297E-04 +- 0.1039E-05      1.76
 Relative summed weights:
  0.1446E+00  0.1460E+00  0.1399E+00  0.1394E+00  0.1747E+00  0.1662E+00  0.1723E-01  0.1951E-01  0.1149E-01  0.1521E-01  0.1332E-01  0.1245E-01
 Relative number of events:
  0.1386E+00  0.1339E+00  0.1373E+00  0.1386E+00  0.1540E+00  0.1536E+00  0.2413E-01  0.2438E-01  0.2212E-01  0.2675E-01  0.2375E-01  0.2287E-01
 Events:
        1109        1071        1098        1109        1232        1229         193         195         177         214         190         183
 Accuracy:    0.021   0.010   0.016   1.671
 Found         3187  events.
 Wrote          796  events.
 Actual xsec    5.1975414382665879E-005
 Correct abs xsec    5.1975414382665879E-005
 Event xsec    5.1975414382666028E-005
 Events wgts > 1:           23
 % Cross section > 1:    5.1119758235227665E-007  0.98353729051319072     
 Iteration  4   Mean: 0.5352E-04 Abs mean: 0.5352E-04   Fluctuation:  0.684E-06   0.922E-03    19.3%
  4    0.5352E-04 0.5352E-04 +- 0.6845E-06      1.62
 Relative summed weights:
  0.1465E+00  0.1419E+00  0.1355E+00  0.1422E+00  0.1648E+00  0.1764E+00  0.1504E-01  0.1359E-01  0.1662E-01  0.1471E-01  0.1644E-01  0.1626E-01
 Relative number of events:
  0.1391E+00  0.1390E+00  0.1276E+00  0.1388E+00  0.1585E+00  0.1599E+00  0.2063E-01  0.2032E-01  0.2457E-01  0.2357E-01  0.2494E-01  0.2313E-01
 Events:
        2225        2223        2042        2220        2536        2558         330         325         393         377         399         370
 Accuracy:    0.013   0.010   0.010   1.738
 Found         6531  events.
 Wrote         2203  events.
 Actual xsec    5.3051115197038944E-005
 Correct abs xsec    5.3051115198800766E-005
 Event xsec    5.3051115198800292E-005
 Events wgts > 1:           82
 % Cross section > 1:    5.2773302227604590E-007  0.99476329630103644     
 Iteration  5   Mean: 0.5296E-04 Abs mean: 0.5296E-04   Fluctuation:  0.477E-06   0.264E-02    19.7%
  5    0.5296E-04 0.5296E-04 +- 0.4770E-06      1.61
 Relative summed weights:
  0.1441E+00  0.1460E+00  0.1394E+00  0.1411E+00  0.1703E+00  0.1706E+00  0.1580E-01  0.1671E-01  0.1370E-01  0.1354E-01  0.1385E-01  0.1492E-01
 Relative number of events:
  0.1387E+00  0.1390E+00  0.1396E+00  0.1386E+00  0.1554E+00  0.1577E+00  0.2153E-01  0.2228E-01  0.2119E-01  0.2206E-01  0.2169E-01  0.2219E-01
 Events:
        4439        4446        4467        4436        4972        5047         689         713         678         706         694         710
 Accuracy:    0.008   0.010   0.007   1.303
 Finished due to accuracy    7.6530993999395676E-003   1.0000000000000000E-002

 -------------------------------------------------------------------------------
 Accumulated results:   Integral =  0.5294E-04
                        Std dev  =  0.3550E-06
                       Cross sec =  0.5294E-04
             Chi**2 per DoF.     =      1.3029
 -------------------------------------------------------------------------------
 Found        12894  events.
 Wrote         4197  events.
 Actual xsec    5.3122840393163782E-005
 Correct abs xsec    5.3122840395423252E-005
 Event xsec    5.3122840395430137E-005
 Events wgts > 1:          122
 % Cross section > 1:    5.3311565782981358E-007   1.0035526223023168     
-------------------------------------------------
---------------------------
 Results Last   3 iters: Integral =   0.5312E-04
                     Abs integral =   0.5312E-04
                          Std dev =   0.3663E-06
                  Chi**2 per DoF. =      0.2351
-------------------------------------------------
---------------------------
 Status   1.0000000000000000E-002           6           8

ls status:
events.lhe
ftn26
input_app.txt
results.dat
run1_app.log
