==== LHAPDF6 USING DEFAULT-TYPE LHAGLUE INTERFACE ====
LHAPDF 6.2.1 loading /cvmfs/cms.cern.ch/slc7_amd64_gcc700/external/lhapdf/6.2.1-pafccj3/share/LHAPDF/NNPDF31_nnlo_as_0118_nf_4_mc_hessian/NNPDF31_nnlo_as_0118_nf_4_mc_hessian_0000.dat
NNPDF31_nnlo_as_0118_nf_4_mc_hessian PDF set, member #0, version 1; LHAPDF ID = 325500
 Process in group number            2
 A PDF is used, so alpha_s(MZ) is going to be modified
 Old value of alpha_s from param_card:   0.11790000000000000     
 New value of alpha_s from PDF lhapdf :  0.11266013434007299     
 using LHAPDF
 Warning! ptj set to xqcut=   10.000000000000000       to improve integration efficiency
 Note that this might affect non-radiated jets,
 e.g. from decays. Use cut_decays=F in run_card.
 Warning! mmjj set to xqcut=   10.000000000000000       to improve integration efficiency
 Note that this might affect non-radiated jets,
 e.g. from decays. Use cut_decays=F in run_card.
 Define smin to   640000.00000000000     
 Define smin to   640000.00000000000     
 Define smin to   640000.00000000000     
 Define smin to   640000.00000000000     
 Define smin to   640000.00000000000     
 Define smin to   640000.00000000000     
 *****************************************************
 *               MadGraph/MadEvent                   *
 *        --------------------------------           *
 *          http://madgraph.hep.uiuc.edu             *
 *          http://madgraph.phys.ucl.ac.be           *
 *          http://madgraph.roma2.infn.it            *
 *        --------------------------------           *
 *                                                   *
 *          PARAMETER AND COUPLING VALUES            *
 *                                                   *
 *****************************************************

  External Params
  ---------------------------------
  
 mdl_ctGRe =    9.9999999999999994E-012
 mdl_ctWRe =    3.0000000000000000E-011
 mdl_ctBRe =    5.0000000000000002E-011
 mdl_cHt =    8.9999999999999999E-011
 mdl_cHtbRe =    7.0000000000000004E-011
 mdl_ctGIm =    1.9999999999999999E-011
 mdl_ctWIm =    3.9999999999999998E-011
 mdl_ctBIm =    6.0000000000000000E-011
 mdl_cHtbIm =    7.9999999999999995E-011
 mdl_LambdaSMEFT =    1000.0000000000000     
 mdl_MW =    80.387000000000000     
 mdl_Gf =    1.1663789999999999E-005
 aS =   0.11790000000000000     
 mdl_ymb =    4.1799999999999997     
 mdl_ymt =    172.75999999999999     
 mdl_MZ =    91.187600000000003     
 mdl_MT =    172.75999999999999     
 mdl_MB =    4.1799999999999997     
 mdl_MH =    125.09000000000000     
 mdl_WZ =    2.4952000000000001     
 mdl_WW =    2.0850000000000000     
 mdl_WT =    1.3300000000000001     
 mdl_WH =    4.0699999999999998E-003
  Internal Params
  ---------------------------------
  
 mdl_cHQ3 =    0.0000000000000000     
 mdl_cH =    0.0000000000000000     
 mdl_conjg__cbH =    0.0000000000000000     
 mdl_dGf =    0.0000000000000000     
 mdl_cbWRe =    0.0000000000000000     
 mdl_dMH2 =    0.0000000000000000     
 mdl_conjg__ctHH =    0.0000000000000000     
 mdl_dg1 =    0.0000000000000000     
 mdl_cHB =    0.0000000000000000     
 mdl_cHW =    0.0000000000000000     
 mdl_dgw =    0.0000000000000000     
 mdl_complexi =                (0.0000000000000000,1.0000000000000000)
 mdl_ctG =    (9.99999999999999939E-012,1.99999999999999988E-011)
 mdl_ctW =    (2.99999999999999998E-011,3.99999999999999976E-011)
 mdl_ctB =    (5.00000000000000018E-011,5.99999999999999996E-011)
 mdl_cHtb =    (7.00000000000000038E-011,7.99999999999999952E-011)
 mdl_MWsm =    80.387000000000000     
 mdl_MW__exp__2 =    6462.0697689999997     
 mdl_MZ__exp__2 =    8315.1783937600012     
 mdl_sqrt__2 =    1.4142135623730951     
 mdl_nb__2__exp__0_25 =    1.1892071150027210     
 mdl_MH__exp__2 =    15647.508100000001     
 mdl_sth2 =   0.22285855299877133     
 mdl_nb__10__exp___m_40 =    9.9999999999999993E-041
 mdl_MZ1 =    91.187600000000003     
 mdl_MH1 =    125.09000000000000     
 mdl_MT1 =    172.75999999999999     
 mdl_WZ1 =    2.4952000000000001     
 mdl_WW1 =    2.0850000000000000     
 mdl_WH1 =    4.0699999999999998E-003
 mdl_WT1 =    1.3300000000000001     
 mdl_cth =   0.88155626422890820     
 mdl_MW1 =    80.387000000000000     
 mdl_sqrt__sth2 =   0.47207896902824564     
 mdl_sth =   0.47207896902824564     
 mdl_LambdaSMEFT__exp__2 =    1000000.0000000000     
 mdl_MT__exp__2 =    29846.017599999996     
 mdl_MH__exp__6 =    3831206449390.3818     
 mdl_MWsm__exp__6 =    269845343347.69711     
 mdl_MH__exp__4 =    244844509.73956564     
 mdl_MWsm__exp__4 =    41758345.699423708     
 mdl_MWsm__exp__2 =    6462.0697689999997     
 mdl_MZ__exp__4 =    69142191.720053151     
 mdl_MZ__exp__6 =    574929658687.79749     
 mdl_cth__exp__2 =   0.77714144700122867     
 mdl_sth__exp__2 =   0.22285855299877130     
 mdl_MB__exp__2 =    17.472399999999997     
 mdl_MZ__exp__3 =    758241.16129882948     
 mdl_sth__exp__4 =    4.9665934644706158E-002
 mdl_sth__exp__6 =    1.1068478328250760E-002
 mdl_sth__exp__3 =   0.10520683593878660     
 mdl_sth__exp__5 =    2.3446243222897113E-002
 mdl_cth__exp__3 =   0.68509391079585125     
 mdl_aEW =    7.5614618607353409E-003
 mdl_sqrt__Gf =    3.4152291284773265E-003
 mdl_vevhat =    246.21961912951551     
 mdl_lam =   0.12905352724481209     
 mdl_sqrt__aEW =    8.6956666568672819E-002
 mdl_ee =   0.30825335704310214     
 mdl_yb =    2.4008698866559607E-002
 mdl_yt =   0.99228297037962632     
 mdl_vevhat__exp__2 =    60624.100844283676     
 mdl_vevT =    246.21961912951551     
 mdl_g1 =   0.34966952144878632     
 mdl_gw =   0.65296989967087182     
 mdl_yb0 =          (2.40086988665596072E-002,0.0000000000000000)
 mdl_yt0 =               (0.99228297037962632,0.0000000000000000)
 mdl_ee__exp__2 =    9.5020132128342205E-002
 mdl_gHaa =   -1.9312250240531351E-003
 mdl_gHza =   -6.8562264784117729E-003
 mdl_barlam =   0.12905352724481209     
 mdl_dWT =   -6.5076395941683845E-012
 mdl_gwsh =   0.65296989967087182     
 mdl_vev =    246.21961912951551     
 mdl_g1sh =   0.34966952144878632     
 mdl_ee__exp__3 =    2.9290274715240611E-002
 mdl_vevhat__exp__3 =    14926843.019948866     
  Internal Params evaluated point by point
  ----------------------------------------
  
 mdl_sqrt__aS =   0.34336569426778790     
 mdl_gHgg2 =   -3.6486270703817007E-004
 mdl_gHgg4 =    1.0424648772519146E-004
 mdl_gHgg5 =    1.8764367790534461E-003
 mdl_G__exp__2 =    1.4815750954329465     
 mdl_gHgg1 =    3.1273946317557436E-003
 mdl_gHgg3 =    7.6133275785037098E-004
 mdl_G__exp__3 =                (1.8033727530176447,0.0000000000000000)
  Couplings of SMEFTsim_topU3l_MwScheme_UFO-massless_2t
  ---------------------------------
  
       GC_385 =   0.00000E+00   0.42384E-14
       GC_386 =   0.21192E-14   0.00000E+00
         GC_6 =  -0.00000E+00  -0.12172E+01
         GC_7 =   0.12172E+01   0.00000E+00
         GC_8 =   0.00000E+00   0.14816E+01
         GC_1 =   0.00000E+00   0.10275E+00
         GC_2 =  -0.00000E+00  -0.20550E+00
       GC_202 =  -0.00000E+00  -0.46172E+00
       GC_203 =  -0.00000E+00  -0.37035E+00
       GC_263 =  -0.00000E+00  -0.55024E-01
       GC_264 =   0.00000E+00   0.11005E+00
       GC_351 =  -0.34821E-14   0.00000E+00
       GC_352 =   0.00000E+00   0.17410E-14
       GC_357 =  -0.92089E-14   0.00000E+00
       GC_358 =   0.00000E+00   0.76741E-14
       GC_365 =  -0.98488E-14   0.00000E+00
       GC_367 =  -0.61393E-14   0.00000E+00
       GC_368 =   0.00000E+00   0.73866E-14
       GC_369 =   0.00000E+00   0.46045E-14
       GC_441 =   0.49314E-14   0.00000E+00
       GC_442 =  -0.00000E+00  -0.41095E-14
       GC_451 =  -0.32876E-14   0.00000E+00
       GC_452 =   0.00000E+00   0.24657E-14
       GC_504 =  -0.11197E-11   0.00000E+00
       GC_506 =   0.00000E+00   0.97970E-12
       GC_524 =   0.00000E+00   0.20207E-11

 Collider parameters:
 --------------------

 Running at P P   machine @    13000.000000000000       GeV
 PDF set = lhapdf 
 alpha_s(Mz)= 0.1127 running at 3 loops.
 alpha_s(Mz)= 0.1127 running at 3 loops.
 Renormalization scale set on event-by-event basis
 Factorization   scale set on event-by-event basis


 getting user params
Enter number of events and max and min iterations: 
 Number of events and iterations         2000           8           3
Enter desired fractional accuracy: 
 Desired fractional accuracy:    1.0000000000000000E-002
Enter 0 for fixed, 2 for adjustable grid: 
Suppress amplitude (0 no, 1 yes)? 
 Using suppressed amplitude.
Exact helicity sum (0 yes, n = number/event)? 
 Explicitly summing over helicities
Enter Configuration Number: 
Running Configuration Number:    2
 Using dconfig=         203
 BW Setting            2           1           1           1           2           0           0
 Attempting mappinvarients           1           9
 Completed mapping           9
 about to integrate           19        2000           8           3          19           1
 Using non-zero grid deformation.
 19 dimensions   2000 events 19 invarients  8 iterations  1 config(s),  (0.99)
 Using h-tuple random number sequence.
 Error opening grid
 Using Uniform Grid!          36
 Using uniform alpha   1.0000000000000000     
 Grid defined OK
 Set CM energy to      13000.00
 Mapping Graph           2  to config           2
Setting grid   1    0.59172E-06   1
 Setting BW          -2           2   172.75999999999999     
 Setting BW          -3           3   80.387000000000000     
 Setting BW          -4           4   172.75999999999999     
Setting grid   5    0.55268E-03   1
Setting grid   6    0.55268E-03   1
 Transforming s_hat 1/s           18   3.7869822485207109E-003   640000.00000000000        168999999.99999997     
   2   1   2   3   4   5   6   7   8   9  10  11  12  13  14
  15  16  17  18  19
 Masses: 0.000E+00 0.000E+00 0.000E+00 0.000E+00 0.418E+01 0.000E+00 0.000E+00 0.418E+01 0.000E+00
Using random seed offsets     2 :      2
  with seed                   24
 Ranmar initialization seeds       31060        9399
 
 ********************************************
 * You are using the DiscreteSampler module *
 *      part of the MG5_aMC framework       *
 *         Author: Valentin Hirschi         *
 ********************************************
 
  Particle       3       4       5       6       7       8       9
      Et >     0.0     0.0     0.0    10.0    10.0     0.0    10.0
       E >     0.0     0.0     0.0     0.0     0.0     0.0     0.0
     Eta <     5.0    -1.0    -1.0    -1.0    -1.0    -1.0    -1.0
   xqcut:      0.0     0.0     0.0     0.0     0.0     0.0    10.0
d R # 3  >    -0.0     0.0     0.0     0.0     0.0     0.0     0.0
d R # 4  >    -0.0    -0.0     0.0     0.0     0.0     0.0     0.0
d R # 5  >    -0.0    -0.0    -0.0     0.0     0.0     0.0     0.0
d R # 6  >    -0.0    -0.0    -0.0    -0.0     0.0     0.0     0.0
d R # 7  >    -0.0    -0.0    -0.0    -0.0    -0.0     0.0     0.0
d R # 8  >    -0.0    -0.0    -0.0    -0.0    -0.0    -0.0     0.0
s min # 3>     0.0     0.0     0.0     0.0     0.0     0.0     0.0
s min # 4>     0.0     0.0     0.0     0.0     0.0     0.0     0.0
s min # 5>     0.0     0.0     0.0     0.0     0.0     0.0     0.0
s min # 6>     0.0     0.0     0.0     0.0   100.0     0.0   100.0
s min # 7>     0.0     0.0     0.0     0.0     0.0     0.0   100.0
s min # 8>     0.0     0.0     0.0     0.0     0.0     0.0     0.0
xqcutij # 3>     0.0     0.0     0.0     0.0     0.0     0.0     0.0
xqcutij # 4>     0.0     0.0     0.0     0.0     0.0     0.0     0.0
xqcutij # 5>     0.0     0.0     0.0     0.0     0.0     0.0     0.0
xqcutij # 6>     0.0     0.0     0.0     0.0    10.0     0.0     0.0
xqcutij # 7>     0.0     0.0     0.0    10.0     0.0     0.0     0.0
xqcutij # 8>     0.0     0.0     0.0     0.0     0.0     0.0     0.0
 Excluding BW           -1           1
 Requiring BW           -2           2
 Requiring BW           -3           3
 Requiring BW           -4           4
 Excluding BW           -5           5
 alpha_s for scale    8148.1178404509074       is    6.6229780313003639E-002
 Added good helicity            2   39.056655330808752       in event            1 local:           1
 Added good helicity            4   4.0591823498534782E-002  in event            1 local:           1
 Added good helicity           18   3.0055079094669273E-003  in event            1 local:           1
 Added good helicity           20   3.1236429630546702E-006  in event            1 local:           1
 Added good helicity          129   379.84518020857485       in event            1 local:           1
 Added good helicity          131  0.39477544560522754       in event            1 local:           1
 Added good helicity          145   2.9230042456161343E-002  in event            1 local:           1
 Added good helicity          147   3.0378963948823787E-005  in event            1 local:           1
 Added good helicity          258   82.066666185248621       in event            1 local:           1
 Added good helicity          260   8.5292393842887504E-002  in event            1 local:           1
 Added good helicity          274   6.3152364770290570E-003  in event            1 local:           1
 Added good helicity          276   6.5634643375650705E-006  in event            1 local:           1
 Added good helicity          385   10.460570220356312       in event            1 local:           1
 Added good helicity          387   1.0871735341888960E-002  in event            1 local:           1
 Added good helicity          401   8.0496720155443424E-004  in event            1 local:           1
 Added good helicity          403   8.3660739231697009E-007  in event            1 local:           1
 Added good helicity            2   39.056655330807132       in event            1 local:           1
 Added good helicity            4   4.0591823498536503E-002  in event            1 local:           1
 Added good helicity           18   3.0055079094668284E-003  in event            1 local:           1
 Added good helicity           20   3.1236429630548066E-006  in event            1 local:           1
 Added good helicity          129   379.84518020856336       in event            1 local:           1
 Added good helicity          131  0.39477544560524797       in event            1 local:           1
 Added good helicity          145   2.9230042456160319E-002  in event            1 local:           1
 Added good helicity          147   3.0378963948825186E-005  in event            1 local:           1
 Added good helicity          258   82.066666185260345       in event            1 local:           1
 Added good helicity          260   8.5292393842905864E-002  in event            1 local:           1
 Added good helicity          274   6.3152364770290301E-003  in event            1 local:           1
 Added good helicity          276   6.5634643375654890E-006  in event            1 local:           1
 Added good helicity          385   10.460570220357676       in event            1 local:           1
 Added good helicity          387   1.0871735341891394E-002  in event            1 local:           1
 Added good helicity          401   8.0496720155441332E-004  in event            1 local:           1
 Added good helicity          403   8.3660739231702028E-007  in event            1 local:           1
 RESET CUMULATIVE VARIABLE
 RESET CUMULATIVE VARIABLE
 RESET CUMULATIVE VARIABLE
 Iteration  1   Mean: 0.9261E-04 Abs mean: 0.9261E-04   Fluctuation:  0.178E-04   0.188E-01     7.5%
  1    0.9261E-04 0.9261E-04 +- 0.1781E-04      8.60
 Writing out events   7.7569835073253510E-008   8.5998146089505720     
 Relative summed weights:
  0.2288E+00  0.3172E+00  0.1521E+00  0.5045E-01  0.1136E+00  0.9873E-01  0.4176E-02  0.4505E-02  0.3621E-02  0.4767E-03  0.1599E-01  0.1038E-01
 Relative number of events:
  0.2382E+00  0.2638E+00  0.7157E-01  0.7257E-01  0.7407E-01  0.8458E-01  0.1451E-01  0.1301E-01  0.1101E-01  0.1201E-01  0.7107E-01  0.7357E-01
 Events:
         476         527         143         145         148         169          29          26          22          24         142         147
 Iteration  2   Mean: 0.1355E-03 Abs mean: 0.1355E-03   Fluctuation:  0.357E-04   0.140E+00    28.0%
  2    0.1355E-03 0.1355E-03 +- 0.3570E-04     16.66
 Relative summed weights:
  0.2249E+00  0.4378E+00  0.4025E-01  0.9574E-01  0.5588E-01  0.6768E-01  0.4177E-02  0.5312E-02  0.7035E-02  0.6994E-02  0.2982E-01  0.2448E-01
 Relative number of events:
  0.2794E+00  0.2736E+00  0.7479E-01  0.8179E-01  0.7054E-01  0.7729E-01  0.1151E-01  0.1051E-01  0.1501E-01  0.1051E-01  0.4552E-01  0.4952E-01
 Events:
        1117        1094         299         327         282         309          46          42          60          42         182         198
Thanks for using LHAPDF 6.2.1. Please make sure to cite the paper:
  Eur.Phys.J. C75 (2015) 3, 132  (http://arxiv.org/abs/1412.7420)
 Iteration  3   Mean: 0.1252E-03 Abs mean: 0.1252E-03   Fluctuation:  0.618E-05   0.272E-01    28.4%
  3    0.1252E-03 0.1252E-03 +- 0.6180E-05      4.42
 Relative summed weights:
  0.3027E+00  0.2863E+00  0.1023E+00  0.7974E-01  0.4938E-01  0.6877E-01  0.3555E-02  0.1363E-01  0.7196E-02  0.1301E-01  0.4681E-01  0.2666E-01
 Relative number of events:
  0.2957E+00  0.2919E+00  0.7515E-01  0.7790E-01  0.7053E-01  0.6853E-01  0.8753E-02  0.9003E-02  0.8753E-02  0.1063E-01  0.4214E-01  0.4102E-01
 Events:
        2365        2334         601         623         564         548          70          72          70          85         337         328
 Accuracy:    0.046   0.010   0.047   0.951
 Found         1472  events.
 Wrote           35  events.
 Actual xsec    1.2355974630613576E-004
 Correct abs xsec    1.2355974631739840E-004
 Event xsec    1.2355974631739843E-004
 Events wgts > 1:            1
 % Cross section > 1:    5.8761402997120973E-015   4.7557076433432913E-009
 Iteration  4   Mean: 0.1184E-03 Abs mean: 0.1184E-03   Fluctuation:  0.212E-05   0.634E-02    28.6%
  4    0.1184E-03 0.1184E-03 +- 0.2120E-05      2.26
 Relative summed weights:
  0.2905E+00  0.2889E+00  0.8115E-01  0.7144E-01  0.7426E-01  0.7763E-01  0.7860E-02  0.8620E-02  0.6627E-02  0.7225E-02  0.4166E-01  0.4414E-01
 Relative number of events:
  0.2911E+00  0.2881E+00  0.7729E-01  0.7372E-01  0.7641E-01  0.7560E-01  0.8817E-02  0.8754E-02  0.9067E-02  0.8879E-02  0.4221E-01  0.3996E-01
 Events:
        4656        4608        1236        1179        1222        1209         141         140         145         142         675         639
 Accuracy:    0.016   0.010   0.017   0.925
 Found         3918  events.
 Wrote          813  events.
 Actual xsec    1.1929407155715441E-004
 Correct abs xsec    1.1929407164650289E-004
 Event xsec    1.1929407164650219E-004
 Events wgts > 1:           27
 % Cross section > 1:    1.1386653903364705E-006  0.95450291420232303     
 Iteration  5   Mean: 0.1208E-03 Abs mean: 0.1208E-03   Fluctuation:  0.123E-05   0.429E-02    27.1%
  5    0.1208E-03 0.1208E-03 +- 0.1235E-05      1.83
 Relative summed weights:
  0.2873E+00  0.2941E+00  0.7995E-01  0.7709E-01  0.7735E-01  0.7635E-01  0.8086E-02  0.7574E-02  0.9593E-02  0.1125E-01  0.3816E-01  0.3317E-01
 Relative number of events:
  0.2876E+00  0.2843E+00  0.7882E-01  0.7804E-01  0.8229E-01  0.7732E-01  0.8407E-02  0.8845E-02  0.9189E-02  0.9814E-02  0.3863E-01  0.3679E-01
 Events:
        9201        9096        2522        2497        2633        2474         269         283         294         314        1236        1177
 Accuracy:    0.008   0.010   0.009   0.813
 Finished due to accuracy    7.8668121554624614E-003   1.0000000000000000E-002

 -------------------------------------------------------------------------------
 Accumulated results:   Integral =  0.1203E-03
                        Std dev  =  0.1050E-05
                       Cross sec =  0.1203E-03
             Chi**2 per DoF.     =      0.8135
 -------------------------------------------------------------------------------
 Found         9763  events.
 Wrote         2882  events.
 Actual xsec    1.2039044156871995E-004
 Correct abs xsec    1.2039044159459474E-004
 Event xsec    1.2039044159459254E-004
 Events wgts > 1:           87
 % Cross section > 1:    1.2018876989366534E-006  0.99832485288486350     
-------------------------------------------------
---------------------------
 Results Last   3 iters: Integral =   0.1204E-03
                     Abs integral =   0.1204E-03
                          Std dev =   0.1052E-05
                  Chi**2 per DoF. =      0.7814
-------------------------------------------------
---------------------------
 Status   1.0000000000000000E-002           6           8

ls status:
events.lhe
ftn26
input_app.txt
results.dat
run1_app.log
