==== LHAPDF6 USING DEFAULT-TYPE LHAGLUE INTERFACE ====
LHAPDF 6.2.1 loading /cvmfs/cms.cern.ch/slc7_amd64_gcc700/external/lhapdf/6.2.1-pafccj3/share/LHAPDF/NNPDF31_nnlo_as_0118_nf_4_mc_hessian/NNPDF31_nnlo_as_0118_nf_4_mc_hessian_0000.dat
NNPDF31_nnlo_as_0118_nf_4_mc_hessian PDF set, member #0, version 1; LHAPDF ID = 325500
 Process in group number            1
 A PDF is used, so alpha_s(MZ) is going to be modified
 Old value of alpha_s from param_card:   0.11790000000000000     
 New value of alpha_s from PDF lhapdf :  0.11266013434007299     
 using LHAPDF
 Warning! ptj set to xqcut=   10.000000000000000       to improve integration efficiency
 Note that this might affect non-radiated jets,
 e.g. from decays. Use cut_decays=F in run_card.
 Warning! mmjj set to xqcut=   10.000000000000000       to improve integration efficiency
 Note that this might affect non-radiated jets,
 e.g. from decays. Use cut_decays=F in run_card.
 Define smin to   640000.00000000000     
 Define smin to   640000.00000000000     
 *****************************************************
 *               MadGraph/MadEvent                   *
 *        --------------------------------           *
 *          http://madgraph.hep.uiuc.edu             *
 *          http://madgraph.phys.ucl.ac.be           *
 *          http://madgraph.roma2.infn.it            *
 *        --------------------------------           *
 *                                                   *
 *          PARAMETER AND COUPLING VALUES            *
 *                                                   *
 *****************************************************

  External Params
  ---------------------------------
  
 mdl_ctGRe =    9.9999999999999994E-012
 mdl_ctWRe =    3.0000000000000000E-011
 mdl_ctBRe =    5.0000000000000002E-011
 mdl_cHt =    8.9999999999999999E-011
 mdl_cHtbRe =    7.0000000000000004E-011
 mdl_ctGIm =    1.9999999999999999E-011
 mdl_ctWIm =    3.9999999999999998E-011
 mdl_ctBIm =    6.0000000000000000E-011
 mdl_cHtbIm =    7.9999999999999995E-011
 mdl_LambdaSMEFT =    1000.0000000000000     
 mdl_MW =    80.387000000000000     
 mdl_Gf =    1.1663789999999999E-005
 aS =   0.11790000000000000     
 mdl_ymb =    4.1799999999999997     
 mdl_ymt =    172.75999999999999     
 mdl_MZ =    91.187600000000003     
 mdl_MT =    172.75999999999999     
 mdl_MB =    4.1799999999999997     
 mdl_MH =    125.09000000000000     
 mdl_WZ =    2.4952000000000001     
 mdl_WW =    2.0850000000000000     
 mdl_WT =    1.3300000000000001     
 mdl_WH =    4.0699999999999998E-003
  Internal Params
  ---------------------------------
  
 mdl_cHQ3 =    0.0000000000000000     
 mdl_cH =    0.0000000000000000     
 mdl_conjg__cbH =    0.0000000000000000     
 mdl_dGf =    0.0000000000000000     
 mdl_cbWRe =    0.0000000000000000     
 mdl_dMH2 =    0.0000000000000000     
 mdl_conjg__ctHH =    0.0000000000000000     
 mdl_dg1 =    0.0000000000000000     
 mdl_cHB =    0.0000000000000000     
 mdl_cHW =    0.0000000000000000     
 mdl_dgw =    0.0000000000000000     
 mdl_complexi =                (0.0000000000000000,1.0000000000000000)
 mdl_ctG =    (9.99999999999999939E-012,1.99999999999999988E-011)
 mdl_ctW =    (2.99999999999999998E-011,3.99999999999999976E-011)
 mdl_ctB =    (5.00000000000000018E-011,5.99999999999999996E-011)
 mdl_cHtb =    (7.00000000000000038E-011,7.99999999999999952E-011)
 mdl_MWsm =    80.387000000000000     
 mdl_MW__exp__2 =    6462.0697689999997     
 mdl_MZ__exp__2 =    8315.1783937600012     
 mdl_sqrt__2 =    1.4142135623730951     
 mdl_nb__2__exp__0_25 =    1.1892071150027210     
 mdl_MH__exp__2 =    15647.508100000001     
 mdl_sth2 =   0.22285855299877133     
 mdl_nb__10__exp___m_40 =    9.9999999999999993E-041
 mdl_MZ1 =    91.187600000000003     
 mdl_MH1 =    125.09000000000000     
 mdl_MT1 =    172.75999999999999     
 mdl_WZ1 =    2.4952000000000001     
 mdl_WW1 =    2.0850000000000000     
 mdl_WH1 =    4.0699999999999998E-003
 mdl_WT1 =    1.3300000000000001     
 mdl_cth =   0.88155626422890820     
 mdl_MW1 =    80.387000000000000     
 mdl_sqrt__sth2 =   0.47207896902824564     
 mdl_sth =   0.47207896902824564     
 mdl_LambdaSMEFT__exp__2 =    1000000.0000000000     
 mdl_MT__exp__2 =    29846.017599999996     
 mdl_MH__exp__6 =    3831206449390.3818     
 mdl_MWsm__exp__6 =    269845343347.69711     
 mdl_MH__exp__4 =    244844509.73956564     
 mdl_MWsm__exp__4 =    41758345.699423708     
 mdl_MWsm__exp__2 =    6462.0697689999997     
 mdl_MZ__exp__4 =    69142191.720053151     
 mdl_MZ__exp__6 =    574929658687.79749     
 mdl_cth__exp__2 =   0.77714144700122867     
 mdl_sth__exp__2 =   0.22285855299877130     
 mdl_MB__exp__2 =    17.472399999999997     
 mdl_MZ__exp__3 =    758241.16129882948     
 mdl_sth__exp__4 =    4.9665934644706158E-002
 mdl_sth__exp__6 =    1.1068478328250760E-002
 mdl_sth__exp__3 =   0.10520683593878660     
 mdl_sth__exp__5 =    2.3446243222897113E-002
 mdl_cth__exp__3 =   0.68509391079585125     
 mdl_aEW =    7.5614618607353409E-003
 mdl_sqrt__Gf =    3.4152291284773265E-003
 mdl_vevhat =    246.21961912951551     
 mdl_lam =   0.12905352724481209     
 mdl_sqrt__aEW =    8.6956666568672819E-002
 mdl_ee =   0.30825335704310214     
 mdl_yb =    2.4008698866559607E-002
 mdl_yt =   0.99228297037962632     
 mdl_vevhat__exp__2 =    60624.100844283676     
 mdl_vevT =    246.21961912951551     
 mdl_g1 =   0.34966952144878632     
 mdl_gw =   0.65296989967087182     
 mdl_yb0 =          (2.40086988665596072E-002,0.0000000000000000)
 mdl_yt0 =               (0.99228297037962632,0.0000000000000000)
 mdl_ee__exp__2 =    9.5020132128342205E-002
 mdl_gHaa =   -1.9312250240531351E-003
 mdl_gHza =   -6.8562264784117729E-003
 mdl_barlam =   0.12905352724481209     
 mdl_dWT =   -6.5076395941683845E-012
 mdl_gwsh =   0.65296989967087182     
 mdl_vev =    246.21961912951551     
 mdl_g1sh =   0.34966952144878632     
 mdl_ee__exp__3 =    2.9290274715240611E-002
 mdl_vevhat__exp__3 =    14926843.019948866     
  Internal Params evaluated point by point
  ----------------------------------------
  
 mdl_sqrt__aS =   0.34336569426778790     
 mdl_gHgg2 =   -3.6486270703817007E-004
 mdl_gHgg4 =    1.0424648772519146E-004
 mdl_gHgg5 =    1.8764367790534461E-003
 mdl_G__exp__2 =    1.4815750954329465     
 mdl_gHgg1 =    3.1273946317557436E-003
 mdl_gHgg3 =    7.6133275785037098E-004
 mdl_G__exp__3 =                (1.8033727530176447,0.0000000000000000)
  Couplings of SMEFTsim_topU3l_MwScheme_UFO-massless_2t
  ---------------------------------
  
       GC_385 =   0.00000E+00   0.42384E-14
       GC_386 =   0.21192E-14   0.00000E+00
         GC_6 =  -0.00000E+00  -0.12172E+01
         GC_7 =   0.12172E+01   0.00000E+00
         GC_8 =   0.00000E+00   0.14816E+01
         GC_1 =   0.00000E+00   0.10275E+00
         GC_2 =  -0.00000E+00  -0.20550E+00
       GC_202 =  -0.00000E+00  -0.46172E+00
       GC_203 =  -0.00000E+00  -0.37035E+00
       GC_263 =  -0.00000E+00  -0.55024E-01
       GC_264 =   0.00000E+00   0.11005E+00
       GC_351 =  -0.34821E-14   0.00000E+00
       GC_352 =   0.00000E+00   0.17410E-14
       GC_357 =  -0.92089E-14   0.00000E+00
       GC_358 =   0.00000E+00   0.76741E-14
       GC_365 =  -0.98488E-14   0.00000E+00
       GC_367 =  -0.61393E-14   0.00000E+00
       GC_368 =   0.00000E+00   0.73866E-14
       GC_369 =   0.00000E+00   0.46045E-14
       GC_441 =   0.49314E-14   0.00000E+00
       GC_442 =  -0.00000E+00  -0.41095E-14
       GC_451 =  -0.32876E-14   0.00000E+00
       GC_452 =   0.00000E+00   0.24657E-14
       GC_504 =  -0.11197E-11   0.00000E+00
       GC_506 =   0.00000E+00   0.97970E-12
       GC_524 =   0.00000E+00   0.20207E-11

 Collider parameters:
 --------------------

 Running at P P   machine @    13000.000000000000       GeV
 PDF set = lhapdf 
 alpha_s(Mz)= 0.1127 running at 3 loops.
 alpha_s(Mz)= 0.1127 running at 3 loops.
 Renormalization scale set on event-by-event basis
 Factorization   scale set on event-by-event basis


 getting user params
Enter number of events and max and min iterations: 
 Number of events and iterations         2000           8           3
Enter desired fractional accuracy: 
 Desired fractional accuracy:    1.0000000000000000E-002
Enter 0 for fixed, 2 for adjustable grid: 
Suppress amplitude (0 no, 1 yes)? 
 Using suppressed amplitude.
Exact helicity sum (0 yes, n = number/event)? 
 Explicitly summing over helicities
Enter Configuration Number: 
Running Configuration Number:    2
 Using dconfig=         203
 BW Setting            2           1           1           1           2           0
 Attempting mappinvarients           1           8
 Completed mapping           8
 about to integrate           16        2000           8           3          16           1
 Using non-zero grid deformation.
 16 dimensions   2000 events 16 invarients  8 iterations  1 config(s),  (0.99)
 Using h-tuple random number sequence.
 Error opening grid
 Using Uniform Grid!          36
 Using uniform alpha   1.0000000000000000     
 Grid defined OK
 Set CM energy to      13000.00
 Mapping Graph           2  to config           2
Setting grid   1    0.59172E-08   1
 Setting BW          -2           2   172.75999999999999     
 Setting BW          -3           3   80.387000000000000     
 Setting BW          -4           4   172.75999999999999     
Setting grid   5    0.55268E-03   1
 Transforming s_hat 1/s           15   3.7869822485207109E-003   640000.00000000000        168999999.99999997     
   2   1   2   3   4   5   6   7   8   9  10  11  12  13  14
  15  16
 Masses: 0.000E+00 0.000E+00 0.000E+00 0.000E+00 0.418E+01 0.000E+00 0.000E+00 0.418E+01
Using random seed offsets     2 :     10
  with seed                   24
 Ranmar initialization seeds       31060        9407
 
 ********************************************
 * You are using the DiscreteSampler module *
 *      part of the MG5_aMC framework       *
 *         Author: Valentin Hirschi         *
 ********************************************
 
  Particle       3       4       5       6       7       8
      Et >    10.0    10.0     0.0     0.0     0.0     0.0
       E >     0.0     0.0     0.0     0.0     0.0     0.0
     Eta <    -1.0    -1.0    -1.0     5.0    -1.0    -1.0
   xqcut:      0.0     0.0     0.0     0.0     0.0     0.0
d R # 3  >    -0.0     0.0     0.0     0.0     0.0     0.0
d R # 4  >    -0.0    -0.0     0.0     0.0     0.0     0.0
d R # 5  >    -0.0    -0.0    -0.0     0.0     0.0     0.0
d R # 6  >    -0.0    -0.0    -0.0    -0.0     0.0     0.0
d R # 7  >    -0.0    -0.0    -0.0    -0.0    -0.0     0.0
s min # 3>     0.0   100.0     0.0     0.0     0.0     0.0
s min # 4>     0.0     0.0     0.0     0.0     0.0     0.0
s min # 5>     0.0     0.0     0.0     0.0     0.0     0.0
s min # 6>     0.0     0.0     0.0     0.0     0.0     0.0
s min # 7>     0.0     0.0     0.0     0.0     0.0     0.0
xqcutij # 3>     0.0    10.0     0.0     0.0     0.0     0.0
xqcutij # 4>    10.0     0.0     0.0     0.0     0.0     0.0
xqcutij # 5>     0.0     0.0     0.0     0.0     0.0     0.0
xqcutij # 6>     0.0     0.0     0.0     0.0     0.0     0.0
xqcutij # 7>     0.0     0.0     0.0     0.0     0.0     0.0
 Excluding BW           -1           1
 Requiring BW           -2           2
 Requiring BW           -3           3
 Requiring BW           -4           4
 Excluding BW           -5           5
 alpha_s for scale    3718.1141408705007       is    7.1317993588401685E-002
 Added good helicity            1   215.75734048376117       in event            1 local:           1
 Added good helicity            2   5.2964406306878507E-002  in event            1 local:           1
 Added good helicity            9  0.13177722713251405       in event            1 local:           1
 Added good helicity           10   3.2348853504548988E-005  in event            1 local:           1
 Added good helicity          193   40.023609426910497       in event            1 local:           1
 Added good helicity          194   9.8250502412278833E-003  in event            1 local:           1
 Added good helicity          201   2.4445055988472800E-002  in event            1 local:           1
 Added good helicity          202   6.0008056913250021E-006  in event            1 local:           1
 Added good helicity            1   215.75734048376256       in event            1 local:           1
 Added good helicity            2   5.2964406306877966E-002  in event            1 local:           1
 Added good helicity            9  0.13177722713251050       in event            1 local:           1
 Added good helicity           10   3.2348853504547558E-005  in event            1 local:           1
 Added good helicity          193   40.023609426909069       in event            1 local:           1
 Added good helicity          194   9.8250502412272553E-003  in event            1 local:           1
 Added good helicity          201   2.4445055988471898E-002  in event            1 local:           1
 Added good helicity          202   6.0008056913246235E-006  in event            1 local:           1
 RESET CUMULATIVE VARIABLE
 RESET CUMULATIVE VARIABLE
 RESET CUMULATIVE VARIABLE
 Iteration  1   Mean: 0.8044E-07 Abs mean: 0.8044E-07   Fluctuation:  0.269E-07   0.429E-04     3.6%
  1    0.8044E-07 0.8044E-07 +- 0.2689E-07     14.95
 Writing out events   1.4089462644655491E-010   14.948718006521167     
 Relative summed weights:
  0.2000E+00  0.5184E+00  0.1277E+00  0.1539E+00
 Relative number of events:
  0.2173E+00  0.2258E+00  0.2805E+00  0.2765E+00
 Events:
         437         454         564         556
 Iteration  2   Mean: 0.6999E-07 Abs mean: 0.6999E-07   Fluctuation:  0.679E-08   0.968E-05    17.8%
  2    0.6999E-07 0.6999E-07 +- 0.6789E-08      6.13
 Relative summed weights:
  0.3559E+00  0.2136E+00  0.2184E+00  0.2121E+00
 Relative number of events:
  0.2632E+00  0.2490E+00  0.2387E+00  0.2490E+00
 Events:
        1053         996         955         996
 Iteration  3   Mean: 0.9155E-07 Abs mean: 0.9155E-07   Fluctuation:  0.467E-08   0.122E-04    17.9%
  3    0.9155E-07 0.9155E-07 +- 0.4667E-08      4.56
 Relative summed weights:
  0.2606E+00  0.2873E+00  0.2017E+00  0.2503E+00
 Relative number of events:
  0.2680E+00  0.2707E+00  0.2274E+00  0.2339E+00
 Events:
        2144        2166        1819        1871
 Accuracy:    0.072   0.010   0.045   2.594
 Found         1947  events.
 Wrote           62  events.
 Actual xsec    8.6768846042633324E-008
 Correct abs xsec    8.6768846042633324E-008
 Event xsec    8.6768846042633390E-008
 Events wgts > 1:            2
 % Cross section > 1:    2.2173105316281683E-010  0.25554224041872181     
 Iteration  4   Mean: 0.9396E-07 Abs mean: 0.9396E-07   Fluctuation:  0.216E-08   0.655E-05    15.0%
  4    0.9396E-07 0.9396E-07 +- 0.2161E-08      2.91
 Relative summed weights:
  0.2864E+00  0.2838E+00  0.2110E+00  0.2187E+00
 Relative number of events:
  0.2738E+00  0.2754E+00  0.2219E+00  0.2289E+00
 Events:
        4381        4406        3550        3663
 Accuracy:    0.031   0.010   0.020   2.321
 Found         5223  events.
 Wrote          395  events.
 Actual xsec    9.2500458085956660E-008
 Correct abs xsec    9.2500458085956660E-008
 Event xsec    9.2500458085957163E-008
 Events wgts > 1:           15
 % Cross section > 1:    8.9249025060366624E-010  0.96484954677122681     
 Iteration  5   Mean: 0.8961E-07 Abs mean: 0.8961E-07   Fluctuation:  0.107E-08   0.443E-05    14.6%
  5    0.8961E-07 0.8961E-07 +- 0.1065E-08      2.13
 Relative summed weights:
  0.2978E+00  0.2816E+00  0.2042E+00  0.2163E+00
 Relative number of events:
  0.2850E+00  0.2799E+00  0.2137E+00  0.2213E+00
 Events:
        9120        8957        6840        7083
 Accuracy:    0.015   0.010   0.010   2.267
 Found        12431  events.
 Wrote         1768  events.
 Actual xsec    9.0567825679993412E-008
 Correct abs xsec    9.0567825679993412E-008
 Event xsec    9.0567825679992367E-008
 Events wgts > 1:           49
 % Cross section > 1:    8.9234970874068460E-010  0.98528335205226913     
 Iteration  6   Mean: 0.9079E-07 Abs mean: 0.9079E-07   Fluctuation:  0.656E-09   0.392E-05    14.0%
  6    0.9079E-07 0.9079E-07 +- 0.6560E-09      1.83
 Relative summed weights:
  0.2920E+00  0.2908E+00  0.2065E+00  0.2108E+00
 Relative number of events:
  0.2858E+00  0.2819E+00  0.2162E+00  0.2161E+00
 Events:
       18289       18041       13838       13832
 Accuracy:    0.008   0.010   0.006   1.835
 Finished due to accuracy    8.0063235918614532E-003   1.0000000000000000E-002

 -------------------------------------------------------------------------------
 Accumulated results:   Integral =  0.9064E-07
                        Std dev  =  0.5358E-09
                       Cross sec =  0.9064E-07
             Chi**2 per DoF.     =      1.8346
Thanks for using LHAPDF 6.2.1. Please make sure to cite the paper:
  Eur.Phys.J. C75 (2015) 3, 132  (http://arxiv.org/abs/1412.7420)
 -------------------------------------------------------------------------------
 Found        28704  events.
 Wrote         5850  events.
 Actual xsec    9.0706909709539403E-008
 Correct abs xsec    9.0706909709539403E-008
 Event xsec    9.0706909709541679E-008
 Events wgts > 1:          168
 % Cross section > 1:    9.0289686880329358E-010  0.99540031921991012     
-------------------------------------------------
---------------------------
 Results Last   3 iters: Integral =   0.9071E-07
                     Abs integral =   0.9071E-07
                          Std dev =   0.5409E-09
                  Chi**2 per DoF. =      1.6727
-------------------------------------------------
---------------------------
 Status   1.0000000000000000E-002           7           8

ls status:
events.lhe
ftn26
input_app.txt
results.dat
run1_app.log
