==== LHAPDF6 USING DEFAULT-TYPE LHAGLUE INTERFACE ====
LHAPDF 6.2.1 loading /cvmfs/cms.cern.ch/slc7_amd64_gcc700/external/lhapdf/6.2.1-pafccj3/share/LHAPDF/NNPDF31_nnlo_as_0118_nf_4_mc_hessian/NNPDF31_nnlo_as_0118_nf_4_mc_hessian_0000.dat
NNPDF31_nnlo_as_0118_nf_4_mc_hessian PDF set, member #0, version 1; LHAPDF ID = 325500
 Process in group number            3
 A PDF is used, so alpha_s(MZ) is going to be modified
 Old value of alpha_s from param_card:   0.11790000000000000     
 New value of alpha_s from PDF lhapdf :  0.11266013434007299     
 using LHAPDF
 Warning! ptj set to xqcut=   10.000000000000000       to improve integration efficiency
 Note that this might affect non-radiated jets,
 e.g. from decays. Use cut_decays=F in run_card.
 Warning! mmjj set to xqcut=   10.000000000000000       to improve integration efficiency
 Note that this might affect non-radiated jets,
 e.g. from decays. Use cut_decays=F in run_card.
 Define smin to   640000.00000000000     
 Define smin to   640000.00000000000     
 *****************************************************
 *               MadGraph/MadEvent                   *
 *        --------------------------------           *
 *          http://madgraph.hep.uiuc.edu             *
 *          http://madgraph.phys.ucl.ac.be           *
 *          http://madgraph.roma2.infn.it            *
 *        --------------------------------           *
 *                                                   *
 *          PARAMETER AND COUPLING VALUES            *
 *                                                   *
 *****************************************************

  External Params
  ---------------------------------
  
 mdl_ctGRe =    9.9999999999999994E-012
 mdl_ctWRe =    3.0000000000000000E-011
 mdl_ctBRe =    5.0000000000000002E-011
 mdl_cHt =    8.9999999999999999E-011
 mdl_cHtbRe =    7.0000000000000004E-011
 mdl_ctGIm =    1.9999999999999999E-011
 mdl_ctWIm =    3.9999999999999998E-011
 mdl_ctBIm =    6.0000000000000000E-011
 mdl_cHtbIm =    7.9999999999999995E-011
 mdl_LambdaSMEFT =    1000.0000000000000     
 mdl_MW =    80.387000000000000     
 mdl_Gf =    1.1663789999999999E-005
 aS =   0.11790000000000000     
 mdl_ymb =    4.1799999999999997     
 mdl_ymt =    172.75999999999999     
 mdl_MZ =    91.187600000000003     
 mdl_MT =    172.75999999999999     
 mdl_MB =    4.1799999999999997     
 mdl_MH =    125.09000000000000     
 mdl_WZ =    2.4952000000000001     
 mdl_WW =    2.0850000000000000     
 mdl_WT =    1.3300000000000001     
 mdl_WH =    4.0699999999999998E-003
  Internal Params
  ---------------------------------
  
 mdl_cHQ3 =    0.0000000000000000     
 mdl_cH =    0.0000000000000000     
 mdl_conjg__cbH =    0.0000000000000000     
 mdl_dGf =    0.0000000000000000     
 mdl_cbWRe =    0.0000000000000000     
 mdl_dMH2 =    0.0000000000000000     
 mdl_conjg__ctHH =    0.0000000000000000     
 mdl_dg1 =    0.0000000000000000     
 mdl_cHB =    0.0000000000000000     
 mdl_cHW =    0.0000000000000000     
 mdl_dgw =    0.0000000000000000     
 mdl_complexi =                (0.0000000000000000,1.0000000000000000)
 mdl_ctG =    (9.99999999999999939E-012,1.99999999999999988E-011)
 mdl_ctW =    (2.99999999999999998E-011,3.99999999999999976E-011)
 mdl_ctB =    (5.00000000000000018E-011,5.99999999999999996E-011)
 mdl_cHtb =    (7.00000000000000038E-011,7.99999999999999952E-011)
 mdl_MWsm =    80.387000000000000     
 mdl_MW__exp__2 =    6462.0697689999997     
 mdl_MZ__exp__2 =    8315.1783937600012     
 mdl_sqrt__2 =    1.4142135623730951     
 mdl_nb__2__exp__0_25 =    1.1892071150027210     
 mdl_MH__exp__2 =    15647.508100000001     
 mdl_sth2 =   0.22285855299877133     
 mdl_nb__10__exp___m_40 =    9.9999999999999993E-041
 mdl_MZ1 =    91.187600000000003     
 mdl_MH1 =    125.09000000000000     
 mdl_MT1 =    172.75999999999999     
 mdl_WZ1 =    2.4952000000000001     
 mdl_WW1 =    2.0850000000000000     
 mdl_WH1 =    4.0699999999999998E-003
 mdl_WT1 =    1.3300000000000001     
 mdl_cth =   0.88155626422890820     
 mdl_MW1 =    80.387000000000000     
 mdl_sqrt__sth2 =   0.47207896902824564     
 mdl_sth =   0.47207896902824564     
 mdl_LambdaSMEFT__exp__2 =    1000000.0000000000     
 mdl_MT__exp__2 =    29846.017599999996     
 mdl_MH__exp__6 =    3831206449390.3818     
 mdl_MWsm__exp__6 =    269845343347.69711     
 mdl_MH__exp__4 =    244844509.73956564     
 mdl_MWsm__exp__4 =    41758345.699423708     
 mdl_MWsm__exp__2 =    6462.0697689999997     
 mdl_MZ__exp__4 =    69142191.720053151     
 mdl_MZ__exp__6 =    574929658687.79749     
 mdl_cth__exp__2 =   0.77714144700122867     
 mdl_sth__exp__2 =   0.22285855299877130     
 mdl_MB__exp__2 =    17.472399999999997     
 mdl_MZ__exp__3 =    758241.16129882948     
 mdl_sth__exp__4 =    4.9665934644706158E-002
 mdl_sth__exp__6 =    1.1068478328250760E-002
 mdl_sth__exp__3 =   0.10520683593878660     
 mdl_sth__exp__5 =    2.3446243222897113E-002
 mdl_cth__exp__3 =   0.68509391079585125     
 mdl_aEW =    7.5614618607353409E-003
 mdl_sqrt__Gf =    3.4152291284773265E-003
 mdl_vevhat =    246.21961912951551     
 mdl_lam =   0.12905352724481209     
 mdl_sqrt__aEW =    8.6956666568672819E-002
 mdl_ee =   0.30825335704310214     
 mdl_yb =    2.4008698866559607E-002
 mdl_yt =   0.99228297037962632     
 mdl_vevhat__exp__2 =    60624.100844283676     
 mdl_vevT =    246.21961912951551     
 mdl_g1 =   0.34966952144878632     
 mdl_gw =   0.65296989967087182     
 mdl_yb0 =          (2.40086988665596072E-002,0.0000000000000000)
 mdl_yt0 =               (0.99228297037962632,0.0000000000000000)
 mdl_ee__exp__2 =    9.5020132128342205E-002
 mdl_gHaa =   -1.9312250240531351E-003
 mdl_gHza =   -6.8562264784117729E-003
 mdl_barlam =   0.12905352724481209     
 mdl_dWT =   -6.5076395941683845E-012
 mdl_gwsh =   0.65296989967087182     
 mdl_vev =    246.21961912951551     
 mdl_g1sh =   0.34966952144878632     
 mdl_ee__exp__3 =    2.9290274715240611E-002
 mdl_vevhat__exp__3 =    14926843.019948866     
  Internal Params evaluated point by point
  ----------------------------------------
  
 mdl_sqrt__aS =   0.34336569426778790     
 mdl_gHgg2 =   -3.6486270703817007E-004
 mdl_gHgg4 =    1.0424648772519146E-004
 mdl_gHgg5 =    1.8764367790534461E-003
 mdl_G__exp__2 =    1.4815750954329465     
 mdl_gHgg1 =    3.1273946317557436E-003
 mdl_gHgg3 =    7.6133275785037098E-004
 mdl_G__exp__3 =                (1.8033727530176447,0.0000000000000000)
  Couplings of SMEFTsim_topU3l_MwScheme_UFO-massless_2t
  ---------------------------------
  
       GC_385 =   0.00000E+00   0.42384E-14
       GC_386 =   0.21192E-14   0.00000E+00
         GC_6 =  -0.00000E+00  -0.12172E+01
         GC_7 =   0.12172E+01   0.00000E+00
         GC_8 =   0.00000E+00   0.14816E+01
         GC_1 =   0.00000E+00   0.10275E+00
         GC_2 =  -0.00000E+00  -0.20550E+00
       GC_202 =  -0.00000E+00  -0.46172E+00
       GC_203 =  -0.00000E+00  -0.37035E+00
       GC_263 =  -0.00000E+00  -0.55024E-01
       GC_264 =   0.00000E+00   0.11005E+00
       GC_351 =  -0.34821E-14   0.00000E+00
       GC_352 =   0.00000E+00   0.17410E-14
       GC_357 =  -0.92089E-14   0.00000E+00
       GC_358 =   0.00000E+00   0.76741E-14
       GC_365 =  -0.98488E-14   0.00000E+00
       GC_367 =  -0.61393E-14   0.00000E+00
       GC_368 =   0.00000E+00   0.73866E-14
       GC_369 =   0.00000E+00   0.46045E-14
       GC_441 =   0.49314E-14   0.00000E+00
       GC_442 =  -0.00000E+00  -0.41095E-14
       GC_451 =  -0.32876E-14   0.00000E+00
       GC_452 =   0.00000E+00   0.24657E-14
       GC_504 =  -0.11197E-11   0.00000E+00
       GC_506 =   0.00000E+00   0.97970E-12
       GC_524 =   0.00000E+00   0.20207E-11

 Collider parameters:
 --------------------

 Running at P P   machine @    13000.000000000000       GeV
 PDF set = lhapdf 
 alpha_s(Mz)= 0.1127 running at 3 loops.
 alpha_s(Mz)= 0.1127 running at 3 loops.
 Renormalization scale set on event-by-event basis
 Factorization   scale set on event-by-event basis


 getting user params
Enter number of events and max and min iterations: 
 Number of events and iterations         2000           8           3
Enter desired fractional accuracy: 
 Desired fractional accuracy:    1.0000000000000000E-002
Enter 0 for fixed, 2 for adjustable grid: 
Suppress amplitude (0 no, 1 yes)? 
 Using suppressed amplitude.
Exact helicity sum (0 yes, n = number/event)? 
 Explicitly summing over helicities
Enter Configuration Number: 
Running Configuration Number:    4
 Using dconfig=          13
 BW Setting            1           1           1           0           0           0           0
 Attempting mappinvarients           1           9
 Completed mapping           9
 about to integrate           19        2000           8           3          19           1
 Using non-zero grid deformation.
 19 dimensions   2000 events 19 invarients  8 iterations  1 config(s),  (0.99)
 Using h-tuple random number sequence.
 Error opening grid
 Using Uniform Grid!          36
 Using uniform alpha   1.0000000000000000     
 Grid defined OK
 Set CM energy to      13000.00
 Mapping Graph           4  to config           4
 Setting BW          -1           1   80.387000000000000     
 Setting BW          -2           2   172.75999999999999     
 Setting BW          -3           3   172.75999999999999     
 Setting BW          -4           4   80.387000000000000     
 Setting BW          -5           5   172.75999999999999     
Setting grid   6    0.60183E-03   1
 Transforming s_hat 1/s           18   3.7869822485207109E-003   640000.00000000000        168999999.99999997     
   4   1   2   3   4   5   6   7   8   9  10  11  12  13  14
  15  16  17  18  19
 Masses: 0.000E+00 0.000E+00 0.000E+00 0.000E+00 0.418E+01 0.000E+00 0.000E+00 0.418E+01 0.000E+00
Using random seed offsets     4 :      6
  with seed                   24
 Ranmar initialization seeds       31062        9403
 
 ********************************************
 * You are using the DiscreteSampler module *
 *      part of the MG5_aMC framework       *
 *         Author: Valentin Hirschi         *
 ********************************************
 
  Particle       3       4       5       6       7       8       9
      Et >    10.0    10.0     0.0     0.0     0.0     0.0    10.0
       E >     0.0     0.0     0.0     0.0     0.0     0.0     0.0
     Eta <    -1.0    -1.0    -1.0     5.0    -1.0    -1.0    -1.0
   xqcut:      0.0     0.0     0.0     0.0     0.0     0.0    10.0
d R # 3  >    -0.0     0.0     0.0     0.0     0.0     0.0     0.0
d R # 4  >    -0.0    -0.0     0.0     0.0     0.0     0.0     0.0
d R # 5  >    -0.0    -0.0    -0.0     0.0     0.0     0.0     0.0
d R # 6  >    -0.0    -0.0    -0.0    -0.0     0.0     0.0     0.0
d R # 7  >    -0.0    -0.0    -0.0    -0.0    -0.0     0.0     0.0
d R # 8  >    -0.0    -0.0    -0.0    -0.0    -0.0    -0.0     0.0
s min # 3>     0.0   100.0     0.0     0.0     0.0     0.0   100.0
s min # 4>     0.0     0.0     0.0     0.0     0.0     0.0   100.0
s min # 5>     0.0     0.0     0.0     0.0     0.0     0.0     0.0
s min # 6>     0.0     0.0     0.0     0.0     0.0     0.0     0.0
s min # 7>     0.0     0.0     0.0     0.0     0.0     0.0     0.0
s min # 8>     0.0     0.0     0.0     0.0     0.0     0.0     0.0
xqcutij # 3>     0.0    10.0     0.0     0.0     0.0     0.0     0.0
xqcutij # 4>    10.0     0.0     0.0     0.0     0.0     0.0     0.0
xqcutij # 5>     0.0     0.0     0.0     0.0     0.0     0.0     0.0
xqcutij # 6>     0.0     0.0     0.0     0.0     0.0     0.0     0.0
xqcutij # 7>     0.0     0.0     0.0     0.0     0.0     0.0     0.0
xqcutij # 8>     0.0     0.0     0.0     0.0     0.0     0.0     0.0
 Requiring BW           -1           1
 Requiring BW           -2           2
 Requiring BW           -3           3
 No cut BW           -4           4
 No cut BW           -5           5
 alpha_s for scale    2532.8634271240562       is    7.4109440996858095E-002
 Added good helicity            1   138.87004488787181       in event            1 local:           1
 Added good helicity            2   137.33489747252554       in event            1 local:           1
 Added good helicity            3   1.0248823498315263       in event            1 local:           1
 Added good helicity            4   1.0135527251285923       in event            1 local:           1
 Added good helicity           17  0.37011632151384533       in event            1 local:           1
 Added good helicity           18  0.36602484796950713       in event            1 local:           1
 Added good helicity           19   2.7315155374968768E-003  in event            1 local:           1
 Added good helicity           20   2.7013198316800033E-003  in event            1 local:           1
 Added good helicity          385   121.23640617042874       in event            1 local:           1
 Added good helicity          386   109.45671087517212       in event            1 local:           1
 Added good helicity          387  0.89474337639020574       in event            1 local:           1
 Added good helicity          388  0.80780740826818531       in event            1 local:           1
 Added good helicity          401  0.32311916310940431       in event            1 local:           1
 Added good helicity          402  0.29172392956733434       in event            1 local:           1
 Added good helicity          403   2.3846692599124868E-003  in event            1 local:           1
 Added good helicity          404   2.1529675941235750E-003  in event            1 local:           1
 Added good helicity            1   138.87004488787335       in event            1 local:           1
 Added good helicity            2   137.33489747252486       in event            1 local:           1
 Added good helicity            3   1.0248823498315414       in event            1 local:           1
 Added good helicity            4   1.0135527251285918       in event            1 local:           1
 Added good helicity           17  0.37011632151385065       in event            1 local:           1
 Added good helicity           18  0.36602484796950963       in event            1 local:           1
 Added good helicity           19   2.7315155374969258E-003  in event            1 local:           1
 Added good helicity           20   2.7013198316800289E-003  in event            1 local:           1
 Added good helicity          385   121.23640617042849       in event            1 local:           1
 Added good helicity          386   109.45671087517142       in event            1 local:           1
 Added good helicity          387  0.89474337639021029       in event            1 local:           1
 Added good helicity          388  0.80780740826818698       in event            1 local:           1
 Added good helicity          401  0.32311916310940747       in event            1 local:           1
 Added good helicity          402  0.29172392956733484       in event            1 local:           1
 Added good helicity          403   2.3846692599125289E-003  in event            1 local:           1
 Added good helicity          404   2.1529675941235915E-003  in event            1 local:           1
 RESET CUMULATIVE VARIABLE
 RESET CUMULATIVE VARIABLE
 RESET CUMULATIVE VARIABLE
 Iteration  1   Mean: 0.2866E-06 Abs mean: 0.2866E-06   Fluctuation:  0.884E-07   0.144E-03     0.9%
  1    0.2866E-06 0.2866E-06 +- 0.8837E-07     13.79
 Writing out events   2.0017248099691041E-009   13.787960194913554     
 Relative summed weights:
  0.1668E+00  0.7158E+00  0.1095E+00  0.7942E-02
 Relative number of events:
  0.3754E+00  0.3695E+00  0.1268E+00  0.1283E+00
 Events:
         755         743         255         258
 Iteration  2   Mean: 0.2544E-06 Abs mean: 0.2544E-06   Fluctuation:  0.283E-07   0.562E-04     4.6%
  2    0.2544E-06 0.2544E-06 +- 0.2828E-07      7.03
 Relative summed weights:
  0.4702E+00  0.4282E+00  0.5586E-01  0.4571E-01
 Relative number of events:
  0.4098E+00  0.4105E+00  0.8850E-01  0.9125E-01
 Events:
        1639        1642         354         365
 Iteration  3   Mean: 0.2398E-06 Abs mean: 0.2398E-06   Fluctuation:  0.131E-07   0.385E-04     4.5%
  3    0.2398E-06 0.2398E-06 +- 0.1313E-07      4.90
 Relative summed weights:
  0.4410E+00  0.4397E+00  0.3786E-01  0.8141E-01
 Relative number of events:
  0.4206E+00  0.4386E+00  0.6888E-01  0.7187E-01
 Events:
        3365        3509         551         575
 Accuracy:    0.026   0.010   0.049   0.285
 Found         3003  events.
 Wrote           66  events.
 Actual xsec    2.4372527601344627E-007
 Correct abs xsec    2.4372527601344627E-007
 Event xsec    2.4372527601344579E-007
 Events wgts > 1:            2
 % Cross section > 1:    2.1670355420564310E-009  0.88913040842628099     
 Iteration  4   Mean: 0.2905E-06 Abs mean: 0.2905E-06   Fluctuation:  0.978E-08   0.742E-04     4.6%
Thanks for using LHAPDF 6.2.1. Please make sure to cite the paper:
  Eur.Phys.J. C75 (2015) 3, 132  (http://arxiv.org/abs/1412.7420)
  4    0.2905E-06 0.2905E-06 +- 0.9780E-08      4.26
 Relative summed weights:
  0.4477E+00  0.4290E+00  0.6617E-01  0.5707E-01
 Relative number of events:
  0.4362E+00  0.4245E+00  0.6931E-01  0.7000E-01
 Events:
        6979        6792        1109        1120
 Accuracy:    0.047   0.010   0.028   2.911
 Found         7727  events.
 Wrote          143  events.
 Actual xsec    2.7521916844442892E-007
 Correct abs xsec    2.7521916844442892E-007
 Event xsec    2.7521916844442887E-007
 Events wgts > 1:            2
 % Cross section > 1:    2.5400193748861505E-009  0.92290787347503400     
 Iteration  5   Mean: 0.2765E-06 Abs mean: 0.2765E-06   Fluctuation:  0.481E-08   0.299E-04     4.7%
  5    0.2765E-06 0.2765E-06 +- 0.4815E-08      3.11
 Relative summed weights:
  0.4513E+00  0.4332E+00  0.6527E-01  0.5021E-01
 Relative number of events:
  0.4348E+00  0.4355E+00  0.6484E-01  0.6494E-01
 Events:
       13912       13935        2075        2078
 Accuracy:    0.022   0.010   0.015   2.174
 Found        16294  events.
 Wrote          691  events.
 Actual xsec    2.7652925403647906E-007
 Correct abs xsec    2.7652925403647906E-007
 Event xsec    2.7652925403647906E-007
 Events wgts > 1:           17
 % Cross section > 1:    2.5541705505988344E-009  0.92365292760739681     
 Iteration  6   Mean: 0.2784E-06 Abs mean: 0.2784E-06   Fluctuation:  0.316E-08   0.803E-04     4.6%
  6    0.2784E-06 0.2784E-06 +- 0.3160E-08      2.87
 Relative summed weights:
  0.4491E+00  0.4328E+00  0.5675E-01  0.6132E-01
 Relative number of events:
  0.4382E+00  0.4345E+00  0.6423E-01  0.6298E-01
 Events:
       28047       27811        4111        4031
 Accuracy:    0.012   0.010   0.009   1.759
 Found        35387  events.
 Wrote         1831  events.
 Actual xsec    2.7877941290026224E-007
 Correct abs xsec    2.7877941290026224E-007
 Event xsec    2.7877941290026282E-007
 Events wgts > 1:           37
 % Cross section > 1:    2.8313963300507111E-009   1.0156403948894470     
 Iteration  7   Mean: 0.2833E-06 Abs mean: 0.2833E-06   Fluctuation:  0.197E-08   0.215E-04     4.5%
  7    0.2833E-06 0.2833E-06 +- 0.1965E-08      2.48
 Relative summed weights:
  0.4366E+00  0.4412E+00  0.6099E-01  0.6122E-01
 Relative number of events:
  0.4353E+00  0.4377E+00  0.6409E-01  0.6298E-01
 Events:
       55713       56023        8203        8061
 Accuracy:    0.008   0.010   0.005   1.964
 Finished due to accuracy    7.6970555048549508E-003   1.0000000000000000E-002

 -------------------------------------------------------------------------------
 Accumulated results:   Integral =  0.2812E-06
                        Std dev  =  0.1544E-08
                       Cross sec =  0.2812E-06
             Chi**2 per DoF.     =      1.9639
 -------------------------------------------------------------------------------
 Found        73452  events.
 Wrote         5277  events.
 Actual xsec    2.8140162862536865E-007
 Correct abs xsec    2.8140162862536865E-007
 Event xsec    2.8140162862540873E-007
 Events wgts > 1:          156
 % Cross section > 1:    2.8263240005367979E-009   1.0043737182129440     
-------------------------------------------------
---------------------------
 Results Last   3 iters: Integral =   0.2814E-06
                     Abs integral =   0.2814E-06
                          Std dev =   0.1577E-08
                  Chi**2 per DoF. =      1.4296
-------------------------------------------------
---------------------------
 Status   1.0000000000000000E-002           8           8

ls status:
events.lhe
ftn26
input_app.txt
results.dat
run1_app.log
