==== LHAPDF6 USING DEFAULT-TYPE LHAGLUE INTERFACE ====
LHAPDF 6.2.1 loading /cvmfs/cms.cern.ch/slc7_amd64_gcc700/external/lhapdf/6.2.1-pafccj3/share/LHAPDF/NNPDF31_nnlo_as_0118_nf_4_mc_hessian/NNPDF31_nnlo_as_0118_nf_4_mc_hessian_0000.dat
NNPDF31_nnlo_as_0118_nf_4_mc_hessian PDF set, member #0, version 1; LHAPDF ID = 325500
 Process in group number            2
 A PDF is used, so alpha_s(MZ) is going to be modified
 Old value of alpha_s from param_card:   0.11790000000000000     
 New value of alpha_s from PDF lhapdf :  0.11266013434007299     
 using LHAPDF
 Warning! ptj set to xqcut=   10.000000000000000       to improve integration efficiency
 Note that this might affect non-radiated jets,
 e.g. from decays. Use cut_decays=F in run_card.
 Warning! mmjj set to xqcut=   10.000000000000000       to improve integration efficiency
 Note that this might affect non-radiated jets,
 e.g. from decays. Use cut_decays=F in run_card.
 Define smin to   640000.00000000000     
 Define smin to   640000.00000000000     
 *****************************************************
 *               MadGraph/MadEvent                   *
 *        --------------------------------           *
 *          http://madgraph.hep.uiuc.edu             *
 *          http://madgraph.phys.ucl.ac.be           *
 *          http://madgraph.roma2.infn.it            *
 *        --------------------------------           *
 *                                                   *
 *          PARAMETER AND COUPLING VALUES            *
 *                                                   *
 *****************************************************

  External Params
  ---------------------------------
  
 mdl_ctGRe =    9.9999999999999994E-012
 mdl_ctWRe =    3.0000000000000000E-011
 mdl_ctBRe =    5.0000000000000002E-011
 mdl_cHt =    8.9999999999999999E-011
 mdl_cHtbRe =    7.0000000000000004E-011
 mdl_ctGIm =    1.9999999999999999E-011
 mdl_ctWIm =    3.9999999999999998E-011
 mdl_ctBIm =    6.0000000000000000E-011
 mdl_cHtbIm =    7.9999999999999995E-011
 mdl_LambdaSMEFT =    1000.0000000000000     
 mdl_MW =    80.387000000000000     
 mdl_Gf =    1.1663789999999999E-005
 aS =   0.11790000000000000     
 mdl_ymb =    4.1799999999999997     
 mdl_ymt =    172.75999999999999     
 mdl_MZ =    91.187600000000003     
 mdl_MT =    172.75999999999999     
 mdl_MB =    4.1799999999999997     
 mdl_MH =    125.09000000000000     
 mdl_WZ =    2.4952000000000001     
 mdl_WW =    2.0850000000000000     
 mdl_WT =    1.3300000000000001     
 mdl_WH =    4.0699999999999998E-003
  Internal Params
  ---------------------------------
  
 mdl_cHQ3 =    0.0000000000000000     
 mdl_cH =    0.0000000000000000     
 mdl_conjg__cbH =    0.0000000000000000     
 mdl_dGf =    0.0000000000000000     
 mdl_cbWRe =    0.0000000000000000     
 mdl_dMH2 =    0.0000000000000000     
 mdl_conjg__ctHH =    0.0000000000000000     
 mdl_dg1 =    0.0000000000000000     
 mdl_cHB =    0.0000000000000000     
 mdl_cHW =    0.0000000000000000     
 mdl_dgw =    0.0000000000000000     
 mdl_complexi =                (0.0000000000000000,1.0000000000000000)
 mdl_ctG =    (9.99999999999999939E-012,1.99999999999999988E-011)
 mdl_ctW =    (2.99999999999999998E-011,3.99999999999999976E-011)
 mdl_ctB =    (5.00000000000000018E-011,5.99999999999999996E-011)
 mdl_cHtb =    (7.00000000000000038E-011,7.99999999999999952E-011)
 mdl_MWsm =    80.387000000000000     
 mdl_MW__exp__2 =    6462.0697689999997     
 mdl_MZ__exp__2 =    8315.1783937600012     
 mdl_sqrt__2 =    1.4142135623730951     
 mdl_nb__2__exp__0_25 =    1.1892071150027210     
 mdl_MH__exp__2 =    15647.508100000001     
 mdl_sth2 =   0.22285855299877133     
 mdl_nb__10__exp___m_40 =    9.9999999999999993E-041
 mdl_MZ1 =    91.187600000000003     
 mdl_MH1 =    125.09000000000000     
 mdl_MT1 =    172.75999999999999     
 mdl_WZ1 =    2.4952000000000001     
 mdl_WW1 =    2.0850000000000000     
 mdl_WH1 =    4.0699999999999998E-003
 mdl_WT1 =    1.3300000000000001     
 mdl_cth =   0.88155626422890820     
 mdl_MW1 =    80.387000000000000     
 mdl_sqrt__sth2 =   0.47207896902824564     
 mdl_sth =   0.47207896902824564     
 mdl_LambdaSMEFT__exp__2 =    1000000.0000000000     
 mdl_MT__exp__2 =    29846.017599999996     
 mdl_MH__exp__6 =    3831206449390.3818     
 mdl_MWsm__exp__6 =    269845343347.69711     
 mdl_MH__exp__4 =    244844509.73956564     
 mdl_MWsm__exp__4 =    41758345.699423708     
 mdl_MWsm__exp__2 =    6462.0697689999997     
 mdl_MZ__exp__4 =    69142191.720053151     
 mdl_MZ__exp__6 =    574929658687.79749     
 mdl_cth__exp__2 =   0.77714144700122867     
 mdl_sth__exp__2 =   0.22285855299877130     
 mdl_MB__exp__2 =    17.472399999999997     
 mdl_MZ__exp__3 =    758241.16129882948     
 mdl_sth__exp__4 =    4.9665934644706158E-002
 mdl_sth__exp__6 =    1.1068478328250760E-002
 mdl_sth__exp__3 =   0.10520683593878660     
 mdl_sth__exp__5 =    2.3446243222897113E-002
 mdl_cth__exp__3 =   0.68509391079585125     
 mdl_aEW =    7.5614618607353409E-003
 mdl_sqrt__Gf =    3.4152291284773265E-003
 mdl_vevhat =    246.21961912951551     
 mdl_lam =   0.12905352724481209     
 mdl_sqrt__aEW =    8.6956666568672819E-002
 mdl_ee =   0.30825335704310214     
 mdl_yb =    2.4008698866559607E-002
 mdl_yt =   0.99228297037962632     
 mdl_vevhat__exp__2 =    60624.100844283676     
 mdl_vevT =    246.21961912951551     
 mdl_g1 =   0.34966952144878632     
 mdl_gw =   0.65296989967087182     
 mdl_yb0 =          (2.40086988665596072E-002,0.0000000000000000)
 mdl_yt0 =               (0.99228297037962632,0.0000000000000000)
 mdl_ee__exp__2 =    9.5020132128342205E-002
 mdl_gHaa =   -1.9312250240531351E-003
 mdl_gHza =   -6.8562264784117729E-003
 mdl_barlam =   0.12905352724481209     
 mdl_dWT =   -6.5076395941683845E-012
 mdl_gwsh =   0.65296989967087182     
 mdl_vev =    246.21961912951551     
 mdl_g1sh =   0.34966952144878632     
 mdl_ee__exp__3 =    2.9290274715240611E-002
 mdl_vevhat__exp__3 =    14926843.019948866     
  Internal Params evaluated point by point
  ----------------------------------------
  
 mdl_sqrt__aS =   0.34336569426778790     
 mdl_gHgg2 =   -3.6486270703817007E-004
 mdl_gHgg4 =    1.0424648772519146E-004
 mdl_gHgg5 =    1.8764367790534461E-003
 mdl_G__exp__2 =    1.4815750954329465     
 mdl_gHgg1 =    3.1273946317557436E-003
 mdl_gHgg3 =    7.6133275785037098E-004
 mdl_G__exp__3 =                (1.8033727530176447,0.0000000000000000)
  Couplings of SMEFTsim_topU3l_MwScheme_UFO-massless_2t
  ---------------------------------
  
       GC_385 =   0.00000E+00   0.42384E-14
       GC_386 =   0.21192E-14   0.00000E+00
         GC_6 =  -0.00000E+00  -0.12172E+01
         GC_7 =   0.12172E+01   0.00000E+00
         GC_8 =   0.00000E+00   0.14816E+01
         GC_1 =   0.00000E+00   0.10275E+00
         GC_2 =  -0.00000E+00  -0.20550E+00
       GC_202 =  -0.00000E+00  -0.46172E+00
       GC_203 =  -0.00000E+00  -0.37035E+00
       GC_263 =  -0.00000E+00  -0.55024E-01
       GC_264 =   0.00000E+00   0.11005E+00
       GC_351 =  -0.34821E-14   0.00000E+00
       GC_352 =   0.00000E+00   0.17410E-14
       GC_357 =  -0.92089E-14   0.00000E+00
       GC_358 =   0.00000E+00   0.76741E-14
       GC_365 =  -0.98488E-14   0.00000E+00
       GC_367 =  -0.61393E-14   0.00000E+00
       GC_368 =   0.00000E+00   0.73866E-14
       GC_369 =   0.00000E+00   0.46045E-14
       GC_441 =   0.49314E-14   0.00000E+00
       GC_442 =  -0.00000E+00  -0.41095E-14
       GC_451 =  -0.32876E-14   0.00000E+00
       GC_452 =   0.00000E+00   0.24657E-14
       GC_504 =  -0.11197E-11   0.00000E+00
       GC_506 =   0.00000E+00   0.97970E-12
       GC_524 =   0.00000E+00   0.20207E-11

 Collider parameters:
 --------------------

 Running at P P   machine @    13000.000000000000       GeV
 PDF set = lhapdf 
 alpha_s(Mz)= 0.1127 running at 3 loops.
 alpha_s(Mz)= 0.1127 running at 3 loops.
 Renormalization scale set on event-by-event basis
 Factorization   scale set on event-by-event basis


 getting user params
Enter number of events and max and min iterations: 
 Number of events and iterations         2000           8           3
Enter desired fractional accuracy: 
 Desired fractional accuracy:    1.0000000000000000E-002
Enter 0 for fixed, 2 for adjustable grid: 
Suppress amplitude (0 no, 1 yes)? 
 Using suppressed amplitude.
Exact helicity sum (0 yes, n = number/event)? 
 Explicitly summing over helicities
Enter Configuration Number: 
Running Configuration Number:   11
 Using dconfig=         203
 BW Setting            2           1           1           1           2           0           0
 Attempting mappinvarients           1           9
 Completed mapping           9
 about to integrate           19        2000           8           3          19           1
 Using non-zero grid deformation.
 19 dimensions   2000 events 19 invarients  8 iterations  1 config(s),  (0.99)
 Using h-tuple random number sequence.
 Error opening grid
 Using Uniform Grid!          36
 Using uniform alpha   1.0000000000000000     
 Grid defined OK
 Set CM energy to      13000.00
 Mapping Graph          11  to config          11
Setting grid   1    0.59172E-06   1
 Setting BW          -2           2   172.75999999999999     
 Setting BW          -3           3   80.387000000000000     
 Setting BW          -4           4   172.75999999999999     
Setting grid   5    0.55268E-03   1
Setting grid   6    0.59172E-06   1
 Transforming s_hat 1/s           18   3.7869822485207109E-003   640000.00000000000        168999999.99999997     
  11   1   2   3   4   5   6   7   8   9  10  11  12  13  14
  15  16  17  18  19
 Masses: 0.000E+00 0.000E+00 0.000E+00 0.000E+00 0.418E+01 0.000E+00 0.000E+00 0.418E+01 0.000E+00
Using random seed offsets    11 :      3
  with seed                   24
 Ranmar initialization seeds       31069        9400
 
 ********************************************
 * You are using the DiscreteSampler module *
 *      part of the MG5_aMC framework       *
 *         Author: Valentin Hirschi         *
 ********************************************
 
  Particle       3       4       5       6       7       8       9
      Et >     0.0     0.0     0.0    10.0    10.0     0.0    10.0
       E >     0.0     0.0     0.0     0.0     0.0     0.0     0.0
     Eta <     5.0    -1.0    -1.0    -1.0    -1.0    -1.0    -1.0
   xqcut:      0.0     0.0     0.0     0.0     0.0     0.0    10.0
d R # 3  >    -0.0     0.0     0.0     0.0     0.0     0.0     0.0
d R # 4  >    -0.0    -0.0     0.0     0.0     0.0     0.0     0.0
d R # 5  >    -0.0    -0.0    -0.0     0.0     0.0     0.0     0.0
d R # 6  >    -0.0    -0.0    -0.0    -0.0     0.0     0.0     0.0
d R # 7  >    -0.0    -0.0    -0.0    -0.0    -0.0     0.0     0.0
d R # 8  >    -0.0    -0.0    -0.0    -0.0    -0.0    -0.0     0.0
s min # 3>     0.0     0.0     0.0     0.0     0.0     0.0     0.0
s min # 4>     0.0     0.0     0.0     0.0     0.0     0.0     0.0
s min # 5>     0.0     0.0     0.0     0.0     0.0     0.0     0.0
s min # 6>     0.0     0.0     0.0     0.0   100.0     0.0   100.0
s min # 7>     0.0     0.0     0.0     0.0     0.0     0.0   100.0
s min # 8>     0.0     0.0     0.0     0.0     0.0     0.0     0.0
xqcutij # 3>     0.0     0.0     0.0     0.0     0.0     0.0     0.0
xqcutij # 4>     0.0     0.0     0.0     0.0     0.0     0.0     0.0
xqcutij # 5>     0.0     0.0     0.0     0.0     0.0     0.0     0.0
xqcutij # 6>     0.0     0.0     0.0     0.0    10.0     0.0     0.0
xqcutij # 7>     0.0     0.0     0.0    10.0     0.0     0.0     0.0
xqcutij # 8>     0.0     0.0     0.0     0.0     0.0     0.0     0.0
 Excluding BW           -1           1
 Requiring BW           -2           2
 Requiring BW           -3           3
 Requiring BW           -4           4
 Excluding BW           -5           5
 alpha_s for scale    907.88272602705024       is    8.2796736114692085E-002
 Added good helicity            1   243.20788620199806       in event            1 local:           1
 Added good helicity            2   107.84442238245936       in event            1 local:           1
 Added good helicity            3  0.26770621105154169       in event            1 local:           1
 Added good helicity            4  0.11870758859736613       in event            1 local:           1
 Added good helicity           17   6.4425697307228261E-002  in event            1 local:           1
 Added good helicity           18   2.8567955674574316E-002  in event            1 local:           1
 Added good helicity           19   7.0915296332730077E-005  in event            1 local:           1
 Added good helicity           20   3.1445605200225276E-005  in event            1 local:           1
 Added good helicity          385   83.402936203677896       in event            1 local:           1
 Added good helicity          386   76.846357480369193       in event            1 local:           1
 Added good helicity          387   9.1804112074601374E-002  in event            1 local:           1
 Added good helicity          388   8.4587089294249573E-002  in event            1 local:           1
 Added good helicity          401   2.2093413189474140E-002  in event            1 local:           1
 Added good helicity          402   2.0356577427536739E-002  in event            1 local:           1
 Added good helicity          403   2.4318882198628426E-005  in event            1 local:           1
 Added good helicity          404   2.2407095001584559E-005  in event            1 local:           1
 Added good helicity            1   243.20788620199821       in event            1 local:           1
 Added good helicity            2   107.84442238245914       in event            1 local:           1
 Added good helicity            3  0.26770621105154230       in event            1 local:           1
 Added good helicity            4  0.11870758859736605       in event            1 local:           1
 Added good helicity           17   6.4425697307228233E-002  in event            1 local:           1
 Added good helicity           18   2.8567955674574225E-002  in event            1 local:           1
 Added good helicity           19   7.0915296332730131E-005  in event            1 local:           1
 Added good helicity           20   3.1445605200225256E-005  in event            1 local:           1
 Added good helicity          385   83.402936203677811       in event            1 local:           1
 Added good helicity          386   76.846357480369377       in event            1 local:           1
 Added good helicity          387   9.1804112074601360E-002  in event            1 local:           1
 Added good helicity          388   8.4587089294249879E-002  in event            1 local:           1
 Added good helicity          401   2.2093413189474130E-002  in event            1 local:           1
 Added good helicity          402   2.0356577427536805E-002  in event            1 local:           1
 Added good helicity          403   2.4318882198628419E-005  in event            1 local:           1
 Added good helicity          404   2.2407095001584620E-005  in event            1 local:           1
 RESET CUMULATIVE VARIABLE
 RESET CUMULATIVE VARIABLE
 RESET CUMULATIVE VARIABLE
 Iteration  1   Mean: 0.3240E-04 Abs mean: 0.3240E-04   Fluctuation:  0.727E-05   0.120E-01     2.3%
  1    0.3240E-04 0.3240E-04 +- 0.7265E-05     10.03
 Writing out events   8.8614109770980506E-008   10.029063847608002     
 Relative summed weights:
  0.1885E+00  0.4349E+00  0.1801E+00  0.1965E+00
 Relative number of events:
  0.2351E+00  0.2515E+00  0.2560E+00  0.2574E+00
 Events:
         474         507         516         519
 Iteration  2   Mean: 0.2482E-04 Abs mean: 0.2482E-04   Fluctuation:  0.163E-05   0.281E-02    13.1%
  2    0.2482E-04 0.2482E-04 +- 0.1631E-05      4.16
 Relative summed weights:
  0.2885E+00  0.2898E+00  0.2117E+00  0.2100E+00
 Relative number of events:
  0.2705E+00  0.2725E+00  0.2253E+00  0.2318E+00
 Events:
        1082        1090         901         927
 Iteration  3   Mean: 0.2740E-04 Abs mean: 0.2740E-04   Fluctuation:  0.958E-06   0.249E-02    17.6%
  3    0.2740E-04 0.2740E-04 +- 0.9576E-06      3.13
 Relative summed weights:
  0.3084E+00  0.2911E+00  0.2070E+00  0.1934E+00
 Relative number of events:
  0.2764E+00  0.2814E+00  0.2244E+00  0.2179E+00
 Events:
        2211        2251        1795        1743
 Accuracy:    0.034   0.010   0.031   1.242
 Found         2533  events.
 Wrote          137  events.
 Actual xsec    2.6933704678120504E-005
 Correct abs xsec    2.6933704678120504E-005
 Event xsec    2.6933704678120595E-005
 Events wgts > 1:            3
 % Cross section > 1:    2.5251073657527164E-007  0.93752693731878978     
 Iteration  4   Mean: 0.2854E-04 Abs mean: 0.2854E-04   Fluctuation:  0.634E-06   0.396E-02    17.8%
Thanks for using LHAPDF 6.2.1. Please make sure to cite the paper:
  Eur.Phys.J. C75 (2015) 3, 132  (http://arxiv.org/abs/1412.7420)
  4    0.2854E-04 0.2854E-04 +- 0.6338E-06      2.81
 Relative summed weights:
  0.3034E+00  0.2830E+00  0.2057E+00  0.2079E+00
 Relative number of events:
  0.2926E+00  0.2899E+00  0.2131E+00  0.2043E+00
 Events:
        4682        4639        3410        3269
 Accuracy:    0.022   0.010   0.018   1.532
 Found         5657  events.
 Wrote          324  events.
 Actual xsec    2.7953472364324804E-005
 Correct abs xsec    2.7953472364324804E-005
 Event xsec    2.7953472364324852E-005
 Events wgts > 1:            7
 % Cross section > 1:    2.5626556915547440E-007  0.91675755274872039     
 Iteration  5   Mean: 0.2736E-04 Abs mean: 0.2736E-04   Fluctuation:  0.344E-06   0.338E-02    16.9%
  5    0.2736E-04 0.2736E-04 +- 0.3438E-06      2.25
 Relative summed weights:
  0.2919E+00  0.2985E+00  0.2091E+00  0.2006E+00
 Relative number of events:
  0.2921E+00  0.2898E+00  0.2099E+00  0.2082E+00
 Events:
        9346        9274        6716        6664
 Accuracy:    0.012   0.010   0.010   1.453
 Found        12287  events.
 Wrote         1152  events.
 Actual xsec    2.7619603555201308E-005
 Correct abs xsec    2.7619603555201308E-005
 Event xsec    2.7619603555201322E-005
 Events wgts > 1:           15
 % Cross section > 1:    2.7426155847587270E-007  0.99299599984382747     
 Iteration  6   Mean: 0.2775E-04 Abs mean: 0.2775E-04   Fluctuation:  0.257E-06   0.847E-02    16.7%
  6    0.2775E-04 0.2775E-04 +- 0.2572E-06      2.34
 Relative summed weights:
  0.3046E+00  0.2947E+00  0.1971E+00  0.2037E+00
 Relative number of events:
  0.2950E+00  0.2961E+00  0.2053E+00  0.2036E+00
 Events:
       18880       18951       13138       13031
 Accuracy:    0.008   0.010   0.007   1.205
 Finished due to accuracy    7.5601803182067046E-003   1.0000000000000000E-002

 -------------------------------------------------------------------------------
 Accumulated results:   Integral =  0.2767E-04
                        Std dev  =  0.1906E-06
                       Cross sec =  0.2767E-04
             Chi**2 per DoF.     =      1.2046
 -------------------------------------------------------------------------------
 Found        26724  events.
 Wrote         2389  events.
 Actual xsec    2.7707302515026051E-005
 Correct abs xsec    2.7707302515026051E-005
 Event xsec    2.7707302515026498E-005
 Events wgts > 1:           29
 % Cross section > 1:    2.6954973575191784E-007  0.97284726871456706     
-------------------------------------------------
---------------------------
 Results Last   3 iters: Integral =   0.2771E-04
                     Abs integral =   0.2771E-04
                          Std dev =   0.1959E-06
                  Chi**2 per DoF. =      1.3954
-------------------------------------------------
---------------------------
 Status   1.0000000000000000E-002           7           8

ls status:
events.lhe
ftn26
input_app.txt
results.dat
run1_app.log
