==== LHAPDF6 USING DEFAULT-TYPE LHAGLUE INTERFACE ====
LHAPDF 6.2.1 loading /cvmfs/cms.cern.ch/slc7_amd64_gcc700/external/lhapdf/6.2.1-pafccj3/share/LHAPDF/NNPDF31_nnlo_as_0118_nf_4_mc_hessian/NNPDF31_nnlo_as_0118_nf_4_mc_hessian_0000.dat
NNPDF31_nnlo_as_0118_nf_4_mc_hessian PDF set, member #0, version 1; LHAPDF ID = 325500
 Process in group number            2
 A PDF is used, so alpha_s(MZ) is going to be modified
 Old value of alpha_s from param_card:   0.11790000000000000     
 New value of alpha_s from PDF lhapdf :  0.11266013434007299     
 using LHAPDF
 Warning! ptj set to xqcut=   10.000000000000000       to improve integration efficiency
 Note that this might affect non-radiated jets,
 e.g. from decays. Use cut_decays=F in run_card.
 Warning! mmjj set to xqcut=   10.000000000000000       to improve integration efficiency
 Note that this might affect non-radiated jets,
 e.g. from decays. Use cut_decays=F in run_card.
 Define smin to   640000.00000000000     
 Define smin to   640000.00000000000     
 *****************************************************
 *               MadGraph/MadEvent                   *
 *        --------------------------------           *
 *          http://madgraph.hep.uiuc.edu             *
 *          http://madgraph.phys.ucl.ac.be           *
 *          http://madgraph.roma2.infn.it            *
 *        --------------------------------           *
 *                                                   *
 *          PARAMETER AND COUPLING VALUES            *
 *                                                   *
 *****************************************************

  External Params
  ---------------------------------
  
 mdl_ctGRe =    9.9999999999999994E-012
 mdl_ctWRe =    3.0000000000000000E-011
 mdl_ctBRe =    5.0000000000000002E-011
 mdl_cHt =    8.9999999999999999E-011
 mdl_cHtbRe =    7.0000000000000004E-011
 mdl_ctGIm =    1.9999999999999999E-011
 mdl_ctWIm =    3.9999999999999998E-011
 mdl_ctBIm =    6.0000000000000000E-011
 mdl_cHtbIm =    7.9999999999999995E-011
 mdl_LambdaSMEFT =    1000.0000000000000     
 mdl_MW =    80.387000000000000     
 mdl_Gf =    1.1663789999999999E-005
 aS =   0.11790000000000000     
 mdl_ymb =    4.1799999999999997     
 mdl_ymt =    172.75999999999999     
 mdl_MZ =    91.187600000000003     
 mdl_MT =    172.75999999999999     
 mdl_MB =    4.1799999999999997     
 mdl_MH =    125.09000000000000     
 mdl_WZ =    2.4952000000000001     
 mdl_WW =    2.0850000000000000     
 mdl_WT =    1.3300000000000001     
 mdl_WH =    4.0699999999999998E-003
  Internal Params
  ---------------------------------
  
 mdl_cHQ3 =    0.0000000000000000     
 mdl_cH =    0.0000000000000000     
 mdl_conjg__cbH =    0.0000000000000000     
 mdl_dGf =    0.0000000000000000     
 mdl_cbWRe =    0.0000000000000000     
 mdl_dMH2 =    0.0000000000000000     
 mdl_conjg__ctHH =    0.0000000000000000     
 mdl_dg1 =    0.0000000000000000     
 mdl_cHB =    0.0000000000000000     
 mdl_cHW =    0.0000000000000000     
 mdl_dgw =    0.0000000000000000     
 mdl_complexi =                (0.0000000000000000,1.0000000000000000)
 mdl_ctG =    (9.99999999999999939E-012,1.99999999999999988E-011)
 mdl_ctW =    (2.99999999999999998E-011,3.99999999999999976E-011)
 mdl_ctB =    (5.00000000000000018E-011,5.99999999999999996E-011)
 mdl_cHtb =    (7.00000000000000038E-011,7.99999999999999952E-011)
 mdl_MWsm =    80.387000000000000     
 mdl_MW__exp__2 =    6462.0697689999997     
 mdl_MZ__exp__2 =    8315.1783937600012     
 mdl_sqrt__2 =    1.4142135623730951     
 mdl_nb__2__exp__0_25 =    1.1892071150027210     
 mdl_MH__exp__2 =    15647.508100000001     
 mdl_sth2 =   0.22285855299877133     
 mdl_nb__10__exp___m_40 =    9.9999999999999993E-041
 mdl_MZ1 =    91.187600000000003     
 mdl_MH1 =    125.09000000000000     
 mdl_MT1 =    172.75999999999999     
 mdl_WZ1 =    2.4952000000000001     
 mdl_WW1 =    2.0850000000000000     
 mdl_WH1 =    4.0699999999999998E-003
 mdl_WT1 =    1.3300000000000001     
 mdl_cth =   0.88155626422890820     
 mdl_MW1 =    80.387000000000000     
 mdl_sqrt__sth2 =   0.47207896902824564     
 mdl_sth =   0.47207896902824564     
 mdl_LambdaSMEFT__exp__2 =    1000000.0000000000     
 mdl_MT__exp__2 =    29846.017599999996     
 mdl_MH__exp__6 =    3831206449390.3818     
 mdl_MWsm__exp__6 =    269845343347.69711     
 mdl_MH__exp__4 =    244844509.73956564     
 mdl_MWsm__exp__4 =    41758345.699423708     
 mdl_MWsm__exp__2 =    6462.0697689999997     
 mdl_MZ__exp__4 =    69142191.720053151     
 mdl_MZ__exp__6 =    574929658687.79749     
 mdl_cth__exp__2 =   0.77714144700122867     
 mdl_sth__exp__2 =   0.22285855299877130     
 mdl_MB__exp__2 =    17.472399999999997     
 mdl_MZ__exp__3 =    758241.16129882948     
 mdl_sth__exp__4 =    4.9665934644706158E-002
 mdl_sth__exp__6 =    1.1068478328250760E-002
 mdl_sth__exp__3 =   0.10520683593878660     
 mdl_sth__exp__5 =    2.3446243222897113E-002
 mdl_cth__exp__3 =   0.68509391079585125     
 mdl_aEW =    7.5614618607353409E-003
 mdl_sqrt__Gf =    3.4152291284773265E-003
 mdl_vevhat =    246.21961912951551     
 mdl_lam =   0.12905352724481209     
 mdl_sqrt__aEW =    8.6956666568672819E-002
 mdl_ee =   0.30825335704310214     
 mdl_yb =    2.4008698866559607E-002
 mdl_yt =   0.99228297037962632     
 mdl_vevhat__exp__2 =    60624.100844283676     
 mdl_vevT =    246.21961912951551     
 mdl_g1 =   0.34966952144878632     
 mdl_gw =   0.65296989967087182     
 mdl_yb0 =          (2.40086988665596072E-002,0.0000000000000000)
 mdl_yt0 =               (0.99228297037962632,0.0000000000000000)
 mdl_ee__exp__2 =    9.5020132128342205E-002
 mdl_gHaa =   -1.9312250240531351E-003
 mdl_gHza =   -6.8562264784117729E-003
 mdl_barlam =   0.12905352724481209     
 mdl_dWT =   -6.5076395941683845E-012
 mdl_gwsh =   0.65296989967087182     
 mdl_vev =    246.21961912951551     
 mdl_g1sh =   0.34966952144878632     
 mdl_ee__exp__3 =    2.9290274715240611E-002
 mdl_vevhat__exp__3 =    14926843.019948866     
  Internal Params evaluated point by point
  ----------------------------------------
  
 mdl_sqrt__aS =   0.34336569426778790     
 mdl_gHgg2 =   -3.6486270703817007E-004
 mdl_gHgg4 =    1.0424648772519146E-004
 mdl_gHgg5 =    1.8764367790534461E-003
 mdl_G__exp__2 =    1.4815750954329465     
 mdl_gHgg1 =    3.1273946317557436E-003
 mdl_gHgg3 =    7.6133275785037098E-004
 mdl_G__exp__3 =                (1.8033727530176447,0.0000000000000000)
  Couplings of SMEFTsim_topU3l_MwScheme_UFO-massless_2t
  ---------------------------------
  
       GC_385 =   0.00000E+00   0.42384E-14
       GC_386 =   0.21192E-14   0.00000E+00
         GC_6 =  -0.00000E+00  -0.12172E+01
         GC_7 =   0.12172E+01   0.00000E+00
         GC_8 =   0.00000E+00   0.14816E+01
         GC_1 =   0.00000E+00   0.10275E+00
         GC_2 =  -0.00000E+00  -0.20550E+00
       GC_202 =  -0.00000E+00  -0.46172E+00
       GC_203 =  -0.00000E+00  -0.37035E+00
       GC_263 =  -0.00000E+00  -0.55024E-01
       GC_264 =   0.00000E+00   0.11005E+00
       GC_351 =  -0.34821E-14   0.00000E+00
       GC_352 =   0.00000E+00   0.17410E-14
       GC_357 =  -0.92089E-14   0.00000E+00
       GC_358 =   0.00000E+00   0.76741E-14
       GC_365 =  -0.98488E-14   0.00000E+00
       GC_367 =  -0.61393E-14   0.00000E+00
       GC_368 =   0.00000E+00   0.73866E-14
       GC_369 =   0.00000E+00   0.46045E-14
       GC_441 =   0.49314E-14   0.00000E+00
       GC_442 =  -0.00000E+00  -0.41095E-14
       GC_451 =  -0.32876E-14   0.00000E+00
       GC_452 =   0.00000E+00   0.24657E-14
       GC_504 =  -0.11197E-11   0.00000E+00
       GC_506 =   0.00000E+00   0.97970E-12
       GC_524 =   0.00000E+00   0.20207E-11

 Collider parameters:
 --------------------

 Running at P P   machine @    13000.000000000000       GeV
 PDF set = lhapdf 
 alpha_s(Mz)= 0.1127 running at 3 loops.
 alpha_s(Mz)= 0.1127 running at 3 loops.
 Renormalization scale set on event-by-event basis
 Factorization   scale set on event-by-event basis


 getting user params
Enter number of events and max and min iterations: 
 Number of events and iterations         2000           8           3
Enter desired fractional accuracy: 
 Desired fractional accuracy:    1.0000000000000000E-002
Enter 0 for fixed, 2 for adjustable grid: 
Suppress amplitude (0 no, 1 yes)? 
 Using suppressed amplitude.
Exact helicity sum (0 yes, n = number/event)? 
 Explicitly summing over helicities
Enter Configuration Number: 
Running Configuration Number:    5
 Using dconfig=         634
 BW Setting            1           1           1           2           1           2           0
 Attempting mappinvarients           1           9
 Completed mapping           9
 about to integrate           19        2000           8           3          19           1
 Using non-zero grid deformation.
 19 dimensions   2000 events 19 invarients  8 iterations  1 config(s),  (0.99)
 Using h-tuple random number sequence.
 Error opening grid
 Using Uniform Grid!          36
 Using uniform alpha   1.0000000000000000     
 Grid defined OK
 Set CM energy to      13000.00
 Mapping Graph           5  to config           5
 Setting BW          -1           1   80.387000000000000     
 Setting BW          -2           2   172.75999999999999     
 Setting BW          -3           3   172.75999999999999     
Setting grid   4    0.59172E-06   1
 Setting BW          -5           5   172.75999999999999     
Setting grid   6    0.60183E-03   1
 Transforming s_hat 1/s           18   3.7869822485207109E-003   640000.00000000000        168999999.99999997     
   5   1   2   3   4   5   6   7   8   9  10  11  12  13  14
  15  16  17  18  19
 Masses: 0.000E+00 0.000E+00 0.000E+00 0.000E+00 0.418E+01 0.000E+00 0.000E+00 0.418E+01 0.000E+00
Using random seed offsets     5 :      3
  with seed                   24
 Ranmar initialization seeds       31063        9400
 
 ********************************************
 * You are using the DiscreteSampler module *
 *      part of the MG5_aMC framework       *
 *         Author: Valentin Hirschi         *
 ********************************************
 
  Particle       3       4       5       6       7       8       9
      Et >     0.0     0.0     0.0    10.0    10.0     0.0    10.0
       E >     0.0     0.0     0.0     0.0     0.0     0.0     0.0
     Eta <     5.0    -1.0    -1.0    -1.0    -1.0    -1.0    -1.0
   xqcut:      0.0     0.0     0.0     0.0     0.0     0.0    10.0
d R # 3  >    -0.0     0.0     0.0     0.0     0.0     0.0     0.0
d R # 4  >    -0.0    -0.0     0.0     0.0     0.0     0.0     0.0
d R # 5  >    -0.0    -0.0    -0.0     0.0     0.0     0.0     0.0
d R # 6  >    -0.0    -0.0    -0.0    -0.0     0.0     0.0     0.0
d R # 7  >    -0.0    -0.0    -0.0    -0.0    -0.0     0.0     0.0
d R # 8  >    -0.0    -0.0    -0.0    -0.0    -0.0    -0.0     0.0
s min # 3>     0.0     0.0     0.0     0.0     0.0     0.0     0.0
s min # 4>     0.0     0.0     0.0     0.0     0.0     0.0     0.0
s min # 5>     0.0     0.0     0.0     0.0     0.0     0.0     0.0
s min # 6>     0.0     0.0     0.0     0.0   100.0     0.0   100.0
s min # 7>     0.0     0.0     0.0     0.0     0.0     0.0   100.0
s min # 8>     0.0     0.0     0.0     0.0     0.0     0.0     0.0
xqcutij # 3>     0.0     0.0     0.0     0.0     0.0     0.0     0.0
xqcutij # 4>     0.0     0.0     0.0     0.0     0.0     0.0     0.0
xqcutij # 5>     0.0     0.0     0.0     0.0     0.0     0.0     0.0
xqcutij # 6>     0.0     0.0     0.0     0.0    10.0     0.0     0.0
xqcutij # 7>     0.0     0.0     0.0    10.0     0.0     0.0     0.0
xqcutij # 8>     0.0     0.0     0.0     0.0     0.0     0.0     0.0
 Requiring BW           -1           1
 Requiring BW           -2           2
 Requiring BW           -3           3
 Excluding BW           -4           4
 Requiring BW           -5           5
 Excluding BW           -6           6
 alpha_s for scale    1982.9524586572061       is    7.6009024034037517E-002
 Added good helicity            1   251.94673151793108       in event            1 local:           1
 Added good helicity            2   214.19042017950429       in event            1 local:           1
 Added good helicity            3   6.4058148554262129       in event            1 local:           1
 Added good helicity            4   5.4458502684645307       in event            1 local:           1
 Added good helicity           17   14.376728576906407       in event            1 local:           1
 Added good helicity           18   12.222256332344173       in event            1 local:           1
 Added good helicity           19  0.36553227317347964       in event            1 local:           1
 Added good helicity           20  0.31075422454915153       in event            1 local:           1
 Added good helicity          385   3.2095318559425885       in event            1 local:           1
 Added good helicity          386   3.0047604329446393       in event            1 local:           1
 Added good helicity          387   8.1603229054022466E-002  in event            1 local:           1
 Added good helicity          388   7.6396859377193899E-002  in event            1 local:           1
 Added good helicity          401  0.18314414352161432       in event            1 local:           1
 Added good helicity          402  0.17145935939386228       in event            1 local:           1
 Added good helicity          403   4.6564901563526939E-003  in event            1 local:           1
 Added good helicity          404   4.3594013103000684E-003  in event            1 local:           1
 Added good helicity            1   251.94673151792975       in event            1 local:           1
 Added good helicity            2   214.19042017950457       in event            1 local:           1
 Added good helicity            3   6.4058148554264207       in event            1 local:           1
 Added good helicity            4   5.4458502684647341       in event            1 local:           1
 Added good helicity           17   14.376728576906476       in event            1 local:           1
 Added good helicity           18   12.222256332344251       in event            1 local:           1
 Added good helicity           19  0.36553227317349468       in event            1 local:           1
 Added good helicity           20  0.31075422454916468       in event            1 local:           1
 Added good helicity          385   3.2095318559427084       in event            1 local:           1
 Added good helicity          386   3.0047604329449706       in event            1 local:           1
 Added good helicity          387   8.1603229054031695E-002  in event            1 local:           1
 Added good helicity          388   7.6396859377207568E-002  in event            1 local:           1
 Added good helicity          401  0.18314414352160327       in event            1 local:           1
 Added good helicity          402  0.17145935939386089       in event            1 local:           1
 Added good helicity          403   4.6564901563527711E-003  in event            1 local:           1
 Added good helicity          404   4.3594013103003286E-003  in event            1 local:           1
 RESET CUMULATIVE VARIABLE
 RESET CUMULATIVE VARIABLE
 RESET CUMULATIVE VARIABLE
 Iteration  1   Mean: 0.1177E-07 Abs mean: 0.1177E-07   Fluctuation:  0.314E-08   0.300E-05     0.9%
  1    0.1177E-07 0.1177E-07 +- 0.3141E-08     11.93
 Writing out events   8.0414296219989196E-011   11.934266156544794     
 Relative summed weights:
  0.2712E+00  0.2375E+00  0.2068E+00  0.2845E+00
 Relative number of events:
  0.2177E+00  0.2510E+00  0.2654E+00  0.2659E+00
 Events:
         438         505         534         535
 Iteration  2   Mean: 0.1252E-07 Abs mean: 0.1252E-07   Fluctuation:  0.238E-08   0.589E-05     8.9%
  2    0.1252E-07 0.1252E-07 +- 0.2380E-08     12.02
 Relative summed weights:
  0.2451E+00  0.3088E+00  0.3192E+00  0.1270E+00
 Relative number of events:
  0.2455E+00  0.2427E+00  0.2540E+00  0.2577E+00
 Events:
         982         971        1016        1031
 Iteration  3   Mean: 0.1690E-07 Abs mean: 0.1690E-07   Fluctuation:  0.153E-08   0.472E-05    12.0%
  3    0.1690E-07 0.1690E-07 +- 0.1535E-08      8.12
 Relative summed weights:
  0.3198E+00  0.3305E+00  0.1870E+00  0.1626E+00
 Relative number of events:
  0.2604E+00  0.2769E+00  0.2331E+00  0.2296E+00
 Events:
        2083        2215        1865        1837
 Accuracy:    0.091   0.010   0.078   1.357
 Found         1543  events.
 Wrote           25  events.
 Actual xsec    1.5713464687221225E-008
 Correct abs xsec    1.5713464687221225E-008
 Event xsec    1.5713464687221232E-008
 Events wgts > 1:            1
 % Cross section > 1:    5.9368430374195115E-011  0.37781884234910784     
 Iteration  4   Mean: 0.2048E-07 Abs mean: 0.2048E-07   Fluctuation:  0.134E-08   0.914E-05    11.8%
  4    0.2048E-07 0.2048E-07 +- 0.1337E-08      8.26
 Relative summed weights:
  0.2714E+00  0.3167E+00  0.2240E+00  0.1879E+00
 Relative number of events:
  0.2662E+00  0.2837E+00  0.2197E+00  0.2304E+00
 Events:
        4259        4539        3515        3687
 Accuracy:    0.083   0.010   0.050   2.770
 Found         3564  events.
 Wrote           45  events.
 Actual xsec    1.8770861068583806E-008
 Correct abs xsec    1.8770861068583806E-008
 Event xsec    1.8770861068583816E-008
 Events wgts > 1:            2
 % Cross section > 1:    1.2889173494831267E-010  0.68665861665789318     
 Iteration  5   Mean: 0.2088E-07 Abs mean: 0.2088E-07   Fluctuation:  0.774E-09   0.180E-04    11.7%
  5    0.2088E-07 0.2088E-07 +- 0.7738E-09      6.63
 Relative summed weights:
  0.2716E+00  0.3172E+00  0.2065E+00  0.2047E+00
 Relative number of events:
  0.2813E+00  0.2838E+00  0.2173E+00  0.2176E+00
 Events:
        9002        9080        6955        6963
 Accuracy:    0.049   0.010   0.030   2.660
 Found         8704  events.
 Wrote           35  events.
 Actual xsec    2.0344361836714633E-008
 Correct abs xsec    2.0344361836714633E-008
 Event xsec    2.0344361836714626E-008
 Events wgts > 1:            0
 % Cross section > 1:    0.0000000000000000        0.0000000000000000     
 Iteration  6   Mean: 0.2025E-07 Abs mean: 0.2025E-07   Fluctuation:  0.322E-09   0.470E-05    11.1%
  6    0.2025E-07 0.2025E-07 +- 0.3221E-09      4.02
 Relative summed weights:
  0.3020E+00  0.2859E+00  0.2012E+00  0.2109E+00
 Relative number of events:
  0.2915E+00  0.2872E+00  0.2107E+00  0.2106E+00
 Events:
       18658       18378       13483       13481
 Accuracy:    0.020   0.010   0.014   2.112
 Found        20205  events.
 Wrote          650  events.
 Actual xsec    2.0354672112755888E-008
 Correct abs xsec    2.0354672112755888E-008
 Event xsec    2.0354672112755680E-008
 Events wgts > 1:           16
 % Cross section > 1:    1.9140238273310342E-010  0.94033635949928729     
 Iteration  7   Mean: 0.2011E-07 Abs mean: 0.2011E-07   Fluctuation:  0.186E-09   0.536E-05    10.8%
  7    0.2011E-07 0.2011E-07 +- 0.1858E-09      3.31
 Relative summed weights:
  0.2975E+00  0.2905E+00  0.2041E+00  0.2079E+00
 Relative number of events:
  0.2883E+00  0.2929E+00  0.2088E+00  0.2099E+00
 Events:
       36903       37495       26729       26873
 Accuracy:    0.010   0.010   0.008   1.786
 Found        45210  events.
 Wrote         2424  events.
 Actual xsec    2.0177340671901780E-008
 Correct abs xsec    2.0177340671901780E-008
 Event xsec    2.0177340671902773E-008
 Events wgts > 1:           44
 % Cross section > 1:    2.0017949523129552E-010  0.99210048780138926     
 Iteration  8   Mean: 0.2004E-07 Abs mean: 0.2004E-07   Fluctuation:  0.126E-09   0.684E-05    10.3%
  8    0.2004E-07 0.2004E-07 +- 0.1264E-09      3.19
 Exceeded boost          18           1   256000.000    
 Relative summed weights:
  0.2953E+00  0.2899E+00  0.2052E+00  0.2097E+00
 Relative number of events:
  0.2921E+00  0.2908E+00  0.2079E+00  0.2093E+00
 Events:
       74767       74433       53213       53587
 Accuracy:    0.006   0.010   0.005   1.578
 Finished due to accuracy    6.1348885449917390E-003   1.0000000000000000E-002

 -------------------------------------------------------------------------------
 Accumulated results:   Integral =  0.2008E-07
                        Std dev  =  0.9806E-10
                       Cross sec =  0.2008E-07
             Chi**2 per DoF.     =      1.5776
 -------------------------------------------------------------------------------
 Found        95549  events.
 Wrote         4991  events.
 Actual xsec    2.0077530817249332E-008
 Correct abs xsec    2.0077530817249332E-008
 Event xsec    2.0077530817250341E-008
 Events wgts > 1:           83
 % Cross section > 1:    2.0135826022208811E-010   1.0029035046933354     
-------------------------------------------------
---------------------------
 Results Last   3 iters: Integral =   0.2008E-07
                     Abs integral =   0.2008E-07
                          Std dev =   0.9941E-10
                  Chi**2 per DoF. =      0.2152
Thanks for using LHAPDF 6.2.1. Please make sure to cite the paper:
  Eur.Phys.J. C75 (2015) 3, 132  (http://arxiv.org/abs/1412.7420)
-------------------------------------------------
---------------------------
 Status   1.0000000000000000E-002           9           8

ls status:
events.lhe
ftn26
input_app.txt
results.dat
run1_app.log
