==== LHAPDF6 USING DEFAULT-TYPE LHAGLUE INTERFACE ====
LHAPDF 6.2.1 loading /cvmfs/cms.cern.ch/slc7_amd64_gcc700/external/lhapdf/6.2.1-pafccj3/share/LHAPDF/NNPDF31_nnlo_as_0118_nf_4_mc_hessian/NNPDF31_nnlo_as_0118_nf_4_mc_hessian_0000.dat
NNPDF31_nnlo_as_0118_nf_4_mc_hessian PDF set, member #0, version 1; LHAPDF ID = 325500
 Process in group number            3
 A PDF is used, so alpha_s(MZ) is going to be modified
 Old value of alpha_s from param_card:   0.11790000000000000     
 New value of alpha_s from PDF lhapdf :  0.11266013434007299     
 using LHAPDF
 Warning! ptj set to xqcut=   10.000000000000000       to improve integration efficiency
 Note that this might affect non-radiated jets,
 e.g. from decays. Use cut_decays=F in run_card.
 Warning! mmjj set to xqcut=   10.000000000000000       to improve integration efficiency
 Note that this might affect non-radiated jets,
 e.g. from decays. Use cut_decays=F in run_card.
 Define smin to   640000.00000000000     
 Define smin to   640000.00000000000     
 Define smin to   640000.00000000000     
 Define smin to   640000.00000000000     
 Define smin to   640000.00000000000     
 Define smin to   640000.00000000000     
 *****************************************************
 *               MadGraph/MadEvent                   *
 *        --------------------------------           *
 *          http://madgraph.hep.uiuc.edu             *
 *          http://madgraph.phys.ucl.ac.be           *
 *          http://madgraph.roma2.infn.it            *
 *        --------------------------------           *
 *                                                   *
 *          PARAMETER AND COUPLING VALUES            *
 *                                                   *
 *****************************************************

  External Params
  ---------------------------------
  
 mdl_ctGRe =    9.9999999999999994E-012
 mdl_ctWRe =    3.0000000000000000E-011
 mdl_ctBRe =    5.0000000000000002E-011
 mdl_cHt =    8.9999999999999999E-011
 mdl_cHtbRe =    7.0000000000000004E-011
 mdl_ctGIm =    1.9999999999999999E-011
 mdl_ctWIm =    3.9999999999999998E-011
 mdl_ctBIm =    6.0000000000000000E-011
 mdl_cHtbIm =    7.9999999999999995E-011
 mdl_LambdaSMEFT =    1000.0000000000000     
 mdl_MW =    80.387000000000000     
 mdl_Gf =    1.1663789999999999E-005
 aS =   0.11790000000000000     
 mdl_ymb =    4.1799999999999997     
 mdl_ymt =    172.75999999999999     
 mdl_MZ =    91.187600000000003     
 mdl_MT =    172.75999999999999     
 mdl_MB =    4.1799999999999997     
 mdl_MH =    125.09000000000000     
 mdl_WZ =    2.4952000000000001     
 mdl_WW =    2.0850000000000000     
 mdl_WT =    1.3300000000000001     
 mdl_WH =    4.0699999999999998E-003
  Internal Params
  ---------------------------------
  
 mdl_cHQ3 =    0.0000000000000000     
 mdl_cH =    0.0000000000000000     
 mdl_conjg__cbH =    0.0000000000000000     
 mdl_dGf =    0.0000000000000000     
 mdl_cbWRe =    0.0000000000000000     
 mdl_dMH2 =    0.0000000000000000     
 mdl_conjg__ctHH =    0.0000000000000000     
 mdl_dg1 =    0.0000000000000000     
 mdl_cHB =    0.0000000000000000     
 mdl_cHW =    0.0000000000000000     
 mdl_dgw =    0.0000000000000000     
 mdl_complexi =                (0.0000000000000000,1.0000000000000000)
 mdl_ctG =    (9.99999999999999939E-012,1.99999999999999988E-011)
 mdl_ctW =    (2.99999999999999998E-011,3.99999999999999976E-011)
 mdl_ctB =    (5.00000000000000018E-011,5.99999999999999996E-011)
 mdl_cHtb =    (7.00000000000000038E-011,7.99999999999999952E-011)
 mdl_MWsm =    80.387000000000000     
 mdl_MW__exp__2 =    6462.0697689999997     
 mdl_MZ__exp__2 =    8315.1783937600012     
 mdl_sqrt__2 =    1.4142135623730951     
 mdl_nb__2__exp__0_25 =    1.1892071150027210     
 mdl_MH__exp__2 =    15647.508100000001     
 mdl_sth2 =   0.22285855299877133     
 mdl_nb__10__exp___m_40 =    9.9999999999999993E-041
 mdl_MZ1 =    91.187600000000003     
 mdl_MH1 =    125.09000000000000     
 mdl_MT1 =    172.75999999999999     
 mdl_WZ1 =    2.4952000000000001     
 mdl_WW1 =    2.0850000000000000     
 mdl_WH1 =    4.0699999999999998E-003
 mdl_WT1 =    1.3300000000000001     
 mdl_cth =   0.88155626422890820     
 mdl_MW1 =    80.387000000000000     
 mdl_sqrt__sth2 =   0.47207896902824564     
 mdl_sth =   0.47207896902824564     
 mdl_LambdaSMEFT__exp__2 =    1000000.0000000000     
 mdl_MT__exp__2 =    29846.017599999996     
 mdl_MH__exp__6 =    3831206449390.3818     
 mdl_MWsm__exp__6 =    269845343347.69711     
 mdl_MH__exp__4 =    244844509.73956564     
 mdl_MWsm__exp__4 =    41758345.699423708     
 mdl_MWsm__exp__2 =    6462.0697689999997     
 mdl_MZ__exp__4 =    69142191.720053151     
 mdl_MZ__exp__6 =    574929658687.79749     
 mdl_cth__exp__2 =   0.77714144700122867     
 mdl_sth__exp__2 =   0.22285855299877130     
 mdl_MB__exp__2 =    17.472399999999997     
 mdl_MZ__exp__3 =    758241.16129882948     
 mdl_sth__exp__4 =    4.9665934644706158E-002
 mdl_sth__exp__6 =    1.1068478328250760E-002
 mdl_sth__exp__3 =   0.10520683593878660     
 mdl_sth__exp__5 =    2.3446243222897113E-002
 mdl_cth__exp__3 =   0.68509391079585125     
 mdl_aEW =    7.5614618607353409E-003
 mdl_sqrt__Gf =    3.4152291284773265E-003
 mdl_vevhat =    246.21961912951551     
 mdl_lam =   0.12905352724481209     
 mdl_sqrt__aEW =    8.6956666568672819E-002
 mdl_ee =   0.30825335704310214     
 mdl_yb =    2.4008698866559607E-002
 mdl_yt =   0.99228297037962632     
 mdl_vevhat__exp__2 =    60624.100844283676     
 mdl_vevT =    246.21961912951551     
 mdl_g1 =   0.34966952144878632     
 mdl_gw =   0.65296989967087182     
 mdl_yb0 =          (2.40086988665596072E-002,0.0000000000000000)
 mdl_yt0 =               (0.99228297037962632,0.0000000000000000)
 mdl_ee__exp__2 =    9.5020132128342205E-002
 mdl_gHaa =   -1.9312250240531351E-003
 mdl_gHza =   -6.8562264784117729E-003
 mdl_barlam =   0.12905352724481209     
 mdl_dWT =   -6.5076395941683845E-012
 mdl_gwsh =   0.65296989967087182     
 mdl_vev =    246.21961912951551     
 mdl_g1sh =   0.34966952144878632     
 mdl_ee__exp__3 =    2.9290274715240611E-002
 mdl_vevhat__exp__3 =    14926843.019948866     
  Internal Params evaluated point by point
  ----------------------------------------
  
 mdl_sqrt__aS =   0.34336569426778790     
 mdl_gHgg2 =   -3.6486270703817007E-004
 mdl_gHgg4 =    1.0424648772519146E-004
 mdl_gHgg5 =    1.8764367790534461E-003
 mdl_G__exp__2 =    1.4815750954329465     
 mdl_gHgg1 =    3.1273946317557436E-003
 mdl_gHgg3 =    7.6133275785037098E-004
 mdl_G__exp__3 =                (1.8033727530176447,0.0000000000000000)
  Couplings of SMEFTsim_topU3l_MwScheme_UFO-massless_2t
  ---------------------------------
  
       GC_385 =   0.00000E+00   0.42384E-14
       GC_386 =   0.21192E-14   0.00000E+00
         GC_6 =  -0.00000E+00  -0.12172E+01
         GC_7 =   0.12172E+01   0.00000E+00
         GC_8 =   0.00000E+00   0.14816E+01
         GC_1 =   0.00000E+00   0.10275E+00
         GC_2 =  -0.00000E+00  -0.20550E+00
       GC_202 =  -0.00000E+00  -0.46172E+00
       GC_203 =  -0.00000E+00  -0.37035E+00
       GC_263 =  -0.00000E+00  -0.55024E-01
       GC_264 =   0.00000E+00   0.11005E+00
       GC_351 =  -0.34821E-14   0.00000E+00
       GC_352 =   0.00000E+00   0.17410E-14
       GC_357 =  -0.92089E-14   0.00000E+00
       GC_358 =   0.00000E+00   0.76741E-14
       GC_365 =  -0.98488E-14   0.00000E+00
       GC_367 =  -0.61393E-14   0.00000E+00
       GC_368 =   0.00000E+00   0.73866E-14
       GC_369 =   0.00000E+00   0.46045E-14
       GC_441 =   0.49314E-14   0.00000E+00
       GC_442 =  -0.00000E+00  -0.41095E-14
       GC_451 =  -0.32876E-14   0.00000E+00
       GC_452 =   0.00000E+00   0.24657E-14
       GC_504 =  -0.11197E-11   0.00000E+00
       GC_506 =   0.00000E+00   0.97970E-12
       GC_524 =   0.00000E+00   0.20207E-11

 Collider parameters:
 --------------------

 Running at P P   machine @    13000.000000000000       GeV
 PDF set = lhapdf 
 alpha_s(Mz)= 0.1127 running at 3 loops.
 alpha_s(Mz)= 0.1127 running at 3 loops.
 Renormalization scale set on event-by-event basis
 Factorization   scale set on event-by-event basis


 getting user params
Enter number of events and max and min iterations: 
 Number of events and iterations         2000           8           3
Enter desired fractional accuracy: 
 Desired fractional accuracy:    1.0000000000000000E-002
Enter 0 for fixed, 2 for adjustable grid: 
Suppress amplitude (0 no, 1 yes)? 
 Using suppressed amplitude.
Exact helicity sum (0 yes, n = number/event)? 
 Explicitly summing over helicities
Enter Configuration Number: 
Running Configuration Number:    1
 Not subdividing B.W.
 Attempting mappinvarients           1           9
 Completed mapping           9
 about to integrate           19        2000           8           3          19           1
 Using non-zero grid deformation.
 19 dimensions   2000 events 19 invarients  8 iterations  1 config(s),  (0.99)
 Using h-tuple random number sequence.
 Error opening grid
 Using Uniform Grid!          36
 Using uniform alpha   1.0000000000000000     
 Grid defined OK
 Set CM energy to      13000.00
 Mapping Graph           1  to config           1
 Setting BW          -1           1   80.387000000000000     
 Setting BW          -2           2   172.75999999999999     
 Setting BW          -3           3   80.387000000000000     
 Setting BW          -4           4   172.75999999999999     
Setting grid   5    0.55268E-03   1
Setting grid   6    0.55268E-03   1
 Transforming s_hat 1/s           18   3.7869822485207109E-003   640000.00000000000        168999999.99999997     
   1   1   2   3   4   5   6   7   8   9  10  11  12  13  14
  15  16  17  18  19
 Masses: 0.000E+00 0.000E+00 0.000E+00 0.000E+00 0.418E+01 0.000E+00 0.000E+00 0.418E+01 0.000E+00
Using random seed offsets     1 :      5
  with seed                   24
 Ranmar initialization seeds       31059        9402
 
 ********************************************
 * You are using the DiscreteSampler module *
 *      part of the MG5_aMC framework       *
 *         Author: Valentin Hirschi         *
 ********************************************
 
  Particle       3       4       5       6       7       8       9
      Et >    10.0    10.0     0.0     0.0     0.0     0.0    10.0
       E >     0.0     0.0     0.0     0.0     0.0     0.0     0.0
     Eta <    -1.0    -1.0    -1.0     5.0    -1.0    -1.0    -1.0
   xqcut:      0.0     0.0     0.0     0.0     0.0     0.0    10.0
d R # 3  >    -0.0     0.0     0.0     0.0     0.0     0.0     0.0
d R # 4  >    -0.0    -0.0     0.0     0.0     0.0     0.0     0.0
d R # 5  >    -0.0    -0.0    -0.0     0.0     0.0     0.0     0.0
d R # 6  >    -0.0    -0.0    -0.0    -0.0     0.0     0.0     0.0
d R # 7  >    -0.0    -0.0    -0.0    -0.0    -0.0     0.0     0.0
d R # 8  >    -0.0    -0.0    -0.0    -0.0    -0.0    -0.0     0.0
s min # 3>     0.0   100.0     0.0     0.0     0.0     0.0   100.0
s min # 4>     0.0     0.0     0.0     0.0     0.0     0.0   100.0
s min # 5>     0.0     0.0     0.0     0.0     0.0     0.0     0.0
s min # 6>     0.0     0.0     0.0     0.0     0.0     0.0     0.0
s min # 7>     0.0     0.0     0.0     0.0     0.0     0.0     0.0
s min # 8>     0.0     0.0     0.0     0.0     0.0     0.0     0.0
xqcutij # 3>     0.0    10.0     0.0     0.0     0.0     0.0     0.0
xqcutij # 4>    10.0     0.0     0.0     0.0     0.0     0.0     0.0
xqcutij # 5>     0.0     0.0     0.0     0.0     0.0     0.0     0.0
xqcutij # 6>     0.0     0.0     0.0     0.0     0.0     0.0     0.0
xqcutij # 7>     0.0     0.0     0.0     0.0     0.0     0.0     0.0
xqcutij # 8>     0.0     0.0     0.0     0.0     0.0     0.0     0.0
 No cut BW           -1           1
 No cut BW           -2           2
 No cut BW           -3           3
 No cut BW           -4           4
 alpha_s for scale    3624.5813539852015       is    7.1496557524474091E-002
 Added good helicity            2   155.71391661699687       in event            1 local:           1
 Added good helicity            4  0.13534571998612688       in event            1 local:           1
 Added good helicity           18  0.44321016455070633       in event            1 local:           1
 Added good helicity           20   3.8523595147780967E-004  in event            1 local:           1
 Added good helicity          129   174.86203295572560       in event            1 local:           1
 Added good helicity          131  0.15198916232250970       in event            1 local:           1
 Added good helicity          145  0.49771165021564090       in event            1 local:           1
 Added good helicity          147   4.3260835709020210E-004  in event            1 local:           1
 Added good helicity          258   77.590690734451243       in event            1 local:           1
 Added good helicity          260   6.7441421629893736E-002  in event            1 local:           1
 Added good helicity          274  0.22084720206597228       in event            1 local:           1
 Added good helicity          276   1.9195923028044837E-004  in event            1 local:           1
 Added good helicity          385   101.93680563407467       in event            1 local:           1
 Added good helicity          387   8.8602937074366978E-002  in event            1 local:           1
 Added good helicity          401  0.29014380589242150       in event            1 local:           1
 Added good helicity          403   2.5219147506237174E-004  in event            1 local:           1
 Added good helicity            2   155.71391661699789       in event            1 local:           1
 Added good helicity            4  0.13534571998612854       in event            1 local:           1
 Added good helicity           18  0.44321016455070866       in event            1 local:           1
 Added good helicity           20   3.8523595147781390E-004  in event            1 local:           1
 Added good helicity          129   174.86203295572716       in event            1 local:           1
 Added good helicity          131  0.15198916232251147       in event            1 local:           1
 Added good helicity          145  0.49771165021564484       in event            1 local:           1
 Added good helicity          147   4.3260835709020670E-004  in event            1 local:           1
 Added good helicity          258   77.590690734450433       in event            1 local:           1
 Added good helicity          260   6.7441421629894360E-002  in event            1 local:           1
 Added good helicity          274  0.22084720206597047       in event            1 local:           1
 Added good helicity          276   1.9195923028045081E-004  in event            1 local:           1
 Added good helicity          385   101.93680563407295       in event            1 local:           1
 Added good helicity          387   8.8602937074367977E-002  in event            1 local:           1
 Added good helicity          401  0.29014380589241712       in event            1 local:           1
 Added good helicity          403   2.5219147506237499E-004  in event            1 local:           1
 RESET CUMULATIVE VARIABLE
 RESET CUMULATIVE VARIABLE
 RESET CUMULATIVE VARIABLE
 Iteration  1   Mean: 0.3531E-05 Abs mean: 0.3531E-05   Fluctuation:  0.408E-06   0.400E-03    18.2%
  1    0.3531E-05 0.3531E-05 +- 0.4076E-06      5.16
 Writing out events   1.2103782568905005E-009   5.1630830388197468     
 Relative summed weights:
  0.2984E+00  0.1830E+00  0.1638E+00  0.2123E+00  0.4644E-01  0.2734E-01  0.9926E-02  0.4267E-01  0.3118E-02  0.1507E-02  0.7396E-03  0.1077E-01
 Relative number of events:
  0.1855E+00  0.1895E+00  0.2045E+00  0.1855E+00  0.4140E-01  0.5087E-01  0.4738E-01  0.4788E-01  0.1247E-01  0.9476E-02  0.1047E-01  0.1496E-01
 Events:
         372         380         410         372          83         102          95          96          25          19          21          30
 Iteration  2   Mean: 0.3558E-05 Abs mean: 0.3558E-05   Fluctuation:  0.141E-06   0.173E-03    33.3%
  2    0.3558E-05 0.3558E-05 +- 0.1413E-06      2.51
 Relative summed weights:
  0.2077E+00  0.2177E+00  0.2129E+00  0.1948E+00  0.5192E-01  0.4962E-01  0.3028E-01  0.2294E-01  0.1832E-02  0.6146E-02  0.1234E-02  0.2937E-02
 Relative number of events:
  0.2004E+00  0.1991E+00  0.1989E+00  0.1974E+00  0.4528E-01  0.4478E-01  0.4253E-01  0.4278E-01  0.7005E-02  0.7506E-02  0.5754E-02  0.8506E-02
 Events:
         801         796         795         789         181         179         170         171          28          30          23          34
 Iteration  3   Mean: 0.3929E-05 Abs mean: 0.3929E-05   Fluctuation:  0.841E-07   0.132E-03    32.6%
Thanks for using LHAPDF 6.2.1. Please make sure to cite the paper:
  Eur.Phys.J. C75 (2015) 3, 132  (http://arxiv.org/abs/1412.7420)
  3    0.3929E-05 0.3929E-05 +- 0.8415E-07      1.92
 Relative summed weights:
  0.1906E+00  0.2083E+00  0.2138E+00  0.1920E+00  0.4751E-01  0.5002E-01  0.4061E-01  0.3033E-01  0.2989E-02  0.7882E-02  0.8734E-02  0.7333E-02
 Relative number of events:
  0.1978E+00  0.2065E+00  0.2028E+00  0.1972E+00  0.4452E-01  0.4427E-01  0.3939E-01  0.3739E-01  0.6377E-02  0.7503E-02  0.8628E-02  0.7628E-02
 Events:
        1582        1651        1622        1577         356         354         315         299          51          60          69          61
 Accuracy:    0.030   0.010   0.019   2.535
 Found         2164  events.
 Wrote          631  events.
 Actual xsec    3.8371059809019607E-006
 Correct abs xsec    3.8371059924548074E-006
 Event xsec    3.8371059924548234E-006
 Events wgts > 1:           20
 % Cross section > 1:    3.5994692847044826E-008  0.93806876635213543     
 Iteration  4   Mean: 0.3892E-05 Abs mean: 0.3892E-05   Fluctuation:  0.473E-07   0.573E-04    32.0%
  4    0.3892E-05 0.3892E-05 +- 0.4726E-07      1.54
 Relative summed weights:
  0.2113E+00  0.2031E+00  0.2018E+00  0.2022E+00  0.5059E-01  0.4343E-01  0.3347E-01  0.3254E-01  0.6762E-02  0.4190E-02  0.4878E-02  0.5641E-02
 Relative number of events:
  0.2030E+00  0.2011E+00  0.2052E+00  0.2011E+00  0.4739E-01  0.4339E-01  0.3633E-01  0.3620E-01  0.6502E-02  0.6565E-02  0.6377E-02  0.6815E-02
 Events:
        3247        3217        3282        3216         758         694         581         579         104         105         102         109
 Accuracy:    0.014   0.010   0.010   1.792
 Found         4576  events.
 Wrote         2450  events.
 Actual xsec    3.8782863240148956E-006
 Correct abs xsec    3.8782863365998621E-006
 Event xsec    3.8782863365997910E-006
 Events wgts > 1:           90
 % Cross section > 1:    3.8273326917101563E-008  0.98686181460899880     
 Iteration  5   Mean: 0.3883E-05 Abs mean: 0.3883E-05   Fluctuation:  0.304E-07   0.611E-04    30.7%
  5    0.3883E-05 0.3883E-05 +- 0.3041E-07      1.40
 Relative summed weights:
  0.2034E+00  0.2071E+00  0.2040E+00  0.2048E+00  0.4571E-01  0.4245E-01  0.3312E-01  0.3346E-01  0.6985E-02  0.6968E-02  0.5603E-02  0.6378E-02
 Relative number of events:
  0.2032E+00  0.2048E+00  0.2028E+00  0.2034E+00  0.4457E-01  0.4307E-01  0.3579E-01  0.3550E-01  0.7376E-02  0.6501E-02  0.6063E-02  0.6813E-02
 Events:
        6503        6554        6490        6508        1426        1378        1145        1136         236         208         194         218
 Accuracy:    0.007   0.010   0.006   1.346
 Finished due to accuracy    7.1996782430089907E-003   1.0000000000000000E-002

 -------------------------------------------------------------------------------
 Accumulated results:   Integral =  0.3880E-05
                        Std dev  =  0.2408E-07
                       Cross sec =  0.3880E-05
             Chi**2 per DoF.     =      1.3460
 -------------------------------------------------------------------------------
 Found         9894  events.
 Wrote         6518  events.
 Actual xsec    3.8891660173997782E-006
 Correct abs xsec    3.8891660269599740E-006
 Event xsec    3.8891660269603687E-006
 Events wgts > 1:          264
 % Cross section > 1:    3.8571537565657235E-008  0.99176885991168018     
-------------------------------------------------
---------------------------
 Results Last   3 iters: Integral =   0.3889E-05
                     Abs integral =   0.3889E-05
                          Std dev =   0.2447E-07
                  Chi**2 per DoF. =      0.1350
-------------------------------------------------
---------------------------
 Status   1.0000000000000000E-002           6           8

ls status:
events.lhe
ftn26
input_app.txt
results.dat
run1_app.log
