==== LHAPDF6 USING DEFAULT-TYPE LHAGLUE INTERFACE ====
LHAPDF 6.2.1 loading /cvmfs/cms.cern.ch/slc7_amd64_gcc700/external/lhapdf/6.2.1-pafccj3/share/LHAPDF/NNPDF31_nnlo_as_0118_nf_4_mc_hessian/NNPDF31_nnlo_as_0118_nf_4_mc_hessian_0000.dat
NNPDF31_nnlo_as_0118_nf_4_mc_hessian PDF set, member #0, version 1; LHAPDF ID = 325500
 Process in group number            2
 A PDF is used, so alpha_s(MZ) is going to be modified
 Old value of alpha_s from param_card:   0.11790000000000000     
 New value of alpha_s from PDF lhapdf :  0.11266013434007299     
 using LHAPDF
 Warning! ptj set to xqcut=   10.000000000000000       to improve integration efficiency
 Note that this might affect non-radiated jets,
 e.g. from decays. Use cut_decays=F in run_card.
 Warning! mmjj set to xqcut=   10.000000000000000       to improve integration efficiency
 Note that this might affect non-radiated jets,
 e.g. from decays. Use cut_decays=F in run_card.
 Define smin to   640000.00000000000     
 Define smin to   640000.00000000000     
 *****************************************************
 *               MadGraph/MadEvent                   *
 *        --------------------------------           *
 *          http://madgraph.hep.uiuc.edu             *
 *          http://madgraph.phys.ucl.ac.be           *
 *          http://madgraph.roma2.infn.it            *
 *        --------------------------------           *
 *                                                   *
 *          PARAMETER AND COUPLING VALUES            *
 *                                                   *
 *****************************************************

  External Params
  ---------------------------------
  
 mdl_ctGRe =    9.9999999999999994E-012
 mdl_ctWRe =    3.0000000000000000E-011
 mdl_ctBRe =    5.0000000000000002E-011
 mdl_cHt =    8.9999999999999999E-011
 mdl_cHtbRe =    7.0000000000000004E-011
 mdl_ctGIm =    1.9999999999999999E-011
 mdl_ctWIm =    3.9999999999999998E-011
 mdl_ctBIm =    6.0000000000000000E-011
 mdl_cHtbIm =    7.9999999999999995E-011
 mdl_LambdaSMEFT =    1000.0000000000000     
 mdl_MW =    80.387000000000000     
 mdl_Gf =    1.1663789999999999E-005
 aS =   0.11790000000000000     
 mdl_ymb =    4.1799999999999997     
 mdl_ymt =    172.75999999999999     
 mdl_MZ =    91.187600000000003     
 mdl_MT =    172.75999999999999     
 mdl_MB =    4.1799999999999997     
 mdl_MH =    125.09000000000000     
 mdl_WZ =    2.4952000000000001     
 mdl_WW =    2.0850000000000000     
 mdl_WT =    1.3300000000000001     
 mdl_WH =    4.0699999999999998E-003
  Internal Params
  ---------------------------------
  
 mdl_cHQ3 =    0.0000000000000000     
 mdl_cH =    0.0000000000000000     
 mdl_conjg__cbH =    0.0000000000000000     
 mdl_dGf =    0.0000000000000000     
 mdl_cbWRe =    0.0000000000000000     
 mdl_dMH2 =    0.0000000000000000     
 mdl_conjg__ctHH =    0.0000000000000000     
 mdl_dg1 =    0.0000000000000000     
 mdl_cHB =    0.0000000000000000     
 mdl_cHW =    0.0000000000000000     
 mdl_dgw =    0.0000000000000000     
 mdl_complexi =                (0.0000000000000000,1.0000000000000000)
 mdl_ctG =    (9.99999999999999939E-012,1.99999999999999988E-011)
 mdl_ctW =    (2.99999999999999998E-011,3.99999999999999976E-011)
 mdl_ctB =    (5.00000000000000018E-011,5.99999999999999996E-011)
 mdl_cHtb =    (7.00000000000000038E-011,7.99999999999999952E-011)
 mdl_MWsm =    80.387000000000000     
 mdl_MW__exp__2 =    6462.0697689999997     
 mdl_MZ__exp__2 =    8315.1783937600012     
 mdl_sqrt__2 =    1.4142135623730951     
 mdl_nb__2__exp__0_25 =    1.1892071150027210     
 mdl_MH__exp__2 =    15647.508100000001     
 mdl_sth2 =   0.22285855299877133     
 mdl_nb__10__exp___m_40 =    9.9999999999999993E-041
 mdl_MZ1 =    91.187600000000003     
 mdl_MH1 =    125.09000000000000     
 mdl_MT1 =    172.75999999999999     
 mdl_WZ1 =    2.4952000000000001     
 mdl_WW1 =    2.0850000000000000     
 mdl_WH1 =    4.0699999999999998E-003
 mdl_WT1 =    1.3300000000000001     
 mdl_cth =   0.88155626422890820     
 mdl_MW1 =    80.387000000000000     
 mdl_sqrt__sth2 =   0.47207896902824564     
 mdl_sth =   0.47207896902824564     
 mdl_LambdaSMEFT__exp__2 =    1000000.0000000000     
 mdl_MT__exp__2 =    29846.017599999996     
 mdl_MH__exp__6 =    3831206449390.3818     
 mdl_MWsm__exp__6 =    269845343347.69711     
 mdl_MH__exp__4 =    244844509.73956564     
 mdl_MWsm__exp__4 =    41758345.699423708     
 mdl_MWsm__exp__2 =    6462.0697689999997     
 mdl_MZ__exp__4 =    69142191.720053151     
 mdl_MZ__exp__6 =    574929658687.79749     
 mdl_cth__exp__2 =   0.77714144700122867     
 mdl_sth__exp__2 =   0.22285855299877130     
 mdl_MB__exp__2 =    17.472399999999997     
 mdl_MZ__exp__3 =    758241.16129882948     
 mdl_sth__exp__4 =    4.9665934644706158E-002
 mdl_sth__exp__6 =    1.1068478328250760E-002
 mdl_sth__exp__3 =   0.10520683593878660     
 mdl_sth__exp__5 =    2.3446243222897113E-002
 mdl_cth__exp__3 =   0.68509391079585125     
 mdl_aEW =    7.5614618607353409E-003
 mdl_sqrt__Gf =    3.4152291284773265E-003
 mdl_vevhat =    246.21961912951551     
 mdl_lam =   0.12905352724481209     
 mdl_sqrt__aEW =    8.6956666568672819E-002
 mdl_ee =   0.30825335704310214     
 mdl_yb =    2.4008698866559607E-002
 mdl_yt =   0.99228297037962632     
 mdl_vevhat__exp__2 =    60624.100844283676     
 mdl_vevT =    246.21961912951551     
 mdl_g1 =   0.34966952144878632     
 mdl_gw =   0.65296989967087182     
 mdl_yb0 =          (2.40086988665596072E-002,0.0000000000000000)
 mdl_yt0 =               (0.99228297037962632,0.0000000000000000)
 mdl_ee__exp__2 =    9.5020132128342205E-002
 mdl_gHaa =   -1.9312250240531351E-003
 mdl_gHza =   -6.8562264784117729E-003
 mdl_barlam =   0.12905352724481209     
 mdl_dWT =   -6.5076395941683845E-012
 mdl_gwsh =   0.65296989967087182     
 mdl_vev =    246.21961912951551     
 mdl_g1sh =   0.34966952144878632     
 mdl_ee__exp__3 =    2.9290274715240611E-002
 mdl_vevhat__exp__3 =    14926843.019948866     
  Internal Params evaluated point by point
  ----------------------------------------
  
 mdl_sqrt__aS =   0.34336569426778790     
 mdl_gHgg2 =   -3.6486270703817007E-004
 mdl_gHgg4 =    1.0424648772519146E-004
 mdl_gHgg5 =    1.8764367790534461E-003
 mdl_G__exp__2 =    1.4815750954329465     
 mdl_gHgg1 =    3.1273946317557436E-003
 mdl_gHgg3 =    7.6133275785037098E-004
 mdl_G__exp__3 =                (1.8033727530176447,0.0000000000000000)
  Couplings of SMEFTsim_topU3l_MwScheme_UFO-massless_2t
  ---------------------------------
  
       GC_385 =   0.00000E+00   0.42384E-14
       GC_386 =   0.21192E-14   0.00000E+00
         GC_6 =  -0.00000E+00  -0.12172E+01
         GC_7 =   0.12172E+01   0.00000E+00
         GC_8 =   0.00000E+00   0.14816E+01
         GC_1 =   0.00000E+00   0.10275E+00
         GC_2 =  -0.00000E+00  -0.20550E+00
       GC_202 =  -0.00000E+00  -0.46172E+00
       GC_203 =  -0.00000E+00  -0.37035E+00
       GC_263 =  -0.00000E+00  -0.55024E-01
       GC_264 =   0.00000E+00   0.11005E+00
       GC_351 =  -0.34821E-14   0.00000E+00
       GC_352 =   0.00000E+00   0.17410E-14
       GC_357 =  -0.92089E-14   0.00000E+00
       GC_358 =   0.00000E+00   0.76741E-14
       GC_365 =  -0.98488E-14   0.00000E+00
       GC_367 =  -0.61393E-14   0.00000E+00
       GC_368 =   0.00000E+00   0.73866E-14
       GC_369 =   0.00000E+00   0.46045E-14
       GC_441 =   0.49314E-14   0.00000E+00
       GC_442 =  -0.00000E+00  -0.41095E-14
       GC_451 =  -0.32876E-14   0.00000E+00
       GC_452 =   0.00000E+00   0.24657E-14
       GC_504 =  -0.11197E-11   0.00000E+00
       GC_506 =   0.00000E+00   0.97970E-12
       GC_524 =   0.00000E+00   0.20207E-11

 Collider parameters:
 --------------------

 Running at P P   machine @    13000.000000000000       GeV
 PDF set = lhapdf 
 alpha_s(Mz)= 0.1127 running at 3 loops.
 alpha_s(Mz)= 0.1127 running at 3 loops.
 Renormalization scale set on event-by-event basis
 Factorization   scale set on event-by-event basis


 getting user params
Enter number of events and max and min iterations: 
 Number of events and iterations         2000           8           3
Enter desired fractional accuracy: 
 Desired fractional accuracy:    1.0000000000000000E-002
Enter 0 for fixed, 2 for adjustable grid: 
Suppress amplitude (0 no, 1 yes)? 
 Using suppressed amplitude.
Exact helicity sum (0 yes, n = number/event)? 
 Explicitly summing over helicities
Enter Configuration Number: 
Running Configuration Number:    8
 Using dconfig=         644
 BW Setting            2           1           2           2           1           2           0
 Attempting mappinvarients           1           9
 Completed mapping           9
 about to integrate           19        2000           8           3          19           1
 Using non-zero grid deformation.
 19 dimensions   2000 events 19 invarients  8 iterations  1 config(s),  (0.99)
 Using h-tuple random number sequence.
 Error opening grid
 Using Uniform Grid!          36
 Using uniform alpha   1.0000000000000000     
 Grid defined OK
 Set CM energy to      13000.00
 Mapping Graph           8  to config           8
Setting grid   1    0.59172E-06   1
 Setting BW          -2           2   172.75999999999999     
Setting grid   3    0.13817E-03   1
Setting grid   4    0.59172E-08   1
 Setting BW          -5           5   172.75999999999999     
Setting grid   6    0.55268E-03   1
 Transforming s_hat 1/s           18   3.7869822485207109E-003   640000.00000000000        168999999.99999997     
   8   1   2   3   4   5   6   7   8   9  10  11  12  13  14
  15  16  17  18  19
 Masses: 0.000E+00 0.000E+00 0.000E+00 0.000E+00 0.418E+01 0.000E+00 0.000E+00 0.418E+01 0.000E+00
Using random seed offsets     8 :      3
  with seed                   24
 Ranmar initialization seeds       31066        9400
 
 ********************************************
 * You are using the DiscreteSampler module *
 *      part of the MG5_aMC framework       *
 *         Author: Valentin Hirschi         *
 ********************************************
 
  Particle       3       4       5       6       7       8       9
      Et >     0.0     0.0     0.0    10.0    10.0     0.0    10.0
       E >     0.0     0.0     0.0     0.0     0.0     0.0     0.0
     Eta <     5.0    -1.0    -1.0    -1.0    -1.0    -1.0    -1.0
   xqcut:      0.0     0.0     0.0     0.0     0.0     0.0    10.0
d R # 3  >    -0.0     0.0     0.0     0.0     0.0     0.0     0.0
d R # 4  >    -0.0    -0.0     0.0     0.0     0.0     0.0     0.0
d R # 5  >    -0.0    -0.0    -0.0     0.0     0.0     0.0     0.0
d R # 6  >    -0.0    -0.0    -0.0    -0.0     0.0     0.0     0.0
d R # 7  >    -0.0    -0.0    -0.0    -0.0    -0.0     0.0     0.0
d R # 8  >    -0.0    -0.0    -0.0    -0.0    -0.0    -0.0     0.0
s min # 3>     0.0     0.0     0.0     0.0     0.0     0.0     0.0
s min # 4>     0.0     0.0     0.0     0.0     0.0     0.0     0.0
s min # 5>     0.0     0.0     0.0     0.0     0.0     0.0     0.0
s min # 6>     0.0     0.0     0.0     0.0   100.0     0.0   100.0
s min # 7>     0.0     0.0     0.0     0.0     0.0     0.0   100.0
s min # 8>     0.0     0.0     0.0     0.0     0.0     0.0     0.0
xqcutij # 3>     0.0     0.0     0.0     0.0     0.0     0.0     0.0
xqcutij # 4>     0.0     0.0     0.0     0.0     0.0     0.0     0.0
xqcutij # 5>     0.0     0.0     0.0     0.0     0.0     0.0     0.0
xqcutij # 6>     0.0     0.0     0.0     0.0    10.0     0.0     0.0
xqcutij # 7>     0.0     0.0     0.0    10.0     0.0     0.0     0.0
xqcutij # 8>     0.0     0.0     0.0     0.0     0.0     0.0     0.0
 Excluding BW           -1           1
 Requiring BW           -2           2
 Excluding BW           -3           3
 Excluding BW           -4           4
 Requiring BW           -5           5
 Excluding BW           -6           6
 alpha_s for scale    2334.9036464292312       is    7.4729989321874774E-002
 Added good helicity            1   168.24278210393703       in event            1 local:           1
 Added good helicity            2   22.757182547690604       in event            1 local:           1
 Added good helicity            3   43.771355552797466       in event            1 local:           1
 Added good helicity            4   5.9206862619362921       in event            1 local:           1
 Added good helicity           17   3.1469157293279493E-003  in event            1 local:           1
 Added good helicity           18   4.2566423917942846E-004  in event            1 local:           1
 Added good helicity           19   8.1872616204128554E-004  in event            1 local:           1
 Added good helicity           20   1.1074413134515847E-004  in event            1 local:           1
 Added good helicity          385   28.985966873277601       in event            1 local:           1
 Added good helicity          386   186.30156514174521       in event            1 local:           1
 Added good helicity          387   7.5412154161021236       in event            1 local:           1
 Added good helicity          388   48.469669521004278       in event            1 local:           1
 Added good helicity          401   5.4217122639133302E-004  in event            1 local:           1
 Added good helicity          402   3.4846982285176701E-003  in event            1 local:           1
 Added good helicity          403   1.4105549863160279E-004  in event            1 local:           1
 Added good helicity          404   9.0660629387720882E-004  in event            1 local:           1
 Added good helicity            1   168.24278210393837       in event            1 local:           1
 Added good helicity            2   22.757182547691489       in event            1 local:           1
 Added good helicity            3   43.771355552796820       in event            1 local:           1
 Added good helicity            4   5.9206862619360825       in event            1 local:           1
 Added good helicity           17   3.1469157293278292E-003  in event            1 local:           1
 Added good helicity           18   4.2566423917942444E-004  in event            1 local:           1
 Added good helicity           19   8.1872616204123523E-004  in event            1 local:           1
 Added good helicity           20   1.1074413134514983E-004  in event            1 local:           1
 Added good helicity          385   28.985966873277565       in event            1 local:           1
 Added good helicity          386   186.30156514174487       in event            1 local:           1
 Added good helicity          387   7.5412154161019265       in event            1 local:           1
 Added good helicity          388   48.469669521003482       in event            1 local:           1
 Added good helicity          401   5.4217122639130667E-004  in event            1 local:           1
 Added good helicity          402   3.4846982285175136E-003  in event            1 local:           1
 Added good helicity          403   1.4105549863159376E-004  in event            1 local:           1
 Added good helicity          404   9.0660629387714767E-004  in event            1 local:           1
 RESET CUMULATIVE VARIABLE
 RESET CUMULATIVE VARIABLE
 RESET CUMULATIVE VARIABLE
 Iteration  1   Mean: 0.7971E-09 Abs mean: 0.7971E-09   Fluctuation:  0.270E-09   0.409E-06     3.7%
  1    0.7971E-09 0.7971E-09 +- 0.2699E-09     15.14
 Writing out events   1.3453387072265912E-012   15.139686060700607     
 Relative summed weights:
  0.2498E+00  0.2601E+00  0.1073E+00  0.3828E+00
 Relative number of events:
  0.2475E+00  0.2406E+00  0.2599E+00  0.2520E+00
 Events:
         498         484         523         507
 Iteration  2   Mean: 0.2864E-08 Abs mean: 0.2864E-08   Fluctuation:  0.967E-09   0.261E-05    20.2%
  2    0.2864E-08 0.2864E-08 +- 0.9675E-09     21.37
 Relative summed weights:
  0.3457E+00  0.2777E+00  0.4623E-01  0.3304E+00
 Relative number of events:
  0.2682E+00  0.2640E+00  0.2407E+00  0.2270E+00
 Events:
        1073        1056         963         908
 Iteration  3   Mean: 0.3601E-08 Abs mean: 0.3601E-08   Fluctuation:  0.768E-09   0.382E-05    30.8%
  3    0.3601E-08 0.3601E-08 +- 0.7683E-09     19.08
 Relative summed weights:
  0.2109E+00  0.4133E+00  0.1867E+00  0.1891E+00
 Relative number of events:
  0.2751E+00  0.2766E+00  0.2246E+00  0.2236E+00
 Events:
        2201        2213        1797        1789
 Accuracy:    0.280   0.010   0.159   3.095
 Found          494  events.
 Wrote            8  events.
 Actual xsec    2.8174929748410681E-009
 Correct abs xsec    2.8174929748410681E-009
 Event xsec    2.8174929748410685E-009
 Events wgts > 1:            1
 % Cross section > 1:    2.0659513207734759E-017   7.3325873009142602E-007
 Iteration  4   Mean: 0.3216E-08 Abs mean: 0.3216E-08   Fluctuation:  0.465E-09   0.601E-05    30.6%
  4    0.3216E-08 0.3216E-08 +- 0.4648E-09     18.28
 Relative summed weights:
  0.2002E+00  0.2650E+00  0.3257E+00  0.2091E+00
 Relative number of events:
  0.2966E+00  0.2812E+00  0.2122E+00  0.2099E+00
 Events:
        4746        4500        3396        3358
 Accuracy:    0.148   0.010   0.107   1.901
 Found         1289  events.
 Wrote            9  events.
 Actual xsec    3.2843693196826048E-009
 Correct abs xsec    3.2843693196826048E-009
 Event xsec    3.2843693196826044E-009
 Events wgts > 1:            1
 % Cross section > 1:    2.5349399961338339E-017   7.7181941170331165E-007
 Iteration  5   Mean: 0.3034E-08 Abs mean: 0.3034E-08   Fluctuation:  0.175E-09   0.363E-05    28.6%
  5    0.3034E-08 0.3034E-08 +- 0.1752E-09     10.33
 Relative summed weights:
  0.2714E+00  0.2707E+00  0.2400E+00  0.2179E+00
 Relative number of events:
  0.2888E+00  0.2903E+00  0.2128E+00  0.2081E+00
 Events:
        9240        9291        6810        6659
 Accuracy:    0.061   0.010   0.051   1.428
 Found         3833  events.
 Wrote           30  events.
 Actual xsec    3.0911210835097615E-009
 Correct abs xsec    3.0911210835097615E-009
 Event xsec    3.0911210835097619E-009
 Events wgts > 1:            0
 % Cross section > 1:    0.0000000000000000        0.0000000000000000     
 Iteration  6   Mean: 0.2942E-08 Abs mean: 0.2942E-08   Fluctuation:  0.699E-10   0.204E-05    25.3%
  6    0.2942E-08 0.2942E-08 +- 0.6992E-10      6.01
 Relative summed weights:
  0.2871E+00  0.2876E+00  0.2100E+00  0.2153E+00
 Relative number of events:
  0.2913E+00  0.2932E+00  0.2082E+00  0.2073E+00
 Events:
       18646       18762       13323       13269
 Accuracy:    0.024   0.010   0.022   1.263
 Found        10796  events.
 Wrote          263  events.
 Actual xsec    2.9611768811382473E-009
 Correct abs xsec    2.9611768811382473E-009
 Event xsec    2.9611768811382610E-009
 Events wgts > 1:            6
 % Cross section > 1:    2.8881384872740589E-011  0.97533467374764649     
 Iteration  7   Mean: 0.3026E-08 Abs mean: 0.3026E-08   Fluctuation:  0.373E-10   0.797E-06    22.4%
  7    0.3026E-08 0.3026E-08 +- 0.3734E-10      4.41
 Exceeded boost           3          96   128000.000    
 Exceeded boost          18           2   128000.000    
 Relative summed weights:
  0.2877E+00  0.2941E+00  0.2070E+00  0.2112E+00
 Relative number of events:
  0.2934E+00  0.2961E+00  0.2054E+00  0.2051E+00
 Events:
       37555       37902       26296       26247
 Accuracy:    0.012   0.010   0.011   1.155
 Found        27284  events.
 Wrote         1068  events.
 Actual xsec    3.0094247617573326E-009
 Correct abs xsec    3.0094247617573326E-009
 Event xsec    3.0094247617573475E-009
 Events wgts > 1:           25
 % Cross section > 1:    2.9446855519397873E-011  0.97848784570385605     
 Iteration  8   Mean: 0.3080E-08 Abs mean: 0.3080E-08   Fluctuation:  0.270E-10   0.320E-05    19.9%
  8    0.3080E-08 0.3080E-08 +- 0.2700E-10      4.44
 Relative summed weights:
  0.2892E+00  0.2860E+00  0.2140E+00  0.2107E+00
 Relative number of events:
  0.2951E+00  0.2959E+00  0.2033E+00  0.2057E+00
 Events:
       75543       75757       52045       52655
 Accuracy:    0.008   0.010   0.007   1.358
 Finished due to accuracy    7.9049260036850710E-003   1.0000000000000000E-002

 -------------------------------------------------------------------------------
 Accumulated results:   Integral =  0.3052E-08
                        Std dev  =  0.2070E-10
                       Cross sec =  0.3052E-08
             Chi**2 per DoF.     =      1.3583
 -------------------------------------------------------------------------------
 Found        62207  events.
 Wrote         2296  events.
 Actual xsec    3.0520490569769042E-009
 Correct abs xsec    3.0520490569769042E-009
 Event xsec    3.0520490569768298E-009
 Events wgts > 1:           31
 % Cross section > 1:    3.0190781175031579E-011  0.98919711352663153     
-------------------------------------------------
---------------------------
 Results Last   3 iters: Integral =   0.3052E-08
                     Abs integral =   0.3052E-08
Thanks for using LHAPDF 6.2.1. Please make sure to cite the paper:
  Eur.Phys.J. C75 (2015) 3, 132  (http://arxiv.org/abs/1412.7420)
                          Std dev =   0.2089E-10
                  Chi**2 per DoF. =      2.0065
-------------------------------------------------
---------------------------
 Status   1.0000000000000000E-002           9           8

ls status:
events.lhe
ftn26
input_app.txt
results.dat
run1_app.log
