==== LHAPDF6 USING DEFAULT-TYPE LHAGLUE INTERFACE ====
LHAPDF 6.2.1 loading /cvmfs/cms.cern.ch/slc7_amd64_gcc700/external/lhapdf/6.2.1-pafccj3/share/LHAPDF/NNPDF31_nnlo_as_0118_nf_4_mc_hessian/NNPDF31_nnlo_as_0118_nf_4_mc_hessian_0000.dat
NNPDF31_nnlo_as_0118_nf_4_mc_hessian PDF set, member #0, version 1; LHAPDF ID = 325500
 Process in group number            2
 A PDF is used, so alpha_s(MZ) is going to be modified
 Old value of alpha_s from param_card:   0.11790000000000000     
 New value of alpha_s from PDF lhapdf :  0.11266013434007299     
 using LHAPDF
 Warning! ptj set to xqcut=   10.000000000000000       to improve integration efficiency
 Note that this might affect non-radiated jets,
 e.g. from decays. Use cut_decays=F in run_card.
 Warning! mmjj set to xqcut=   10.000000000000000       to improve integration efficiency
 Note that this might affect non-radiated jets,
 e.g. from decays. Use cut_decays=F in run_card.
 Define smin to   640000.00000000000     
 Define smin to   640000.00000000000     
 *****************************************************
 *               MadGraph/MadEvent                   *
 *        --------------------------------           *
 *          http://madgraph.hep.uiuc.edu             *
 *          http://madgraph.phys.ucl.ac.be           *
 *          http://madgraph.roma2.infn.it            *
 *        --------------------------------           *
 *                                                   *
 *          PARAMETER AND COUPLING VALUES            *
 *                                                   *
 *****************************************************

  External Params
  ---------------------------------
  
 mdl_ctGRe =    9.9999999999999994E-012
 mdl_ctWRe =    3.0000000000000000E-011
 mdl_ctBRe =    5.0000000000000002E-011
 mdl_cHt =    8.9999999999999999E-011
 mdl_cHtbRe =    7.0000000000000004E-011
 mdl_ctGIm =    1.9999999999999999E-011
 mdl_ctWIm =    3.9999999999999998E-011
 mdl_ctBIm =    6.0000000000000000E-011
 mdl_cHtbIm =    7.9999999999999995E-011
 mdl_LambdaSMEFT =    1000.0000000000000     
 mdl_MW =    80.387000000000000     
 mdl_Gf =    1.1663789999999999E-005
 aS =   0.11790000000000000     
 mdl_ymb =    4.1799999999999997     
 mdl_ymt =    172.75999999999999     
 mdl_MZ =    91.187600000000003     
 mdl_MT =    172.75999999999999     
 mdl_MB =    4.1799999999999997     
 mdl_MH =    125.09000000000000     
 mdl_WZ =    2.4952000000000001     
 mdl_WW =    2.0850000000000000     
 mdl_WT =    1.3300000000000001     
 mdl_WH =    4.0699999999999998E-003
  Internal Params
  ---------------------------------
  
 mdl_cHQ3 =    0.0000000000000000     
 mdl_cH =    0.0000000000000000     
 mdl_conjg__cbH =    0.0000000000000000     
 mdl_dGf =    0.0000000000000000     
 mdl_cbWRe =    0.0000000000000000     
 mdl_dMH2 =    0.0000000000000000     
 mdl_conjg__ctHH =    0.0000000000000000     
 mdl_dg1 =    0.0000000000000000     
 mdl_cHB =    0.0000000000000000     
 mdl_cHW =    0.0000000000000000     
 mdl_dgw =    0.0000000000000000     
 mdl_complexi =                (0.0000000000000000,1.0000000000000000)
 mdl_ctG =    (9.99999999999999939E-012,1.99999999999999988E-011)
 mdl_ctW =    (2.99999999999999998E-011,3.99999999999999976E-011)
 mdl_ctB =    (5.00000000000000018E-011,5.99999999999999996E-011)
 mdl_cHtb =    (7.00000000000000038E-011,7.99999999999999952E-011)
 mdl_MWsm =    80.387000000000000     
 mdl_MW__exp__2 =    6462.0697689999997     
 mdl_MZ__exp__2 =    8315.1783937600012     
 mdl_sqrt__2 =    1.4142135623730951     
 mdl_nb__2__exp__0_25 =    1.1892071150027210     
 mdl_MH__exp__2 =    15647.508100000001     
 mdl_sth2 =   0.22285855299877133     
 mdl_nb__10__exp___m_40 =    9.9999999999999993E-041
 mdl_MZ1 =    91.187600000000003     
 mdl_MH1 =    125.09000000000000     
 mdl_MT1 =    172.75999999999999     
 mdl_WZ1 =    2.4952000000000001     
 mdl_WW1 =    2.0850000000000000     
 mdl_WH1 =    4.0699999999999998E-003
 mdl_WT1 =    1.3300000000000001     
 mdl_cth =   0.88155626422890820     
 mdl_MW1 =    80.387000000000000     
 mdl_sqrt__sth2 =   0.47207896902824564     
 mdl_sth =   0.47207896902824564     
 mdl_LambdaSMEFT__exp__2 =    1000000.0000000000     
 mdl_MT__exp__2 =    29846.017599999996     
 mdl_MH__exp__6 =    3831206449390.3818     
 mdl_MWsm__exp__6 =    269845343347.69711     
 mdl_MH__exp__4 =    244844509.73956564     
 mdl_MWsm__exp__4 =    41758345.699423708     
 mdl_MWsm__exp__2 =    6462.0697689999997     
 mdl_MZ__exp__4 =    69142191.720053151     
 mdl_MZ__exp__6 =    574929658687.79749     
 mdl_cth__exp__2 =   0.77714144700122867     
 mdl_sth__exp__2 =   0.22285855299877130     
 mdl_MB__exp__2 =    17.472399999999997     
 mdl_MZ__exp__3 =    758241.16129882948     
 mdl_sth__exp__4 =    4.9665934644706158E-002
 mdl_sth__exp__6 =    1.1068478328250760E-002
 mdl_sth__exp__3 =   0.10520683593878660     
 mdl_sth__exp__5 =    2.3446243222897113E-002
 mdl_cth__exp__3 =   0.68509391079585125     
 mdl_aEW =    7.5614618607353409E-003
 mdl_sqrt__Gf =    3.4152291284773265E-003
 mdl_vevhat =    246.21961912951551     
 mdl_lam =   0.12905352724481209     
 mdl_sqrt__aEW =    8.6956666568672819E-002
 mdl_ee =   0.30825335704310214     
 mdl_yb =    2.4008698866559607E-002
 mdl_yt =   0.99228297037962632     
 mdl_vevhat__exp__2 =    60624.100844283676     
 mdl_vevT =    246.21961912951551     
 mdl_g1 =   0.34966952144878632     
 mdl_gw =   0.65296989967087182     
 mdl_yb0 =          (2.40086988665596072E-002,0.0000000000000000)
 mdl_yt0 =               (0.99228297037962632,0.0000000000000000)
 mdl_ee__exp__2 =    9.5020132128342205E-002
 mdl_gHaa =   -1.9312250240531351E-003
 mdl_gHza =   -6.8562264784117729E-003
 mdl_barlam =   0.12905352724481209     
 mdl_dWT =   -6.5076395941683845E-012
 mdl_gwsh =   0.65296989967087182     
 mdl_vev =    246.21961912951551     
 mdl_g1sh =   0.34966952144878632     
 mdl_ee__exp__3 =    2.9290274715240611E-002
 mdl_vevhat__exp__3 =    14926843.019948866     
  Internal Params evaluated point by point
  ----------------------------------------
  
 mdl_sqrt__aS =   0.34336569426778790     
 mdl_gHgg2 =   -3.6486270703817007E-004
 mdl_gHgg4 =    1.0424648772519146E-004
 mdl_gHgg5 =    1.8764367790534461E-003
 mdl_G__exp__2 =    1.4815750954329465     
 mdl_gHgg1 =    3.1273946317557436E-003
 mdl_gHgg3 =    7.6133275785037098E-004
 mdl_G__exp__3 =                (1.8033727530176447,0.0000000000000000)
  Couplings of SMEFTsim_topU3l_MwScheme_UFO-massless_2t
  ---------------------------------
  
       GC_385 =   0.00000E+00   0.42384E-14
       GC_386 =   0.21192E-14   0.00000E+00
         GC_6 =  -0.00000E+00  -0.12172E+01
         GC_7 =   0.12172E+01   0.00000E+00
         GC_8 =   0.00000E+00   0.14816E+01
         GC_1 =   0.00000E+00   0.10275E+00
         GC_2 =  -0.00000E+00  -0.20550E+00
       GC_202 =  -0.00000E+00  -0.46172E+00
       GC_203 =  -0.00000E+00  -0.37035E+00
       GC_263 =  -0.00000E+00  -0.55024E-01
       GC_264 =   0.00000E+00   0.11005E+00
       GC_351 =  -0.34821E-14   0.00000E+00
       GC_352 =   0.00000E+00   0.17410E-14
       GC_357 =  -0.92089E-14   0.00000E+00
       GC_358 =   0.00000E+00   0.76741E-14
       GC_365 =  -0.98488E-14   0.00000E+00
       GC_367 =  -0.61393E-14   0.00000E+00
       GC_368 =   0.00000E+00   0.73866E-14
       GC_369 =   0.00000E+00   0.46045E-14
       GC_441 =   0.49314E-14   0.00000E+00
       GC_442 =  -0.00000E+00  -0.41095E-14
       GC_451 =  -0.32876E-14   0.00000E+00
       GC_452 =   0.00000E+00   0.24657E-14
       GC_504 =  -0.11197E-11   0.00000E+00
       GC_506 =   0.00000E+00   0.97970E-12
       GC_524 =   0.00000E+00   0.20207E-11

 Collider parameters:
 --------------------

 Running at P P   machine @    13000.000000000000       GeV
 PDF set = lhapdf 
 alpha_s(Mz)= 0.1127 running at 3 loops.
 alpha_s(Mz)= 0.1127 running at 3 loops.
 Renormalization scale set on event-by-event basis
 Factorization   scale set on event-by-event basis


 getting user params
Enter number of events and max and min iterations: 
 Number of events and iterations         2000           8           3
Enter desired fractional accuracy: 
 Desired fractional accuracy:    1.0000000000000000E-002
Enter 0 for fixed, 2 for adjustable grid: 
Suppress amplitude (0 no, 1 yes)? 
 Using suppressed amplitude.
Exact helicity sum (0 yes, n = number/event)? 
 Explicitly summing over helicities
Enter Configuration Number: 
Running Configuration Number:    4
 Using dconfig=          13
 BW Setting            1           1           1           0           0           0           0
 Attempting mappinvarients           1           9
 Completed mapping           9
 about to integrate           19        2000           8           3          19           1
 Using non-zero grid deformation.
 19 dimensions   2000 events 19 invarients  8 iterations  1 config(s),  (0.99)
 Using h-tuple random number sequence.
 Error opening grid
 Using Uniform Grid!          36
 Using uniform alpha   1.0000000000000000     
 Grid defined OK
 Set CM energy to      13000.00
 Mapping Graph           4  to config           4
 Setting BW          -1           1   80.387000000000000     
 Setting BW          -2           2   172.75999999999999     
 Setting BW          -3           3   172.75999999999999     
 Setting BW          -4           4   80.387000000000000     
 Setting BW          -5           5   172.75999999999999     
Setting grid   6    0.60183E-03   1
 Transforming s_hat 1/s           18   3.7869822485207109E-003   640000.00000000000        168999999.99999997     
   4   1   2   3   4   5   6   7   8   9  10  11  12  13  14
  15  16  17  18  19
 Masses: 0.000E+00 0.000E+00 0.000E+00 0.000E+00 0.418E+01 0.000E+00 0.000E+00 0.418E+01 0.000E+00
Using random seed offsets     4 :      3
  with seed                   24
 Ranmar initialization seeds       31062        9400
 
 ********************************************
 * You are using the DiscreteSampler module *
 *      part of the MG5_aMC framework       *
 *         Author: Valentin Hirschi         *
 ********************************************
 
  Particle       3       4       5       6       7       8       9
      Et >     0.0     0.0     0.0    10.0    10.0     0.0    10.0
       E >     0.0     0.0     0.0     0.0     0.0     0.0     0.0
     Eta <     5.0    -1.0    -1.0    -1.0    -1.0    -1.0    -1.0
   xqcut:      0.0     0.0     0.0     0.0     0.0     0.0    10.0
d R # 3  >    -0.0     0.0     0.0     0.0     0.0     0.0     0.0
d R # 4  >    -0.0    -0.0     0.0     0.0     0.0     0.0     0.0
d R # 5  >    -0.0    -0.0    -0.0     0.0     0.0     0.0     0.0
d R # 6  >    -0.0    -0.0    -0.0    -0.0     0.0     0.0     0.0
d R # 7  >    -0.0    -0.0    -0.0    -0.0    -0.0     0.0     0.0
d R # 8  >    -0.0    -0.0    -0.0    -0.0    -0.0    -0.0     0.0
s min # 3>     0.0     0.0     0.0     0.0     0.0     0.0     0.0
s min # 4>     0.0     0.0     0.0     0.0     0.0     0.0     0.0
s min # 5>     0.0     0.0     0.0     0.0     0.0     0.0     0.0
s min # 6>     0.0     0.0     0.0     0.0   100.0     0.0   100.0
s min # 7>     0.0     0.0     0.0     0.0     0.0     0.0   100.0
s min # 8>     0.0     0.0     0.0     0.0     0.0     0.0     0.0
xqcutij # 3>     0.0     0.0     0.0     0.0     0.0     0.0     0.0
xqcutij # 4>     0.0     0.0     0.0     0.0     0.0     0.0     0.0
xqcutij # 5>     0.0     0.0     0.0     0.0     0.0     0.0     0.0
xqcutij # 6>     0.0     0.0     0.0     0.0    10.0     0.0     0.0
xqcutij # 7>     0.0     0.0     0.0    10.0     0.0     0.0     0.0
xqcutij # 8>     0.0     0.0     0.0     0.0     0.0     0.0     0.0
 Requiring BW           -1           1
 Requiring BW           -2           2
 Requiring BW           -3           3
 No cut BW           -4           4
 No cut BW           -5           5
 alpha_s for scale    2540.7345077547789       is    7.4085992466166317E-002
 Added good helicity            1   239.88401950791686       in event            1 local:           1
 Added good helicity            2   212.18620738597625       in event            1 local:           1
 Added good helicity            3  0.43701301096130341       in event            1 local:           1
 Added good helicity            4  0.38655402541957989       in event            1 local:           1
 Added good helicity           17  0.41523282725925137       in event            1 local:           1
 Added good helicity           18  0.36728865465400834       in event            1 local:           1
 Added good helicity           19   7.5645784351446291E-004  in event            1 local:           1
 Added good helicity           20   6.6911468797397548E-004  in event            1 local:           1
 Added good helicity          385   26.916973379851392       in event            1 local:           1
 Added good helicity          386   31.198632664239220       in event            1 local:           1
 Added good helicity          387   4.9036478552454979E-002  in event            1 local:           1
 Added good helicity          388   5.6836668071606582E-002  in event            1 local:           1
 Added good helicity          401   4.6592561589944466E-002  in event            1 local:           1
 Added good helicity          402   5.4003999389181830E-002  in event            1 local:           1
 Added good helicity          403   8.4880833920929585E-005  in event            1 local:           1
 Added good helicity          404   9.8382753528183082E-005  in event            1 local:           1
 Added good helicity            1   239.88401950789870       in event            1 local:           1
 Added good helicity            2   212.18620738598244       in event            1 local:           1
 Added good helicity            3  0.43701301096127160       in event            1 local:           1
 Added good helicity            4  0.38655402541959244       in event            1 local:           1
 Added good helicity           17  0.41523282725926891       in event            1 local:           1
 Added good helicity           18  0.36728865465401805       in event            1 local:           1
 Added good helicity           19   7.5645784351449793E-004  in event            1 local:           1
 Added good helicity           20   6.6911468797399597E-004  in event            1 local:           1
 Added good helicity          385   26.916973379855424       in event            1 local:           1
 Added good helicity          386   31.198632664247057       in event            1 local:           1
 Added good helicity          387   4.9036478552462466E-002  in event            1 local:           1
 Added good helicity          388   5.6836668071620876E-002  in event            1 local:           1
 Added good helicity          401   4.6592561589954604E-002  in event            1 local:           1
 Added good helicity          402   5.4003999389194375E-002  in event            1 local:           1
 Added good helicity          403   8.4880833920948179E-005  in event            1 local:           1
 Added good helicity          404   9.8382753528206081E-005  in event            1 local:           1
 RESET CUMULATIVE VARIABLE
 RESET CUMULATIVE VARIABLE
 RESET CUMULATIVE VARIABLE
 Iteration  1   Mean: 0.4402E-06 Abs mean: 0.4402E-06   Fluctuation:  0.190E-06   0.355E-03     2.3%
  1    0.4402E-06 0.4402E-06 +- 0.1900E-06     19.31
 Writing out events   1.1751573523067359E-009   19.308502189393849     
 Relative summed weights:
  0.6492E+00  0.2755E+00  0.1777E-01  0.5761E-01
 Relative number of events:
  0.3757E+00  0.3747E+00  0.1201E+00  0.1295E+00
 Events:
         757         755         242         261
 Iteration  2   Mean: 0.3026E-06 Abs mean: 0.3026E-06   Fluctuation:  0.384E-07   0.104E-03     8.6%
  2    0.3026E-06 0.3026E-06 +- 0.3838E-07      8.02
 Relative summed weights:
  0.4605E+00  0.4136E+00  0.7025E-01  0.5556E-01
 Relative number of events:
  0.3967E+00  0.4080E+00  0.9375E-01  0.1015E+00
 Events:
        1587        1632         375         406
 Iteration  3   Mean: 0.4204E-06 Abs mean: 0.4204E-06   Fluctuation:  0.407E-07   0.209E-03     9.0%
  3    0.4204E-06 0.4204E-06 +- 0.4071E-07      8.66
 Relative summed weights:
  0.5164E+00  0.3503E+00  0.7632E-01  0.5695E-01
 Relative number of events:
  0.4201E+00  0.4141E+00  0.8937E-01  0.7637E-01
 Events:
        3361        3313         715         611
 Accuracy:    0.106   0.010   0.076   1.968
 Found         2074  events.
 Wrote           16  events.
 Actual xsec    3.7892930406272928E-007
 Correct abs xsec    3.7892930406272928E-007
 Event xsec    3.7892930406272939E-007
 Events wgts > 1:            1
 % Cross section > 1:    1.3184461628159209E-015   3.4793987920175744E-007
 Iteration  4   Mean: 0.3902E-06 Abs mean: 0.3902E-06   Fluctuation:  0.173E-07   0.136E-03     9.1%
Thanks for using LHAPDF 6.2.1. Please make sure to cite the paper:
  Eur.Phys.J. C75 (2015) 3, 132  (http://arxiv.org/abs/1412.7420)
  4    0.3902E-06 0.3902E-06 +- 0.1729E-07      5.60
 Relative summed weights:
  0.4195E+00  0.4411E+00  0.5898E-01  0.8038E-01
 Relative number of events:
  0.4246E+00  0.4285E+00  0.7356E-01  0.7337E-01
 Events:
        6793        6856        1177        1174
 Accuracy:    0.043   0.010   0.038   1.292
 Found         4633  events.
 Wrote           82  events.
 Actual xsec    3.8689832729634980E-007
 Correct abs xsec    3.8689832729634980E-007
 Event xsec    3.8689832729634938E-007
 Events wgts > 1:            2
 % Cross section > 1:    3.4295278212972157E-009  0.88641577885921652     
 Iteration  5   Mean: 0.3829E-06 Abs mean: 0.3829E-06   Fluctuation:  0.792E-08   0.839E-04     9.5%
  5    0.3829E-06 0.3829E-06 +- 0.7920E-08      3.70
 Relative summed weights:
  0.4434E+00  0.4255E+00  0.6686E-01  0.6424E-01
 Relative number of events:
  0.4301E+00  0.4313E+00  0.6963E-01  0.6894E-01
 Events:
       13764       13802        2228        2206
 Accuracy:    0.018   0.010   0.018   1.004
 Found        11512  events.
 Wrote          358  events.
 Actual xsec    3.8548910564149943E-007
 Correct abs xsec    3.8548910564149943E-007
 Event xsec    3.8548910564149890E-007
 Events wgts > 1:            6
 % Cross section > 1:    3.6571325547786143E-009  0.94869932801154488     
 Iteration  6   Mean: 0.3801E-06 Abs mean: 0.3801E-06   Fluctuation:  0.450E-08   0.605E-04     8.9%
  6    0.3801E-06 0.3801E-06 +- 0.4501E-08      3.00
 Relative summed weights:
  0.4509E+00  0.4293E+00  0.6101E-01  0.5875E-01
 Relative number of events:
  0.4324E+00  0.4335E+00  0.6764E-01  0.6644E-01
 Events:
       27676       27743        4329        4252
 Accuracy:    0.009   0.010   0.010   0.855
 Finished due to accuracy    9.1774266518761267E-003   1.0000000000000000E-002

 -------------------------------------------------------------------------------
 Accumulated results:   Integral =  0.3813E-06
                        Std dev  =  0.3784E-08
                       Cross sec =  0.3813E-06
             Chi**2 per DoF.     =      0.8551
 -------------------------------------------------------------------------------
 Found        25918  events.
 Wrote         1462  events.
 Actual xsec    3.8130059448355151E-007
 Correct abs xsec    3.8130059448355151E-007
 Event xsec    3.8130059448355082E-007
 Events wgts > 1:           32
 % Cross section > 1:    3.6497758340130548E-009  0.95719122571955617     
-------------------------------------------------
---------------------------
 Results Last   3 iters: Integral =   0.3813E-06
                     Abs integral =   0.3813E-06
                          Std dev =   0.3817E-08
                  Chi**2 per DoF. =      0.1845
-------------------------------------------------
---------------------------
 Status   1.0000000000000000E-002           7           8

ls status:
events.lhe
ftn26
input_app.txt
results.dat
run1_app.log
