==== LHAPDF6 USING DEFAULT-TYPE LHAGLUE INTERFACE ====
LHAPDF 6.2.1 loading /cvmfs/cms.cern.ch/slc7_amd64_gcc700/external/lhapdf/6.2.1-pafccj3/share/LHAPDF/NNPDF31_nnlo_as_0118_nf_4_mc_hessian/NNPDF31_nnlo_as_0118_nf_4_mc_hessian_0000.dat
NNPDF31_nnlo_as_0118_nf_4_mc_hessian PDF set, member #0, version 1; LHAPDF ID = 325500
 Process in group number            2
 A PDF is used, so alpha_s(MZ) is going to be modified
 Old value of alpha_s from param_card:   0.11790000000000000     
 New value of alpha_s from PDF lhapdf :  0.11266013434007299     
 using LHAPDF
 Warning! ptj set to xqcut=   10.000000000000000       to improve integration efficiency
 Note that this might affect non-radiated jets,
 e.g. from decays. Use cut_decays=F in run_card.
 Warning! mmjj set to xqcut=   10.000000000000000       to improve integration efficiency
 Note that this might affect non-radiated jets,
 e.g. from decays. Use cut_decays=F in run_card.
 Define smin to   640000.00000000000     
 Define smin to   640000.00000000000     
 *****************************************************
 *               MadGraph/MadEvent                   *
 *        --------------------------------           *
 *          http://madgraph.hep.uiuc.edu             *
 *          http://madgraph.phys.ucl.ac.be           *
 *          http://madgraph.roma2.infn.it            *
 *        --------------------------------           *
 *                                                   *
 *          PARAMETER AND COUPLING VALUES            *
 *                                                   *
 *****************************************************

  External Params
  ---------------------------------
  
 mdl_ctGRe =    9.9999999999999994E-012
 mdl_ctWRe =    3.0000000000000000E-011
 mdl_ctBRe =    5.0000000000000002E-011
 mdl_cHt =    8.9999999999999999E-011
 mdl_cHtbRe =    7.0000000000000004E-011
 mdl_ctGIm =    1.9999999999999999E-011
 mdl_ctWIm =    3.9999999999999998E-011
 mdl_ctBIm =    6.0000000000000000E-011
 mdl_cHtbIm =    7.9999999999999995E-011
 mdl_LambdaSMEFT =    1000.0000000000000     
 mdl_MW =    80.387000000000000     
 mdl_Gf =    1.1663789999999999E-005
 aS =   0.11790000000000000     
 mdl_ymb =    4.1799999999999997     
 mdl_ymt =    172.75999999999999     
 mdl_MZ =    91.187600000000003     
 mdl_MT =    172.75999999999999     
 mdl_MB =    4.1799999999999997     
 mdl_MH =    125.09000000000000     
 mdl_WZ =    2.4952000000000001     
 mdl_WW =    2.0850000000000000     
 mdl_WT =    1.3300000000000001     
 mdl_WH =    4.0699999999999998E-003
  Internal Params
  ---------------------------------
  
 mdl_cHQ3 =    0.0000000000000000     
 mdl_cH =    0.0000000000000000     
 mdl_conjg__cbH =    0.0000000000000000     
 mdl_dGf =    0.0000000000000000     
 mdl_cbWRe =    0.0000000000000000     
 mdl_dMH2 =    0.0000000000000000     
 mdl_conjg__ctHH =    0.0000000000000000     
 mdl_dg1 =    0.0000000000000000     
 mdl_cHB =    0.0000000000000000     
 mdl_cHW =    0.0000000000000000     
 mdl_dgw =    0.0000000000000000     
 mdl_complexi =                (0.0000000000000000,1.0000000000000000)
 mdl_ctG =    (9.99999999999999939E-012,1.99999999999999988E-011)
 mdl_ctW =    (2.99999999999999998E-011,3.99999999999999976E-011)
 mdl_ctB =    (5.00000000000000018E-011,5.99999999999999996E-011)
 mdl_cHtb =    (7.00000000000000038E-011,7.99999999999999952E-011)
 mdl_MWsm =    80.387000000000000     
 mdl_MW__exp__2 =    6462.0697689999997     
 mdl_MZ__exp__2 =    8315.1783937600012     
 mdl_sqrt__2 =    1.4142135623730951     
 mdl_nb__2__exp__0_25 =    1.1892071150027210     
 mdl_MH__exp__2 =    15647.508100000001     
 mdl_sth2 =   0.22285855299877133     
 mdl_nb__10__exp___m_40 =    9.9999999999999993E-041
 mdl_MZ1 =    91.187600000000003     
 mdl_MH1 =    125.09000000000000     
 mdl_MT1 =    172.75999999999999     
 mdl_WZ1 =    2.4952000000000001     
 mdl_WW1 =    2.0850000000000000     
 mdl_WH1 =    4.0699999999999998E-003
 mdl_WT1 =    1.3300000000000001     
 mdl_cth =   0.88155626422890820     
 mdl_MW1 =    80.387000000000000     
 mdl_sqrt__sth2 =   0.47207896902824564     
 mdl_sth =   0.47207896902824564     
 mdl_LambdaSMEFT__exp__2 =    1000000.0000000000     
 mdl_MT__exp__2 =    29846.017599999996     
 mdl_MH__exp__6 =    3831206449390.3818     
 mdl_MWsm__exp__6 =    269845343347.69711     
 mdl_MH__exp__4 =    244844509.73956564     
 mdl_MWsm__exp__4 =    41758345.699423708     
 mdl_MWsm__exp__2 =    6462.0697689999997     
 mdl_MZ__exp__4 =    69142191.720053151     
 mdl_MZ__exp__6 =    574929658687.79749     
 mdl_cth__exp__2 =   0.77714144700122867     
 mdl_sth__exp__2 =   0.22285855299877130     
 mdl_MB__exp__2 =    17.472399999999997     
 mdl_MZ__exp__3 =    758241.16129882948     
 mdl_sth__exp__4 =    4.9665934644706158E-002
 mdl_sth__exp__6 =    1.1068478328250760E-002
 mdl_sth__exp__3 =   0.10520683593878660     
 mdl_sth__exp__5 =    2.3446243222897113E-002
 mdl_cth__exp__3 =   0.68509391079585125     
 mdl_aEW =    7.5614618607353409E-003
 mdl_sqrt__Gf =    3.4152291284773265E-003
 mdl_vevhat =    246.21961912951551     
 mdl_lam =   0.12905352724481209     
 mdl_sqrt__aEW =    8.6956666568672819E-002
 mdl_ee =   0.30825335704310214     
 mdl_yb =    2.4008698866559607E-002
 mdl_yt =   0.99228297037962632     
 mdl_vevhat__exp__2 =    60624.100844283676     
 mdl_vevT =    246.21961912951551     
 mdl_g1 =   0.34966952144878632     
 mdl_gw =   0.65296989967087182     
 mdl_yb0 =          (2.40086988665596072E-002,0.0000000000000000)
 mdl_yt0 =               (0.99228297037962632,0.0000000000000000)
 mdl_ee__exp__2 =    9.5020132128342205E-002
 mdl_gHaa =   -1.9312250240531351E-003
 mdl_gHza =   -6.8562264784117729E-003
 mdl_barlam =   0.12905352724481209     
 mdl_dWT =   -6.5076395941683845E-012
 mdl_gwsh =   0.65296989967087182     
 mdl_vev =    246.21961912951551     
 mdl_g1sh =   0.34966952144878632     
 mdl_ee__exp__3 =    2.9290274715240611E-002
 mdl_vevhat__exp__3 =    14926843.019948866     
  Internal Params evaluated point by point
  ----------------------------------------
  
 mdl_sqrt__aS =   0.34336569426778790     
 mdl_gHgg2 =   -3.6486270703817007E-004
 mdl_gHgg4 =    1.0424648772519146E-004
 mdl_gHgg5 =    1.8764367790534461E-003
 mdl_G__exp__2 =    1.4815750954329465     
 mdl_gHgg1 =    3.1273946317557436E-003
 mdl_gHgg3 =    7.6133275785037098E-004
 mdl_G__exp__3 =                (1.8033727530176447,0.0000000000000000)
  Couplings of SMEFTsim_topU3l_MwScheme_UFO-massless_2t
  ---------------------------------
  
       GC_385 =   0.00000E+00   0.42384E-14
       GC_386 =   0.21192E-14   0.00000E+00
         GC_6 =  -0.00000E+00  -0.12172E+01
         GC_7 =   0.12172E+01   0.00000E+00
         GC_8 =   0.00000E+00   0.14816E+01
         GC_1 =   0.00000E+00   0.10275E+00
         GC_2 =  -0.00000E+00  -0.20550E+00
       GC_202 =  -0.00000E+00  -0.46172E+00
       GC_203 =  -0.00000E+00  -0.37035E+00
       GC_263 =  -0.00000E+00  -0.55024E-01
       GC_264 =   0.00000E+00   0.11005E+00
       GC_351 =  -0.34821E-14   0.00000E+00
       GC_352 =   0.00000E+00   0.17410E-14
       GC_357 =  -0.92089E-14   0.00000E+00
       GC_358 =   0.00000E+00   0.76741E-14
       GC_365 =  -0.98488E-14   0.00000E+00
       GC_367 =  -0.61393E-14   0.00000E+00
       GC_368 =   0.00000E+00   0.73866E-14
       GC_369 =   0.00000E+00   0.46045E-14
       GC_441 =   0.49314E-14   0.00000E+00
       GC_442 =  -0.00000E+00  -0.41095E-14
       GC_451 =  -0.32876E-14   0.00000E+00
       GC_452 =   0.00000E+00   0.24657E-14
       GC_504 =  -0.11197E-11   0.00000E+00
       GC_506 =   0.00000E+00   0.97970E-12
       GC_524 =   0.00000E+00   0.20207E-11

 Collider parameters:
 --------------------

 Running at P P   machine @    13000.000000000000       GeV
 PDF set = lhapdf 
 alpha_s(Mz)= 0.1127 running at 3 loops.
 alpha_s(Mz)= 0.1127 running at 3 loops.
 Renormalization scale set on event-by-event basis
 Factorization   scale set on event-by-event basis


 getting user params
Enter number of events and max and min iterations: 
 Number of events and iterations         2000           8           3
Enter desired fractional accuracy: 
 Desired fractional accuracy:    1.0000000000000000E-002
Enter 0 for fixed, 2 for adjustable grid: 
Suppress amplitude (0 no, 1 yes)? 
 Using suppressed amplitude.
Exact helicity sum (0 yes, n = number/event)? 
 Explicitly summing over helicities
Enter Configuration Number: 
Running Configuration Number:    2
 Using dconfig=         212
 BW Setting            2           1           2           1           2           0           0
 Attempting mappinvarients           1           9
 Completed mapping           9
 about to integrate           19        2000           8           3          19           1
 Using non-zero grid deformation.
 19 dimensions   2000 events 19 invarients  8 iterations  1 config(s),  (0.99)
 Using h-tuple random number sequence.
 Error opening grid
 Using Uniform Grid!          36
 Using uniform alpha   1.0000000000000000     
 Grid defined OK
 Set CM energy to      13000.00
 Mapping Graph           2  to config           2
Setting grid   1    0.59172E-06   1
 Setting BW          -2           2   172.75999999999999     
Setting grid   3    0.59172E-08   1
 Setting BW          -4           4   172.75999999999999     
Setting grid   5    0.55268E-03   1
Setting grid   6    0.59172E-06   1
 Transforming s_hat 1/s           18   3.7869822485207109E-003   640000.00000000000        168999999.99999997     
   2   1   2   3   4   5   6   7   8   9  10  11  12  13  14
  15  16  17  18  19
 Masses: 0.000E+00 0.000E+00 0.000E+00 0.000E+00 0.418E+01 0.000E+00 0.000E+00 0.418E+01 0.000E+00
Using random seed offsets     2 :      3
  with seed                   24
 Ranmar initialization seeds       31060        9400
 
 ********************************************
 * You are using the DiscreteSampler module *
 *      part of the MG5_aMC framework       *
 *         Author: Valentin Hirschi         *
 ********************************************
 
  Particle       3       4       5       6       7       8       9
      Et >     0.0     0.0     0.0    10.0    10.0     0.0    10.0
       E >     0.0     0.0     0.0     0.0     0.0     0.0     0.0
     Eta <     5.0    -1.0    -1.0    -1.0    -1.0    -1.0    -1.0
   xqcut:      0.0     0.0     0.0     0.0     0.0     0.0    10.0
d R # 3  >    -0.0     0.0     0.0     0.0     0.0     0.0     0.0
d R # 4  >    -0.0    -0.0     0.0     0.0     0.0     0.0     0.0
d R # 5  >    -0.0    -0.0    -0.0     0.0     0.0     0.0     0.0
d R # 6  >    -0.0    -0.0    -0.0    -0.0     0.0     0.0     0.0
d R # 7  >    -0.0    -0.0    -0.0    -0.0    -0.0     0.0     0.0
d R # 8  >    -0.0    -0.0    -0.0    -0.0    -0.0    -0.0     0.0
s min # 3>     0.0     0.0     0.0     0.0     0.0     0.0     0.0
s min # 4>     0.0     0.0     0.0     0.0     0.0     0.0     0.0
s min # 5>     0.0     0.0     0.0     0.0     0.0     0.0     0.0
s min # 6>     0.0     0.0     0.0     0.0   100.0     0.0   100.0
s min # 7>     0.0     0.0     0.0     0.0     0.0     0.0   100.0
s min # 8>     0.0     0.0     0.0     0.0     0.0     0.0     0.0
xqcutij # 3>     0.0     0.0     0.0     0.0     0.0     0.0     0.0
xqcutij # 4>     0.0     0.0     0.0     0.0     0.0     0.0     0.0
xqcutij # 5>     0.0     0.0     0.0     0.0     0.0     0.0     0.0
xqcutij # 6>     0.0     0.0     0.0     0.0    10.0     0.0     0.0
xqcutij # 7>     0.0     0.0     0.0    10.0     0.0     0.0     0.0
xqcutij # 8>     0.0     0.0     0.0     0.0     0.0     0.0     0.0
 Excluding BW           -1           1
 Requiring BW           -2           2
 Excluding BW           -3           3
 Requiring BW           -4           4
 Excluding BW           -5           5
 alpha_s for scale    6432.6044311282303       is    6.7683659295041623E-002
 Added good helicity            1   176.56903657679561       in event            1 local:           1
 Added good helicity            2   29.027664167374901       in event            1 local:           1
 Added good helicity            3  0.30528328926647597       in event            1 local:           1
 Added good helicity            4   5.0188079225976130E-002  in event            1 local:           1
 Added good helicity           17   3.9030040265088098E-003  in event            1 local:           1
 Added good helicity           18   6.4164755012356201E-004  in event            1 local:           1
 Added good helicity           19   6.7481928334285171E-006  in event            1 local:           1
 Added good helicity           20   1.1093919887962921E-006  in event            1 local:           1
 Added good helicity          385   303.54634723075566       in event            1 local:           1
 Added good helicity          386   1.9619473793250159       in event            1 local:           1
 Added good helicity          387  0.52482376935586239       in event            1 local:           1
 Added good helicity          388   3.3921561836370052E-003  in event            1 local:           1
 Added good helicity          401   6.7097982645712246E-003  in event            1 local:           1
 Added good helicity          402   4.3368240931505854E-005  in event            1 local:           1
 Added good helicity          403   1.1601067345912358E-005  in event            1 local:           1
 Added good helicity          404   7.4982564873822982E-008  in event            1 local:           1
 Added good helicity            1   176.56903657679396       in event            1 local:           1
 Added good helicity            2   29.027664167383701       in event            1 local:           1
 Added good helicity            3  0.30528328926648368       in event            1 local:           1
 Added good helicity            4   5.0188079225987565E-002  in event            1 local:           1
 Added good helicity           17   3.9030040265087612E-003  in event            1 local:           1
 Added good helicity           18   6.4164755012375847E-004  in event            1 local:           1
 Added good helicity           19   6.7481928334286628E-006  in event            1 local:           1
 Added good helicity           20   1.1093919887965429E-006  in event            1 local:           1
 Added good helicity          385   303.54634723074884       in event            1 local:           1
 Added good helicity          386   1.9619473793246125       in event            1 local:           1
 Added good helicity          387  0.52482376935587738       in event            1 local:           1
 Added good helicity          388   3.3921561836374719E-003  in event            1 local:           1
 Added good helicity          401   6.7097982645710486E-003  in event            1 local:           1
 Added good helicity          402   4.3368240931495351E-005  in event            1 local:           1
 Added good helicity          403   1.1601067345912631E-005  in event            1 local:           1
 Added good helicity          404   7.4982564873830764E-008  in event            1 local:           1
 RESET CUMULATIVE VARIABLE
 RESET CUMULATIVE VARIABLE
 RESET CUMULATIVE VARIABLE
 Iteration  1   Mean: 0.1589E-05 Abs mean: 0.1589E-05   Fluctuation:  0.490E-06   0.570E-03     1.5%
  1    0.1589E-05 0.1589E-05 +- 0.4902E-06     13.80
 Writing out events   6.4445721567312468E-009   13.796498788704856     
 Relative summed weights:
  0.5460E+00  0.2817E+00  0.7535E-01  0.9691E-01
 Relative number of events:
  0.2310E+00  0.2409E+00  0.2534E+00  0.2747E+00
 Events:
         465         485         510         553
 Iteration  2   Mean: 0.1130E-05 Abs mean: 0.1130E-05   Fluctuation:  0.200E-06   0.626E-03    16.3%
  2    0.1130E-05 0.1130E-05 +- 0.1999E-06     11.19
 Relative summed weights:
  0.4052E+00  0.3088E+00  0.1552E+00  0.1308E+00
 Relative number of events:
  0.2715E+00  0.2497E+00  0.2283E+00  0.2505E+00
 Events:
        1086         999         913        1002
 Iteration  3   Mean: 0.1568E-05 Abs mean: 0.1568E-05   Fluctuation:  0.215E-06   0.152E-02    19.7%
  3    0.1568E-05 0.1568E-05 +- 0.2153E-06     12.28
 Relative summed weights:
  0.2214E+00  0.4112E+00  0.2054E+00  0.1620E+00
 Relative number of events:
  0.2811E+00  0.2806E+00  0.2161E+00  0.2221E+00
 Events:
        2249        2245        1729        1777
 Accuracy:    0.104   0.010   0.102   1.025
 Found         1590  events.
 Wrote            5  events.
 Actual xsec    1.4240291990919630E-006
 Correct abs xsec    1.4240291990919630E-006
 Event xsec    1.4240291990919630E-006
 Events wgts > 1:            0
 % Cross section > 1:    0.0000000000000000        0.0000000000000000     
 Iteration  4   Mean: 0.1412E-05 Abs mean: 0.1412E-05   Fluctuation:  0.435E-07   0.176E-03    20.8%
  4    0.1412E-05 0.1412E-05 +- 0.4347E-07      3.89
 Relative summed weights:
Thanks for using LHAPDF 6.2.1. Please make sure to cite the paper:
  Eur.Phys.J. C75 (2015) 3, 132  (http://arxiv.org/abs/1412.7420)
  0.2799E+00  0.2999E+00  0.1831E+00  0.2372E+00
 Relative number of events:
  0.2791E+00  0.2865E+00  0.2157E+00  0.2187E+00
 Events:
        4466        4584        3451        3499
 Accuracy:    0.025   0.010   0.029   0.696
 Found         3481  events.
 Wrote          240  events.
 Actual xsec    1.4117124048338229E-006
 Correct abs xsec    1.4117124048338229E-006
 Event xsec    1.4117124048338174E-006
 Events wgts > 1:            8
 % Cross section > 1:    1.2457460578645939E-008  0.88243614889198296     
 Iteration  5   Mean: 0.1427E-05 Abs mean: 0.1427E-05   Fluctuation:  0.232E-07   0.186E-03    19.3%
  5    0.1427E-05 0.1427E-05 +- 0.2316E-07      2.90
 Relative summed weights:
  0.3034E+00  0.2953E+00  0.2028E+00  0.1986E+00
 Relative number of events:
  0.2885E+00  0.2898E+00  0.2098E+00  0.2119E+00
 Events:
        9233        9272        6714        6781
 Accuracy:    0.010   0.010   0.014   0.533
 Found         9907  events.
 Wrote          621  events.
 Actual xsec    1.4250063249807824E-006
 Correct abs xsec    1.4250063249807824E-006
 Event xsec    1.4250063249807786E-006
 Events wgts > 1:           10
 % Cross section > 1:    1.2792310205011744E-008  0.89770199477425450     
 Iteration  6   Mean: 0.1471E-05 Abs mean: 0.1471E-05   Fluctuation:  0.133E-07   0.113E-03    18.0%
  6    0.1471E-05 0.1471E-05 +- 0.1331E-07      2.29
 Relative summed weights:
  0.3011E+00  0.2971E+00  0.2030E+00  0.1987E+00
 Relative number of events:
  0.2860E+00  0.2859E+00  0.2158E+00  0.2123E+00
 Events:
       18303       18296       13812       13589
 Accuracy:    0.008   0.010   0.008   1.144
 Finished due to accuracy    8.1664801370763488E-003   1.0000000000000000E-002

 -------------------------------------------------------------------------------
 Accumulated results:   Integral =  0.1457E-05
                        Std dev  =  0.1112E-07
                       Cross sec =  0.1457E-05
             Chi**2 per DoF.     =      1.1444
 -------------------------------------------------------------------------------
 Found        23347  events.
 Wrote         2624  events.
 Actual xsec    1.4572002770580868E-006
 Correct abs xsec    1.4572002770580868E-006
 Event xsec    1.4572002770581294E-006
 Events wgts > 1:           68
 % Cross section > 1:    1.4441588921815803E-008  0.99105038265372980     
-------------------------------------------------
---------------------------
 Results Last   3 iters: Integral =   0.1457E-05
                     Abs integral =   0.1457E-05
                          Std dev =   0.1116E-07
                  Chi**2 per DoF. =      1.9164
-------------------------------------------------
---------------------------
 Status   1.0000000000000000E-002           7           8

ls status:
events.lhe
ftn26
input_app.txt
results.dat
run1_app.log
