==== LHAPDF6 USING DEFAULT-TYPE LHAGLUE INTERFACE ====
LHAPDF 6.2.1 loading /cvmfs/cms.cern.ch/slc7_amd64_gcc700/external/lhapdf/6.2.1-pafccj3/share/LHAPDF/NNPDF31_nnlo_as_0118_nf_4_mc_hessian/NNPDF31_nnlo_as_0118_nf_4_mc_hessian_0000.dat
NNPDF31_nnlo_as_0118_nf_4_mc_hessian PDF set, member #0, version 1; LHAPDF ID = 325500
 Process in group number            3
 A PDF is used, so alpha_s(MZ) is going to be modified
 Old value of alpha_s from param_card:   0.11790000000000000     
 New value of alpha_s from PDF lhapdf :  0.11266013434007299     
 using LHAPDF
 Warning! ptj set to xqcut=   10.000000000000000       to improve integration efficiency
 Note that this might affect non-radiated jets,
 e.g. from decays. Use cut_decays=F in run_card.
 Warning! mmjj set to xqcut=   10.000000000000000       to improve integration efficiency
 Note that this might affect non-radiated jets,
 e.g. from decays. Use cut_decays=F in run_card.
 Define smin to   640000.00000000000     
 *****************************************************
 *               MadGraph/MadEvent                   *
 *        --------------------------------           *
 *          http://madgraph.hep.uiuc.edu             *
 *          http://madgraph.phys.ucl.ac.be           *
 *          http://madgraph.roma2.infn.it            *
 *        --------------------------------           *
 *                                                   *
 *          PARAMETER AND COUPLING VALUES            *
 *                                                   *
 *****************************************************

  External Params
  ---------------------------------
  
 mdl_ctGRe =    9.9999999999999994E-012
 mdl_ctWRe =    3.0000000000000000E-011
 mdl_ctBRe =    5.0000000000000002E-011
 mdl_cHt =    8.9999999999999999E-011
 mdl_cHtbRe =    7.0000000000000004E-011
 mdl_ctGIm =    1.9999999999999999E-011
 mdl_ctWIm =    3.9999999999999998E-011
 mdl_ctBIm =    6.0000000000000000E-011
 mdl_cHtbIm =    7.9999999999999995E-011
 mdl_LambdaSMEFT =    1000.0000000000000     
 mdl_MW =    80.387000000000000     
 mdl_Gf =    1.1663789999999999E-005
 aS =   0.11790000000000000     
 mdl_ymb =    4.1799999999999997     
 mdl_ymt =    172.75999999999999     
 mdl_MZ =    91.187600000000003     
 mdl_MT =    172.75999999999999     
 mdl_MB =    4.1799999999999997     
 mdl_MH =    125.09000000000000     
 mdl_WZ =    2.4952000000000001     
 mdl_WW =    2.0850000000000000     
 mdl_WT =    1.3300000000000001     
 mdl_WH =    4.0699999999999998E-003
  Internal Params
  ---------------------------------
  
 mdl_cHQ3 =    0.0000000000000000     
 mdl_cH =    0.0000000000000000     
 mdl_conjg__cbH =    0.0000000000000000     
 mdl_dGf =    0.0000000000000000     
 mdl_cbWRe =    0.0000000000000000     
 mdl_dMH2 =    0.0000000000000000     
 mdl_conjg__ctHH =    0.0000000000000000     
 mdl_dg1 =    0.0000000000000000     
 mdl_cHB =    0.0000000000000000     
 mdl_cHW =    0.0000000000000000     
 mdl_dgw =    0.0000000000000000     
 mdl_complexi =                (0.0000000000000000,1.0000000000000000)
 mdl_ctG =    (9.99999999999999939E-012,1.99999999999999988E-011)
 mdl_ctW =    (2.99999999999999998E-011,3.99999999999999976E-011)
 mdl_ctB =    (5.00000000000000018E-011,5.99999999999999996E-011)
 mdl_cHtb =    (7.00000000000000038E-011,7.99999999999999952E-011)
 mdl_MWsm =    80.387000000000000     
 mdl_MW__exp__2 =    6462.0697689999997     
 mdl_MZ__exp__2 =    8315.1783937600012     
 mdl_sqrt__2 =    1.4142135623730951     
 mdl_nb__2__exp__0_25 =    1.1892071150027210     
 mdl_MH__exp__2 =    15647.508100000001     
 mdl_sth2 =   0.22285855299877133     
 mdl_nb__10__exp___m_40 =    9.9999999999999993E-041
 mdl_MZ1 =    91.187600000000003     
 mdl_MH1 =    125.09000000000000     
 mdl_MT1 =    172.75999999999999     
 mdl_WZ1 =    2.4952000000000001     
 mdl_WW1 =    2.0850000000000000     
 mdl_WH1 =    4.0699999999999998E-003
 mdl_WT1 =    1.3300000000000001     
 mdl_cth =   0.88155626422890820     
 mdl_MW1 =    80.387000000000000     
 mdl_sqrt__sth2 =   0.47207896902824564     
 mdl_sth =   0.47207896902824564     
 mdl_LambdaSMEFT__exp__2 =    1000000.0000000000     
 mdl_MT__exp__2 =    29846.017599999996     
 mdl_MH__exp__6 =    3831206449390.3818     
 mdl_MWsm__exp__6 =    269845343347.69711     
 mdl_MH__exp__4 =    244844509.73956564     
 mdl_MWsm__exp__4 =    41758345.699423708     
 mdl_MWsm__exp__2 =    6462.0697689999997     
 mdl_MZ__exp__4 =    69142191.720053151     
 mdl_MZ__exp__6 =    574929658687.79749     
 mdl_cth__exp__2 =   0.77714144700122867     
 mdl_sth__exp__2 =   0.22285855299877130     
 mdl_MB__exp__2 =    17.472399999999997     
 mdl_MZ__exp__3 =    758241.16129882948     
 mdl_sth__exp__4 =    4.9665934644706158E-002
 mdl_sth__exp__6 =    1.1068478328250760E-002
 mdl_sth__exp__3 =   0.10520683593878660     
 mdl_sth__exp__5 =    2.3446243222897113E-002
 mdl_cth__exp__3 =   0.68509391079585125     
 mdl_aEW =    7.5614618607353409E-003
 mdl_sqrt__Gf =    3.4152291284773265E-003
 mdl_vevhat =    246.21961912951551     
 mdl_lam =   0.12905352724481209     
 mdl_sqrt__aEW =    8.6956666568672819E-002
 mdl_ee =   0.30825335704310214     
 mdl_yb =    2.4008698866559607E-002
 mdl_yt =   0.99228297037962632     
 mdl_vevhat__exp__2 =    60624.100844283676     
 mdl_vevT =    246.21961912951551     
 mdl_g1 =   0.34966952144878632     
 mdl_gw =   0.65296989967087182     
 mdl_yb0 =          (2.40086988665596072E-002,0.0000000000000000)
 mdl_yt0 =               (0.99228297037962632,0.0000000000000000)
 mdl_ee__exp__2 =    9.5020132128342205E-002
 mdl_gHaa =   -1.9312250240531351E-003
 mdl_gHza =   -6.8562264784117729E-003
 mdl_barlam =   0.12905352724481209     
 mdl_dWT =   -6.5076395941683845E-012
 mdl_gwsh =   0.65296989967087182     
 mdl_vev =    246.21961912951551     
 mdl_g1sh =   0.34966952144878632     
 mdl_ee__exp__3 =    2.9290274715240611E-002
 mdl_vevhat__exp__3 =    14926843.019948866     
  Internal Params evaluated point by point
  ----------------------------------------
  
 mdl_sqrt__aS =   0.34336569426778790     
 mdl_gHgg2 =   -3.6486270703817007E-004
 mdl_gHgg4 =    1.0424648772519146E-004
 mdl_gHgg5 =    1.8764367790534461E-003
 mdl_G__exp__2 =    1.4815750954329465     
 mdl_gHgg1 =    3.1273946317557436E-003
 mdl_gHgg3 =    7.6133275785037098E-004
 mdl_G__exp__3 =                (1.8033727530176447,0.0000000000000000)
  Couplings of SMEFTsim_topU3l_MwScheme_UFO-massless_2t
  ---------------------------------
  
       GC_385 =   0.00000E+00   0.42384E-14
       GC_386 =   0.21192E-14   0.00000E+00
         GC_6 =  -0.00000E+00  -0.12172E+01
         GC_7 =   0.12172E+01   0.00000E+00
         GC_8 =   0.00000E+00   0.14816E+01
         GC_1 =   0.00000E+00   0.10275E+00
         GC_2 =  -0.00000E+00  -0.20550E+00
       GC_202 =  -0.00000E+00  -0.46172E+00
       GC_203 =  -0.00000E+00  -0.37035E+00
       GC_263 =  -0.00000E+00  -0.55024E-01
       GC_264 =   0.00000E+00   0.11005E+00
       GC_351 =  -0.34821E-14   0.00000E+00
       GC_352 =   0.00000E+00   0.17410E-14
       GC_357 =  -0.92089E-14   0.00000E+00
       GC_358 =   0.00000E+00   0.76741E-14
       GC_365 =  -0.98488E-14   0.00000E+00
       GC_367 =  -0.61393E-14   0.00000E+00
       GC_368 =   0.00000E+00   0.73866E-14
       GC_369 =   0.00000E+00   0.46045E-14
       GC_441 =   0.49314E-14   0.00000E+00
       GC_442 =  -0.00000E+00  -0.41095E-14
       GC_451 =  -0.32876E-14   0.00000E+00
       GC_452 =   0.00000E+00   0.24657E-14
       GC_504 =  -0.11197E-11   0.00000E+00
       GC_506 =   0.00000E+00   0.97970E-12
       GC_524 =   0.00000E+00   0.20207E-11

 Collider parameters:
 --------------------

 Running at P P   machine @    13000.000000000000       GeV
 PDF set = lhapdf 
 alpha_s(Mz)= 0.1127 running at 3 loops.
 alpha_s(Mz)= 0.1127 running at 3 loops.
 Renormalization scale set on event-by-event basis
 Factorization   scale set on event-by-event basis


 getting user params
Enter number of events and max and min iterations: 
 Number of events and iterations         2000           8           3
Enter desired fractional accuracy: 
 Desired fractional accuracy:    1.0000000000000000E-002
Enter 0 for fixed, 2 for adjustable grid: 
Suppress amplitude (0 no, 1 yes)? 
 Using suppressed amplitude.
Exact helicity sum (0 yes, n = number/event)? 
 Explicitly summing over helicities
Enter Configuration Number: 
Running Configuration Number:   13
 Using dconfig=          22
 BW Setting            1           1           2           0           0           0           0
 Attempting mappinvarients           1           9
 Completed mapping           9
 about to integrate           19        2000           8           3          19           1
 Using non-zero grid deformation.
 19 dimensions   2000 events 19 invarients  8 iterations  1 config(s),  (0.99)
 Using h-tuple random number sequence.
 Error opening grid
 Using Uniform Grid!          36
 Using uniform alpha   1.0000000000000000     
 Grid defined OK
 Set CM energy to      13000.00
 Mapping Graph          13  to config          13
 Setting BW          -1           1   80.387000000000000     
 Setting BW          -2           2   172.75999999999999     
Setting grid   3    0.13817E-03   1
 Setting BW          -4           4   80.387000000000000     
 Setting BW          -5           5   172.75999999999999     
Setting grid   6    0.13817E-03   1
 Transforming s_hat 1/s           18   3.7869822485207109E-003   640000.00000000000        168999999.99999997     
  13   1   2   3   4   5   6   7   8   9  10  11  12  13  14
  15  16  17  18  19
 Masses: 0.000E+00 0.000E+00 0.000E+00 0.000E+00 0.418E+01 0.000E+00 0.000E+00 0.418E+01 0.000E+00
Using random seed offsets    13 :      4
  with seed                   24
 Ranmar initialization seeds       31071        9401
 
 ********************************************
 * You are using the DiscreteSampler module *
 *      part of the MG5_aMC framework       *
 *         Author: Valentin Hirschi         *
 ********************************************
 
  Particle       3       4       5       6       7       8       9
      Et >    10.0    10.0     0.0     0.0     0.0     0.0    10.0
       E >     0.0     0.0     0.0     0.0     0.0     0.0     0.0
     Eta <    -1.0    -1.0    -1.0     5.0    -1.0    -1.0    -1.0
   xqcut:      0.0     0.0     0.0     0.0     0.0     0.0    10.0
d R # 3  >    -0.0     0.0     0.0     0.0     0.0     0.0     0.0
d R # 4  >    -0.0    -0.0     0.0     0.0     0.0     0.0     0.0
d R # 5  >    -0.0    -0.0    -0.0     0.0     0.0     0.0     0.0
d R # 6  >    -0.0    -0.0    -0.0    -0.0     0.0     0.0     0.0
d R # 7  >    -0.0    -0.0    -0.0    -0.0    -0.0     0.0     0.0
d R # 8  >    -0.0    -0.0    -0.0    -0.0    -0.0    -0.0     0.0
s min # 3>     0.0   100.0     0.0     0.0     0.0     0.0   100.0
s min # 4>     0.0     0.0     0.0     0.0     0.0     0.0   100.0
s min # 5>     0.0     0.0     0.0     0.0     0.0     0.0     0.0
s min # 6>     0.0     0.0     0.0     0.0     0.0     0.0     0.0
s min # 7>     0.0     0.0     0.0     0.0     0.0     0.0     0.0
s min # 8>     0.0     0.0     0.0     0.0     0.0     0.0     0.0
xqcutij # 3>     0.0    10.0     0.0     0.0     0.0     0.0     0.0
xqcutij # 4>    10.0     0.0     0.0     0.0     0.0     0.0     0.0
xqcutij # 5>     0.0     0.0     0.0     0.0     0.0     0.0     0.0
xqcutij # 6>     0.0     0.0     0.0     0.0     0.0     0.0     0.0
xqcutij # 7>     0.0     0.0     0.0     0.0     0.0     0.0     0.0
xqcutij # 8>     0.0     0.0     0.0     0.0     0.0     0.0     0.0
 Requiring BW           -1           1
 Requiring BW           -2           2
 Excluding BW           -3           3
 No cut BW           -4           4
 No cut BW           -5           5
 alpha_s for scale    659.00990917064769       is    8.5952995522088405E-002
 Added good helicity            1   54.739825159296885       in event            1 local:           1
 Added good helicity            2   6.5966030024328789E-003  in event            1 local:           1
 Added good helicity            3   3.1209432382393633E-002  in event            1 local:           1
 Added good helicity            4   3.7609954866025936E-006  in event            1 local:           1
 Added good helicity           17   3.1308211897931378E-002  in event            1 local:           1
 Added good helicity           18   3.7728992377383324E-006  in event            1 local:           1
 Added good helicity           19   1.7850103090367477E-005  in event            1 local:           1
 Added good helicity          129   2.4659438510239737       in event            1 local:           1
 Added good helicity          130   26.433216865845775       in event            1 local:           1
 Added good helicity          131   1.4059363116517047E-003  in event            1 local:           1
 Added good helicity          132   1.5070667326239112E-002  in event            1 local:           1
 Added good helicity          145   1.4103861749315033E-003  in event            1 local:           1
 Added good helicity          146   1.5118366789693340E-002  in event            1 local:           1
 Added good helicity          147   8.0411933790153169E-007  in event            1 local:           1
 Added good helicity          148   8.6196045513448370E-006  in event            1 local:           1
 Added good helicity          257   117.96248569029132       in event            1 local:           1
 Added good helicity          258  0.70834342366331637       in event            1 local:           1
 Added good helicity          259   6.7255279136090002E-002  in event            1 local:           1
 Added good helicity          260   4.0385580558220484E-004  in event            1 local:           1
 Added good helicity          273   6.7468145671624472E-002  in event            1 local:           1
 Added good helicity          274   4.0513403059544689E-004  in event            1 local:           1
 Added good helicity          275   3.8466372960746638E-005  in event            1 local:           1
 Added good helicity          276   2.3098362295611348E-007  in event            1 local:           1
 Added good helicity          385   5.6739774573789448E-004  in event            1 local:           1
 Added good helicity          386   309.09877294494657       in event            1 local:           1
 Added good helicity          387   3.2349686049752216E-007  in event            1 local:           1
 Added good helicity          388  0.17622996101996158       in event            1 local:           1
 Added good helicity          401   3.2452074510240305E-007  in event            1 local:           1
 Added good helicity          402  0.17678773822311111       in event            1 local:           1
 Added good helicity          404   1.0079398219227194E-004  in event            1 local:           1
 Added good helicity           20   1.9480075342691189E-007  in event            3 local:           3
 Added good helicity          403   9.2463331704491234E-008  in event            3 local:           3
 RESET CUMULATIVE VARIABLE
 RESET CUMULATIVE VARIABLE
 Iteration  1   Mean: 0.3071E-02 Abs mean: 0.3071E-02   Fluctuation:  0.464E-03   0.783E+00     8.5%
  1    0.3071E-02 0.3071E-02 +- 0.4642E-03      6.76
 Writing out events   2.2503453415586762E-006   6.7603743740283200     
 Relative summed weights:
  0.1000E+01  0.0000E+00
 Relative number of events:
  0.1000E+01  0.0000E+00
 Events:
        2007           0
 Iteration  2   Mean: 0.2599E-02 Abs mean: 0.2599E-02   Fluctuation:  0.154E-03   0.273E+00    12.8%
  2    0.2599E-02 0.2599E-02 +- 0.1539E-03      3.75
 Relative summed weights:
  0.1000E+01  0.0000E+00
 Relative number of events:
  0.1000E+01  0.0000E+00
 Events:
        3997           0
 Iteration  3   Mean: 0.2586E-02 Abs mean: 0.2586E-02   Fluctuation:  0.906E-04   0.327E+00    11.9%
  3    0.2586E-02 0.2586E-02 +- 0.9062E-04      3.13
 Relative summed weights:
  0.1000E+01  0.0000E+00
 Relative number of events:
  0.1000E+01  0.0000E+00
 Events:
        7997           0
 Accuracy:    0.025   0.010   0.030   0.720
 Found         3375  events.
 Wrote           61  events.
 Actual xsec    2.6078255066385703E-003
 Correct abs xsec    2.6078255712081032E-003
 Event xsec    2.6078255712081088E-003
 Events wgts > 1:            2
 % Cross section > 1:    5.0207797452561046E-006  0.19252743744399148     
 Iteration  4   Mean: 0.2829E-02 Abs mean: 0.2829E-02   Fluctuation:  0.799E-04   0.547E+00    10.0%
  4    0.2829E-02 0.2829E-02 +- 0.7990E-04      3.57
 Relative summed weights:
  0.1000E+01  0.0000E+00
 Relative number of events:
  0.1000E+01  0.0000E+00
 Events:
       15996           0
 Accuracy:    0.027   0.010   0.020   1.759
Thanks for using LHAPDF 6.2.1. Please make sure to cite the paper:
  Eur.Phys.J. C75 (2015) 3, 132  (http://arxiv.org/abs/1412.7420)
 Found         8229  events.
 Wrote          174  events.
 Actual xsec    2.7172720053625053E-003
 Correct abs xsec    2.7172720432527141E-003
 Event xsec    2.7172720432527163E-003
 Events wgts > 1:            4
 % Cross section > 1:    2.5921655081994683E-005  0.95395877443927601     
 Iteration  5   Mean: 0.2744E-02 Abs mean: 0.2744E-02   Fluctuation:  0.475E-04   0.431E+00     8.4%
  5    0.2744E-02 0.2744E-02 +- 0.4746E-04      3.09
 Relative summed weights:
  0.1000E+01  0.0000E+00
 Relative number of events:
  0.1000E+01  0.0000E+00
 Events:
       31998           0
 Accuracy:    0.015   0.010   0.013   1.326
 Found        17880  events.
 Wrote          384  events.
 Actual xsec    2.7397453408226661E-003
 Correct abs xsec    2.7397453550882384E-003
 Event xsec    2.7397453550882605E-003
 Events wgts > 1:            7
 % Cross section > 1:    2.3312917411152671E-005  0.85091548263256933     
 Iteration  6   Mean: 0.2858E-02 Abs mean: 0.2858E-02   Fluctuation:  0.612E-04   0.266E+01     7.2%
  6    0.2858E-02 0.2858E-02 +- 0.6122E-04      5.42
 Relative summed weights:
  0.1000E+01  0.0000E+00
 Relative number of events:
  0.1000E+01  0.0000E+00
 Events:
       63987           0
 Accuracy:    0.014   0.010   0.011   1.656
 Found        39110  events.
 Wrote          156  events.
 Actual xsec    2.7962426905032965E-003
 Correct abs xsec    2.7962426948736690E-003
 Event xsec    2.7962426948736829E-003
 Events wgts > 1:            2
 % Cross section > 1:    2.4179287567271363E-005  0.86470632937544911     
 Iteration  7   Mean: 0.2753E-02 Abs mean: 0.2753E-02   Fluctuation:  0.232E-04   0.607E+00     5.7%
  7    0.2753E-02 0.2753E-02 +- 0.2321E-04      3.02
 Relative summed weights:
  0.1000E+01  0.0000E+00
 Relative number of events:
  0.1000E+01  0.0000E+00
 Events:
      127973           0
 Accuracy:    0.008   0.010   0.007   1.419
 Finished due to accuracy    8.0343422238929423E-003   1.0000000000000000E-002

 -------------------------------------------------------------------------------
 Accumulated results:   Integral =  0.2759E-02
                        Std dev  =  0.1860E-04
                       Cross sec =  0.2759E-02
             Chi**2 per DoF.     =      1.4193
 -------------------------------------------------------------------------------
 Found        83755  events.
 Wrote         1667  events.
 Actual xsec    2.7629533446948780E-003
 Correct abs xsec    2.7629533550973351E-003
 Event xsec    2.7629533550973450E-003
 Events wgts > 1:           30
 % Cross section > 1:    2.8436525885725666E-005   1.0292075989362399     
-------------------------------------------------
---------------------------
 Results Last   3 iters: Integral =   0.2763E-02
                     Abs integral =   0.2763E-02
                          Std dev =   0.1974E-04
                  Chi**2 per DoF. =      1.3831
-------------------------------------------------
---------------------------
 Status   1.0000000000000000E-002           8           8

ls status:
events.lhe
ftn26
input_app.txt
results.dat
run1_app.log
