==== LHAPDF6 USING DEFAULT-TYPE LHAGLUE INTERFACE ====
LHAPDF 6.2.1 loading /cvmfs/cms.cern.ch/slc7_amd64_gcc700/external/lhapdf/6.2.1-pafccj3/share/LHAPDF/NNPDF31_nnlo_as_0118_nf_4_mc_hessian/NNPDF31_nnlo_as_0118_nf_4_mc_hessian_0000.dat
NNPDF31_nnlo_as_0118_nf_4_mc_hessian PDF set, member #0, version 1; LHAPDF ID = 325500
 Process in group number            2
 A PDF is used, so alpha_s(MZ) is going to be modified
 Old value of alpha_s from param_card:   0.11790000000000000     
 New value of alpha_s from PDF lhapdf :  0.11266013434007299     
 using LHAPDF
 Warning! ptj set to xqcut=   10.000000000000000       to improve integration efficiency
 Note that this might affect non-radiated jets,
 e.g. from decays. Use cut_decays=F in run_card.
 Warning! mmjj set to xqcut=   10.000000000000000       to improve integration efficiency
 Note that this might affect non-radiated jets,
 e.g. from decays. Use cut_decays=F in run_card.
 Define smin to   640000.00000000000     
 Define smin to   640000.00000000000     
 *****************************************************
 *               MadGraph/MadEvent                   *
 *        --------------------------------           *
 *          http://madgraph.hep.uiuc.edu             *
 *          http://madgraph.phys.ucl.ac.be           *
 *          http://madgraph.roma2.infn.it            *
 *        --------------------------------           *
 *                                                   *
 *          PARAMETER AND COUPLING VALUES            *
 *                                                   *
 *****************************************************

  External Params
  ---------------------------------
  
 mdl_ctGRe =    9.9999999999999994E-012
 mdl_ctWRe =    3.0000000000000000E-011
 mdl_ctBRe =    5.0000000000000002E-011
 mdl_cHt =    8.9999999999999999E-011
 mdl_cHtbRe =    7.0000000000000004E-011
 mdl_ctGIm =    1.9999999999999999E-011
 mdl_ctWIm =    3.9999999999999998E-011
 mdl_ctBIm =    6.0000000000000000E-011
 mdl_cHtbIm =    7.9999999999999995E-011
 mdl_LambdaSMEFT =    1000.0000000000000     
 mdl_MW =    80.387000000000000     
 mdl_Gf =    1.1663789999999999E-005
 aS =   0.11790000000000000     
 mdl_ymb =    4.1799999999999997     
 mdl_ymt =    172.75999999999999     
 mdl_MZ =    91.187600000000003     
 mdl_MT =    172.75999999999999     
 mdl_MB =    4.1799999999999997     
 mdl_MH =    125.09000000000000     
 mdl_WZ =    2.4952000000000001     
 mdl_WW =    2.0850000000000000     
 mdl_WT =    1.3300000000000001     
 mdl_WH =    4.0699999999999998E-003
  Internal Params
  ---------------------------------
  
 mdl_cHQ3 =    0.0000000000000000     
 mdl_cH =    0.0000000000000000     
 mdl_conjg__cbH =    0.0000000000000000     
 mdl_dGf =    0.0000000000000000     
 mdl_cbWRe =    0.0000000000000000     
 mdl_dMH2 =    0.0000000000000000     
 mdl_conjg__ctHH =    0.0000000000000000     
 mdl_dg1 =    0.0000000000000000     
 mdl_cHB =    0.0000000000000000     
 mdl_cHW =    0.0000000000000000     
 mdl_dgw =    0.0000000000000000     
 mdl_complexi =                (0.0000000000000000,1.0000000000000000)
 mdl_ctG =    (9.99999999999999939E-012,1.99999999999999988E-011)
 mdl_ctW =    (2.99999999999999998E-011,3.99999999999999976E-011)
 mdl_ctB =    (5.00000000000000018E-011,5.99999999999999996E-011)
 mdl_cHtb =    (7.00000000000000038E-011,7.99999999999999952E-011)
 mdl_MWsm =    80.387000000000000     
 mdl_MW__exp__2 =    6462.0697689999997     
 mdl_MZ__exp__2 =    8315.1783937600012     
 mdl_sqrt__2 =    1.4142135623730951     
 mdl_nb__2__exp__0_25 =    1.1892071150027210     
 mdl_MH__exp__2 =    15647.508100000001     
 mdl_sth2 =   0.22285855299877133     
 mdl_nb__10__exp___m_40 =    9.9999999999999993E-041
 mdl_MZ1 =    91.187600000000003     
 mdl_MH1 =    125.09000000000000     
 mdl_MT1 =    172.75999999999999     
 mdl_WZ1 =    2.4952000000000001     
 mdl_WW1 =    2.0850000000000000     
 mdl_WH1 =    4.0699999999999998E-003
 mdl_WT1 =    1.3300000000000001     
 mdl_cth =   0.88155626422890820     
 mdl_MW1 =    80.387000000000000     
 mdl_sqrt__sth2 =   0.47207896902824564     
 mdl_sth =   0.47207896902824564     
 mdl_LambdaSMEFT__exp__2 =    1000000.0000000000     
 mdl_MT__exp__2 =    29846.017599999996     
 mdl_MH__exp__6 =    3831206449390.3818     
 mdl_MWsm__exp__6 =    269845343347.69711     
 mdl_MH__exp__4 =    244844509.73956564     
 mdl_MWsm__exp__4 =    41758345.699423708     
 mdl_MWsm__exp__2 =    6462.0697689999997     
 mdl_MZ__exp__4 =    69142191.720053151     
 mdl_MZ__exp__6 =    574929658687.79749     
 mdl_cth__exp__2 =   0.77714144700122867     
 mdl_sth__exp__2 =   0.22285855299877130     
 mdl_MB__exp__2 =    17.472399999999997     
 mdl_MZ__exp__3 =    758241.16129882948     
 mdl_sth__exp__4 =    4.9665934644706158E-002
 mdl_sth__exp__6 =    1.1068478328250760E-002
 mdl_sth__exp__3 =   0.10520683593878660     
 mdl_sth__exp__5 =    2.3446243222897113E-002
 mdl_cth__exp__3 =   0.68509391079585125     
 mdl_aEW =    7.5614618607353409E-003
 mdl_sqrt__Gf =    3.4152291284773265E-003
 mdl_vevhat =    246.21961912951551     
 mdl_lam =   0.12905352724481209     
 mdl_sqrt__aEW =    8.6956666568672819E-002
 mdl_ee =   0.30825335704310214     
 mdl_yb =    2.4008698866559607E-002
 mdl_yt =   0.99228297037962632     
 mdl_vevhat__exp__2 =    60624.100844283676     
 mdl_vevT =    246.21961912951551     
 mdl_g1 =   0.34966952144878632     
 mdl_gw =   0.65296989967087182     
 mdl_yb0 =          (2.40086988665596072E-002,0.0000000000000000)
 mdl_yt0 =               (0.99228297037962632,0.0000000000000000)
 mdl_ee__exp__2 =    9.5020132128342205E-002
 mdl_gHaa =   -1.9312250240531351E-003
 mdl_gHza =   -6.8562264784117729E-003
 mdl_barlam =   0.12905352724481209     
 mdl_dWT =   -6.5076395941683845E-012
 mdl_gwsh =   0.65296989967087182     
 mdl_vev =    246.21961912951551     
 mdl_g1sh =   0.34966952144878632     
 mdl_ee__exp__3 =    2.9290274715240611E-002
 mdl_vevhat__exp__3 =    14926843.019948866     
  Internal Params evaluated point by point
  ----------------------------------------
  
 mdl_sqrt__aS =   0.34336569426778790     
 mdl_gHgg2 =   -3.6486270703817007E-004
 mdl_gHgg4 =    1.0424648772519146E-004
 mdl_gHgg5 =    1.8764367790534461E-003
 mdl_G__exp__2 =    1.4815750954329465     
 mdl_gHgg1 =    3.1273946317557436E-003
 mdl_gHgg3 =    7.6133275785037098E-004
 mdl_G__exp__3 =                (1.8033727530176447,0.0000000000000000)
  Couplings of SMEFTsim_topU3l_MwScheme_UFO-massless_2t
  ---------------------------------
  
       GC_385 =   0.00000E+00   0.42384E-14
       GC_386 =   0.21192E-14   0.00000E+00
         GC_6 =  -0.00000E+00  -0.12172E+01
         GC_7 =   0.12172E+01   0.00000E+00
         GC_8 =   0.00000E+00   0.14816E+01
         GC_1 =   0.00000E+00   0.10275E+00
         GC_2 =  -0.00000E+00  -0.20550E+00
       GC_202 =  -0.00000E+00  -0.46172E+00
       GC_203 =  -0.00000E+00  -0.37035E+00
       GC_263 =  -0.00000E+00  -0.55024E-01
       GC_264 =   0.00000E+00   0.11005E+00
       GC_351 =  -0.34821E-14   0.00000E+00
       GC_352 =   0.00000E+00   0.17410E-14
       GC_357 =  -0.92089E-14   0.00000E+00
       GC_358 =   0.00000E+00   0.76741E-14
       GC_365 =  -0.98488E-14   0.00000E+00
       GC_367 =  -0.61393E-14   0.00000E+00
       GC_368 =   0.00000E+00   0.73866E-14
       GC_369 =   0.00000E+00   0.46045E-14
       GC_441 =   0.49314E-14   0.00000E+00
       GC_442 =  -0.00000E+00  -0.41095E-14
       GC_451 =  -0.32876E-14   0.00000E+00
       GC_452 =   0.00000E+00   0.24657E-14
       GC_504 =  -0.11197E-11   0.00000E+00
       GC_506 =   0.00000E+00   0.97970E-12
       GC_524 =   0.00000E+00   0.20207E-11

 Collider parameters:
 --------------------

 Running at P P   machine @    13000.000000000000       GeV
 PDF set = lhapdf 
 alpha_s(Mz)= 0.1127 running at 3 loops.
 alpha_s(Mz)= 0.1127 running at 3 loops.
 Renormalization scale set on event-by-event basis
 Factorization   scale set on event-by-event basis


 getting user params
Enter number of events and max and min iterations: 
 Number of events and iterations         2000           8           3
Enter desired fractional accuracy: 
 Desired fractional accuracy:    1.0000000000000000E-002
Enter 0 for fixed, 2 for adjustable grid: 
Suppress amplitude (0 no, 1 yes)? 
 Using suppressed amplitude.
Exact helicity sum (0 yes, n = number/event)? 
 Explicitly summing over helicities
Enter Configuration Number: 
Running Configuration Number:    9
 Using dconfig=          13
 BW Setting            1           1           1           0           0           0           0
 Attempting mappinvarients           1           9
 Completed mapping           9
 about to integrate           19        2000           8           3          19           1
 Using non-zero grid deformation.
 19 dimensions   2000 events 19 invarients  8 iterations  1 config(s),  (0.99)
 Using h-tuple random number sequence.
 Error opening grid
 Using Uniform Grid!          36
 Using uniform alpha   1.0000000000000000     
 Grid defined OK
 Set CM energy to      13000.00
 Mapping Graph           9  to config           9
 Setting BW          -1           1   80.387000000000000     
 Setting BW          -2           2   172.75999999999999     
 Setting BW          -3           3   172.75999999999999     
 Setting BW          -4           4   80.387000000000000     
 Setting BW          -5           5   172.75999999999999     
Setting grid   6    0.60183E-03   1
 Transforming s_hat 1/s           18   3.7869822485207109E-003   640000.00000000000        168999999.99999997     
   9   1   2   3   4   5   6   7   8   9  10  11  12  13  14
  15  16  17  18  19
 Masses: 0.000E+00 0.000E+00 0.000E+00 0.000E+00 0.418E+01 0.000E+00 0.000E+00 0.418E+01 0.000E+00
Using random seed offsets     9 :      3
  with seed                   24
 Ranmar initialization seeds       31067        9400
 
 ********************************************
 * You are using the DiscreteSampler module *
 *      part of the MG5_aMC framework       *
 *         Author: Valentin Hirschi         *
 ********************************************
 
  Particle       3       4       5       6       7       8       9
      Et >     0.0     0.0     0.0    10.0    10.0     0.0    10.0
       E >     0.0     0.0     0.0     0.0     0.0     0.0     0.0
     Eta <     5.0    -1.0    -1.0    -1.0    -1.0    -1.0    -1.0
   xqcut:      0.0     0.0     0.0     0.0     0.0     0.0    10.0
d R # 3  >    -0.0     0.0     0.0     0.0     0.0     0.0     0.0
d R # 4  >    -0.0    -0.0     0.0     0.0     0.0     0.0     0.0
d R # 5  >    -0.0    -0.0    -0.0     0.0     0.0     0.0     0.0
d R # 6  >    -0.0    -0.0    -0.0    -0.0     0.0     0.0     0.0
d R # 7  >    -0.0    -0.0    -0.0    -0.0    -0.0     0.0     0.0
d R # 8  >    -0.0    -0.0    -0.0    -0.0    -0.0    -0.0     0.0
s min # 3>     0.0     0.0     0.0     0.0     0.0     0.0     0.0
s min # 4>     0.0     0.0     0.0     0.0     0.0     0.0     0.0
s min # 5>     0.0     0.0     0.0     0.0     0.0     0.0     0.0
s min # 6>     0.0     0.0     0.0     0.0   100.0     0.0   100.0
s min # 7>     0.0     0.0     0.0     0.0     0.0     0.0   100.0
s min # 8>     0.0     0.0     0.0     0.0     0.0     0.0     0.0
xqcutij # 3>     0.0     0.0     0.0     0.0     0.0     0.0     0.0
xqcutij # 4>     0.0     0.0     0.0     0.0     0.0     0.0     0.0
xqcutij # 5>     0.0     0.0     0.0     0.0     0.0     0.0     0.0
xqcutij # 6>     0.0     0.0     0.0     0.0    10.0     0.0     0.0
xqcutij # 7>     0.0     0.0     0.0    10.0     0.0     0.0     0.0
xqcutij # 8>     0.0     0.0     0.0     0.0     0.0     0.0     0.0
 Requiring BW           -1           1
 Requiring BW           -2           2
 Requiring BW           -3           3
 No cut BW           -4           4
 No cut BW           -5           5
 alpha_s for scale    1720.7381279748970       is    7.7155462979736508E-002
 Added good helicity            1   207.60539555782498       in event            1 local:           1
 Added good helicity            2   225.33659806304064       in event            1 local:           1
 Added good helicity            3   8.2942933800924004E-002  in event            1 local:           1
 Added good helicity            4   9.0026940223979363E-002  in event            1 local:           1
 Added good helicity           17  0.24305081380065113       in event            1 local:           1
 Added good helicity           18  0.26380934556706515       in event            1 local:           1
 Added good helicity           19   9.7104160058851099E-005  in event            1 local:           1
 Added good helicity           20   1.0539765128276678E-004  in event            1 local:           1
 Added good helicity          385   37.464207209407640       in event            1 local:           1
 Added good helicity          386   40.790849510755955       in event            1 local:           1
 Added good helicity          387   1.4967776970678640E-002  in event            1 local:           1
 Added good helicity          388   1.6296843931811317E-002  in event            1 local:           1
 Added good helicity          401   4.3860642571381191E-002  in event            1 local:           1
 Added good helicity          402   4.7755257720420698E-002  in event            1 local:           1
 Added good helicity          403   1.7523293957071461E-005  in event            1 local:           1
 Added good helicity          404   1.9079278596242719E-005  in event            1 local:           1
 Added good helicity            1   207.60539555783424       in event            1 local:           1
 Added good helicity            2   225.33659806303567       in event            1 local:           1
 Added good helicity            3   8.2942933800928376E-002  in event            1 local:           1
 Added good helicity            4   9.0026940223983776E-002  in event            1 local:           1
 Added good helicity           17  0.24305081380066712       in event            1 local:           1
 Added good helicity           18  0.26380934556706520       in event            1 local:           1
 Added good helicity           19   9.7104160058858336E-005  in event            1 local:           1
 Added good helicity           20   1.0539765128277419E-004  in event            1 local:           1
 Added good helicity          385   37.464207209411683       in event            1 local:           1
 Added good helicity          386   40.790849510747570       in event            1 local:           1
 Added good helicity          387   1.4967776970679790E-002  in event            1 local:           1
 Added good helicity          388   1.6296843931812535E-002  in event            1 local:           1
 Added good helicity          401   4.3860642571386624E-002  in event            1 local:           1
 Added good helicity          402   4.7755257720411698E-002  in event            1 local:           1
 Added good helicity          403   1.7523293957073121E-005  in event            1 local:           1
 Added good helicity          404   1.9079278596244457E-005  in event            1 local:           1
 RESET CUMULATIVE VARIABLE
 RESET CUMULATIVE VARIABLE
 RESET CUMULATIVE VARIABLE
 Iteration  1   Mean: 0.3854E-03 Abs mean: 0.3854E-03   Fluctuation:  0.184E-03   0.344E+00     0.9%
  1    0.3854E-03 0.3854E-03 +- 0.1844E-03     21.39
 Writing out events   2.6641529070155941E-006   21.392743712924283     
 Relative summed weights:
  0.6429E+00  0.2154E+00  0.7856E-01  0.6309E-01
 Relative number of events:
  0.2449E+00  0.2454E+00  0.2514E+00  0.2583E+00
 Events:
         493         494         506         520
 Iteration  2   Mean: 0.3237E-03 Abs mean: 0.3237E-03   Fluctuation:  0.647E-04   0.150E+00     4.2%
  2    0.3237E-03 0.3237E-03 +- 0.6466E-04     12.63
 Relative summed weights:
  0.2827E+00  0.4601E+00  0.1499E+00  0.1073E+00
 Relative number of events:
  0.2757E+00  0.2935E+00  0.2205E+00  0.2102E+00
 Events:
        1103        1174         882         841
 Iteration  3   Mean: 0.2699E-03 Abs mean: 0.2699E-03   Fluctuation:  0.260E-04   0.154E+00     5.1%
  3    0.2699E-03 0.2699E-03 +- 0.2602E-04      8.62
 Relative summed weights:
  0.2768E+00  0.2778E+00  0.2430E+00  0.2024E+00
 Relative number of events:
  0.2935E+00  0.3170E+00  0.1925E+00  0.1970E+00
 Events:
        2348        2536        1540        1576
 Accuracy:    0.069   0.010   0.085   0.659
 Found         2196  events.
 Wrote           13  events.
 Actual xsec    2.8343527576632260E-004
 Correct abs xsec    2.8343527576632260E-004
 Event xsec    2.8343527576632271E-004
 Events wgts > 1:            0
 % Cross section > 1:    0.0000000000000000        0.0000000000000000     
 Iteration  4   Mean: 0.2385E-03 Abs mean: 0.2385E-03   Fluctuation:  0.765E-05   0.356E-01     4.8%
Thanks for using LHAPDF 6.2.1. Please make sure to cite the paper:
  Eur.Phys.J. C75 (2015) 3, 132  (http://arxiv.org/abs/1412.7420)
  4    0.2385E-03 0.2385E-03 +- 0.7647E-05      4.06
 Relative summed weights:
  0.3193E+00  0.3261E+00  0.1952E+00  0.1594E+00
 Relative number of events:
  0.3136E+00  0.3159E+00  0.1899E+00  0.1806E+00
 Events:
        5017        5055        3039        2889
 Accuracy:    0.042   0.010   0.030   1.949
 Found         6276  events.
 Wrote          211  events.
 Actual xsec    2.4349040226492443E-004
 Correct abs xsec    2.4349040226492443E-004
 Event xsec    2.4349040226492446E-004
 Events wgts > 1:            3
 % Cross section > 1:    1.8975225315410327E-006  0.77930075021046397     
 Iteration  5   Mean: 0.2425E-03 Abs mean: 0.2425E-03   Fluctuation:  0.425E-05   0.274E-01     4.8%
  5    0.2425E-03 0.2425E-03 +- 0.4249E-05      3.13
 Relative summed weights:
  0.3347E+00  0.3135E+00  0.1780E+00  0.1738E+00
 Relative number of events:
  0.3108E+00  0.3141E+00  0.1864E+00  0.1887E+00
 Events:
        9945       10052        5966        6037
 Accuracy:    0.018   0.010   0.015   1.484
 Found        15664  events.
 Wrote          681  events.
 Actual xsec    2.4228173002052535E-004
 Correct abs xsec    2.4228173002052535E-004
 Event xsec    2.4228173002052930E-004
 Events wgts > 1:           16
 % Cross section > 1:    2.1013629134684845E-006  0.86732206893620467     
 Iteration  6   Mean: 0.2478E-03 Abs mean: 0.2478E-03   Fluctuation:  0.277E-05   0.448E-01     4.7%
  6    0.2478E-03 0.2478E-03 +- 0.2768E-05      2.83
 Relative summed weights:
  0.3307E+00  0.3124E+00  0.1813E+00  0.1755E+00
 Relative number of events:
  0.3115E+00  0.3100E+00  0.1868E+00  0.1917E+00
 Events:
       19937       19840       11956       12267
 Accuracy:    0.011   0.010   0.009   1.385
 Found        34723  events.
 Wrote         1821  events.
 Actual xsec    2.4567680897153945E-004
 Correct abs xsec    2.4567680897153945E-004
 Event xsec    2.4567680897152839E-004
 Events wgts > 1:           39
 % Cross section > 1:    2.4669810680128988E-006   1.0041570787004150     
 Iteration  7   Mean: 0.2502E-03 Abs mean: 0.2502E-03   Fluctuation:  0.179E-05   0.407E-01     4.5%
  7    0.2502E-03 0.2502E-03 +- 0.1789E-05      2.56
 Relative summed weights:
  0.3179E+00  0.3231E+00  0.1833E+00  0.1758E+00
 Relative number of events:
  0.3134E+00  0.3145E+00  0.1877E+00  0.1843E+00
 Events:
       40117       40259       24028       23596
 Accuracy:    0.007   0.010   0.006   1.475
 Finished due to accuracy    6.7960703826275767E-003   1.0000000000000000E-002

 -------------------------------------------------------------------------------
 Accumulated results:   Integral =  0.2486E-03
                        Std dev  =  0.1391E-05
                       Cross sec =  0.2486E-03
             Chi**2 per DoF.     =      1.4752
 -------------------------------------------------------------------------------
 Found        72691  events.
 Wrote         4791  events.
 Actual xsec    2.4877063710711261E-004
 Correct abs xsec    2.4877063710711261E-004
 Event xsec    2.4877063710713652E-004
 Events wgts > 1:          113
 % Cross section > 1:    2.5032099801168095E-006   1.0062320896170585     
-------------------------------------------------
---------------------------
 Results Last   3 iters: Integral =   0.2488E-03
                     Abs integral =   0.2488E-03
                          Std dev =   0.1417E-05
                  Chi**2 per DoF. =      1.4640
-------------------------------------------------
---------------------------
 Status   1.0000000000000000E-002           8           8

ls status:
events.lhe
ftn26
input_app.txt
results.dat
run1_app.log
