==== LHAPDF6 USING DEFAULT-TYPE LHAGLUE INTERFACE ====
LHAPDF 6.2.1 loading /cvmfs/cms.cern.ch/slc7_amd64_gcc700/external/lhapdf/6.2.1-pafccj3/share/LHAPDF/NNPDF31_nnlo_as_0118_nf_4_mc_hessian/NNPDF31_nnlo_as_0118_nf_4_mc_hessian_0000.dat
NNPDF31_nnlo_as_0118_nf_4_mc_hessian PDF set, member #0, version 1; LHAPDF ID = 325500
 Process in group number            2
 A PDF is used, so alpha_s(MZ) is going to be modified
 Old value of alpha_s from param_card:   0.11790000000000000     
 New value of alpha_s from PDF lhapdf :  0.11266013434007299     
 using LHAPDF
 Warning! ptj set to xqcut=   10.000000000000000       to improve integration efficiency
 Note that this might affect non-radiated jets,
 e.g. from decays. Use cut_decays=F in run_card.
 Warning! mmjj set to xqcut=   10.000000000000000       to improve integration efficiency
 Note that this might affect non-radiated jets,
 e.g. from decays. Use cut_decays=F in run_card.
 Define smin to   640000.00000000000     
 Define smin to   640000.00000000000     
 Define smin to   640000.00000000000     
 Define smin to   640000.00000000000     
 Define smin to   640000.00000000000     
 Define smin to   640000.00000000000     
 *****************************************************
 *               MadGraph/MadEvent                   *
 *        --------------------------------           *
 *          http://madgraph.hep.uiuc.edu             *
 *          http://madgraph.phys.ucl.ac.be           *
 *          http://madgraph.roma2.infn.it            *
 *        --------------------------------           *
 *                                                   *
 *          PARAMETER AND COUPLING VALUES            *
 *                                                   *
 *****************************************************

  External Params
  ---------------------------------
  
 mdl_ctGRe =    9.9999999999999994E-012
 mdl_ctWRe =    3.0000000000000000E-011
 mdl_ctBRe =    5.0000000000000002E-011
 mdl_cHt =    8.9999999999999999E-011
 mdl_cHtbRe =    7.0000000000000004E-011
 mdl_ctGIm =    1.9999999999999999E-011
 mdl_ctWIm =    3.9999999999999998E-011
 mdl_ctBIm =    6.0000000000000000E-011
 mdl_cHtbIm =    7.9999999999999995E-011
 mdl_LambdaSMEFT =    1000.0000000000000     
 mdl_MW =    80.387000000000000     
 mdl_Gf =    1.1663789999999999E-005
 aS =   0.11790000000000000     
 mdl_ymb =    4.1799999999999997     
 mdl_ymt =    172.75999999999999     
 mdl_MZ =    91.187600000000003     
 mdl_MT =    172.75999999999999     
 mdl_MB =    4.1799999999999997     
 mdl_MH =    125.09000000000000     
 mdl_WZ =    2.4952000000000001     
 mdl_WW =    2.0850000000000000     
 mdl_WT =    1.3300000000000001     
 mdl_WH =    4.0699999999999998E-003
  Internal Params
  ---------------------------------
  
 mdl_cHQ3 =    0.0000000000000000     
 mdl_cH =    0.0000000000000000     
 mdl_conjg__cbH =    0.0000000000000000     
 mdl_dGf =    0.0000000000000000     
 mdl_cbWRe =    0.0000000000000000     
 mdl_dMH2 =    0.0000000000000000     
 mdl_conjg__ctHH =    0.0000000000000000     
 mdl_dg1 =    0.0000000000000000     
 mdl_cHB =    0.0000000000000000     
 mdl_cHW =    0.0000000000000000     
 mdl_dgw =    0.0000000000000000     
 mdl_complexi =                (0.0000000000000000,1.0000000000000000)
 mdl_ctG =    (9.99999999999999939E-012,1.99999999999999988E-011)
 mdl_ctW =    (2.99999999999999998E-011,3.99999999999999976E-011)
 mdl_ctB =    (5.00000000000000018E-011,5.99999999999999996E-011)
 mdl_cHtb =    (7.00000000000000038E-011,7.99999999999999952E-011)
 mdl_MWsm =    80.387000000000000     
 mdl_MW__exp__2 =    6462.0697689999997     
 mdl_MZ__exp__2 =    8315.1783937600012     
 mdl_sqrt__2 =    1.4142135623730951     
 mdl_nb__2__exp__0_25 =    1.1892071150027210     
 mdl_MH__exp__2 =    15647.508100000001     
 mdl_sth2 =   0.22285855299877133     
 mdl_nb__10__exp___m_40 =    9.9999999999999993E-041
 mdl_MZ1 =    91.187600000000003     
 mdl_MH1 =    125.09000000000000     
 mdl_MT1 =    172.75999999999999     
 mdl_WZ1 =    2.4952000000000001     
 mdl_WW1 =    2.0850000000000000     
 mdl_WH1 =    4.0699999999999998E-003
 mdl_WT1 =    1.3300000000000001     
 mdl_cth =   0.88155626422890820     
 mdl_MW1 =    80.387000000000000     
 mdl_sqrt__sth2 =   0.47207896902824564     
 mdl_sth =   0.47207896902824564     
 mdl_LambdaSMEFT__exp__2 =    1000000.0000000000     
 mdl_MT__exp__2 =    29846.017599999996     
 mdl_MH__exp__6 =    3831206449390.3818     
 mdl_MWsm__exp__6 =    269845343347.69711     
 mdl_MH__exp__4 =    244844509.73956564     
 mdl_MWsm__exp__4 =    41758345.699423708     
 mdl_MWsm__exp__2 =    6462.0697689999997     
 mdl_MZ__exp__4 =    69142191.720053151     
 mdl_MZ__exp__6 =    574929658687.79749     
 mdl_cth__exp__2 =   0.77714144700122867     
 mdl_sth__exp__2 =   0.22285855299877130     
 mdl_MB__exp__2 =    17.472399999999997     
 mdl_MZ__exp__3 =    758241.16129882948     
 mdl_sth__exp__4 =    4.9665934644706158E-002
 mdl_sth__exp__6 =    1.1068478328250760E-002
 mdl_sth__exp__3 =   0.10520683593878660     
 mdl_sth__exp__5 =    2.3446243222897113E-002
 mdl_cth__exp__3 =   0.68509391079585125     
 mdl_aEW =    7.5614618607353409E-003
 mdl_sqrt__Gf =    3.4152291284773265E-003
 mdl_vevhat =    246.21961912951551     
 mdl_lam =   0.12905352724481209     
 mdl_sqrt__aEW =    8.6956666568672819E-002
 mdl_ee =   0.30825335704310214     
 mdl_yb =    2.4008698866559607E-002
 mdl_yt =   0.99228297037962632     
 mdl_vevhat__exp__2 =    60624.100844283676     
 mdl_vevT =    246.21961912951551     
 mdl_g1 =   0.34966952144878632     
 mdl_gw =   0.65296989967087182     
 mdl_yb0 =          (2.40086988665596072E-002,0.0000000000000000)
 mdl_yt0 =               (0.99228297037962632,0.0000000000000000)
 mdl_ee__exp__2 =    9.5020132128342205E-002
 mdl_gHaa =   -1.9312250240531351E-003
 mdl_gHza =   -6.8562264784117729E-003
 mdl_barlam =   0.12905352724481209     
 mdl_dWT =   -6.5076395941683845E-012
 mdl_gwsh =   0.65296989967087182     
 mdl_vev =    246.21961912951551     
 mdl_g1sh =   0.34966952144878632     
 mdl_ee__exp__3 =    2.9290274715240611E-002
 mdl_vevhat__exp__3 =    14926843.019948866     
  Internal Params evaluated point by point
  ----------------------------------------
  
 mdl_sqrt__aS =   0.34336569426778790     
 mdl_gHgg2 =   -3.6486270703817007E-004
 mdl_gHgg4 =    1.0424648772519146E-004
 mdl_gHgg5 =    1.8764367790534461E-003
 mdl_G__exp__2 =    1.4815750954329465     
 mdl_gHgg1 =    3.1273946317557436E-003
 mdl_gHgg3 =    7.6133275785037098E-004
 mdl_G__exp__3 =                (1.8033727530176447,0.0000000000000000)
  Couplings of SMEFTsim_topU3l_MwScheme_UFO-massless_2t
  ---------------------------------
  
       GC_385 =   0.00000E+00   0.42384E-14
       GC_386 =   0.21192E-14   0.00000E+00
         GC_6 =  -0.00000E+00  -0.12172E+01
         GC_7 =   0.12172E+01   0.00000E+00
         GC_8 =   0.00000E+00   0.14816E+01
         GC_1 =   0.00000E+00   0.10275E+00
         GC_2 =  -0.00000E+00  -0.20550E+00
       GC_202 =  -0.00000E+00  -0.46172E+00
       GC_203 =  -0.00000E+00  -0.37035E+00
       GC_263 =  -0.00000E+00  -0.55024E-01
       GC_264 =   0.00000E+00   0.11005E+00
       GC_351 =  -0.34821E-14   0.00000E+00
       GC_352 =   0.00000E+00   0.17410E-14
       GC_357 =  -0.92089E-14   0.00000E+00
       GC_358 =   0.00000E+00   0.76741E-14
       GC_365 =  -0.98488E-14   0.00000E+00
       GC_367 =  -0.61393E-14   0.00000E+00
       GC_368 =   0.00000E+00   0.73866E-14
       GC_369 =   0.00000E+00   0.46045E-14
       GC_441 =   0.49314E-14   0.00000E+00
       GC_442 =  -0.00000E+00  -0.41095E-14
       GC_451 =  -0.32876E-14   0.00000E+00
       GC_452 =   0.00000E+00   0.24657E-14
       GC_504 =  -0.11197E-11   0.00000E+00
       GC_506 =   0.00000E+00   0.97970E-12
       GC_524 =   0.00000E+00   0.20207E-11

 Collider parameters:
 --------------------

 Running at P P   machine @    13000.000000000000       GeV
 PDF set = lhapdf 
 alpha_s(Mz)= 0.1127 running at 3 loops.
 alpha_s(Mz)= 0.1127 running at 3 loops.
 Renormalization scale set on event-by-event basis
 Factorization   scale set on event-by-event basis


 getting user params
Enter number of events and max and min iterations: 
 Number of events and iterations         2000           8           3
Enter desired fractional accuracy: 
 Desired fractional accuracy:    1.0000000000000000E-002
Enter 0 for fixed, 2 for adjustable grid: 
Suppress amplitude (0 no, 1 yes)? 
 Using suppressed amplitude.
Exact helicity sum (0 yes, n = number/event)? 
 Explicitly summing over helicities
Enter Configuration Number: 
Running Configuration Number:   13
 Not subdividing B.W.
 Attempting mappinvarients           1           9
 Completed mapping           9
 about to integrate           19        2000           8           3          19           1
 Using non-zero grid deformation.
 19 dimensions   2000 events 19 invarients  8 iterations  1 config(s),  (0.99)
 Using h-tuple random number sequence.
 Error opening grid
 Using Uniform Grid!          36
 Using uniform alpha   1.0000000000000000     
 Grid defined OK
 Set CM energy to      13000.00
 Mapping Graph          13  to config          13
 Setting BW          -1           1   80.387000000000000     
 Setting BW          -2           2   172.75999999999999     
 Setting BW          -3           3   80.387000000000000     
 Setting BW          -4           4   172.75999999999999     
Setting grid   5    0.55268E-03   1
Setting grid   6    0.59172E-06   1
 Transforming s_hat 1/s           18   3.7869822485207109E-003   640000.00000000000        168999999.99999997     
  13   1   2   3   4   5   6   7   8   9  10  11  12  13  14
  15  16  17  18  19
 Masses: 0.000E+00 0.000E+00 0.000E+00 0.000E+00 0.418E+01 0.000E+00 0.000E+00 0.418E+01 0.000E+00
Using random seed offsets    13 :      2
  with seed                   24
 Ranmar initialization seeds       31071        9399
 
 ********************************************
 * You are using the DiscreteSampler module *
 *      part of the MG5_aMC framework       *
 *         Author: Valentin Hirschi         *
 ********************************************
 
  Particle       3       4       5       6       7       8       9
      Et >     0.0     0.0     0.0    10.0    10.0     0.0    10.0
       E >     0.0     0.0     0.0     0.0     0.0     0.0     0.0
     Eta <     5.0    -1.0    -1.0    -1.0    -1.0    -1.0    -1.0
   xqcut:      0.0     0.0     0.0     0.0     0.0     0.0    10.0
d R # 3  >    -0.0     0.0     0.0     0.0     0.0     0.0     0.0
d R # 4  >    -0.0    -0.0     0.0     0.0     0.0     0.0     0.0
d R # 5  >    -0.0    -0.0    -0.0     0.0     0.0     0.0     0.0
d R # 6  >    -0.0    -0.0    -0.0    -0.0     0.0     0.0     0.0
d R # 7  >    -0.0    -0.0    -0.0    -0.0    -0.0     0.0     0.0
d R # 8  >    -0.0    -0.0    -0.0    -0.0    -0.0    -0.0     0.0
s min # 3>     0.0     0.0     0.0     0.0     0.0     0.0     0.0
s min # 4>     0.0     0.0     0.0     0.0     0.0     0.0     0.0
s min # 5>     0.0     0.0     0.0     0.0     0.0     0.0     0.0
s min # 6>     0.0     0.0     0.0     0.0   100.0     0.0   100.0
s min # 7>     0.0     0.0     0.0     0.0     0.0     0.0   100.0
s min # 8>     0.0     0.0     0.0     0.0     0.0     0.0     0.0
xqcutij # 3>     0.0     0.0     0.0     0.0     0.0     0.0     0.0
xqcutij # 4>     0.0     0.0     0.0     0.0     0.0     0.0     0.0
xqcutij # 5>     0.0     0.0     0.0     0.0     0.0     0.0     0.0
xqcutij # 6>     0.0     0.0     0.0     0.0    10.0     0.0     0.0
xqcutij # 7>     0.0     0.0     0.0    10.0     0.0     0.0     0.0
xqcutij # 8>     0.0     0.0     0.0     0.0     0.0     0.0     0.0
 No cut BW           -1           1
 No cut BW           -2           2
 No cut BW           -3           3
 No cut BW           -4           4
 alpha_s for scale    2260.3051100768976       is    7.4980637028937397E-002
 Added good helicity            2   98.016266531225085       in event            1 local:           1
 Added good helicity            4  0.19489778012008049       in event            1 local:           1
 Added good helicity           18   4.6376572642504554E-002  in event            1 local:           1
 Added good helicity           20   9.2216234891198302E-005  in event            1 local:           1
 Added good helicity          129   4.7971914399999127       in event            1 local:           1
 Added good helicity          131   9.5388448832299053E-003  in event            1 local:           1
 Added good helicity          145   2.2697997504125015E-003  in event            1 local:           1
 Added good helicity          147   4.5133215978508310E-006  in event            1 local:           1
 Added good helicity          258   38.446054563577526       in event            1 local:           1
 Added good helicity          260   7.6447011841659307E-002  in event            1 local:           1
 Added good helicity          274   1.8190819799664686E-002  in event            1 local:           1
 Added good helicity          276   3.6171041018913550E-005  in event            1 local:           1
 Added good helicity          385   369.48277669591721       in event            1 local:           1
 Added good helicity          387  0.73468798099596699       in event            1 local:           1
 Added good helicity          401  0.17482143971091629       in event            1 local:           1
 Added good helicity          403   3.4761893835643547E-004  in event            1 local:           1
 Added good helicity            2   98.016266531082039       in event            1 local:           1
 Added good helicity            4  0.19489778012016881       in event            1 local:           1
 Added good helicity           18   4.6376572642431960E-002  in event            1 local:           1
 Added good helicity           20   9.2216234891227223E-005  in event            1 local:           1
 Added good helicity          129   4.7971914399855233       in event            1 local:           1
 Added good helicity          131   9.5388448832691985E-003  in event            1 local:           1
 Added good helicity          145   2.2697997504055913E-003  in event            1 local:           1
 Added good helicity          147   4.5133215978693429E-006  in event            1 local:           1
 Added good helicity          258   38.446054563647230       in event            1 local:           1
 Added good helicity          260   7.6447011841868959E-002  in event            1 local:           1
 Added good helicity          274   1.8190819799700227E-002  in event            1 local:           1
 Added good helicity          276   3.6171041019015675E-005  in event            1 local:           1
 Added good helicity          385   369.48277669600418       in event            1 local:           1
 Added good helicity          387  0.73468798099634181       in event            1 local:           1
 Added good helicity          401  0.17482143971096603       in event            1 local:           1
 Added good helicity          403   3.4761893835662277E-004  in event            1 local:           1
 RESET CUMULATIVE VARIABLE
 RESET CUMULATIVE VARIABLE
 RESET CUMULATIVE VARIABLE
 Iteration  1   Mean: 0.4900E-01 Abs mean: 0.4900E-01   Fluctuation:  0.328E-02   0.200E+01     5.7%
  1    0.4900E-01 0.4900E-01 +- 0.3275E-02      2.99
 Writing out events   5.3442376012822049E-005   2.9893651779851664     
 Relative summed weights:
  0.3073E+00  0.3414E+00  0.7746E-01  0.5992E-01  0.4942E-01  0.6396E-01  0.1798E-01  0.1037E-01  0.8508E-02  0.6437E-02  0.2911E-01  0.2812E-01
 Relative number of events:
  0.2804E+00  0.2695E+00  0.6537E-01  0.6687E-01  0.5938E-01  0.6387E-01  0.1647E-01  0.1397E-01  0.1148E-01  0.1697E-01  0.7086E-01  0.6487E-01
 Events:
         562         540         131         134         119         128          33          28          23          34         142         130
 Iteration  2   Mean: 0.4981E-01 Abs mean: 0.4981E-01   Fluctuation:  0.137E-02   0.914E+00    11.5%
  2    0.4981E-01 0.4981E-01 +- 0.1365E-02      1.73
 Relative summed weights:
  0.3070E+00  0.3286E+00  0.5930E-01  0.6439E-01  0.5669E-01  0.7526E-01  0.8443E-02  0.1328E-01  0.1087E-01  0.9227E-02  0.3139E-01  0.3552E-01
 Relative number of events:
  0.2813E+00  0.2973E+00  0.6452E-01  0.6527E-01  0.6102E-01  0.7127E-01  0.1425E-01  0.1425E-01  0.1475E-01  0.1175E-01  0.5351E-01  0.5076E-01
 Events:
        1125        1189         258         261         244         285          57          57          59          47         214         203
 Iteration  3   Mean: 0.5198E-01 Abs mean: 0.5198E-01   Fluctuation:  0.879E-03   0.816E+00    12.0%
Thanks for using LHAPDF 6.2.1. Please make sure to cite the paper:
  Eur.Phys.J. C75 (2015) 3, 132  (http://arxiv.org/abs/1412.7420)
  3    0.5198E-01 0.5198E-01 +- 0.8793E-03      1.51
 Relative summed weights:
  0.3032E+00  0.3034E+00  0.7114E-01  0.6887E-01  0.6741E-01  0.7315E-01  0.1307E-01  0.1198E-01  0.9975E-02  0.1188E-01  0.3621E-01  0.2975E-01
 Relative number of events:
  0.2952E+00  0.2996E+00  0.6927E-01  0.6339E-01  0.6852E-01  0.6752E-01  0.1338E-01  0.1200E-01  0.1113E-01  0.1338E-01  0.4564E-01  0.4101E-01
 Events:
        2361        2396         554         507         548         540         107          96          89         107         365         328
 Accuracy:    0.015   0.010   0.014   1.090
 Found         4484  events.
 Wrote         1375  events.
 Actual xsec    5.1273247984286986E-002
 Correct abs xsec    5.1273247991777557E-002
 Event xsec    5.1273247991777703E-002
 Events wgts > 1:           59
 % Cross section > 1:    5.0309149026007873E-004  0.98119684233921689     
 Iteration  4   Mean: 0.5054E-01 Abs mean: 0.5054E-01   Fluctuation:  0.567E-03   0.879E+00    10.9%
  4    0.5054E-01 0.5054E-01 +- 0.5667E-03      1.42
 Relative summed weights:
  0.3046E+00  0.3192E+00  0.6670E-01  0.6779E-01  0.7035E-01  0.6940E-01  0.9224E-02  0.9316E-02  0.9253E-02  0.1063E-01  0.2919E-01  0.3430E-01
 Relative number of events:
  0.2992E+00  0.3065E+00  0.6707E-01  0.6638E-01  0.6726E-01  0.6876E-01  0.1125E-01  0.1131E-01  0.1163E-01  0.1225E-01  0.3838E-01  0.4007E-01
 Events:
        4786        4903        1073        1062        1076        1100         180         181         186         196         614         641
 Accuracy:    0.009   0.010   0.009   0.951
 Finished due to accuracy    8.5535036364357622E-003   1.0000000000000000E-002

 -------------------------------------------------------------------------------
 Accumulated results:   Integral =  0.5083E-01
                        Std dev  =  0.4457E-03
                       Cross sec =  0.5083E-01
             Chi**2 per DoF.     =      0.9513
 -------------------------------------------------------------------------------
 Found         9694  events.
 Wrote         3142  events.
 Actual xsec    5.0858894737928574E-002
 Correct abs xsec    5.0858894752859679E-002
 Event xsec    5.0858894752859617E-002
 Events wgts > 1:          103
 % Cross section > 1:    5.0738622579779807E-004  0.99763517918224043     
-------------------------------------------------
---------------------------
 Results Last   3 iters: Integral =   0.5086E-01
                     Abs integral =   0.5086E-01
                          Std dev =   0.4499E-03
                  Chi**2 per DoF. =      1.2566
-------------------------------------------------
---------------------------
 Status   1.0000000000000000E-002           5           8

ls status:
events.lhe
ftn26
input_app.txt
results.dat
run1_app.log
