==== LHAPDF6 USING DEFAULT-TYPE LHAGLUE INTERFACE ====
LHAPDF 6.2.1 loading /cvmfs/cms.cern.ch/slc7_amd64_gcc700/external/lhapdf/6.2.1-pafccj3/share/LHAPDF/NNPDF31_nnlo_as_0118_nf_4_mc_hessian/NNPDF31_nnlo_as_0118_nf_4_mc_hessian_0000.dat
NNPDF31_nnlo_as_0118_nf_4_mc_hessian PDF set, member #0, version 1; LHAPDF ID = 325500
 Process in group number            2
 A PDF is used, so alpha_s(MZ) is going to be modified
 Old value of alpha_s from param_card:   0.11790000000000000     
 New value of alpha_s from PDF lhapdf :  0.11266013434007299     
 using LHAPDF
 Warning! ptj set to xqcut=   10.000000000000000       to improve integration efficiency
 Note that this might affect non-radiated jets,
 e.g. from decays. Use cut_decays=F in run_card.
 Warning! mmjj set to xqcut=   10.000000000000000       to improve integration efficiency
 Note that this might affect non-radiated jets,
 e.g. from decays. Use cut_decays=F in run_card.
 Define smin to   640000.00000000000     
 *****************************************************
 *               MadGraph/MadEvent                   *
 *        --------------------------------           *
 *          http://madgraph.hep.uiuc.edu             *
 *          http://madgraph.phys.ucl.ac.be           *
 *          http://madgraph.roma2.infn.it            *
 *        --------------------------------           *
 *                                                   *
 *          PARAMETER AND COUPLING VALUES            *
 *                                                   *
 *****************************************************

  External Params
  ---------------------------------
  
 mdl_ctGRe =    9.9999999999999994E-012
 mdl_ctWRe =    3.0000000000000000E-011
 mdl_ctBRe =    5.0000000000000002E-011
 mdl_cHt =    8.9999999999999999E-011
 mdl_cHtbRe =    7.0000000000000004E-011
 mdl_ctGIm =    1.9999999999999999E-011
 mdl_ctWIm =    3.9999999999999998E-011
 mdl_ctBIm =    6.0000000000000000E-011
 mdl_cHtbIm =    7.9999999999999995E-011
 mdl_LambdaSMEFT =    1000.0000000000000     
 mdl_MW =    80.387000000000000     
 mdl_Gf =    1.1663789999999999E-005
 aS =   0.11790000000000000     
 mdl_ymb =    4.1799999999999997     
 mdl_ymt =    172.75999999999999     
 mdl_MZ =    91.187600000000003     
 mdl_MT =    172.75999999999999     
 mdl_MB =    4.1799999999999997     
 mdl_MH =    125.09000000000000     
 mdl_WZ =    2.4952000000000001     
 mdl_WW =    2.0850000000000000     
 mdl_WT =    1.3300000000000001     
 mdl_WH =    4.0699999999999998E-003
  Internal Params
  ---------------------------------
  
 mdl_cHQ3 =    0.0000000000000000     
 mdl_cH =    0.0000000000000000     
 mdl_conjg__cbH =    0.0000000000000000     
 mdl_dGf =    0.0000000000000000     
 mdl_cbWRe =    0.0000000000000000     
 mdl_dMH2 =    0.0000000000000000     
 mdl_conjg__ctHH =    0.0000000000000000     
 mdl_dg1 =    0.0000000000000000     
 mdl_cHB =    0.0000000000000000     
 mdl_cHW =    0.0000000000000000     
 mdl_dgw =    0.0000000000000000     
 mdl_complexi =                (0.0000000000000000,1.0000000000000000)
 mdl_ctG =    (9.99999999999999939E-012,1.99999999999999988E-011)
 mdl_ctW =    (2.99999999999999998E-011,3.99999999999999976E-011)
 mdl_ctB =    (5.00000000000000018E-011,5.99999999999999996E-011)
 mdl_cHtb =    (7.00000000000000038E-011,7.99999999999999952E-011)
 mdl_MWsm =    80.387000000000000     
 mdl_MW__exp__2 =    6462.0697689999997     
 mdl_MZ__exp__2 =    8315.1783937600012     
 mdl_sqrt__2 =    1.4142135623730951     
 mdl_nb__2__exp__0_25 =    1.1892071150027210     
 mdl_MH__exp__2 =    15647.508100000001     
 mdl_sth2 =   0.22285855299877133     
 mdl_nb__10__exp___m_40 =    9.9999999999999993E-041
 mdl_MZ1 =    91.187600000000003     
 mdl_MH1 =    125.09000000000000     
 mdl_MT1 =    172.75999999999999     
 mdl_WZ1 =    2.4952000000000001     
 mdl_WW1 =    2.0850000000000000     
 mdl_WH1 =    4.0699999999999998E-003
 mdl_WT1 =    1.3300000000000001     
 mdl_cth =   0.88155626422890820     
 mdl_MW1 =    80.387000000000000     
 mdl_sqrt__sth2 =   0.47207896902824564     
 mdl_sth =   0.47207896902824564     
 mdl_LambdaSMEFT__exp__2 =    1000000.0000000000     
 mdl_MT__exp__2 =    29846.017599999996     
 mdl_MH__exp__6 =    3831206449390.3818     
 mdl_MWsm__exp__6 =    269845343347.69711     
 mdl_MH__exp__4 =    244844509.73956564     
 mdl_MWsm__exp__4 =    41758345.699423708     
 mdl_MWsm__exp__2 =    6462.0697689999997     
 mdl_MZ__exp__4 =    69142191.720053151     
 mdl_MZ__exp__6 =    574929658687.79749     
 mdl_cth__exp__2 =   0.77714144700122867     
 mdl_sth__exp__2 =   0.22285855299877130     
 mdl_MB__exp__2 =    17.472399999999997     
 mdl_MZ__exp__3 =    758241.16129882948     
 mdl_sth__exp__4 =    4.9665934644706158E-002
 mdl_sth__exp__6 =    1.1068478328250760E-002
 mdl_sth__exp__3 =   0.10520683593878660     
 mdl_sth__exp__5 =    2.3446243222897113E-002
 mdl_cth__exp__3 =   0.68509391079585125     
 mdl_aEW =    7.5614618607353409E-003
 mdl_sqrt__Gf =    3.4152291284773265E-003
 mdl_vevhat =    246.21961912951551     
 mdl_lam =   0.12905352724481209     
 mdl_sqrt__aEW =    8.6956666568672819E-002
 mdl_ee =   0.30825335704310214     
 mdl_yb =    2.4008698866559607E-002
 mdl_yt =   0.99228297037962632     
 mdl_vevhat__exp__2 =    60624.100844283676     
 mdl_vevT =    246.21961912951551     
 mdl_g1 =   0.34966952144878632     
 mdl_gw =   0.65296989967087182     
 mdl_yb0 =          (2.40086988665596072E-002,0.0000000000000000)
 mdl_yt0 =               (0.99228297037962632,0.0000000000000000)
 mdl_ee__exp__2 =    9.5020132128342205E-002
 mdl_gHaa =   -1.9312250240531351E-003
 mdl_gHza =   -6.8562264784117729E-003
 mdl_barlam =   0.12905352724481209     
 mdl_dWT =   -6.5076395941683845E-012
 mdl_gwsh =   0.65296989967087182     
 mdl_vev =    246.21961912951551     
 mdl_g1sh =   0.34966952144878632     
 mdl_ee__exp__3 =    2.9290274715240611E-002
 mdl_vevhat__exp__3 =    14926843.019948866     
  Internal Params evaluated point by point
  ----------------------------------------
  
 mdl_sqrt__aS =   0.34336569426778790     
 mdl_gHgg2 =   -3.6486270703817007E-004
 mdl_gHgg4 =    1.0424648772519146E-004
 mdl_gHgg5 =    1.8764367790534461E-003
 mdl_G__exp__2 =    1.4815750954329465     
 mdl_gHgg1 =    3.1273946317557436E-003
 mdl_gHgg3 =    7.6133275785037098E-004
 mdl_G__exp__3 =                (1.8033727530176447,0.0000000000000000)
  Couplings of SMEFTsim_topU3l_MwScheme_UFO-massless_2t
  ---------------------------------
  
       GC_385 =   0.00000E+00   0.42384E-14
       GC_386 =   0.21192E-14   0.00000E+00
         GC_6 =  -0.00000E+00  -0.12172E+01
         GC_7 =   0.12172E+01   0.00000E+00
         GC_8 =   0.00000E+00   0.14816E+01
         GC_1 =   0.00000E+00   0.10275E+00
         GC_2 =  -0.00000E+00  -0.20550E+00
       GC_202 =  -0.00000E+00  -0.46172E+00
       GC_203 =  -0.00000E+00  -0.37035E+00
       GC_263 =  -0.00000E+00  -0.55024E-01
       GC_264 =   0.00000E+00   0.11005E+00
       GC_351 =  -0.34821E-14   0.00000E+00
       GC_352 =   0.00000E+00   0.17410E-14
       GC_357 =  -0.92089E-14   0.00000E+00
       GC_358 =   0.00000E+00   0.76741E-14
       GC_365 =  -0.98488E-14   0.00000E+00
       GC_367 =  -0.61393E-14   0.00000E+00
       GC_368 =   0.00000E+00   0.73866E-14
       GC_369 =   0.00000E+00   0.46045E-14
       GC_441 =   0.49314E-14   0.00000E+00
       GC_442 =  -0.00000E+00  -0.41095E-14
       GC_451 =  -0.32876E-14   0.00000E+00
       GC_452 =   0.00000E+00   0.24657E-14
       GC_504 =  -0.11197E-11   0.00000E+00
       GC_506 =   0.00000E+00   0.97970E-12
       GC_524 =   0.00000E+00   0.20207E-11

 Collider parameters:
 --------------------

 Running at P P   machine @    13000.000000000000       GeV
 PDF set = lhapdf 
 alpha_s(Mz)= 0.1127 running at 3 loops.
 alpha_s(Mz)= 0.1127 running at 3 loops.
 Renormalization scale set on event-by-event basis
 Factorization   scale set on event-by-event basis


 getting user params
Enter number of events and max and min iterations: 
 Number of events and iterations         2000           8           3
Enter desired fractional accuracy: 
 Desired fractional accuracy:    1.0000000000000000E-002
Enter 0 for fixed, 2 for adjustable grid: 
Suppress amplitude (0 no, 1 yes)? 
 Using suppressed amplitude.
Exact helicity sum (0 yes, n = number/event)? 
 Explicitly summing over helicities
Enter Configuration Number: 
Running Configuration Number:    2
 Using dconfig=          23
 BW Setting            2           1           2           0           0           0           0
 Attempting mappinvarients           1           9
 Completed mapping           9
 about to integrate           19        2000           8           3          19           1
 Using non-zero grid deformation.
 19 dimensions   2000 events 19 invarients  8 iterations  1 config(s),  (0.99)
 Using h-tuple random number sequence.
 Error opening grid
 Using Uniform Grid!          36
 Using uniform alpha   1.0000000000000000     
 Grid defined OK
 Set CM energy to      13000.00
 Mapping Graph           2  to config           2
Setting grid   1    0.59172E-08   1
 Setting BW          -2           2   172.75999999999999     
Setting grid   3    0.13817E-03   1
 Setting BW          -4           4   80.387000000000000     
 Setting BW          -5           5   172.75999999999999     
Setting grid   6    0.55268E-03   1
 Transforming s_hat 1/s           18   3.7869822485207109E-003   640000.00000000000        168999999.99999997     
   2   1   2   3   4   5   6   7   8   9  10  11  12  13  14
  15  16  17  18  19
 Masses: 0.000E+00 0.000E+00 0.000E+00 0.000E+00 0.418E+01 0.000E+00 0.000E+00 0.418E+01 0.000E+00
Using random seed offsets     2 :      1
  with seed                   24
 Ranmar initialization seeds       31060        9398
 
 ********************************************
 * You are using the DiscreteSampler module *
 *      part of the MG5_aMC framework       *
 *         Author: Valentin Hirschi         *
 ********************************************
 
  Particle       3       4       5       6       7       8       9
      Et >     0.0     0.0     0.0    10.0    10.0     0.0    10.0
       E >     0.0     0.0     0.0     0.0     0.0     0.0     0.0
     Eta <     5.0    -1.0    -1.0    -1.0    -1.0    -1.0    -1.0
   xqcut:      0.0     0.0     0.0     0.0     0.0     0.0    10.0
d R # 3  >    -0.0     0.0     0.0     0.0     0.0     0.0     0.0
d R # 4  >    -0.0    -0.0     0.0     0.0     0.0     0.0     0.0
d R # 5  >    -0.0    -0.0    -0.0     0.0     0.0     0.0     0.0
d R # 6  >    -0.0    -0.0    -0.0    -0.0     0.0     0.0     0.0
d R # 7  >    -0.0    -0.0    -0.0    -0.0    -0.0     0.0     0.0
d R # 8  >    -0.0    -0.0    -0.0    -0.0    -0.0    -0.0     0.0
s min # 3>     0.0     0.0     0.0     0.0     0.0     0.0     0.0
s min # 4>     0.0     0.0     0.0     0.0     0.0     0.0     0.0
s min # 5>     0.0     0.0     0.0     0.0     0.0     0.0     0.0
s min # 6>     0.0     0.0     0.0     0.0   100.0     0.0   100.0
s min # 7>     0.0     0.0     0.0     0.0     0.0     0.0   100.0
s min # 8>     0.0     0.0     0.0     0.0     0.0     0.0     0.0
xqcutij # 3>     0.0     0.0     0.0     0.0     0.0     0.0     0.0
xqcutij # 4>     0.0     0.0     0.0     0.0     0.0     0.0     0.0
xqcutij # 5>     0.0     0.0     0.0     0.0     0.0     0.0     0.0
xqcutij # 6>     0.0     0.0     0.0     0.0    10.0     0.0     0.0
xqcutij # 7>     0.0     0.0     0.0    10.0     0.0     0.0     0.0
xqcutij # 8>     0.0     0.0     0.0     0.0     0.0     0.0     0.0
 Excluding BW           -1           1
 Requiring BW           -2           2
 Excluding BW           -3           3
 No cut BW           -4           4
 No cut BW           -5           5
 alpha_s for scale    509.76581629234067       is    8.8666529423834767E-002
 Added good helicity            1   233.17254881568809       in event            1 local:           1
 Added good helicity            2   9.8788232876382338       in event            1 local:           1
 Added good helicity            3  0.16387649155409276       in event            1 local:           1
 Added good helicity            4   6.9429566614243304E-003  in event            1 local:           1
 Added good helicity           17   2.3191764592740563E-004  in event            1 local:           1
 Added good helicity           18   9.8256567999293632E-006  in event            1 local:           1
 Added good helicity           19   1.6299453060449835E-007  in event            1 local:           1
 Added good helicity          129   54.606395726919864       in event            1 local:           1
 Added good helicity          130   85.043248682725675       in event            1 local:           1
 Added good helicity          131   3.8378036326548362E-002  in event            1 local:           1
 Added good helicity          132   5.9769425239565264E-002  in event            1 local:           1
 Added good helicity          145   5.4312511174860054E-005  in event            1 local:           1
 Added good helicity          146   8.4585556870844851E-005  in event            1 local:           1
 Added good helicity          147   3.8171490703739506E-008  in event            1 local:           1
 Added good helicity          148   5.9447753890496406E-008  in event            1 local:           1
 Added good helicity          257   13.266539686826260       in event            1 local:           1
 Added good helicity          258   97.006495036340041       in event            1 local:           1
 Added good helicity          259   9.3238847785939733E-003  in event            1 local:           1
 Added good helicity          260   6.8177339677957735E-002  in event            1 local:           1
 Added good helicity          273   1.3195140871151814E-005  in event            1 local:           1
 Added good helicity          274   9.6484419103073026E-005  in event            1 local:           1
 Added good helicity          276   6.7810418388546074E-008  in event            1 local:           1
 Added good helicity          385   6.4978274324795540E-002  in event            1 local:           1
 Added good helicity          386   18.600874523887509       in event            1 local:           1
 Added good helicity          387   4.5667518232431315E-005  in event            1 local:           1
 Added good helicity          388   1.3072919915075950E-002  in event            1 local:           1
 Added good helicity          401   6.4628571028024106E-008  in event            1 local:           1
 Added good helicity          402   1.8500767160446310E-005  in event            1 local:           1
 Added good helicity          404   1.3002563247517338E-008  in event            1 local:           1
 Added good helicity          275   1.4016384137293772E-004  in event            3 local:           3
 Added good helicity          403   1.2690387068203274E-008  in event            3 local:           3
 Added good helicity           20   8.1253442899327912E-007  in event            5 local:           5
 RESET CUMULATIVE VARIABLE
 RESET CUMULATIVE VARIABLE
 Iteration  1   Mean: 0.1551E-04 Abs mean: 0.1551E-04   Fluctuation:  0.341E-05   0.391E-02     8.9%
  1    0.1551E-04 0.1551E-04 +- 0.3412E-05      9.84
 Writing out events   1.0831235479036284E-008   9.8402527577124452     
 Relative summed weights:
  0.1000E+01  0.0000E+00
 Relative number of events:
  0.1000E+01  0.0000E+00
 Events:
        2008           0
 Iteration  2   Mean: 0.3892E-04 Abs mean: 0.3892E-04   Fluctuation:  0.108E-04   0.417E-01    21.4%
  2    0.3892E-04 0.3892E-04 +- 0.1082E-04     17.57
 Relative summed weights:
  0.1000E+01  0.0000E+00
 Relative number of events:
  0.1000E+01  0.0000E+00
 Events:
        3996           0
 Iteration  3   Mean: 0.3099E-04 Abs mean: 0.3099E-04   Fluctuation:  0.345E-05   0.214E-01    20.1%
  3    0.3099E-04 0.3099E-04 +- 0.3451E-05      9.96
 Relative summed weights:
  0.1000E+01  0.0000E+00
 Relative number of events:
  0.1000E+01  0.0000E+00
 Events:
        7998           0
 Accuracy:    0.166   0.010   0.094   3.164
 Found         1237  events.
 Wrote            3  events.
 Actual xsec    2.9087369391987485E-005
 Correct abs xsec    2.9087369577653438E-005
 Event xsec    2.9087369577653435E-005
 Events wgts > 1:            0
 % Cross section > 1:    0.0000000000000000        0.0000000000000000     
 Iteration  4   Mean: 0.3190E-04 Abs mean: 0.3190E-04   Fluctuation:  0.152E-05   0.147E-01    20.3%
  4    0.3190E-04 0.3190E-04 +- 0.1517E-05      6.02
 Relative summed weights:
  0.1000E+01  0.0000E+00
 Relative number of events:
  0.1000E+01  0.0000E+00
 Events:
       15996           0
 Accuracy:    0.061   0.010   0.042   2.063
Thanks for using LHAPDF 6.2.1. Please make sure to cite the paper:
  Eur.Phys.J. C75 (2015) 3, 132  (http://arxiv.org/abs/1412.7420)
 Found         3869  events.
 Wrote           38  events.
 Actual xsec    3.1934157067923768E-005
 Correct abs xsec    3.1934157427259443E-005
 Event xsec    3.1934157427259450E-005
 Events wgts > 1:            1
 % Cross section > 1:    1.4422936857414609E-013   4.5164607490482860E-007
 Iteration  5   Mean: 0.3395E-04 Abs mean: 0.3395E-04   Fluctuation:  0.985E-06   0.163E-01    17.1%
  5    0.3395E-04 0.3395E-04 +- 0.9853E-06      5.19
 Relative summed weights:
  0.1000E+01  0.0000E+00
 Relative number of events:
  0.1000E+01  0.0000E+00
 Events:
       31995           0
 Accuracy:    0.034   0.010   0.024   1.979
 Found         9935  events.
 Wrote          129  events.
 Actual xsec    3.3278335148559162E-005
 Correct abs xsec    3.3278335286958234E-005
 Event xsec    3.3278335286958166E-005
 Events wgts > 1:            3
 % Cross section > 1:    3.1140493648889784E-007  0.93575875657138996     
 Iteration  6   Mean: 0.3278E-04 Abs mean: 0.3278E-04   Fluctuation:  0.444E-06   0.654E-02    15.0%
  6    0.3278E-04 0.3278E-04 +- 0.4440E-06      3.43
 Relative summed weights:
  0.1000E+01  0.0000E+00
 Relative number of events:
  0.1000E+01  0.0000E+00
 Events:
       63983           0
 Accuracy:    0.015   0.010   0.012   1.635
 Found        23353  events.
 Wrote          772  events.
 Actual xsec    3.2917913821238965E-005
 Correct abs xsec    3.2917913970635147E-005
 Event xsec    3.2917913970635425E-005
 Events wgts > 1:           22
 % Cross section > 1:    2.7179466442715846E-007  0.82567402256903066     
 Iteration  7   Mean: 0.3363E-04 Abs mean: 0.3363E-04   Fluctuation:  0.381E-06   0.182E-01    13.5%
  7    0.3363E-04 0.3363E-04 +- 0.3815E-06      4.06
 Exceeded boost          18           1   128000.000    
 Relative summed weights:
  0.1000E+01  0.0000E+00
 Relative number of events:
  0.1000E+01  0.0000E+00
 Events:
      127978           0
 Accuracy:    0.011   0.010   0.008   1.665
 Found        53726  events.
 Wrote          846  events.
 Actual xsec    3.3332616177024198E-005
 Correct abs xsec    3.3332616245595865E-005
 Event xsec    3.3332616245594598E-005
 Events wgts > 1:           10
 % Cross section > 1:    3.3781735631594211E-007   1.0134738714384286     
 Iteration  8   Mean: 0.3350E-04 Abs mean: 0.3350E-04   Fluctuation:  0.264E-06   0.285E-01    11.7%
  8    0.3350E-04 0.3350E-04 +- 0.2636E-06      3.98
 Exceeded boost          18           2   128000.000    
 Relative summed weights:
  0.1000E+01  0.0000E+00
 Relative number of events:
  0.1000E+01  0.0000E+00
 Events:
      255960           0
 Accuracy:    0.007   0.010   0.006   1.477
 Finished due to accuracy    6.8892936703790781E-003   1.0000000000000000E-002

 -------------------------------------------------------------------------------
 Accumulated results:   Integral =  0.3339E-04
                        Std dev  =  0.1893E-06
                       Cross sec =  0.3339E-04
             Chi**2 per DoF.     =      1.4768
 -------------------------------------------------------------------------------
 Found       117579  events.
 Wrote         2129  events.
 Actual xsec    3.3402365959397731E-005
 Correct abs xsec    3.3402366059462280E-005
 Event xsec    3.3402366059460294E-005
 Events wgts > 1:           23
 % Cross section > 1:    3.3320952366978449E-007  0.99756263696000103     
-------------------------------------------------
---------------------------
 Results Last   3 iters: Integral =   0.3340E-04
                     Abs integral =   0.3340E-04
                          Std dev =   0.1949E-06
                  Chi**2 per DoF. =      1.2459
-------------------------------------------------
---------------------------
 Status   1.0000000000000000E-002           9           8

ls status:
events.lhe
ftn26
input_app.txt
results.dat
run1_app.log
