==== LHAPDF6 USING DEFAULT-TYPE LHAGLUE INTERFACE ====
LHAPDF 6.2.1 loading /cvmfs/cms.cern.ch/slc7_amd64_gcc700/external/lhapdf/6.2.1-pafccj3/share/LHAPDF/NNPDF31_nnlo_as_0118_nf_4_mc_hessian/NNPDF31_nnlo_as_0118_nf_4_mc_hessian_0000.dat
NNPDF31_nnlo_as_0118_nf_4_mc_hessian PDF set, member #0, version 1; LHAPDF ID = 325500
 Process in group number            2
 A PDF is used, so alpha_s(MZ) is going to be modified
 Old value of alpha_s from param_card:   0.11790000000000000     
 New value of alpha_s from PDF lhapdf :  0.11266013434007299     
 using LHAPDF
 Warning! ptj set to xqcut=   10.000000000000000       to improve integration efficiency
 Note that this might affect non-radiated jets,
 e.g. from decays. Use cut_decays=F in run_card.
 Warning! mmjj set to xqcut=   10.000000000000000       to improve integration efficiency
 Note that this might affect non-radiated jets,
 e.g. from decays. Use cut_decays=F in run_card.
 Define smin to   640000.00000000000     
 Define smin to   640000.00000000000     
 *****************************************************
 *               MadGraph/MadEvent                   *
 *        --------------------------------           *
 *          http://madgraph.hep.uiuc.edu             *
 *          http://madgraph.phys.ucl.ac.be           *
 *          http://madgraph.roma2.infn.it            *
 *        --------------------------------           *
 *                                                   *
 *          PARAMETER AND COUPLING VALUES            *
 *                                                   *
 *****************************************************

  External Params
  ---------------------------------
  
 mdl_ctGRe =    9.9999999999999994E-012
 mdl_ctWRe =    3.0000000000000000E-011
 mdl_ctBRe =    5.0000000000000002E-011
 mdl_cHt =    8.9999999999999999E-011
 mdl_cHtbRe =    7.0000000000000004E-011
 mdl_ctGIm =    1.9999999999999999E-011
 mdl_ctWIm =    3.9999999999999998E-011
 mdl_ctBIm =    6.0000000000000000E-011
 mdl_cHtbIm =    7.9999999999999995E-011
 mdl_LambdaSMEFT =    1000.0000000000000     
 mdl_MW =    80.387000000000000     
 mdl_Gf =    1.1663789999999999E-005
 aS =   0.11790000000000000     
 mdl_ymb =    4.1799999999999997     
 mdl_ymt =    172.75999999999999     
 mdl_MZ =    91.187600000000003     
 mdl_MT =    172.75999999999999     
 mdl_MB =    4.1799999999999997     
 mdl_MH =    125.09000000000000     
 mdl_WZ =    2.4952000000000001     
 mdl_WW =    2.0850000000000000     
 mdl_WT =    1.3300000000000001     
 mdl_WH =    4.0699999999999998E-003
  Internal Params
  ---------------------------------
  
 mdl_cHQ3 =    0.0000000000000000     
 mdl_cH =    0.0000000000000000     
 mdl_conjg__cbH =    0.0000000000000000     
 mdl_dGf =    0.0000000000000000     
 mdl_cbWRe =    0.0000000000000000     
 mdl_dMH2 =    0.0000000000000000     
 mdl_conjg__ctHH =    0.0000000000000000     
 mdl_dg1 =    0.0000000000000000     
 mdl_cHB =    0.0000000000000000     
 mdl_cHW =    0.0000000000000000     
 mdl_dgw =    0.0000000000000000     
 mdl_complexi =                (0.0000000000000000,1.0000000000000000)
 mdl_ctG =    (9.99999999999999939E-012,1.99999999999999988E-011)
 mdl_ctW =    (2.99999999999999998E-011,3.99999999999999976E-011)
 mdl_ctB =    (5.00000000000000018E-011,5.99999999999999996E-011)
 mdl_cHtb =    (7.00000000000000038E-011,7.99999999999999952E-011)
 mdl_MWsm =    80.387000000000000     
 mdl_MW__exp__2 =    6462.0697689999997     
 mdl_MZ__exp__2 =    8315.1783937600012     
 mdl_sqrt__2 =    1.4142135623730951     
 mdl_nb__2__exp__0_25 =    1.1892071150027210     
 mdl_MH__exp__2 =    15647.508100000001     
 mdl_sth2 =   0.22285855299877133     
 mdl_nb__10__exp___m_40 =    9.9999999999999993E-041
 mdl_MZ1 =    91.187600000000003     
 mdl_MH1 =    125.09000000000000     
 mdl_MT1 =    172.75999999999999     
 mdl_WZ1 =    2.4952000000000001     
 mdl_WW1 =    2.0850000000000000     
 mdl_WH1 =    4.0699999999999998E-003
 mdl_WT1 =    1.3300000000000001     
 mdl_cth =   0.88155626422890820     
 mdl_MW1 =    80.387000000000000     
 mdl_sqrt__sth2 =   0.47207896902824564     
 mdl_sth =   0.47207896902824564     
 mdl_LambdaSMEFT__exp__2 =    1000000.0000000000     
 mdl_MT__exp__2 =    29846.017599999996     
 mdl_MH__exp__6 =    3831206449390.3818     
 mdl_MWsm__exp__6 =    269845343347.69711     
 mdl_MH__exp__4 =    244844509.73956564     
 mdl_MWsm__exp__4 =    41758345.699423708     
 mdl_MWsm__exp__2 =    6462.0697689999997     
 mdl_MZ__exp__4 =    69142191.720053151     
 mdl_MZ__exp__6 =    574929658687.79749     
 mdl_cth__exp__2 =   0.77714144700122867     
 mdl_sth__exp__2 =   0.22285855299877130     
 mdl_MB__exp__2 =    17.472399999999997     
 mdl_MZ__exp__3 =    758241.16129882948     
 mdl_sth__exp__4 =    4.9665934644706158E-002
 mdl_sth__exp__6 =    1.1068478328250760E-002
 mdl_sth__exp__3 =   0.10520683593878660     
 mdl_sth__exp__5 =    2.3446243222897113E-002
 mdl_cth__exp__3 =   0.68509391079585125     
 mdl_aEW =    7.5614618607353409E-003
 mdl_sqrt__Gf =    3.4152291284773265E-003
 mdl_vevhat =    246.21961912951551     
 mdl_lam =   0.12905352724481209     
 mdl_sqrt__aEW =    8.6956666568672819E-002
 mdl_ee =   0.30825335704310214     
 mdl_yb =    2.4008698866559607E-002
 mdl_yt =   0.99228297037962632     
 mdl_vevhat__exp__2 =    60624.100844283676     
 mdl_vevT =    246.21961912951551     
 mdl_g1 =   0.34966952144878632     
 mdl_gw =   0.65296989967087182     
 mdl_yb0 =          (2.40086988665596072E-002,0.0000000000000000)
 mdl_yt0 =               (0.99228297037962632,0.0000000000000000)
 mdl_ee__exp__2 =    9.5020132128342205E-002
 mdl_gHaa =   -1.9312250240531351E-003
 mdl_gHza =   -6.8562264784117729E-003
 mdl_barlam =   0.12905352724481209     
 mdl_dWT =   -6.5076395941683845E-012
 mdl_gwsh =   0.65296989967087182     
 mdl_vev =    246.21961912951551     
 mdl_g1sh =   0.34966952144878632     
 mdl_ee__exp__3 =    2.9290274715240611E-002
 mdl_vevhat__exp__3 =    14926843.019948866     
  Internal Params evaluated point by point
  ----------------------------------------
  
 mdl_sqrt__aS =   0.34336569426778790     
 mdl_gHgg2 =   -3.6486270703817007E-004
 mdl_gHgg4 =    1.0424648772519146E-004
 mdl_gHgg5 =    1.8764367790534461E-003
 mdl_G__exp__2 =    1.4815750954329465     
 mdl_gHgg1 =    3.1273946317557436E-003
 mdl_gHgg3 =    7.6133275785037098E-004
 mdl_G__exp__3 =                (1.8033727530176447,0.0000000000000000)
  Couplings of SMEFTsim_topU3l_MwScheme_UFO-massless_2t
  ---------------------------------
  
       GC_385 =   0.00000E+00   0.42384E-14
       GC_386 =   0.21192E-14   0.00000E+00
         GC_6 =  -0.00000E+00  -0.12172E+01
         GC_7 =   0.12172E+01   0.00000E+00
         GC_8 =   0.00000E+00   0.14816E+01
         GC_1 =   0.00000E+00   0.10275E+00
         GC_2 =  -0.00000E+00  -0.20550E+00
       GC_202 =  -0.00000E+00  -0.46172E+00
       GC_203 =  -0.00000E+00  -0.37035E+00
       GC_263 =  -0.00000E+00  -0.55024E-01
       GC_264 =   0.00000E+00   0.11005E+00
       GC_351 =  -0.34821E-14   0.00000E+00
       GC_352 =   0.00000E+00   0.17410E-14
       GC_357 =  -0.92089E-14   0.00000E+00
       GC_358 =   0.00000E+00   0.76741E-14
       GC_365 =  -0.98488E-14   0.00000E+00
       GC_367 =  -0.61393E-14   0.00000E+00
       GC_368 =   0.00000E+00   0.73866E-14
       GC_369 =   0.00000E+00   0.46045E-14
       GC_441 =   0.49314E-14   0.00000E+00
       GC_442 =  -0.00000E+00  -0.41095E-14
       GC_451 =  -0.32876E-14   0.00000E+00
       GC_452 =   0.00000E+00   0.24657E-14
       GC_504 =  -0.11197E-11   0.00000E+00
       GC_506 =   0.00000E+00   0.97970E-12
       GC_524 =   0.00000E+00   0.20207E-11

 Collider parameters:
 --------------------

 Running at P P   machine @    13000.000000000000       GeV
 PDF set = lhapdf 
 alpha_s(Mz)= 0.1127 running at 3 loops.
 alpha_s(Mz)= 0.1127 running at 3 loops.
 Renormalization scale set on event-by-event basis
 Factorization   scale set on event-by-event basis


 getting user params
Enter number of events and max and min iterations: 
 Number of events and iterations         2000           8           3
Enter desired fractional accuracy: 
 Desired fractional accuracy:    1.0000000000000000E-002
Enter 0 for fixed, 2 for adjustable grid: 
Suppress amplitude (0 no, 1 yes)? 
 Using suppressed amplitude.
Exact helicity sum (0 yes, n = number/event)? 
 Explicitly summing over helicities
Enter Configuration Number: 
Running Configuration Number:    2
 Using dconfig=         202
 BW Setting            1           1           1           1           2           0           0
 Attempting mappinvarients           1           9
 Completed mapping           9
 about to integrate           19        2000           8           3          19           1
 Using non-zero grid deformation.
 19 dimensions   2000 events 19 invarients  8 iterations  1 config(s),  (0.99)
 Using h-tuple random number sequence.
 Error opening grid
 Using Uniform Grid!          36
 Using uniform alpha   1.0000000000000000     
 Grid defined OK
 Set CM energy to      13000.00
 Mapping Graph           2  to config           2
 Setting BW          -1           1   80.387000000000000     
 Setting BW          -2           2   172.75999999999999     
 Setting BW          -3           3   80.387000000000000     
 Setting BW          -4           4   172.75999999999999     
Setting grid   5    0.55268E-03   1
Setting grid   6    0.59172E-06   1
 Transforming s_hat 1/s           18   3.7869822485207109E-003   640000.00000000000        168999999.99999997     
   2   1   2   3   4   5   6   7   8   9  10  11  12  13  14
  15  16  17  18  19
 Masses: 0.000E+00 0.000E+00 0.000E+00 0.000E+00 0.418E+01 0.000E+00 0.000E+00 0.418E+01 0.000E+00
Using random seed offsets     2 :      3
  with seed                   24
 Ranmar initialization seeds       31060        9400
 
 ********************************************
 * You are using the DiscreteSampler module *
 *      part of the MG5_aMC framework       *
 *         Author: Valentin Hirschi         *
 ********************************************
 
  Particle       3       4       5       6       7       8       9
      Et >     0.0     0.0     0.0    10.0    10.0     0.0    10.0
       E >     0.0     0.0     0.0     0.0     0.0     0.0     0.0
     Eta <     5.0    -1.0    -1.0    -1.0    -1.0    -1.0    -1.0
   xqcut:      0.0     0.0     0.0     0.0     0.0     0.0    10.0
d R # 3  >    -0.0     0.0     0.0     0.0     0.0     0.0     0.0
d R # 4  >    -0.0    -0.0     0.0     0.0     0.0     0.0     0.0
d R # 5  >    -0.0    -0.0    -0.0     0.0     0.0     0.0     0.0
d R # 6  >    -0.0    -0.0    -0.0    -0.0     0.0     0.0     0.0
d R # 7  >    -0.0    -0.0    -0.0    -0.0    -0.0     0.0     0.0
d R # 8  >    -0.0    -0.0    -0.0    -0.0    -0.0    -0.0     0.0
s min # 3>     0.0     0.0     0.0     0.0     0.0     0.0     0.0
s min # 4>     0.0     0.0     0.0     0.0     0.0     0.0     0.0
s min # 5>     0.0     0.0     0.0     0.0     0.0     0.0     0.0
s min # 6>     0.0     0.0     0.0     0.0   100.0     0.0   100.0
s min # 7>     0.0     0.0     0.0     0.0     0.0     0.0   100.0
s min # 8>     0.0     0.0     0.0     0.0     0.0     0.0     0.0
xqcutij # 3>     0.0     0.0     0.0     0.0     0.0     0.0     0.0
xqcutij # 4>     0.0     0.0     0.0     0.0     0.0     0.0     0.0
xqcutij # 5>     0.0     0.0     0.0     0.0     0.0     0.0     0.0
xqcutij # 6>     0.0     0.0     0.0     0.0    10.0     0.0     0.0
xqcutij # 7>     0.0     0.0     0.0    10.0     0.0     0.0     0.0
xqcutij # 8>     0.0     0.0     0.0     0.0     0.0     0.0     0.0
 Requiring BW           -1           1
 Requiring BW           -2           2
 Requiring BW           -3           3
 Requiring BW           -4           4
 Excluding BW           -5           5
 alpha_s for scale    1114.6922855352695       is    8.0896402236905765E-002
 Added good helicity            1  0.56712828460965570       in event            1 local:           1
 Added good helicity            2   337.11055201261138       in event            1 local:           1
 Added good helicity            3   1.0061749981022114E-003  in event            1 local:           1
 Added good helicity            4  0.59808727270638817       in event            1 local:           1
 Added good helicity           17   8.2532727329353856E-004  in event            1 local:           1
 Added good helicity           18  0.49058835595993344       in event            1 local:           1
 Added good helicity           19   1.4642607152126305E-006  in event            1 local:           1
 Added good helicity           20   8.7038109630757036E-004  in event            1 local:           1
 Added good helicity          385   169.36622897964264       in event            1 local:           1
 Added good helicity          386   3.3066306542457977       in event            1 local:           1
 Added good helicity          387  0.30048239481708905       in event            1 local:           1
 Added good helicity          388   5.8664841494998265E-003  in event            1 local:           1
 Added good helicity          401  0.24647433701072122       in event            1 local:           1
 Added good helicity          402   4.8120549378804639E-003  in event            1 local:           1
 Added good helicity          403   4.3728433638820876E-004  in event            1 local:           1
 Added good helicity          404   8.5373441945656914E-006  in event            1 local:           1
 Added good helicity            1  0.56712828460968145       in event            1 local:           1
 Added good helicity            2   337.11055201261161       in event            1 local:           1
 Added good helicity            3   1.0061749981022734E-003  in event            1 local:           1
 Added good helicity            4  0.59808727270638995       in event            1 local:           1
 Added good helicity           17   8.2532727329354117E-004  in event            1 local:           1
 Added good helicity           18  0.49058835595993139       in event            1 local:           1
 Added good helicity           19   1.4642607152126000E-006  in event            1 local:           1
 Added good helicity           20   8.7038109630756700E-004  in event            1 local:           1
 Added good helicity          385   169.36622897964244       in event            1 local:           1
 Added good helicity          386   3.3066306542457204       in event            1 local:           1
 Added good helicity          387  0.30048239481708994       in event            1 local:           1
 Added good helicity          388   5.8664841494997857E-003  in event            1 local:           1
 Added good helicity          401  0.24647433701071433       in event            1 local:           1
 Added good helicity          402   4.8120549378803338E-003  in event            1 local:           1
 Added good helicity          403   4.3728433638819380E-004  in event            1 local:           1
 Added good helicity          404   8.5373441945654457E-006  in event            1 local:           1
 RESET CUMULATIVE VARIABLE
 RESET CUMULATIVE VARIABLE
 RESET CUMULATIVE VARIABLE
 Iteration  1   Mean: 0.5435E-03 Abs mean: 0.5435E-03   Fluctuation:  0.426E-04   0.488E-01     4.9%
  1    0.5435E-03 0.5435E-03 +- 0.4259E-04      3.50
 Writing out events   6.8642813562641580E-007   3.5041413359656550     
 Relative summed weights:
  0.2827E+00  0.3018E+00  0.1978E+00  0.2178E+00
 Relative number of events:
  0.2155E+00  0.2174E+00  0.2793E+00  0.2878E+00
 Events:
         435         439         564         581
 Iteration  2   Mean: 0.5117E-03 Abs mean: 0.5117E-03   Fluctuation:  0.224E-04   0.316E-01    12.6%
  2    0.5117E-03 0.5117E-03 +- 0.2240E-04      2.77
 Relative summed weights:
  0.3206E+00  0.3274E+00  0.1863E+00  0.1658E+00
 Relative number of events:
  0.2587E+00  0.2555E+00  0.2385E+00  0.2472E+00
 Events:
        1035        1022         954         989
 Iteration  3   Mean: 0.5069E-03 Abs mean: 0.5069E-03   Fluctuation:  0.116E-04   0.206E-01    14.6%
  3    0.5069E-03 0.5069E-03 +- 0.1157E-04      2.04
 Relative summed weights:
  0.3051E+00  0.2983E+00  0.1942E+00  0.2025E+00
 Relative number of events:
  0.2702E+00  0.2655E+00  0.2340E+00  0.2303E+00
 Events:
        2162        2124        1872        1842
 Accuracy:    0.012   0.010   0.020   0.389
 Found         3301  events.
 Wrote          463  events.
 Actual xsec    5.1017026238088460E-004
 Correct abs xsec    5.1017026238088460E-004
 Event xsec    5.1017026238088460E-004
 Events wgts > 1:           11
 % Cross section > 1:    4.1651645611915210E-006  0.81642637141438845     
 Iteration  4   Mean: 0.5374E-03 Abs mean: 0.5374E-03   Fluctuation:  0.856E-05   0.290E-01    15.0%
Thanks for using LHAPDF 6.2.1. Please make sure to cite the paper:
  Eur.Phys.J. C75 (2015) 3, 132  (http://arxiv.org/abs/1412.7420)
  4    0.5374E-03 0.5374E-03 +- 0.8559E-05      2.01
 Relative summed weights:
  0.2989E+00  0.2957E+00  0.2036E+00  0.2018E+00
 Relative number of events:
  0.2686E+00  0.2706E+00  0.2315E+00  0.2293E+00
 Events:
        4297        4330        3704        3669
 Accuracy:    0.016   0.010   0.012   1.645
 Found         7117  events.
 Wrote          885  events.
 Actual xsec    5.2616128741747993E-004
 Correct abs xsec    5.2616128741747993E-004
 Event xsec    5.2616128741748730E-004
 Events wgts > 1:           20
 % Cross section > 1:    5.2140736769860806E-006  0.99096490024529837     
 Iteration  5   Mean: 0.5165E-03 Abs mean: 0.5165E-03   Fluctuation:  0.554E-05   0.478E-01    14.6%
  5    0.5165E-03 0.5165E-03 +- 0.5544E-05      1.92
 Relative summed weights:
  0.3005E+00  0.2915E+00  0.2039E+00  0.2040E+00
 Relative number of events:
  0.2742E+00  0.2742E+00  0.2239E+00  0.2278E+00
 Events:
        8773        8774        7164        7289
 Accuracy:    0.010   0.010   0.008   1.610
 Found        14414  events.
 Wrote         1971  events.
 Actual xsec    5.2092892022048091E-004
 Correct abs xsec    5.2092892022048091E-004
 Event xsec    5.2092892022050194E-004
 Events wgts > 1:           39
 % Cross section > 1:    5.2483323861343426E-006   1.0074949157963424     
 Iteration  6   Mean: 0.5236E-03 Abs mean: 0.5236E-03   Fluctuation:  0.543E-05   0.252E+00    13.9%
  6    0.5236E-03 0.5236E-03 +- 0.5431E-05      2.62
 Relative summed weights:
  0.2941E+00  0.3043E+00  0.1999E+00  0.2016E+00
 Relative number of events:
  0.2755E+00  0.2775E+00  0.2241E+00  0.2229E+00
 Events:
       17629       17759       14345       14267
 Accuracy:    0.007   0.010   0.006   1.315
 Finished due to accuracy    7.3226563310595039E-003   1.0000000000000000E-002

 -------------------------------------------------------------------------------
 Accumulated results:   Integral =  0.5219E-03
                        Std dev  =  0.3333E-05
                       Cross sec =  0.5219E-03
             Chi**2 per DoF.     =      1.3150
 -------------------------------------------------------------------------------
 Found        31101  events.
 Wrote         2253  events.
 Actual xsec    5.2329717110949608E-004
 Correct abs xsec    5.2329717110949608E-004
 Event xsec    5.2329717110948957E-004
 Events wgts > 1:           12
 % Cross section > 1:    5.2793307319434780E-006   1.0088590237838078     
-------------------------------------------------
---------------------------
 Results Last   3 iters: Integral =   0.5233E-03
                     Abs integral =   0.5233E-03
                          Std dev =   0.3535E-05
                  Chi**2 per DoF. =      2.1122
-------------------------------------------------
---------------------------
 Status   1.0000000000000000E-002           7           8

ls status:
events.lhe
ftn26
input_app.txt
results.dat
run1_app.log
