==== LHAPDF6 USING DEFAULT-TYPE LHAGLUE INTERFACE ====
LHAPDF 6.2.1 loading /cvmfs/cms.cern.ch/slc7_amd64_gcc700/external/lhapdf/6.2.1-pafccj3/share/LHAPDF/NNPDF31_nnlo_as_0118_nf_4_mc_hessian/NNPDF31_nnlo_as_0118_nf_4_mc_hessian_0000.dat
NNPDF31_nnlo_as_0118_nf_4_mc_hessian PDF set, member #0, version 1; LHAPDF ID = 325500
 Process in group number            3
 A PDF is used, so alpha_s(MZ) is going to be modified
 Old value of alpha_s from param_card:   0.11790000000000000     
 New value of alpha_s from PDF lhapdf :  0.11266013434007299     
 using LHAPDF
 Warning! ptj set to xqcut=   10.000000000000000       to improve integration efficiency
 Note that this might affect non-radiated jets,
 e.g. from decays. Use cut_decays=F in run_card.
 Warning! mmjj set to xqcut=   10.000000000000000       to improve integration efficiency
 Note that this might affect non-radiated jets,
 e.g. from decays. Use cut_decays=F in run_card.
 Define smin to   640000.00000000000     
 Define smin to   640000.00000000000     
 *****************************************************
 *               MadGraph/MadEvent                   *
 *        --------------------------------           *
 *          http://madgraph.hep.uiuc.edu             *
 *          http://madgraph.phys.ucl.ac.be           *
 *          http://madgraph.roma2.infn.it            *
 *        --------------------------------           *
 *                                                   *
 *          PARAMETER AND COUPLING VALUES            *
 *                                                   *
 *****************************************************

  External Params
  ---------------------------------
  
 mdl_ctGRe =    9.9999999999999994E-012
 mdl_ctWRe =    3.0000000000000000E-011
 mdl_ctBRe =    5.0000000000000002E-011
 mdl_cHt =    8.9999999999999999E-011
 mdl_cHtbRe =    7.0000000000000004E-011
 mdl_ctGIm =    1.9999999999999999E-011
 mdl_ctWIm =    3.9999999999999998E-011
 mdl_ctBIm =    6.0000000000000000E-011
 mdl_cHtbIm =    7.9999999999999995E-011
 mdl_LambdaSMEFT =    1000.0000000000000     
 mdl_MW =    80.387000000000000     
 mdl_Gf =    1.1663789999999999E-005
 aS =   0.11790000000000000     
 mdl_ymb =    4.1799999999999997     
 mdl_ymt =    172.75999999999999     
 mdl_MZ =    91.187600000000003     
 mdl_MT =    172.75999999999999     
 mdl_MB =    4.1799999999999997     
 mdl_MH =    125.09000000000000     
 mdl_WZ =    2.4952000000000001     
 mdl_WW =    2.0850000000000000     
 mdl_WT =    1.3300000000000001     
 mdl_WH =    4.0699999999999998E-003
  Internal Params
  ---------------------------------
  
 mdl_cHQ3 =    0.0000000000000000     
 mdl_cH =    0.0000000000000000     
 mdl_conjg__cbH =    0.0000000000000000     
 mdl_dGf =    0.0000000000000000     
 mdl_cbWRe =    0.0000000000000000     
 mdl_dMH2 =    0.0000000000000000     
 mdl_conjg__ctHH =    0.0000000000000000     
 mdl_dg1 =    0.0000000000000000     
 mdl_cHB =    0.0000000000000000     
 mdl_cHW =    0.0000000000000000     
 mdl_dgw =    0.0000000000000000     
 mdl_complexi =                (0.0000000000000000,1.0000000000000000)
 mdl_ctG =    (9.99999999999999939E-012,1.99999999999999988E-011)
 mdl_ctW =    (2.99999999999999998E-011,3.99999999999999976E-011)
 mdl_ctB =    (5.00000000000000018E-011,5.99999999999999996E-011)
 mdl_cHtb =    (7.00000000000000038E-011,7.99999999999999952E-011)
 mdl_MWsm =    80.387000000000000     
 mdl_MW__exp__2 =    6462.0697689999997     
 mdl_MZ__exp__2 =    8315.1783937600012     
 mdl_sqrt__2 =    1.4142135623730951     
 mdl_nb__2__exp__0_25 =    1.1892071150027210     
 mdl_MH__exp__2 =    15647.508100000001     
 mdl_sth2 =   0.22285855299877133     
 mdl_nb__10__exp___m_40 =    9.9999999999999993E-041
 mdl_MZ1 =    91.187600000000003     
 mdl_MH1 =    125.09000000000000     
 mdl_MT1 =    172.75999999999999     
 mdl_WZ1 =    2.4952000000000001     
 mdl_WW1 =    2.0850000000000000     
 mdl_WH1 =    4.0699999999999998E-003
 mdl_WT1 =    1.3300000000000001     
 mdl_cth =   0.88155626422890820     
 mdl_MW1 =    80.387000000000000     
 mdl_sqrt__sth2 =   0.47207896902824564     
 mdl_sth =   0.47207896902824564     
 mdl_LambdaSMEFT__exp__2 =    1000000.0000000000     
 mdl_MT__exp__2 =    29846.017599999996     
 mdl_MH__exp__6 =    3831206449390.3818     
 mdl_MWsm__exp__6 =    269845343347.69711     
 mdl_MH__exp__4 =    244844509.73956564     
 mdl_MWsm__exp__4 =    41758345.699423708     
 mdl_MWsm__exp__2 =    6462.0697689999997     
 mdl_MZ__exp__4 =    69142191.720053151     
 mdl_MZ__exp__6 =    574929658687.79749     
 mdl_cth__exp__2 =   0.77714144700122867     
 mdl_sth__exp__2 =   0.22285855299877130     
 mdl_MB__exp__2 =    17.472399999999997     
 mdl_MZ__exp__3 =    758241.16129882948     
 mdl_sth__exp__4 =    4.9665934644706158E-002
 mdl_sth__exp__6 =    1.1068478328250760E-002
 mdl_sth__exp__3 =   0.10520683593878660     
 mdl_sth__exp__5 =    2.3446243222897113E-002
 mdl_cth__exp__3 =   0.68509391079585125     
 mdl_aEW =    7.5614618607353409E-003
 mdl_sqrt__Gf =    3.4152291284773265E-003
 mdl_vevhat =    246.21961912951551     
 mdl_lam =   0.12905352724481209     
 mdl_sqrt__aEW =    8.6956666568672819E-002
 mdl_ee =   0.30825335704310214     
 mdl_yb =    2.4008698866559607E-002
 mdl_yt =   0.99228297037962632     
 mdl_vevhat__exp__2 =    60624.100844283676     
 mdl_vevT =    246.21961912951551     
 mdl_g1 =   0.34966952144878632     
 mdl_gw =   0.65296989967087182     
 mdl_yb0 =          (2.40086988665596072E-002,0.0000000000000000)
 mdl_yt0 =               (0.99228297037962632,0.0000000000000000)
 mdl_ee__exp__2 =    9.5020132128342205E-002
 mdl_gHaa =   -1.9312250240531351E-003
 mdl_gHza =   -6.8562264784117729E-003
 mdl_barlam =   0.12905352724481209     
 mdl_dWT =   -6.5076395941683845E-012
 mdl_gwsh =   0.65296989967087182     
 mdl_vev =    246.21961912951551     
 mdl_g1sh =   0.34966952144878632     
 mdl_ee__exp__3 =    2.9290274715240611E-002
 mdl_vevhat__exp__3 =    14926843.019948866     
  Internal Params evaluated point by point
  ----------------------------------------
  
 mdl_sqrt__aS =   0.34336569426778790     
 mdl_gHgg2 =   -3.6486270703817007E-004
 mdl_gHgg4 =    1.0424648772519146E-004
 mdl_gHgg5 =    1.8764367790534461E-003
 mdl_G__exp__2 =    1.4815750954329465     
 mdl_gHgg1 =    3.1273946317557436E-003
 mdl_gHgg3 =    7.6133275785037098E-004
 mdl_G__exp__3 =                (1.8033727530176447,0.0000000000000000)
  Couplings of SMEFTsim_topU3l_MwScheme_UFO-massless_2t
  ---------------------------------
  
       GC_385 =   0.00000E+00   0.42384E-14
       GC_386 =   0.21192E-14   0.00000E+00
         GC_6 =  -0.00000E+00  -0.12172E+01
         GC_7 =   0.12172E+01   0.00000E+00
         GC_8 =   0.00000E+00   0.14816E+01
         GC_1 =   0.00000E+00   0.10275E+00
         GC_2 =  -0.00000E+00  -0.20550E+00
       GC_202 =  -0.00000E+00  -0.46172E+00
       GC_203 =  -0.00000E+00  -0.37035E+00
       GC_263 =  -0.00000E+00  -0.55024E-01
       GC_264 =   0.00000E+00   0.11005E+00
       GC_351 =  -0.34821E-14   0.00000E+00
       GC_352 =   0.00000E+00   0.17410E-14
       GC_357 =  -0.92089E-14   0.00000E+00
       GC_358 =   0.00000E+00   0.76741E-14
       GC_365 =  -0.98488E-14   0.00000E+00
       GC_367 =  -0.61393E-14   0.00000E+00
       GC_368 =   0.00000E+00   0.73866E-14
       GC_369 =   0.00000E+00   0.46045E-14
       GC_441 =   0.49314E-14   0.00000E+00
       GC_442 =  -0.00000E+00  -0.41095E-14
       GC_451 =  -0.32876E-14   0.00000E+00
       GC_452 =   0.00000E+00   0.24657E-14
       GC_504 =  -0.11197E-11   0.00000E+00
       GC_506 =   0.00000E+00   0.97970E-12
       GC_524 =   0.00000E+00   0.20207E-11

 Collider parameters:
 --------------------

 Running at P P   machine @    13000.000000000000       GeV
 PDF set = lhapdf 
 alpha_s(Mz)= 0.1127 running at 3 loops.
 alpha_s(Mz)= 0.1127 running at 3 loops.
 Renormalization scale set on event-by-event basis
 Factorization   scale set on event-by-event basis


 getting user params
Enter number of events and max and min iterations: 
 Number of events and iterations         2000           8           3
Enter desired fractional accuracy: 
 Desired fractional accuracy:    1.0000000000000000E-002
Enter 0 for fixed, 2 for adjustable grid: 
Suppress amplitude (0 no, 1 yes)? 
 Using suppressed amplitude.
Exact helicity sum (0 yes, n = number/event)? 
 Explicitly summing over helicities
Enter Configuration Number: 
Running Configuration Number:    5
 Using dconfig=         635
 BW Setting            2           1           1           2           1           2           0
 Attempting mappinvarients           1           9
 Completed mapping           9
 about to integrate           19        2000           8           3          19           1
 Using non-zero grid deformation.
 19 dimensions   2000 events 19 invarients  8 iterations  1 config(s),  (0.99)
 Using h-tuple random number sequence.
 Error opening grid
 Using Uniform Grid!          36
 Using uniform alpha   1.0000000000000000     
 Grid defined OK
 Set CM energy to      13000.00
 Mapping Graph           5  to config           5
Setting grid   1    0.59172E-06   1
 Setting BW          -2           2   172.75999999999999     
 Setting BW          -3           3   172.75999999999999     
Setting grid   4    0.59172E-08   1
 Setting BW          -5           5   172.75999999999999     
Setting grid   6    0.60183E-03   1
 Transforming s_hat 1/s           18   3.7869822485207109E-003   640000.00000000000        168999999.99999997     
   5   1   2   3   4   5   6   7   8   9  10  11  12  13  14
  15  16  17  18  19
 Masses: 0.000E+00 0.000E+00 0.000E+00 0.000E+00 0.418E+01 0.000E+00 0.000E+00 0.418E+01 0.000E+00
Using random seed offsets     5 :      6
  with seed                   24
 Ranmar initialization seeds       31063        9403
 
 ********************************************
 * You are using the DiscreteSampler module *
 *      part of the MG5_aMC framework       *
 *         Author: Valentin Hirschi         *
 ********************************************
 
  Particle       3       4       5       6       7       8       9
      Et >    10.0    10.0     0.0     0.0     0.0     0.0    10.0
       E >     0.0     0.0     0.0     0.0     0.0     0.0     0.0
     Eta <    -1.0    -1.0    -1.0     5.0    -1.0    -1.0    -1.0
   xqcut:      0.0     0.0     0.0     0.0     0.0     0.0    10.0
d R # 3  >    -0.0     0.0     0.0     0.0     0.0     0.0     0.0
d R # 4  >    -0.0    -0.0     0.0     0.0     0.0     0.0     0.0
d R # 5  >    -0.0    -0.0    -0.0     0.0     0.0     0.0     0.0
d R # 6  >    -0.0    -0.0    -0.0    -0.0     0.0     0.0     0.0
d R # 7  >    -0.0    -0.0    -0.0    -0.0    -0.0     0.0     0.0
d R # 8  >    -0.0    -0.0    -0.0    -0.0    -0.0    -0.0     0.0
s min # 3>     0.0   100.0     0.0     0.0     0.0     0.0   100.0
s min # 4>     0.0     0.0     0.0     0.0     0.0     0.0   100.0
s min # 5>     0.0     0.0     0.0     0.0     0.0     0.0     0.0
s min # 6>     0.0     0.0     0.0     0.0     0.0     0.0     0.0
s min # 7>     0.0     0.0     0.0     0.0     0.0     0.0     0.0
s min # 8>     0.0     0.0     0.0     0.0     0.0     0.0     0.0
xqcutij # 3>     0.0    10.0     0.0     0.0     0.0     0.0     0.0
xqcutij # 4>    10.0     0.0     0.0     0.0     0.0     0.0     0.0
xqcutij # 5>     0.0     0.0     0.0     0.0     0.0     0.0     0.0
xqcutij # 6>     0.0     0.0     0.0     0.0     0.0     0.0     0.0
xqcutij # 7>     0.0     0.0     0.0     0.0     0.0     0.0     0.0
xqcutij # 8>     0.0     0.0     0.0     0.0     0.0     0.0     0.0
 Excluding BW           -1           1
 Requiring BW           -2           2
 Requiring BW           -3           3
 Excluding BW           -4           4
 Requiring BW           -5           5
 Excluding BW           -6           6
 alpha_s for scale    9424.0319559661111       is    6.5366540116520294E-002
 Added good helicity            1   124.92288592465118       in event            1 local:           1
 Added good helicity            2   135.10125332002730       in event            1 local:           1
 Added good helicity            3   8.9544713056860528E-002  in event            1 local:           1
 Added good helicity            4   9.6840565862831088E-002  in event            1 local:           1
 Added good helicity           17   5.3381371184338979       in event            1 local:           1
 Added good helicity           18   5.7730736026184202       in event            1 local:           1
 Added good helicity           19   3.8263761919225332E-003  in event            1 local:           1
 Added good helicity           20   4.1381386234887307E-003  in event            1 local:           1
 Added good helicity          385   110.73713473698261       in event            1 local:           1
 Added good helicity          386   119.90509763672023       in event            1 local:           1
 Added good helicity          387   7.9376367925788241E-002  in event            1 local:           1
 Added good helicity          388   8.5947962883452605E-002  in event            1 local:           1
 Added good helicity          401   4.7319592799255306       in event            1 local:           1
 Added good helicity          402   5.1237197063118307       in event            1 local:           1
 Added good helicity          403   3.3918679736958789E-003  in event            1 local:           1
 Added good helicity          404   3.6726818110562301E-003  in event            1 local:           1
 Added good helicity            1   124.92288592464527       in event            1 local:           1
 Added good helicity            2   135.10125332003076       in event            1 local:           1
 Added good helicity            3   8.9544713056861402E-002  in event            1 local:           1
 Added good helicity            4   9.6840565862839040E-002  in event            1 local:           1
 Added good helicity           17   5.3381371184333108       in event            1 local:           1
 Added good helicity           18   5.7730736026178207       in event            1 local:           1
 Added good helicity           19   3.8263761919223294E-003  in event            1 local:           1
 Added good helicity           20   4.1381386234885398E-003  in event            1 local:           1
 Added good helicity          385   110.73713473697619       in event            1 local:           1
 Added good helicity          386   119.90509763673131       in event            1 local:           1
 Added good helicity          387   7.9376367925795777E-002  in event            1 local:           1
 Added good helicity          388   8.5947962883473783E-002  in event            1 local:           1
 Added good helicity          401   4.7319592799249230       in event            1 local:           1
 Added good helicity          402   5.1237197063112383       in event            1 local:           1
 Added good helicity          403   3.3918679736959626E-003  in event            1 local:           1
 Added good helicity          404   3.6726818110563711E-003  in event            1 local:           1
 RESET CUMULATIVE VARIABLE
 RESET CUMULATIVE VARIABLE
 RESET CUMULATIVE VARIABLE
 Iteration  1   Mean: 0.2832E-09 Abs mean: 0.2832E-09   Fluctuation:  0.196E-09   0.203E-06     0.3%
  1    0.2832E-09 0.2832E-09 +- 0.1956E-09     22.29
 Writing out events   3.5401179414292635E-012   22.291825788234419     
 Relative summed weights:
  0.6969E-01  0.7180E-01  0.7686E+00  0.8992E-01
 Relative number of events:
  0.2299E+00  0.2356E+00  0.2441E+00  0.2904E+00
 Events:
         243         249         258         307
 Iteration  2   Mean: 0.2082E-09 Abs mean: 0.2082E-09   Fluctuation:  0.446E-10   0.101E-06     3.3%
  2    0.2082E-09 0.2082E-09 +- 0.4464E-10     13.56
 Relative summed weights:
  0.2962E+00  0.1757E+00  0.2093E+00  0.3188E+00
 Relative number of events:
  0.2412E+00  0.2223E+00  0.2675E+00  0.2690E+00
 Events:
         965         889        1070        1076
 Iteration  3   Mean: 0.8436E-09 Abs mean: 0.8436E-09   Fluctuation:  0.279E-09   0.203E-05     5.5%
  3    0.8436E-09 0.8436E-09 +- 0.2795E-09     29.63
 Relative summed weights:
  0.2310E+00  0.5252E+00  0.9451E-01  0.1492E+00
 Relative number of events:
  0.2564E+00  0.2445E+00  0.2450E+00  0.2541E+00
 Events:
        2051        1956        1960        2033
 Accuracy:    0.513   0.010   0.174   8.668
 Found         1522  events.
 Wrote            4  events.
 Actual xsec    3.8861613943213980E-010
 Correct abs xsec    3.8861613943213980E-010
 Event xsec    3.8861613943213980E-010
 Events wgts > 1:            1
 % Cross section > 1:    2.1397461233494837E-017   5.5060660282307357E-006
 Iteration  4   Mean: 0.6992E-09 Abs mean: 0.6992E-09   Fluctuation:  0.973E-10   0.939E-06     6.6%
  4    0.6992E-09 0.6992E-09 +- 0.9725E-10     17.59
 Relative summed weights:
  0.2020E+00  0.4362E+00  0.1960E+00  0.1658E+00
 Relative number of events:
  0.2703E+00  0.2604E+00  0.2347E+00  0.2345E+00
 Events:
        4325        4167        3756        3752
 Accuracy:    0.232   0.010   0.109   4.546
 Found         2516  events.
 Wrote           16  events.
 Actual xsec    5.8576683259433885E-010
 Correct abs xsec    5.8576683259433885E-010
 Event xsec    5.8576683259433906E-010
 Events wgts > 1:            1
 % Cross section > 1:    1.2832175488213246E-012  0.21906626961755463     
 Iteration  5   Mean: 0.7209E-09 Abs mean: 0.7209E-09   Fluctuation:  0.458E-10   0.102E-05     6.6%
  5    0.7209E-09 0.7209E-09 +- 0.4579E-10     11.36
 Relative summed weights:
  0.2929E+00  0.2653E+00  0.2240E+00  0.2178E+00
 Relative number of events:
  0.2703E+00  0.2728E+00  0.2317E+00  0.2252E+00
 Events:
        8651        8730        7414        7205
 Accuracy:    0.097   0.010   0.055   3.117
 Found         8232  events.
 Wrote           24  events.
 Actual xsec    7.2088667165690101E-010
 Correct abs xsec    7.2088667165690101E-010
 Event xsec    7.2088667165690101E-010
 Events wgts > 1:            0
 % Cross section > 1:    0.0000000000000000        0.0000000000000000     
 Iteration  6   Mean: 0.7676E-09 Abs mean: 0.7676E-09   Fluctuation:  0.174E-10   0.359E-06     6.5%
  6    0.7676E-09 0.7676E-09 +- 0.1740E-10      5.73
 Relative summed weights:
  0.2847E+00  0.2929E+00  0.2023E+00  0.2201E+00
 Relative number of events:
  0.2769E+00  0.2752E+00  0.2228E+00  0.2251E+00
 Events:
       17723       17613       14256       14408
 Accuracy:    0.035   0.010   0.021   2.734
 Found        22313  events.
 Wrote          216  events.
 Actual xsec    7.6091282710237536E-010
 Correct abs xsec    7.6091282710237536E-010
 Event xsec    7.6091282710237753E-010
 Events wgts > 1:            5
 % Cross section > 1:    6.3334723207511668E-012  0.83235189303741708     
 Iteration  7   Mean: 0.7635E-09 Abs mean: 0.7635E-09   Fluctuation:  0.863E-11   0.296E-06     6.0%
  7    0.7635E-09 0.7635E-09 +- 0.8625E-11      4.04
 Relative summed weights:
  0.2923E+00  0.2976E+00  0.2035E+00  0.2066E+00
 Relative number of events:
  0.2776E+00  0.2762E+00  0.2234E+00  0.2229E+00
 Events:
       35532       35354       28589       28525
 Accuracy:    0.015   0.010   0.010   2.274
 Found        52984  events.
 Wrote         1393  events.
 Actual xsec    7.6324111763199084E-010
 Correct abs xsec    7.6324111763199084E-010
 Event xsec    7.6324111763198205E-010
 Events wgts > 1:           30
 % Cross section > 1:    7.2571621778700124E-012  0.95083480308109591     
 Iteration  8   Mean: 0.7643E-09 Abs mean: 0.7643E-09   Fluctuation:  0.559E-11   0.716E-06     5.8%
  8    0.7643E-09 0.7643E-09 +- 0.5593E-11      3.70
 Relative summed weights:
  0.2930E+00  0.2916E+00  0.2113E+00  0.2041E+00
 Relative number of events:
  0.2782E+00  0.2774E+00  0.2218E+00  0.2227E+00
 Events:
       71209       71004       56773       57014
 Accuracy:    0.008   0.010   0.006   1.951
 Finished due to accuracy    8.2332182846959444E-003   1.0000000000000000E-002

 -------------------------------------------------------------------------------
 Accumulated results:   Integral =  0.7634E-09
                        Std dev  =  0.4499E-11
                       Cross sec =  0.7634E-09
             Chi**2 per DoF.     =      1.9514
 -------------------------------------------------------------------------------
 Found       117266  events.
 Wrote         4009  events.
 Actual xsec    7.6432426915668244E-010
 Correct abs xsec    7.6432426915668244E-010
 Event xsec    7.6432426915663653E-010
 Events wgts > 1:           66
 % Cross section > 1:    7.7984713802527766E-012   1.0203092712020898     
-------------------------------------------------
---------------------------
 Results Last   3 iters: Integral =   0.7643E-09
                     Abs integral =   0.7643E-09
                          Std dev =   0.4531E-11
                  Chi**2 per DoF. =      0.0229
-------------------------------------------------
Thanks for using LHAPDF 6.2.1. Please make sure to cite the paper:
  Eur.Phys.J. C75 (2015) 3, 132  (http://arxiv.org/abs/1412.7420)
---------------------------
 Status   1.0000000000000000E-002           9           8

ls status:
events.lhe
ftn26
input_app.txt
results.dat
run1_app.log
