==== LHAPDF6 USING DEFAULT-TYPE LHAGLUE INTERFACE ====
LHAPDF 6.2.1 loading /cvmfs/cms.cern.ch/slc7_amd64_gcc700/external/lhapdf/6.2.1-pafccj3/share/LHAPDF/NNPDF31_nnlo_as_0118_nf_4_mc_hessian/NNPDF31_nnlo_as_0118_nf_4_mc_hessian_0000.dat
NNPDF31_nnlo_as_0118_nf_4_mc_hessian PDF set, member #0, version 1; LHAPDF ID = 325500
 Process in group number            2
 A PDF is used, so alpha_s(MZ) is going to be modified
 Old value of alpha_s from param_card:   0.11790000000000000     
 New value of alpha_s from PDF lhapdf :  0.11266013434007299     
 using LHAPDF
 Warning! ptj set to xqcut=   10.000000000000000       to improve integration efficiency
 Note that this might affect non-radiated jets,
 e.g. from decays. Use cut_decays=F in run_card.
 Warning! mmjj set to xqcut=   10.000000000000000       to improve integration efficiency
 Note that this might affect non-radiated jets,
 e.g. from decays. Use cut_decays=F in run_card.
 Define smin to   640000.00000000000     
 Define smin to   640000.00000000000     
 Define smin to   640000.00000000000     
 Define smin to   640000.00000000000     
 Define smin to   640000.00000000000     
 Define smin to   640000.00000000000     
 *****************************************************
 *               MadGraph/MadEvent                   *
 *        --------------------------------           *
 *          http://madgraph.hep.uiuc.edu             *
 *          http://madgraph.phys.ucl.ac.be           *
 *          http://madgraph.roma2.infn.it            *
 *        --------------------------------           *
 *                                                   *
 *          PARAMETER AND COUPLING VALUES            *
 *                                                   *
 *****************************************************

  External Params
  ---------------------------------
  
 mdl_ctGRe =    9.9999999999999994E-012
 mdl_ctWRe =    3.0000000000000000E-011
 mdl_ctBRe =    5.0000000000000002E-011
 mdl_cHt =    8.9999999999999999E-011
 mdl_cHtbRe =    7.0000000000000004E-011
 mdl_ctGIm =    1.9999999999999999E-011
 mdl_ctWIm =    3.9999999999999998E-011
 mdl_ctBIm =    6.0000000000000000E-011
 mdl_cHtbIm =    7.9999999999999995E-011
 mdl_LambdaSMEFT =    1000.0000000000000     
 mdl_MW =    80.387000000000000     
 mdl_Gf =    1.1663789999999999E-005
 aS =   0.11790000000000000     
 mdl_ymb =    4.1799999999999997     
 mdl_ymt =    172.75999999999999     
 mdl_MZ =    91.187600000000003     
 mdl_MT =    172.75999999999999     
 mdl_MB =    4.1799999999999997     
 mdl_MH =    125.09000000000000     
 mdl_WZ =    2.4952000000000001     
 mdl_WW =    2.0850000000000000     
 mdl_WT =    1.3300000000000001     
 mdl_WH =    4.0699999999999998E-003
  Internal Params
  ---------------------------------
  
 mdl_cHQ3 =    0.0000000000000000     
 mdl_cH =    0.0000000000000000     
 mdl_conjg__cbH =    0.0000000000000000     
 mdl_dGf =    0.0000000000000000     
 mdl_cbWRe =    0.0000000000000000     
 mdl_dMH2 =    0.0000000000000000     
 mdl_conjg__ctHH =    0.0000000000000000     
 mdl_dg1 =    0.0000000000000000     
 mdl_cHB =    0.0000000000000000     
 mdl_cHW =    0.0000000000000000     
 mdl_dgw =    0.0000000000000000     
 mdl_complexi =                (0.0000000000000000,1.0000000000000000)
 mdl_ctG =    (9.99999999999999939E-012,1.99999999999999988E-011)
 mdl_ctW =    (2.99999999999999998E-011,3.99999999999999976E-011)
 mdl_ctB =    (5.00000000000000018E-011,5.99999999999999996E-011)
 mdl_cHtb =    (7.00000000000000038E-011,7.99999999999999952E-011)
 mdl_MWsm =    80.387000000000000     
 mdl_MW__exp__2 =    6462.0697689999997     
 mdl_MZ__exp__2 =    8315.1783937600012     
 mdl_sqrt__2 =    1.4142135623730951     
 mdl_nb__2__exp__0_25 =    1.1892071150027210     
 mdl_MH__exp__2 =    15647.508100000001     
 mdl_sth2 =   0.22285855299877133     
 mdl_nb__10__exp___m_40 =    9.9999999999999993E-041
 mdl_MZ1 =    91.187600000000003     
 mdl_MH1 =    125.09000000000000     
 mdl_MT1 =    172.75999999999999     
 mdl_WZ1 =    2.4952000000000001     
 mdl_WW1 =    2.0850000000000000     
 mdl_WH1 =    4.0699999999999998E-003
 mdl_WT1 =    1.3300000000000001     
 mdl_cth =   0.88155626422890820     
 mdl_MW1 =    80.387000000000000     
 mdl_sqrt__sth2 =   0.47207896902824564     
 mdl_sth =   0.47207896902824564     
 mdl_LambdaSMEFT__exp__2 =    1000000.0000000000     
 mdl_MT__exp__2 =    29846.017599999996     
 mdl_MH__exp__6 =    3831206449390.3818     
 mdl_MWsm__exp__6 =    269845343347.69711     
 mdl_MH__exp__4 =    244844509.73956564     
 mdl_MWsm__exp__4 =    41758345.699423708     
 mdl_MWsm__exp__2 =    6462.0697689999997     
 mdl_MZ__exp__4 =    69142191.720053151     
 mdl_MZ__exp__6 =    574929658687.79749     
 mdl_cth__exp__2 =   0.77714144700122867     
 mdl_sth__exp__2 =   0.22285855299877130     
 mdl_MB__exp__2 =    17.472399999999997     
 mdl_MZ__exp__3 =    758241.16129882948     
 mdl_sth__exp__4 =    4.9665934644706158E-002
 mdl_sth__exp__6 =    1.1068478328250760E-002
 mdl_sth__exp__3 =   0.10520683593878660     
 mdl_sth__exp__5 =    2.3446243222897113E-002
 mdl_cth__exp__3 =   0.68509391079585125     
 mdl_aEW =    7.5614618607353409E-003
 mdl_sqrt__Gf =    3.4152291284773265E-003
 mdl_vevhat =    246.21961912951551     
 mdl_lam =   0.12905352724481209     
 mdl_sqrt__aEW =    8.6956666568672819E-002
 mdl_ee =   0.30825335704310214     
 mdl_yb =    2.4008698866559607E-002
 mdl_yt =   0.99228297037962632     
 mdl_vevhat__exp__2 =    60624.100844283676     
 mdl_vevT =    246.21961912951551     
 mdl_g1 =   0.34966952144878632     
 mdl_gw =   0.65296989967087182     
 mdl_yb0 =          (2.40086988665596072E-002,0.0000000000000000)
 mdl_yt0 =               (0.99228297037962632,0.0000000000000000)
 mdl_ee__exp__2 =    9.5020132128342205E-002
 mdl_gHaa =   -1.9312250240531351E-003
 mdl_gHza =   -6.8562264784117729E-003
 mdl_barlam =   0.12905352724481209     
 mdl_dWT =   -6.5076395941683845E-012
 mdl_gwsh =   0.65296989967087182     
 mdl_vev =    246.21961912951551     
 mdl_g1sh =   0.34966952144878632     
 mdl_ee__exp__3 =    2.9290274715240611E-002
 mdl_vevhat__exp__3 =    14926843.019948866     
  Internal Params evaluated point by point
  ----------------------------------------
  
 mdl_sqrt__aS =   0.34336569426778790     
 mdl_gHgg2 =   -3.6486270703817007E-004
 mdl_gHgg4 =    1.0424648772519146E-004
 mdl_gHgg5 =    1.8764367790534461E-003
 mdl_G__exp__2 =    1.4815750954329465     
 mdl_gHgg1 =    3.1273946317557436E-003
 mdl_gHgg3 =    7.6133275785037098E-004
 mdl_G__exp__3 =                (1.8033727530176447,0.0000000000000000)
  Couplings of SMEFTsim_topU3l_MwScheme_UFO-massless_2t
  ---------------------------------
  
       GC_385 =   0.00000E+00   0.42384E-14
       GC_386 =   0.21192E-14   0.00000E+00
         GC_6 =  -0.00000E+00  -0.12172E+01
         GC_7 =   0.12172E+01   0.00000E+00
         GC_8 =   0.00000E+00   0.14816E+01
         GC_1 =   0.00000E+00   0.10275E+00
         GC_2 =  -0.00000E+00  -0.20550E+00
       GC_202 =  -0.00000E+00  -0.46172E+00
       GC_203 =  -0.00000E+00  -0.37035E+00
       GC_263 =  -0.00000E+00  -0.55024E-01
       GC_264 =   0.00000E+00   0.11005E+00
       GC_351 =  -0.34821E-14   0.00000E+00
       GC_352 =   0.00000E+00   0.17410E-14
       GC_357 =  -0.92089E-14   0.00000E+00
       GC_358 =   0.00000E+00   0.76741E-14
       GC_365 =  -0.98488E-14   0.00000E+00
       GC_367 =  -0.61393E-14   0.00000E+00
       GC_368 =   0.00000E+00   0.73866E-14
       GC_369 =   0.00000E+00   0.46045E-14
       GC_441 =   0.49314E-14   0.00000E+00
       GC_442 =  -0.00000E+00  -0.41095E-14
       GC_451 =  -0.32876E-14   0.00000E+00
       GC_452 =   0.00000E+00   0.24657E-14
       GC_504 =  -0.11197E-11   0.00000E+00
       GC_506 =   0.00000E+00   0.97970E-12
       GC_524 =   0.00000E+00   0.20207E-11

 Collider parameters:
 --------------------

 Running at P P   machine @    13000.000000000000       GeV
 PDF set = lhapdf 
 alpha_s(Mz)= 0.1127 running at 3 loops.
 alpha_s(Mz)= 0.1127 running at 3 loops.
 Renormalization scale set on event-by-event basis
 Factorization   scale set on event-by-event basis


 getting user params
Enter number of events and max and min iterations: 
 Number of events and iterations         2000           8           3
Enter desired fractional accuracy: 
 Desired fractional accuracy:    1.0000000000000000E-002
Enter 0 for fixed, 2 for adjustable grid: 
Suppress amplitude (0 no, 1 yes)? 
 Using suppressed amplitude.
Exact helicity sum (0 yes, n = number/event)? 
 Explicitly summing over helicities
Enter Configuration Number: 
Running Configuration Number:   12
 Not subdividing B.W.
 Attempting mappinvarients           1           9
 Completed mapping           9
 about to integrate           19        2000           8           3          19           1
 Using non-zero grid deformation.
 19 dimensions   2000 events 19 invarients  8 iterations  1 config(s),  (0.99)
 Using h-tuple random number sequence.
 Error opening grid
 Using Uniform Grid!          36
 Using uniform alpha   1.0000000000000000     
 Grid defined OK
 Set CM energy to      13000.00
 Mapping Graph          12  to config          12
 Setting BW          -1           1   80.387000000000000     
 Setting BW          -2           2   172.75999999999999     
 Setting BW          -3           3   80.387000000000000     
 Setting BW          -4           4   172.75999999999999     
Setting grid   5    0.55268E-03   1
Setting grid   6    0.59172E-06   1
 Transforming s_hat 1/s           18   3.7869822485207109E-003   640000.00000000000        168999999.99999997     
  12   1   2   3   4   5   6   7   8   9  10  11  12  13  14
  15  16  17  18  19
 Masses: 0.000E+00 0.000E+00 0.000E+00 0.000E+00 0.418E+01 0.000E+00 0.000E+00 0.418E+01 0.000E+00
Using random seed offsets    12 :      2
  with seed                   24
 Ranmar initialization seeds       31070        9399
 
 ********************************************
 * You are using the DiscreteSampler module *
 *      part of the MG5_aMC framework       *
 *         Author: Valentin Hirschi         *
 ********************************************
 
  Particle       3       4       5       6       7       8       9
      Et >     0.0     0.0     0.0    10.0    10.0     0.0    10.0
       E >     0.0     0.0     0.0     0.0     0.0     0.0     0.0
     Eta <     5.0    -1.0    -1.0    -1.0    -1.0    -1.0    -1.0
   xqcut:      0.0     0.0     0.0     0.0     0.0     0.0    10.0
d R # 3  >    -0.0     0.0     0.0     0.0     0.0     0.0     0.0
d R # 4  >    -0.0    -0.0     0.0     0.0     0.0     0.0     0.0
d R # 5  >    -0.0    -0.0    -0.0     0.0     0.0     0.0     0.0
d R # 6  >    -0.0    -0.0    -0.0    -0.0     0.0     0.0     0.0
d R # 7  >    -0.0    -0.0    -0.0    -0.0    -0.0     0.0     0.0
d R # 8  >    -0.0    -0.0    -0.0    -0.0    -0.0    -0.0     0.0
s min # 3>     0.0     0.0     0.0     0.0     0.0     0.0     0.0
s min # 4>     0.0     0.0     0.0     0.0     0.0     0.0     0.0
s min # 5>     0.0     0.0     0.0     0.0     0.0     0.0     0.0
s min # 6>     0.0     0.0     0.0     0.0   100.0     0.0   100.0
s min # 7>     0.0     0.0     0.0     0.0     0.0     0.0   100.0
s min # 8>     0.0     0.0     0.0     0.0     0.0     0.0     0.0
xqcutij # 3>     0.0     0.0     0.0     0.0     0.0     0.0     0.0
xqcutij # 4>     0.0     0.0     0.0     0.0     0.0     0.0     0.0
xqcutij # 5>     0.0     0.0     0.0     0.0     0.0     0.0     0.0
xqcutij # 6>     0.0     0.0     0.0     0.0    10.0     0.0     0.0
xqcutij # 7>     0.0     0.0     0.0    10.0     0.0     0.0     0.0
xqcutij # 8>     0.0     0.0     0.0     0.0     0.0     0.0     0.0
 No cut BW           -1           1
 No cut BW           -2           2
 No cut BW           -3           3
 No cut BW           -4           4
 alpha_s for scale    798.29416532348660       is    8.4035174674084293E-002
 Added good helicity            2   133.11026534803048       in event            1 local:           1
 Added good helicity            4   1.0714020575192567       in event            1 local:           1
 Added good helicity           18   7.3610700284966968E-002  in event            1 local:           1
 Added good helicity           20   5.9249116162860840E-004  in event            1 local:           1
 Added good helicity          129   151.88827274465856       in event            1 local:           1
 Added good helicity          131   1.2225458908745819       in event            1 local:           1
 Added good helicity          145   8.3995040449990607E-002  in event            1 local:           1
 Added good helicity          147   6.7607452307137759E-004  in event            1 local:           1
 Added good helicity          258   181.74788717271286       in event            1 local:           1
 Added good helicity          260   1.4628853736935621       in event            1 local:           1
 Added good helicity          274  0.10050756953866490       in event            1 local:           1
 Added good helicity          276   8.0898356350013337E-004  in event            1 local:           1
 Added good helicity          385   40.884679096237626       in event            1 local:           1
 Added good helicity          387  0.32908002393421859       in event            1 local:           1
 Added good helicity          401   2.2609449774971979E-002  in event            1 local:           1
 Added good helicity          403   1.8198304199902533E-004  in event            1 local:           1
 Added good helicity            2   133.11026534802974       in event            1 local:           1
 Added good helicity            4   1.0714020575192478       in event            1 local:           1
 Added good helicity           18   7.3610700284965497E-002  in event            1 local:           1
 Added good helicity           20   5.9249116162859517E-004  in event            1 local:           1
 Added good helicity          129   151.88827274465925       in event            1 local:           1
 Added good helicity          131   1.2225458908745819       in event            1 local:           1
 Added good helicity          145   8.3995040449990427E-002  in event            1 local:           1
 Added good helicity          147   6.7607452307137151E-004  in event            1 local:           1
 Added good helicity          258   181.74788717271164       in event            1 local:           1
 Added good helicity          260   1.4628853736935374       in event            1 local:           1
 Added good helicity          274  0.10050756953866306       in event            1 local:           1
 Added good helicity          276   8.0898356350010995E-004  in event            1 local:           1
 Added good helicity          385   40.884679096238983       in event            1 local:           1
 Added good helicity          387  0.32908002393423158       in event            1 local:           1
 Added good helicity          401   2.2609449774972642E-002  in event            1 local:           1
 Added good helicity          403   1.8198304199903195E-004  in event            1 local:           1
 RESET CUMULATIVE VARIABLE
 RESET CUMULATIVE VARIABLE
 RESET CUMULATIVE VARIABLE
 Iteration  1   Mean: 0.8334E-02 Abs mean: 0.8334E-02   Fluctuation:  0.522E-03   0.207E+00     5.7%
  1    0.8334E-02 0.8334E-02 +- 0.5218E-03      2.80
 Writing out events   9.1999997465343742E-006   2.7997070256706880     
 Relative summed weights:
  0.3197E+00  0.3049E+00  0.5525E-01  0.6366E-01  0.7674E-01  0.3243E-01  0.8502E-02  0.8449E-02  0.1485E-01  0.3384E-01  0.3557E-01  0.4614E-01
 Relative number of events:
  0.2787E+00  0.2827E+00  0.5683E-01  0.5035E-01  0.7278E-01  0.6082E-01  0.1745E-01  0.1496E-01  0.1745E-01  0.1994E-01  0.5982E-01  0.6830E-01
 Events:
         559         567         114         101         146         122          35          30          35          40         120         137
 Iteration  2   Mean: 0.8798E-02 Abs mean: 0.8798E-02   Fluctuation:  0.265E-03   0.164E+00    10.1%
  2    0.8798E-02 0.8798E-02 +- 0.2654E-03      1.91
 Relative summed weights:
  0.3068E+00  0.3214E+00  0.6962E-01  0.7363E-01  0.7118E-01  0.5745E-01  0.6061E-02  0.1520E-01  0.9511E-02  0.8475E-02  0.3308E-01  0.2760E-01
 Relative number of events:
  0.2903E+00  0.3068E+00  0.5801E-01  0.6077E-01  0.6827E-01  0.6077E-01  0.1525E-01  0.1700E-01  0.1600E-01  0.1250E-01  0.4501E-01  0.4926E-01
 Events:
        1161        1227         232         243         273         243          61          68          64          50         180         197
 Iteration  3   Mean: 0.8243E-02 Abs mean: 0.8243E-02   Fluctuation:  0.152E-03   0.186E+00     9.1%
Thanks for using LHAPDF 6.2.1. Please make sure to cite the paper:
  Eur.Phys.J. C75 (2015) 3, 132  (http://arxiv.org/abs/1412.7420)
  3    0.8243E-02 0.8243E-02 +- 0.1522E-03      1.65
 Relative summed weights:
  0.3039E+00  0.3029E+00  0.6879E-01  0.7205E-01  0.7492E-01  0.6377E-01  0.1235E-01  0.1371E-01  0.1358E-01  0.1082E-01  0.3495E-01  0.2824E-01
 Relative number of events:
  0.2998E+00  0.2979E+00  0.6388E-01  0.6826E-01  0.6451E-01  0.6213E-01  0.1350E-01  0.1600E-01  0.1488E-01  0.1388E-01  0.4551E-01  0.3975E-01
 Events:
        2398        2383         511         546         516         497         108         128         119         111         364         318
 Accuracy:    0.020   0.010   0.015   1.755
 Found         4466  events.
 Wrote         1033  events.
 Actual xsec    8.3911896217490328E-003
 Correct abs xsec    8.3911896239136988E-003
 Event xsec    8.3911896239135166E-003
 Events wgts > 1:           31
 % Cross section > 1:    8.3291231242127903E-005  0.99260337300400814     
 Iteration  4   Mean: 0.8316E-02 Abs mean: 0.8316E-02   Fluctuation:  0.102E-03   0.194E+00     7.8%
  4    0.8316E-02 0.8316E-02 +- 0.1020E-03      1.55
 Relative summed weights:
  0.3129E+00  0.3124E+00  0.6713E-01  0.6528E-01  0.6981E-01  0.6627E-01  0.1001E-01  0.9870E-02  0.1135E-01  0.1066E-01  0.3142E-01  0.3296E-01
 Relative number of events:
  0.3010E+00  0.3102E+00  0.6395E-01  0.6351E-01  0.6651E-01  0.6295E-01  0.1269E-01  0.1288E-01  0.1331E-01  0.1275E-01  0.3863E-01  0.4157E-01
 Events:
        4816        4963        1023        1016        1064        1007         203         206         213         204         618         665
 Accuracy:    0.011   0.010   0.010   1.254
 Found        10375  events.
 Wrote         2326  events.
 Actual xsec    8.3456179211484904E-003
 Correct abs xsec    8.3456179223714705E-003
 Event xsec    8.3456179223719614E-003
 Events wgts > 1:           77
 % Cross section > 1:    7.8848170926943716E-005  0.94478529523352262     
 Iteration  5   Mean: 0.8333E-02 Abs mean: 0.8333E-02   Fluctuation:  0.720E-04   0.628E+00     6.4%
  5    0.8333E-02 0.8333E-02 +- 0.7197E-04      1.55
 Relative summed weights:
  0.3144E+00  0.3124E+00  0.6819E-01  0.6598E-01  0.6916E-01  0.6531E-01  0.1095E-01  0.1008E-01  0.1039E-01  0.1223E-01  0.3073E-01  0.3020E-01
 Relative number of events:
  0.3068E+00  0.3056E+00  0.6453E-01  0.6453E-01  0.6635E-01  0.6410E-01  0.1328E-01  0.1219E-01  0.1322E-01  0.1413E-01  0.3794E-01  0.3738E-01
 Events:
        9817        9778        2065        2065        2123        2051         425         390         423         452        1214        1196
 Accuracy:    0.006   0.010   0.006   0.945
 Finished due to accuracy    6.2312963323208148E-003   1.0000000000000000E-002

 -------------------------------------------------------------------------------
 Accumulated results:   Integral =  0.8339E-02
                        Std dev  =  0.5346E-04
                       Cross sec =  0.8339E-02
             Chi**2 per DoF.     =      0.9448
 -------------------------------------------------------------------------------
 Found        22758  events.
 Wrote         4973  events.
 Actual xsec    8.3167444615708259E-003
 Correct abs xsec    8.3167444621388524E-003
 Event xsec    8.3167444621379521E-003
 Events wgts > 1:          110
 % Cross section > 1:    8.2796478286146255E-005  0.99553952466710871     
-------------------------------------------------
---------------------------
 Results Last   3 iters: Integral =   0.8317E-02
                     Abs integral =   0.8317E-02
                          Std dev =   0.5486E-04
                  Chi**2 per DoF. =      0.1421
-------------------------------------------------
---------------------------
 Status   1.0000000000000000E-002           6           8

ls status:
events.lhe
ftn26
input_app.txt
results.dat
run1_app.log
