==== LHAPDF6 USING DEFAULT-TYPE LHAGLUE INTERFACE ====
LHAPDF 6.2.1 loading /cvmfs/cms.cern.ch/slc7_amd64_gcc700/external/lhapdf/6.2.1-pafccj3/share/LHAPDF/NNPDF31_nnlo_as_0118_nf_4_mc_hessian/NNPDF31_nnlo_as_0118_nf_4_mc_hessian_0000.dat
NNPDF31_nnlo_as_0118_nf_4_mc_hessian PDF set, member #0, version 1; LHAPDF ID = 325500
 Process in group number            2
 A PDF is used, so alpha_s(MZ) is going to be modified
 Old value of alpha_s from param_card:   0.11790000000000000     
 New value of alpha_s from PDF lhapdf :  0.11266013434007299     
 using LHAPDF
 Warning! ptj set to xqcut=   10.000000000000000       to improve integration efficiency
 Note that this might affect non-radiated jets,
 e.g. from decays. Use cut_decays=F in run_card.
 Warning! mmjj set to xqcut=   10.000000000000000       to improve integration efficiency
 Note that this might affect non-radiated jets,
 e.g. from decays. Use cut_decays=F in run_card.
 Define smin to   640000.00000000000     
 Define smin to   640000.00000000000     
 *****************************************************
 *               MadGraph/MadEvent                   *
 *        --------------------------------           *
 *          http://madgraph.hep.uiuc.edu             *
 *          http://madgraph.phys.ucl.ac.be           *
 *          http://madgraph.roma2.infn.it            *
 *        --------------------------------           *
 *                                                   *
 *          PARAMETER AND COUPLING VALUES            *
 *                                                   *
 *****************************************************

  External Params
  ---------------------------------
  
 mdl_ctGRe =    9.9999999999999994E-012
 mdl_ctWRe =    3.0000000000000000E-011
 mdl_ctBRe =    5.0000000000000002E-011
 mdl_cHt =    8.9999999999999999E-011
 mdl_cHtbRe =    7.0000000000000004E-011
 mdl_ctGIm =    1.9999999999999999E-011
 mdl_ctWIm =    3.9999999999999998E-011
 mdl_ctBIm =    6.0000000000000000E-011
 mdl_cHtbIm =    7.9999999999999995E-011
 mdl_LambdaSMEFT =    1000.0000000000000     
 mdl_MW =    80.387000000000000     
 mdl_Gf =    1.1663789999999999E-005
 aS =   0.11790000000000000     
 mdl_ymb =    4.1799999999999997     
 mdl_ymt =    172.75999999999999     
 mdl_MZ =    91.187600000000003     
 mdl_MT =    172.75999999999999     
 mdl_MB =    4.1799999999999997     
 mdl_MH =    125.09000000000000     
 mdl_WZ =    2.4952000000000001     
 mdl_WW =    2.0850000000000000     
 mdl_WT =    1.3300000000000001     
 mdl_WH =    4.0699999999999998E-003
  Internal Params
  ---------------------------------
  
 mdl_cHQ3 =    0.0000000000000000     
 mdl_cH =    0.0000000000000000     
 mdl_conjg__cbH =    0.0000000000000000     
 mdl_dGf =    0.0000000000000000     
 mdl_cbWRe =    0.0000000000000000     
 mdl_dMH2 =    0.0000000000000000     
 mdl_conjg__ctHH =    0.0000000000000000     
 mdl_dg1 =    0.0000000000000000     
 mdl_cHB =    0.0000000000000000     
 mdl_cHW =    0.0000000000000000     
 mdl_dgw =    0.0000000000000000     
 mdl_complexi =                (0.0000000000000000,1.0000000000000000)
 mdl_ctG =    (9.99999999999999939E-012,1.99999999999999988E-011)
 mdl_ctW =    (2.99999999999999998E-011,3.99999999999999976E-011)
 mdl_ctB =    (5.00000000000000018E-011,5.99999999999999996E-011)
 mdl_cHtb =    (7.00000000000000038E-011,7.99999999999999952E-011)
 mdl_MWsm =    80.387000000000000     
 mdl_MW__exp__2 =    6462.0697689999997     
 mdl_MZ__exp__2 =    8315.1783937600012     
 mdl_sqrt__2 =    1.4142135623730951     
 mdl_nb__2__exp__0_25 =    1.1892071150027210     
 mdl_MH__exp__2 =    15647.508100000001     
 mdl_sth2 =   0.22285855299877133     
 mdl_nb__10__exp___m_40 =    9.9999999999999993E-041
 mdl_MZ1 =    91.187600000000003     
 mdl_MH1 =    125.09000000000000     
 mdl_MT1 =    172.75999999999999     
 mdl_WZ1 =    2.4952000000000001     
 mdl_WW1 =    2.0850000000000000     
 mdl_WH1 =    4.0699999999999998E-003
 mdl_WT1 =    1.3300000000000001     
 mdl_cth =   0.88155626422890820     
 mdl_MW1 =    80.387000000000000     
 mdl_sqrt__sth2 =   0.47207896902824564     
 mdl_sth =   0.47207896902824564     
 mdl_LambdaSMEFT__exp__2 =    1000000.0000000000     
 mdl_MT__exp__2 =    29846.017599999996     
 mdl_MH__exp__6 =    3831206449390.3818     
 mdl_MWsm__exp__6 =    269845343347.69711     
 mdl_MH__exp__4 =    244844509.73956564     
 mdl_MWsm__exp__4 =    41758345.699423708     
 mdl_MWsm__exp__2 =    6462.0697689999997     
 mdl_MZ__exp__4 =    69142191.720053151     
 mdl_MZ__exp__6 =    574929658687.79749     
 mdl_cth__exp__2 =   0.77714144700122867     
 mdl_sth__exp__2 =   0.22285855299877130     
 mdl_MB__exp__2 =    17.472399999999997     
 mdl_MZ__exp__3 =    758241.16129882948     
 mdl_sth__exp__4 =    4.9665934644706158E-002
 mdl_sth__exp__6 =    1.1068478328250760E-002
 mdl_sth__exp__3 =   0.10520683593878660     
 mdl_sth__exp__5 =    2.3446243222897113E-002
 mdl_cth__exp__3 =   0.68509391079585125     
 mdl_aEW =    7.5614618607353409E-003
 mdl_sqrt__Gf =    3.4152291284773265E-003
 mdl_vevhat =    246.21961912951551     
 mdl_lam =   0.12905352724481209     
 mdl_sqrt__aEW =    8.6956666568672819E-002
 mdl_ee =   0.30825335704310214     
 mdl_yb =    2.4008698866559607E-002
 mdl_yt =   0.99228297037962632     
 mdl_vevhat__exp__2 =    60624.100844283676     
 mdl_vevT =    246.21961912951551     
 mdl_g1 =   0.34966952144878632     
 mdl_gw =   0.65296989967087182     
 mdl_yb0 =          (2.40086988665596072E-002,0.0000000000000000)
 mdl_yt0 =               (0.99228297037962632,0.0000000000000000)
 mdl_ee__exp__2 =    9.5020132128342205E-002
 mdl_gHaa =   -1.9312250240531351E-003
 mdl_gHza =   -6.8562264784117729E-003
 mdl_barlam =   0.12905352724481209     
 mdl_dWT =   -6.5076395941683845E-012
 mdl_gwsh =   0.65296989967087182     
 mdl_vev =    246.21961912951551     
 mdl_g1sh =   0.34966952144878632     
 mdl_ee__exp__3 =    2.9290274715240611E-002
 mdl_vevhat__exp__3 =    14926843.019948866     
  Internal Params evaluated point by point
  ----------------------------------------
  
 mdl_sqrt__aS =   0.34336569426778790     
 mdl_gHgg2 =   -3.6486270703817007E-004
 mdl_gHgg4 =    1.0424648772519146E-004
 mdl_gHgg5 =    1.8764367790534461E-003
 mdl_G__exp__2 =    1.4815750954329465     
 mdl_gHgg1 =    3.1273946317557436E-003
 mdl_gHgg3 =    7.6133275785037098E-004
 mdl_G__exp__3 =                (1.8033727530176447,0.0000000000000000)
  Couplings of SMEFTsim_topU3l_MwScheme_UFO-massless_2t
  ---------------------------------
  
       GC_385 =   0.00000E+00   0.42384E-14
       GC_386 =   0.21192E-14   0.00000E+00
         GC_6 =  -0.00000E+00  -0.12172E+01
         GC_7 =   0.12172E+01   0.00000E+00
         GC_8 =   0.00000E+00   0.14816E+01
         GC_1 =   0.00000E+00   0.10275E+00
         GC_2 =  -0.00000E+00  -0.20550E+00
       GC_202 =  -0.00000E+00  -0.46172E+00
       GC_203 =  -0.00000E+00  -0.37035E+00
       GC_263 =  -0.00000E+00  -0.55024E-01
       GC_264 =   0.00000E+00   0.11005E+00
       GC_351 =  -0.34821E-14   0.00000E+00
       GC_352 =   0.00000E+00   0.17410E-14
       GC_357 =  -0.92089E-14   0.00000E+00
       GC_358 =   0.00000E+00   0.76741E-14
       GC_365 =  -0.98488E-14   0.00000E+00
       GC_367 =  -0.61393E-14   0.00000E+00
       GC_368 =   0.00000E+00   0.73866E-14
       GC_369 =   0.00000E+00   0.46045E-14
       GC_441 =   0.49314E-14   0.00000E+00
       GC_442 =  -0.00000E+00  -0.41095E-14
       GC_451 =  -0.32876E-14   0.00000E+00
       GC_452 =   0.00000E+00   0.24657E-14
       GC_504 =  -0.11197E-11   0.00000E+00
       GC_506 =   0.00000E+00   0.97970E-12
       GC_524 =   0.00000E+00   0.20207E-11

 Collider parameters:
 --------------------

 Running at P P   machine @    13000.000000000000       GeV
 PDF set = lhapdf 
 alpha_s(Mz)= 0.1127 running at 3 loops.
 alpha_s(Mz)= 0.1127 running at 3 loops.
 Renormalization scale set on event-by-event basis
 Factorization   scale set on event-by-event basis


 getting user params
Enter number of events and max and min iterations: 
 Number of events and iterations         2000           8           3
Enter desired fractional accuracy: 
 Desired fractional accuracy:    1.0000000000000000E-002
Enter 0 for fixed, 2 for adjustable grid: 
Suppress amplitude (0 no, 1 yes)? 
 Using suppressed amplitude.
Exact helicity sum (0 yes, n = number/event)? 
 Explicitly summing over helicities
Enter Configuration Number: 
Running Configuration Number:    7
 Using dconfig=          23
 BW Setting            2           1           2           0           0           0           0
 Attempting mappinvarients           1           9
 Completed mapping           9
 about to integrate           19        2000           8           3          19           1
 Using non-zero grid deformation.
 19 dimensions   2000 events 19 invarients  8 iterations  1 config(s),  (0.99)
 Using h-tuple random number sequence.
 Error opening grid
 Using Uniform Grid!          36
 Using uniform alpha   1.0000000000000000     
 Grid defined OK
 Set CM energy to      13000.00
 Mapping Graph           7  to config           7
Setting grid   1    0.59172E-06   1
 Setting BW          -2           2   172.75999999999999     
Setting grid   3    0.13817E-03   1
 Setting BW          -4           4   80.387000000000000     
 Setting BW          -5           5   172.75999999999999     
Setting grid   6    0.55268E-03   1
 Transforming s_hat 1/s           18   3.7869822485207109E-003   640000.00000000000        168999999.99999997     
   7   1   2   3   4   5   6   7   8   9  10  11  12  13  14
  15  16  17  18  19
 Masses: 0.000E+00 0.000E+00 0.000E+00 0.000E+00 0.418E+01 0.000E+00 0.000E+00 0.418E+01 0.000E+00
Using random seed offsets     7 :      3
  with seed                   24
 Ranmar initialization seeds       31065        9400
 
 ********************************************
 * You are using the DiscreteSampler module *
 *      part of the MG5_aMC framework       *
 *         Author: Valentin Hirschi         *
 ********************************************
 
  Particle       3       4       5       6       7       8       9
      Et >     0.0     0.0     0.0    10.0    10.0     0.0    10.0
       E >     0.0     0.0     0.0     0.0     0.0     0.0     0.0
     Eta <     5.0    -1.0    -1.0    -1.0    -1.0    -1.0    -1.0
   xqcut:      0.0     0.0     0.0     0.0     0.0     0.0    10.0
d R # 3  >    -0.0     0.0     0.0     0.0     0.0     0.0     0.0
d R # 4  >    -0.0    -0.0     0.0     0.0     0.0     0.0     0.0
d R # 5  >    -0.0    -0.0    -0.0     0.0     0.0     0.0     0.0
d R # 6  >    -0.0    -0.0    -0.0    -0.0     0.0     0.0     0.0
d R # 7  >    -0.0    -0.0    -0.0    -0.0    -0.0     0.0     0.0
d R # 8  >    -0.0    -0.0    -0.0    -0.0    -0.0    -0.0     0.0
s min # 3>     0.0     0.0     0.0     0.0     0.0     0.0     0.0
s min # 4>     0.0     0.0     0.0     0.0     0.0     0.0     0.0
s min # 5>     0.0     0.0     0.0     0.0     0.0     0.0     0.0
s min # 6>     0.0     0.0     0.0     0.0   100.0     0.0   100.0
s min # 7>     0.0     0.0     0.0     0.0     0.0     0.0   100.0
s min # 8>     0.0     0.0     0.0     0.0     0.0     0.0     0.0
xqcutij # 3>     0.0     0.0     0.0     0.0     0.0     0.0     0.0
xqcutij # 4>     0.0     0.0     0.0     0.0     0.0     0.0     0.0
xqcutij # 5>     0.0     0.0     0.0     0.0     0.0     0.0     0.0
xqcutij # 6>     0.0     0.0     0.0     0.0    10.0     0.0     0.0
xqcutij # 7>     0.0     0.0     0.0    10.0     0.0     0.0     0.0
xqcutij # 8>     0.0     0.0     0.0     0.0     0.0     0.0     0.0
 Excluding BW           -1           1
 Requiring BW           -2           2
 Excluding BW           -3           3
 No cut BW           -4           4
 No cut BW           -5           5
 alpha_s for scale    2298.8409276971706       is    7.4849921596400804E-002
 Added good helicity            1   12.845415656554140       in event            1 local:           1
 Added good helicity            2   54.666199088016967       in event            1 local:           1
 Added good helicity            3   8.8363536270564449E-003  in event            1 local:           1
 Added good helicity            4   3.7604845141851917E-002  in event            1 local:           1
 Added good helicity           17   3.6574091130500426E-002  in event            1 local:           1
 Added good helicity           18  0.15564825620854533       in event            1 local:           1
 Added good helicity           19   2.5159295071342744E-005  in event            1 local:           1
 Added good helicity           20   1.0707034088647068E-004  in event            1 local:           1
 Added good helicity          385   300.10509196902336       in event            1 local:           1
 Added good helicity          386   142.57867784204464       in event            1 local:           1
 Added good helicity          387  0.20644211049457817       in event            1 local:           1
 Added good helicity          388   9.8079785907504533E-002  in event            1 local:           1
 Added good helicity          401  0.85447378862316359       in event            1 local:           1
 Added good helicity          402  0.40595693406313199       in event            1 local:           1
 Added good helicity          403   5.8779200022328088E-004  in event            1 local:           1
 Added good helicity          404   2.7925752842714122E-004  in event            1 local:           1
 Added good helicity            1   12.845415656553657       in event            1 local:           1
 Added good helicity            2   54.666199088016491       in event            1 local:           1
 Added good helicity            3   8.8363536270561534E-003  in event            1 local:           1
 Added good helicity            4   3.7604845141851535E-002  in event            1 local:           1
 Added good helicity           17   3.6574091130499184E-002  in event            1 local:           1
 Added good helicity           18  0.15564825620854442       in event            1 local:           1
 Added good helicity           19   2.5159295071341975E-005  in event            1 local:           1
 Added good helicity           20   1.0707034088646968E-004  in event            1 local:           1
 Added good helicity          385   300.10509196902399       in event            1 local:           1
 Added good helicity          386   142.57867784204510       in event            1 local:           1
 Added good helicity          387  0.20644211049457897       in event            1 local:           1
 Added good helicity          388   9.8079785907505157E-002  in event            1 local:           1
 Added good helicity          401  0.85447378862316470       in event            1 local:           1
 Added good helicity          402  0.40595693406313332       in event            1 local:           1
 Added good helicity          403   5.8779200022328402E-004  in event            1 local:           1
 Added good helicity          404   2.7925752842714285E-004  in event            1 local:           1
 RESET CUMULATIVE VARIABLE
 RESET CUMULATIVE VARIABLE
 RESET CUMULATIVE VARIABLE
 Iteration  1   Mean: 0.3208E-07 Abs mean: 0.3208E-07   Fluctuation:  0.784E-08   0.881E-05     5.3%
  1    0.3208E-07 0.3208E-07 +- 0.7841E-08     10.93
 Writing out events   3.8035369460538035E-011   10.929821502421525     
 Relative summed weights:
  0.4225E+00  0.5475E+00  0.1458E-01  0.1537E-01
 Relative number of events:
  0.3902E+00  0.3777E+00  0.1168E+00  0.1153E+00
 Events:
         785         760         235         232
 Iteration  2   Mean: 0.4507E-07 Abs mean: 0.4507E-07   Fluctuation:  0.113E-07   0.387E-04    22.4%
  2    0.4507E-07 0.4507E-07 +- 0.1126E-07     15.81
 Relative summed weights:
  0.6292E+00  0.3297E+00  0.2897E-01  0.1213E-01
 Relative number of events:
  0.4123E+00  0.4180E+00  0.8500E-01  0.8475E-01
 Events:
        1649        1672         340         339
 Iteration  3   Mean: 0.4772E-07 Abs mean: 0.4772E-07   Fluctuation:  0.378E-08   0.134E-04    27.3%
  3    0.4772E-07 0.4772E-07 +- 0.3779E-08      7.08
 Relative summed weights:
  0.4589E+00  0.4116E+00  0.7339E-01  0.5614E-01
 Relative number of events:
  0.4358E+00  0.4156E+00  0.7312E-01  0.7550E-01
 Events:
        3486        3325         585         604
 Accuracy:    0.067   0.010   0.072   0.874
 Found         1039  events.
 Wrote           25  events.
 Actual xsec    4.6133212393570532E-008
 Correct abs xsec    4.6133212393570532E-008
 Event xsec    4.6133212393570532E-008
 Events wgts > 1:            2
 % Cross section > 1:    1.3829410970762645E-010  0.29977125487775519     
 Iteration  4   Mean: 0.6514E-07 Abs mean: 0.6514E-07   Fluctuation:  0.476E-08   0.353E-04    25.9%
  4    0.6514E-07 0.6514E-07 +- 0.4760E-08      9.24
 Relative summed weights:
  0.4462E+00  0.4290E+00  0.5169E-01  0.7310E-01
 Relative number of events:
  0.4299E+00  0.4282E+00  0.7194E-01  0.6994E-01
 Events:
        6879        6851        1151        1119
 Accuracy:    0.104   0.010   0.051   4.108
 Found         2698  events.
 Wrote           34  events.
 Actual xsec    5.6595012648839727E-008
 Correct abs xsec    5.6595012648839727E-008
 Event xsec    5.6595012648839733E-008
 Events wgts > 1:            3
 % Cross section > 1:    3.6912017756443497E-010  0.65221326100720012     
 Iteration  5   Mean: 0.5796E-07 Abs mean: 0.5796E-07   Fluctuation:  0.149E-08   0.129E-04    24.8%
  5    0.5796E-07 0.5796E-07 +- 0.1488E-08      4.59
 Relative summed weights:
  0.4568E+00  0.4219E+00  0.6030E-01  0.6101E-01
 Relative number of events:
  0.4322E+00  0.4297E+00  0.6978E-01  0.6841E-01
 Events:
       13829       13749        2233        2189
 Accuracy:    0.040   0.010   0.023   3.012
 Found         5730  events.
 Wrote          315  events.
 Actual xsec    5.7805251250900441E-008
 Correct abs xsec    5.7805251250900441E-008
 Event xsec    5.7805251250900256E-008
 Events wgts > 1:           11
 % Cross section > 1:    4.4390668066737357E-010  0.76793486934365707     
 Iteration  6   Mean: 0.6019E-07 Abs mean: 0.6019E-07   Fluctuation:  0.965E-09   0.196E-04    22.4%
  6    0.6019E-07 0.6019E-07 +- 0.9646E-09      4.05
 Relative summed weights:
  0.4407E+00  0.4474E+00  0.5256E-01  0.5931E-01
 Relative number of events:
  0.4364E+00  0.4345E+00  0.6363E-01  0.6555E-01
 Events:
       27928       27805        4072        4195
 Accuracy:    0.022   0.010   0.013   2.799
 Found        14806  events.
 Wrote          582  events.
 Actual xsec    5.9750324963847075E-008
 Correct abs xsec    5.9750324963847075E-008
 Event xsec    5.9750324963845845E-008
 Events wgts > 1:            7
 % Cross section > 1:    5.9868885767409821E-010   1.0019842704392941     
 Iteration  7   Mean: 0.5860E-07 Abs mean: 0.5860E-07   Fluctuation:  0.510E-09   0.701E-05    19.9%
  7    0.5860E-07 0.5860E-07 +- 0.5102E-09      3.11
 Relative summed weights:
  0.4375E+00  0.4422E+00  0.5849E-01  0.6180E-01
 Relative number of events:
  0.4352E+00  0.4350E+00  0.6423E-01  0.6557E-01
 Events:
       55708       55677        8222        8393
 Accuracy:    0.011   0.010   0.007   2.466
 Found        33237  events.
 Wrote         2834  events.
 Actual xsec    5.8879425890498867E-008
 Correct abs xsec    5.8879425890498867E-008
 Event xsec    5.8879425890496888E-008
 Events wgts > 1:           73
 % Cross section > 1:    5.9710450304699622E-010   1.0141140033489502     
 Iteration  8   Mean: 0.5954E-07 Abs mean: 0.5954E-07   Fluctuation:  0.354E-09   0.137E-04    17.7%
  8    0.5954E-07 0.5954E-07 +- 0.3543E-09      3.01
 Exceeded boost           3          96   128000.000    
 Relative summed weights:
  0.4401E+00  0.4383E+00  0.6128E-01  0.6027E-01
 Relative number of events:
  0.4367E+00  0.4351E+00  0.6467E-01  0.6354E-01
 Events:
      111789      111390       16556       16265
 Accuracy:    0.007   0.010   0.005   2.325
 Finished due to accuracy    7.0172916252828907E-003   1.0000000000000000E-002

 -------------------------------------------------------------------------------
 Accumulated results:   Integral =  0.5924E-07
                        Std dev  =  0.2727E-09
                       Cross sec =  0.5924E-07
             Chi**2 per DoF.     =      2.3250
 -------------------------------------------------------------------------------
 Found        74652  events.
 Wrote         6249  events.
 Actual xsec    5.9319043001893920E-008
 Correct abs xsec    5.9319043001893920E-008
 Event xsec    5.9319043001897414E-008
 Events wgts > 1:          126
 % Cross section > 1:    5.9035578677525632E-010  0.99522136045986587     
-------------------------------------------------
---------------------------
 Results Last   3 iters: Integral =   0.5932E-07
                     Abs integral =   0.5932E-07
                          Std dev =   0.2786E-09
                  Chi**2 per DoF. =      1.5900
Thanks for using LHAPDF 6.2.1. Please make sure to cite the paper:
  Eur.Phys.J. C75 (2015) 3, 132  (http://arxiv.org/abs/1412.7420)
-------------------------------------------------
---------------------------
 Status   1.0000000000000000E-002           9           8

ls status:
events.lhe
ftn26
input_app.txt
results.dat
run1_app.log
