==== LHAPDF6 USING DEFAULT-TYPE LHAGLUE INTERFACE ====
LHAPDF 6.2.1 loading /cvmfs/cms.cern.ch/slc7_amd64_gcc700/external/lhapdf/6.2.1-pafccj3/share/LHAPDF/NNPDF31_nnlo_as_0118_nf_4_mc_hessian/NNPDF31_nnlo_as_0118_nf_4_mc_hessian_0000.dat
NNPDF31_nnlo_as_0118_nf_4_mc_hessian PDF set, member #0, version 1; LHAPDF ID = 325500
 Process in group number            3
 A PDF is used, so alpha_s(MZ) is going to be modified
 Old value of alpha_s from param_card:   0.11790000000000000     
 New value of alpha_s from PDF lhapdf :  0.11266013434007299     
 using LHAPDF
 Warning! ptj set to xqcut=   10.000000000000000       to improve integration efficiency
 Note that this might affect non-radiated jets,
 e.g. from decays. Use cut_decays=F in run_card.
 Warning! mmjj set to xqcut=   10.000000000000000       to improve integration efficiency
 Note that this might affect non-radiated jets,
 e.g. from decays. Use cut_decays=F in run_card.
 Define smin to   640000.00000000000     
 Define smin to   640000.00000000000     
 *****************************************************
 *               MadGraph/MadEvent                   *
 *        --------------------------------           *
 *          http://madgraph.hep.uiuc.edu             *
 *          http://madgraph.phys.ucl.ac.be           *
 *          http://madgraph.roma2.infn.it            *
 *        --------------------------------           *
 *                                                   *
 *          PARAMETER AND COUPLING VALUES            *
 *                                                   *
 *****************************************************

  External Params
  ---------------------------------
  
 mdl_ctGRe =    9.9999999999999994E-012
 mdl_ctWRe =    3.0000000000000000E-011
 mdl_ctBRe =    5.0000000000000002E-011
 mdl_cHt =    8.9999999999999999E-011
 mdl_cHtbRe =    7.0000000000000004E-011
 mdl_ctGIm =    1.9999999999999999E-011
 mdl_ctWIm =    3.9999999999999998E-011
 mdl_ctBIm =    6.0000000000000000E-011
 mdl_cHtbIm =    7.9999999999999995E-011
 mdl_LambdaSMEFT =    1000.0000000000000     
 mdl_MW =    80.387000000000000     
 mdl_Gf =    1.1663789999999999E-005
 aS =   0.11790000000000000     
 mdl_ymb =    4.1799999999999997     
 mdl_ymt =    172.75999999999999     
 mdl_MZ =    91.187600000000003     
 mdl_MT =    172.75999999999999     
 mdl_MB =    4.1799999999999997     
 mdl_MH =    125.09000000000000     
 mdl_WZ =    2.4952000000000001     
 mdl_WW =    2.0850000000000000     
 mdl_WT =    1.3300000000000001     
 mdl_WH =    4.0699999999999998E-003
  Internal Params
  ---------------------------------
  
 mdl_cHQ3 =    0.0000000000000000     
 mdl_cH =    0.0000000000000000     
 mdl_conjg__cbH =    0.0000000000000000     
 mdl_dGf =    0.0000000000000000     
 mdl_cbWRe =    0.0000000000000000     
 mdl_dMH2 =    0.0000000000000000     
 mdl_conjg__ctHH =    0.0000000000000000     
 mdl_dg1 =    0.0000000000000000     
 mdl_cHB =    0.0000000000000000     
 mdl_cHW =    0.0000000000000000     
 mdl_dgw =    0.0000000000000000     
 mdl_complexi =                (0.0000000000000000,1.0000000000000000)
 mdl_ctG =    (9.99999999999999939E-012,1.99999999999999988E-011)
 mdl_ctW =    (2.99999999999999998E-011,3.99999999999999976E-011)
 mdl_ctB =    (5.00000000000000018E-011,5.99999999999999996E-011)
 mdl_cHtb =    (7.00000000000000038E-011,7.99999999999999952E-011)
 mdl_MWsm =    80.387000000000000     
 mdl_MW__exp__2 =    6462.0697689999997     
 mdl_MZ__exp__2 =    8315.1783937600012     
 mdl_sqrt__2 =    1.4142135623730951     
 mdl_nb__2__exp__0_25 =    1.1892071150027210     
 mdl_MH__exp__2 =    15647.508100000001     
 mdl_sth2 =   0.22285855299877133     
 mdl_nb__10__exp___m_40 =    9.9999999999999993E-041
 mdl_MZ1 =    91.187600000000003     
 mdl_MH1 =    125.09000000000000     
 mdl_MT1 =    172.75999999999999     
 mdl_WZ1 =    2.4952000000000001     
 mdl_WW1 =    2.0850000000000000     
 mdl_WH1 =    4.0699999999999998E-003
 mdl_WT1 =    1.3300000000000001     
 mdl_cth =   0.88155626422890820     
 mdl_MW1 =    80.387000000000000     
 mdl_sqrt__sth2 =   0.47207896902824564     
 mdl_sth =   0.47207896902824564     
 mdl_LambdaSMEFT__exp__2 =    1000000.0000000000     
 mdl_MT__exp__2 =    29846.017599999996     
 mdl_MH__exp__6 =    3831206449390.3818     
 mdl_MWsm__exp__6 =    269845343347.69711     
 mdl_MH__exp__4 =    244844509.73956564     
 mdl_MWsm__exp__4 =    41758345.699423708     
 mdl_MWsm__exp__2 =    6462.0697689999997     
 mdl_MZ__exp__4 =    69142191.720053151     
 mdl_MZ__exp__6 =    574929658687.79749     
 mdl_cth__exp__2 =   0.77714144700122867     
 mdl_sth__exp__2 =   0.22285855299877130     
 mdl_MB__exp__2 =    17.472399999999997     
 mdl_MZ__exp__3 =    758241.16129882948     
 mdl_sth__exp__4 =    4.9665934644706158E-002
 mdl_sth__exp__6 =    1.1068478328250760E-002
 mdl_sth__exp__3 =   0.10520683593878660     
 mdl_sth__exp__5 =    2.3446243222897113E-002
 mdl_cth__exp__3 =   0.68509391079585125     
 mdl_aEW =    7.5614618607353409E-003
 mdl_sqrt__Gf =    3.4152291284773265E-003
 mdl_vevhat =    246.21961912951551     
 mdl_lam =   0.12905352724481209     
 mdl_sqrt__aEW =    8.6956666568672819E-002
 mdl_ee =   0.30825335704310214     
 mdl_yb =    2.4008698866559607E-002
 mdl_yt =   0.99228297037962632     
 mdl_vevhat__exp__2 =    60624.100844283676     
 mdl_vevT =    246.21961912951551     
 mdl_g1 =   0.34966952144878632     
 mdl_gw =   0.65296989967087182     
 mdl_yb0 =          (2.40086988665596072E-002,0.0000000000000000)
 mdl_yt0 =               (0.99228297037962632,0.0000000000000000)
 mdl_ee__exp__2 =    9.5020132128342205E-002
 mdl_gHaa =   -1.9312250240531351E-003
 mdl_gHza =   -6.8562264784117729E-003
 mdl_barlam =   0.12905352724481209     
 mdl_dWT =   -6.5076395941683845E-012
 mdl_gwsh =   0.65296989967087182     
 mdl_vev =    246.21961912951551     
 mdl_g1sh =   0.34966952144878632     
 mdl_ee__exp__3 =    2.9290274715240611E-002
 mdl_vevhat__exp__3 =    14926843.019948866     
  Internal Params evaluated point by point
  ----------------------------------------
  
 mdl_sqrt__aS =   0.34336569426778790     
 mdl_gHgg2 =   -3.6486270703817007E-004
 mdl_gHgg4 =    1.0424648772519146E-004
 mdl_gHgg5 =    1.8764367790534461E-003
 mdl_G__exp__2 =    1.4815750954329465     
 mdl_gHgg1 =    3.1273946317557436E-003
 mdl_gHgg3 =    7.6133275785037098E-004
 mdl_G__exp__3 =                (1.8033727530176447,0.0000000000000000)
  Couplings of SMEFTsim_topU3l_MwScheme_UFO-massless_2t
  ---------------------------------
  
       GC_385 =   0.00000E+00   0.42384E-14
       GC_386 =   0.21192E-14   0.00000E+00
         GC_6 =  -0.00000E+00  -0.12172E+01
         GC_7 =   0.12172E+01   0.00000E+00
         GC_8 =   0.00000E+00   0.14816E+01
         GC_1 =   0.00000E+00   0.10275E+00
         GC_2 =  -0.00000E+00  -0.20550E+00
       GC_202 =  -0.00000E+00  -0.46172E+00
       GC_203 =  -0.00000E+00  -0.37035E+00
       GC_263 =  -0.00000E+00  -0.55024E-01
       GC_264 =   0.00000E+00   0.11005E+00
       GC_351 =  -0.34821E-14   0.00000E+00
       GC_352 =   0.00000E+00   0.17410E-14
       GC_357 =  -0.92089E-14   0.00000E+00
       GC_358 =   0.00000E+00   0.76741E-14
       GC_365 =  -0.98488E-14   0.00000E+00
       GC_367 =  -0.61393E-14   0.00000E+00
       GC_368 =   0.00000E+00   0.73866E-14
       GC_369 =   0.00000E+00   0.46045E-14
       GC_441 =   0.49314E-14   0.00000E+00
       GC_442 =  -0.00000E+00  -0.41095E-14
       GC_451 =  -0.32876E-14   0.00000E+00
       GC_452 =   0.00000E+00   0.24657E-14
       GC_504 =  -0.11197E-11   0.00000E+00
       GC_506 =   0.00000E+00   0.97970E-12
       GC_524 =   0.00000E+00   0.20207E-11

 Collider parameters:
 --------------------

 Running at P P   machine @    13000.000000000000       GeV
 PDF set = lhapdf 
 alpha_s(Mz)= 0.1127 running at 3 loops.
 alpha_s(Mz)= 0.1127 running at 3 loops.
 Renormalization scale set on event-by-event basis
 Factorization   scale set on event-by-event basis


 getting user params
Enter number of events and max and min iterations: 
 Number of events and iterations         2000           8           3
Enter desired fractional accuracy: 
 Desired fractional accuracy:    1.0000000000000000E-002
Enter 0 for fixed, 2 for adjustable grid: 
Suppress amplitude (0 no, 1 yes)? 
 Using suppressed amplitude.
Exact helicity sum (0 yes, n = number/event)? 
 Explicitly summing over helicities
Enter Configuration Number: 
Running Configuration Number:   10
 Not subdividing B.W.
 Attempting mappinvarients           1           9
 Completed mapping           9
 about to integrate           19        2000           8           3          19           1
 Using non-zero grid deformation.
 19 dimensions   2000 events 19 invarients  8 iterations  1 config(s),  (0.99)
 Using h-tuple random number sequence.
 Error opening grid
 Using Uniform Grid!          36
 Using uniform alpha   1.0000000000000000     
 Grid defined OK
 Set CM energy to      13000.00
 Mapping Graph          10  to config          10
 Setting BW          -1           1   80.387000000000000     
 Setting BW          -2           2   172.75999999999999     
 Setting BW          -3           3   80.387000000000000     
 Setting BW          -4           4   172.75999999999999     
Setting grid   5    0.55268E-03   1
Setting grid   6    0.59172E-06   1
 Transforming s_hat 1/s           18   3.7869822485207109E-003   640000.00000000000        168999999.99999997     
  10   1   2   3   4   5   6   7   8   9  10  11  12  13  14
  15  16  17  18  19
 Masses: 0.000E+00 0.000E+00 0.000E+00 0.000E+00 0.418E+01 0.000E+00 0.000E+00 0.418E+01 0.000E+00
Using random seed offsets    10 :      6
  with seed                   24
 Ranmar initialization seeds       31068        9403
 
 ********************************************
 * You are using the DiscreteSampler module *
 *      part of the MG5_aMC framework       *
 *         Author: Valentin Hirschi         *
 ********************************************
 
  Particle       3       4       5       6       7       8       9
      Et >    10.0    10.0     0.0     0.0     0.0     0.0    10.0
       E >     0.0     0.0     0.0     0.0     0.0     0.0     0.0
     Eta <    -1.0    -1.0    -1.0     5.0    -1.0    -1.0    -1.0
   xqcut:      0.0     0.0     0.0     0.0     0.0     0.0    10.0
d R # 3  >    -0.0     0.0     0.0     0.0     0.0     0.0     0.0
d R # 4  >    -0.0    -0.0     0.0     0.0     0.0     0.0     0.0
d R # 5  >    -0.0    -0.0    -0.0     0.0     0.0     0.0     0.0
d R # 6  >    -0.0    -0.0    -0.0    -0.0     0.0     0.0     0.0
d R # 7  >    -0.0    -0.0    -0.0    -0.0    -0.0     0.0     0.0
d R # 8  >    -0.0    -0.0    -0.0    -0.0    -0.0    -0.0     0.0
s min # 3>     0.0   100.0     0.0     0.0     0.0     0.0   100.0
s min # 4>     0.0     0.0     0.0     0.0     0.0     0.0   100.0
s min # 5>     0.0     0.0     0.0     0.0     0.0     0.0     0.0
s min # 6>     0.0     0.0     0.0     0.0     0.0     0.0     0.0
s min # 7>     0.0     0.0     0.0     0.0     0.0     0.0     0.0
s min # 8>     0.0     0.0     0.0     0.0     0.0     0.0     0.0
xqcutij # 3>     0.0    10.0     0.0     0.0     0.0     0.0     0.0
xqcutij # 4>    10.0     0.0     0.0     0.0     0.0     0.0     0.0
xqcutij # 5>     0.0     0.0     0.0     0.0     0.0     0.0     0.0
xqcutij # 6>     0.0     0.0     0.0     0.0     0.0     0.0     0.0
xqcutij # 7>     0.0     0.0     0.0     0.0     0.0     0.0     0.0
xqcutij # 8>     0.0     0.0     0.0     0.0     0.0     0.0     0.0
 No cut BW           -1           1
 No cut BW           -2           2
 No cut BW           -3           3
 No cut BW           -4           4
 alpha_s for scale    1643.4116728670870       is    7.7534783179761813E-002
 Added good helicity            1   195.33981485354431       in event            1 local:           1
 Added good helicity            2   127.10024495060922       in event            1 local:           1
 Added good helicity            3  0.20354401960550939       in event            1 local:           1
 Added good helicity            4  0.13243841132849740       in event            1 local:           1
 Added good helicity           17  0.14952176850975038       in event            1 local:           1
 Added good helicity           18   9.7288171480431840E-002  in event            1 local:           1
 Added good helicity           19   1.5580163114118395E-004  in event            1 local:           1
 Added good helicity           20   1.0137424107191747E-004  in event            1 local:           1
 Added good helicity          385   98.117008497228213       in event            1 local:           1
 Added good helicity          386   90.518783056257419       in event            1 local:           1
 Added good helicity          387  0.10223788897575461       in event            1 local:           1
 Added good helicity          388   9.4320540663209634E-002  in event            1 local:           1
 Added good helicity          401   7.5103115261443698E-002  in event            1 local:           1
 Added good helicity          402   6.9287096113450478E-002  in event            1 local:           1
 Added good helicity          403   7.8257420170425342E-005  in event            1 local:           1
 Added good helicity          404   7.2197130206034268E-005  in event            1 local:           1
 Added good helicity            1   195.33981485354420       in event            1 local:           1
 Added good helicity            2   127.10024495060885       in event            1 local:           1
 Added good helicity            3  0.20354401960551188       in event            1 local:           1
 Added good helicity            4  0.13243841132849807       in event            1 local:           1
 Added good helicity           17  0.14952176850974966       in event            1 local:           1
 Added good helicity           18   9.7288171480431590E-002  in event            1 local:           1
 Added good helicity           19   1.5580163114118519E-004  in event            1 local:           1
 Added good helicity           20   1.0137424107191808E-004  in event            1 local:           1
 Added good helicity          385   98.117008497227232       in event            1 local:           1
 Added good helicity          386   90.518783056258954       in event            1 local:           1
 Added good helicity          387  0.10223788897575618       in event            1 local:           1
 Added good helicity          388   9.4320540663210245E-002  in event            1 local:           1
 Added good helicity          401   7.5103115261442699E-002  in event            1 local:           1
 Added good helicity          402   6.9287096113451518E-002  in event            1 local:           1
 Added good helicity          403   7.8257420170426223E-005  in event            1 local:           1
 Added good helicity          404   7.2197130206035095E-005  in event            1 local:           1
 RESET CUMULATIVE VARIABLE
 RESET CUMULATIVE VARIABLE
 RESET CUMULATIVE VARIABLE
 Iteration  1   Mean: 0.2718E-05 Abs mean: 0.2718E-05   Fluctuation:  0.378E-06   0.634E-03     5.6%
  1    0.2718E-05 0.2718E-05 +- 0.3780E-06      6.22
 Writing out events   3.0241159146367604E-009   6.2197088513614842     
 Relative summed weights:
  0.3395E+00  0.4654E+00  0.5394E-01  0.1411E+00
 Relative number of events:
  0.3755E+00  0.3948E+00  0.1171E+00  0.1126E+00
 Events:
         757         796         236         227
 Iteration  2   Mean: 0.3945E-05 Abs mean: 0.3945E-05   Fluctuation:  0.429E-06   0.122E-02     8.2%
  2    0.3945E-05 0.3945E-05 +- 0.4294E-06      6.88
 Relative summed weights:
  0.3607E+00  0.4994E+00  0.8149E-01  0.5836E-01
 Relative number of events:
  0.4083E+00  0.4100E+00  0.8825E-01  0.9350E-01
 Events:
        1633        1640         353         374
 Iteration  3   Mean: 0.3357E-05 Abs mean: 0.3357E-05   Fluctuation:  0.146E-06   0.547E-03     6.5%
  3    0.3357E-05 0.3357E-05 +- 0.1459E-06      3.89
 Relative summed weights:
  0.4122E+00  0.4774E+00  0.5826E-01  0.5216E-01
 Relative number of events:
  0.4313E+00  0.4166E+00  0.7963E-01  0.7250E-01
 Events:
        3450        3333         637         580
 Accuracy:    0.057   0.010   0.039   2.179
 Found         3512  events.
 Wrote           75  events.
 Actual xsec    3.3821904261694932E-006
 Correct abs xsec    3.3821904261694932E-006
 Event xsec    3.3821904261694877E-006
 Events wgts > 1:            1
 % Cross section > 1:    2.6344211939022663E-008  0.77890977797068917     
 Iteration  4   Mean: 0.3254E-05 Abs mean: 0.3254E-05   Fluctuation:  0.739E-07   0.353E-03     5.5%
  4    0.3254E-05 0.3254E-05 +- 0.7390E-07      2.87
 Relative summed weights:
Thanks for using LHAPDF 6.2.1. Please make sure to cite the paper:
  Eur.Phys.J. C75 (2015) 3, 132  (http://arxiv.org/abs/1412.7420)
  0.4398E+00  0.4392E+00  0.5768E-01  0.6326E-01
 Relative number of events:
  0.4334E+00  0.4264E+00  0.6900E-01  0.7125E-01
 Events:
        6934        6822        1104        1140
 Accuracy:    0.026   0.010   0.020   1.791
 Found         9033  events.
 Wrote          314  events.
 Actual xsec    3.2980560312767567E-006
 Correct abs xsec    3.2980560312767567E-006
 Event xsec    3.2980560312767444E-006
 Events wgts > 1:            6
 % Cross section > 1:    3.2709043288099770E-008  0.99176736167934165     
 Iteration  5   Mean: 0.3228E-05 Abs mean: 0.3228E-05   Fluctuation:  0.433E-07   0.245E-03     4.5%
  5    0.3228E-05 0.3228E-05 +- 0.4332E-07      2.40
 Relative summed weights:
  0.4327E+00  0.4416E+00  0.6195E-01  0.6374E-01
 Relative number of events:
  0.4249E+00  0.4352E+00  0.6884E-01  0.7100E-01
 Events:
       13598       13927        2203        2272
 Accuracy:    0.014   0.010   0.011   1.520
 Found        20834  events.
 Wrote          993  events.
 Actual xsec    3.2427573509457608E-006
 Correct abs xsec    3.2427573509457608E-006
 Event xsec    3.2427573509456587E-006
 Events wgts > 1:           16
 % Cross section > 1:    3.3671162225263479E-008   1.0383497308376848     
 Iteration  6   Mean: 0.3266E-05 Abs mean: 0.3266E-05   Fluctuation:  0.282E-07   0.313E-03     4.0%
  6    0.3266E-05 0.3266E-05 +- 0.2819E-07      2.18
 Relative summed weights:
  0.4354E+00  0.4456E+00  0.6173E-01  0.5722E-01
 Relative number of events:
  0.4298E+00  0.4345E+00  0.6706E-01  0.6869E-01
 Events:
       27506       27806        4292        4396
 Accuracy:    0.008   0.010   0.007   1.244
 Finished due to accuracy    7.5927957333958192E-003   1.0000000000000000E-002

 -------------------------------------------------------------------------------
 Accumulated results:   Integral =  0.3259E-05
                        Std dev  =  0.2218E-07
                       Cross sec =  0.3259E-05
             Chi**2 per DoF.     =      1.2442
 -------------------------------------------------------------------------------
 Found        45066  events.
 Wrote         2924  events.
 Actual xsec    3.2550266372958670E-006
 Correct abs xsec    3.2550266372958670E-006
 Event xsec    3.2550266372959780E-006
 Events wgts > 1:           78
 % Cross section > 1:    3.2275016262669729E-008  0.99154384461447276     
-------------------------------------------------
---------------------------
 Results Last   3 iters: Integral =   0.3255E-05
                     Abs integral =   0.3255E-05
                          Std dev =   0.2251E-07
                  Chi**2 per DoF. =      0.2760
-------------------------------------------------
---------------------------
 Status   1.0000000000000000E-002           7           8

ls status:
events.lhe
ftn26
input_app.txt
results.dat
run1_app.log
