==== LHAPDF6 USING DEFAULT-TYPE LHAGLUE INTERFACE ====
LHAPDF 6.2.1 loading /cvmfs/cms.cern.ch/slc7_amd64_gcc700/external/lhapdf/6.2.1-pafccj3/share/LHAPDF/NNPDF31_nnlo_as_0118_nf_4_mc_hessian/NNPDF31_nnlo_as_0118_nf_4_mc_hessian_0000.dat
NNPDF31_nnlo_as_0118_nf_4_mc_hessian PDF set, member #0, version 1; LHAPDF ID = 325500
 Process in group number            3
 A PDF is used, so alpha_s(MZ) is going to be modified
 Old value of alpha_s from param_card:   0.11790000000000000     
 New value of alpha_s from PDF lhapdf :  0.11266013434007299     
 using LHAPDF
 Warning! ptj set to xqcut=   10.000000000000000       to improve integration efficiency
 Note that this might affect non-radiated jets,
 e.g. from decays. Use cut_decays=F in run_card.
 Warning! mmjj set to xqcut=   10.000000000000000       to improve integration efficiency
 Note that this might affect non-radiated jets,
 e.g. from decays. Use cut_decays=F in run_card.
 Define smin to   640000.00000000000     
 *****************************************************
 *               MadGraph/MadEvent                   *
 *        --------------------------------           *
 *          http://madgraph.hep.uiuc.edu             *
 *          http://madgraph.phys.ucl.ac.be           *
 *          http://madgraph.roma2.infn.it            *
 *        --------------------------------           *
 *                                                   *
 *          PARAMETER AND COUPLING VALUES            *
 *                                                   *
 *****************************************************

  External Params
  ---------------------------------
  
 mdl_ctGRe =    9.9999999999999994E-012
 mdl_ctWRe =    3.0000000000000000E-011
 mdl_ctBRe =    5.0000000000000002E-011
 mdl_cHt =    8.9999999999999999E-011
 mdl_cHtbRe =    7.0000000000000004E-011
 mdl_ctGIm =    1.9999999999999999E-011
 mdl_ctWIm =    3.9999999999999998E-011
 mdl_ctBIm =    6.0000000000000000E-011
 mdl_cHtbIm =    7.9999999999999995E-011
 mdl_LambdaSMEFT =    1000.0000000000000     
 mdl_MW =    80.387000000000000     
 mdl_Gf =    1.1663789999999999E-005
 aS =   0.11790000000000000     
 mdl_ymb =    4.1799999999999997     
 mdl_ymt =    172.75999999999999     
 mdl_MZ =    91.187600000000003     
 mdl_MT =    172.75999999999999     
 mdl_MB =    4.1799999999999997     
 mdl_MH =    125.09000000000000     
 mdl_WZ =    2.4952000000000001     
 mdl_WW =    2.0850000000000000     
 mdl_WT =    1.3300000000000001     
 mdl_WH =    4.0699999999999998E-003
  Internal Params
  ---------------------------------
  
 mdl_cHQ3 =    0.0000000000000000     
 mdl_cH =    0.0000000000000000     
 mdl_conjg__cbH =    0.0000000000000000     
 mdl_dGf =    0.0000000000000000     
 mdl_cbWRe =    0.0000000000000000     
 mdl_dMH2 =    0.0000000000000000     
 mdl_conjg__ctHH =    0.0000000000000000     
 mdl_dg1 =    0.0000000000000000     
 mdl_cHB =    0.0000000000000000     
 mdl_cHW =    0.0000000000000000     
 mdl_dgw =    0.0000000000000000     
 mdl_complexi =                (0.0000000000000000,1.0000000000000000)
 mdl_ctG =    (9.99999999999999939E-012,1.99999999999999988E-011)
 mdl_ctW =    (2.99999999999999998E-011,3.99999999999999976E-011)
 mdl_ctB =    (5.00000000000000018E-011,5.99999999999999996E-011)
 mdl_cHtb =    (7.00000000000000038E-011,7.99999999999999952E-011)
 mdl_MWsm =    80.387000000000000     
 mdl_MW__exp__2 =    6462.0697689999997     
 mdl_MZ__exp__2 =    8315.1783937600012     
 mdl_sqrt__2 =    1.4142135623730951     
 mdl_nb__2__exp__0_25 =    1.1892071150027210     
 mdl_MH__exp__2 =    15647.508100000001     
 mdl_sth2 =   0.22285855299877133     
 mdl_nb__10__exp___m_40 =    9.9999999999999993E-041
 mdl_MZ1 =    91.187600000000003     
 mdl_MH1 =    125.09000000000000     
 mdl_MT1 =    172.75999999999999     
 mdl_WZ1 =    2.4952000000000001     
 mdl_WW1 =    2.0850000000000000     
 mdl_WH1 =    4.0699999999999998E-003
 mdl_WT1 =    1.3300000000000001     
 mdl_cth =   0.88155626422890820     
 mdl_MW1 =    80.387000000000000     
 mdl_sqrt__sth2 =   0.47207896902824564     
 mdl_sth =   0.47207896902824564     
 mdl_LambdaSMEFT__exp__2 =    1000000.0000000000     
 mdl_MT__exp__2 =    29846.017599999996     
 mdl_MH__exp__6 =    3831206449390.3818     
 mdl_MWsm__exp__6 =    269845343347.69711     
 mdl_MH__exp__4 =    244844509.73956564     
 mdl_MWsm__exp__4 =    41758345.699423708     
 mdl_MWsm__exp__2 =    6462.0697689999997     
 mdl_MZ__exp__4 =    69142191.720053151     
 mdl_MZ__exp__6 =    574929658687.79749     
 mdl_cth__exp__2 =   0.77714144700122867     
 mdl_sth__exp__2 =   0.22285855299877130     
 mdl_MB__exp__2 =    17.472399999999997     
 mdl_MZ__exp__3 =    758241.16129882948     
 mdl_sth__exp__4 =    4.9665934644706158E-002
 mdl_sth__exp__6 =    1.1068478328250760E-002
 mdl_sth__exp__3 =   0.10520683593878660     
 mdl_sth__exp__5 =    2.3446243222897113E-002
 mdl_cth__exp__3 =   0.68509391079585125     
 mdl_aEW =    7.5614618607353409E-003
 mdl_sqrt__Gf =    3.4152291284773265E-003
 mdl_vevhat =    246.21961912951551     
 mdl_lam =   0.12905352724481209     
 mdl_sqrt__aEW =    8.6956666568672819E-002
 mdl_ee =   0.30825335704310214     
 mdl_yb =    2.4008698866559607E-002
 mdl_yt =   0.99228297037962632     
 mdl_vevhat__exp__2 =    60624.100844283676     
 mdl_vevT =    246.21961912951551     
 mdl_g1 =   0.34966952144878632     
 mdl_gw =   0.65296989967087182     
 mdl_yb0 =          (2.40086988665596072E-002,0.0000000000000000)
 mdl_yt0 =               (0.99228297037962632,0.0000000000000000)
 mdl_ee__exp__2 =    9.5020132128342205E-002
 mdl_gHaa =   -1.9312250240531351E-003
 mdl_gHza =   -6.8562264784117729E-003
 mdl_barlam =   0.12905352724481209     
 mdl_dWT =   -6.5076395941683845E-012
 mdl_gwsh =   0.65296989967087182     
 mdl_vev =    246.21961912951551     
 mdl_g1sh =   0.34966952144878632     
 mdl_ee__exp__3 =    2.9290274715240611E-002
 mdl_vevhat__exp__3 =    14926843.019948866     
  Internal Params evaluated point by point
  ----------------------------------------
  
 mdl_sqrt__aS =   0.34336569426778790     
 mdl_gHgg2 =   -3.6486270703817007E-004
 mdl_gHgg4 =    1.0424648772519146E-004
 mdl_gHgg5 =    1.8764367790534461E-003
 mdl_G__exp__2 =    1.4815750954329465     
 mdl_gHgg1 =    3.1273946317557436E-003
 mdl_gHgg3 =    7.6133275785037098E-004
 mdl_G__exp__3 =                (1.8033727530176447,0.0000000000000000)
  Couplings of SMEFTsim_topU3l_MwScheme_UFO-massless_2t
  ---------------------------------
  
       GC_385 =   0.00000E+00   0.42384E-14
       GC_386 =   0.21192E-14   0.00000E+00
         GC_6 =  -0.00000E+00  -0.12172E+01
         GC_7 =   0.12172E+01   0.00000E+00
         GC_8 =   0.00000E+00   0.14816E+01
         GC_1 =   0.00000E+00   0.10275E+00
         GC_2 =  -0.00000E+00  -0.20550E+00
       GC_202 =  -0.00000E+00  -0.46172E+00
       GC_203 =  -0.00000E+00  -0.37035E+00
       GC_263 =  -0.00000E+00  -0.55024E-01
       GC_264 =   0.00000E+00   0.11005E+00
       GC_351 =  -0.34821E-14   0.00000E+00
       GC_352 =   0.00000E+00   0.17410E-14
       GC_357 =  -0.92089E-14   0.00000E+00
       GC_358 =   0.00000E+00   0.76741E-14
       GC_365 =  -0.98488E-14   0.00000E+00
       GC_367 =  -0.61393E-14   0.00000E+00
       GC_368 =   0.00000E+00   0.73866E-14
       GC_369 =   0.00000E+00   0.46045E-14
       GC_441 =   0.49314E-14   0.00000E+00
       GC_442 =  -0.00000E+00  -0.41095E-14
       GC_451 =  -0.32876E-14   0.00000E+00
       GC_452 =   0.00000E+00   0.24657E-14
       GC_504 =  -0.11197E-11   0.00000E+00
       GC_506 =   0.00000E+00   0.97970E-12
       GC_524 =   0.00000E+00   0.20207E-11

 Collider parameters:
 --------------------

 Running at P P   machine @    13000.000000000000       GeV
 PDF set = lhapdf 
 alpha_s(Mz)= 0.1127 running at 3 loops.
 alpha_s(Mz)= 0.1127 running at 3 loops.
 Renormalization scale set on event-by-event basis
 Factorization   scale set on event-by-event basis


 getting user params
Enter number of events and max and min iterations: 
 Number of events and iterations         2000           8           3
Enter desired fractional accuracy: 
 Desired fractional accuracy:    1.0000000000000000E-002
Enter 0 for fixed, 2 for adjustable grid: 
Suppress amplitude (0 no, 1 yes)? 
 Using suppressed amplitude.
Exact helicity sum (0 yes, n = number/event)? 
 Explicitly summing over helicities
Enter Configuration Number: 
Running Configuration Number:    3
 Using dconfig=          14
 BW Setting            2           1           1           0           0           0           0
 Attempting mappinvarients           1           9
 Completed mapping           9
 about to integrate           19        2000           8           3          19           1
 Using non-zero grid deformation.
 19 dimensions   2000 events 19 invarients  8 iterations  1 config(s),  (0.99)
 Using h-tuple random number sequence.
 Error opening grid
 Using Uniform Grid!          36
 Using uniform alpha   1.0000000000000000     
 Grid defined OK
 Set CM energy to      13000.00
 Mapping Graph           3  to config           3
Setting grid   1    0.59172E-08   1
 Setting BW          -2           2   172.75999999999999     
 Setting BW          -3           3   172.75999999999999     
 Setting BW          -4           4   80.387000000000000     
 Setting BW          -5           5   172.75999999999999     
Setting grid   6    0.60183E-03   1
 Transforming s_hat 1/s           18   3.7869822485207109E-003   640000.00000000000        168999999.99999997     
   3   1   2   3   4   5   6   7   8   9  10  11  12  13  14
  15  16  17  18  19
 Masses: 0.000E+00 0.000E+00 0.000E+00 0.000E+00 0.418E+01 0.000E+00 0.000E+00 0.418E+01 0.000E+00
Using random seed offsets     3 :      4
  with seed                   24
 Ranmar initialization seeds       31061        9401
 
 ********************************************
 * You are using the DiscreteSampler module *
 *      part of the MG5_aMC framework       *
 *         Author: Valentin Hirschi         *
 ********************************************
 
  Particle       3       4       5       6       7       8       9
      Et >    10.0    10.0     0.0     0.0     0.0     0.0    10.0
       E >     0.0     0.0     0.0     0.0     0.0     0.0     0.0
     Eta <    -1.0    -1.0    -1.0     5.0    -1.0    -1.0    -1.0
   xqcut:      0.0     0.0     0.0     0.0     0.0     0.0    10.0
d R # 3  >    -0.0     0.0     0.0     0.0     0.0     0.0     0.0
d R # 4  >    -0.0    -0.0     0.0     0.0     0.0     0.0     0.0
d R # 5  >    -0.0    -0.0    -0.0     0.0     0.0     0.0     0.0
d R # 6  >    -0.0    -0.0    -0.0    -0.0     0.0     0.0     0.0
d R # 7  >    -0.0    -0.0    -0.0    -0.0    -0.0     0.0     0.0
d R # 8  >    -0.0    -0.0    -0.0    -0.0    -0.0    -0.0     0.0
s min # 3>     0.0   100.0     0.0     0.0     0.0     0.0   100.0
s min # 4>     0.0     0.0     0.0     0.0     0.0     0.0   100.0
s min # 5>     0.0     0.0     0.0     0.0     0.0     0.0     0.0
s min # 6>     0.0     0.0     0.0     0.0     0.0     0.0     0.0
s min # 7>     0.0     0.0     0.0     0.0     0.0     0.0     0.0
s min # 8>     0.0     0.0     0.0     0.0     0.0     0.0     0.0
xqcutij # 3>     0.0    10.0     0.0     0.0     0.0     0.0     0.0
xqcutij # 4>    10.0     0.0     0.0     0.0     0.0     0.0     0.0
xqcutij # 5>     0.0     0.0     0.0     0.0     0.0     0.0     0.0
xqcutij # 6>     0.0     0.0     0.0     0.0     0.0     0.0     0.0
xqcutij # 7>     0.0     0.0     0.0     0.0     0.0     0.0     0.0
xqcutij # 8>     0.0     0.0     0.0     0.0     0.0     0.0     0.0
 Excluding BW           -1           1
 Requiring BW           -2           2
 Requiring BW           -3           3
 No cut BW           -4           4
 No cut BW           -5           5
 alpha_s for scale    2470.3057207925190       is    7.4298997810455181E-002
 Added good helicity            1   2.8690670658823074       in event            1 local:           1
 Added good helicity            2   2.8537809246443784       in event            1 local:           1
 Added good helicity            3   1.1595880551736706E-002  in event            1 local:           1
 Added good helicity            4   1.1534098702855848E-002  in event            1 local:           1
 Added good helicity           17   4.8353201899191178E-002  in event            1 local:           1
 Added good helicity           18   4.8095580220580456E-002  in event            1 local:           1
 Added good helicity           19   1.9542866745242930E-004  in event            1 local:           1
 Added good helicity           20   1.9438744041097962E-004  in event            1 local:           1
 Added good helicity          129   41.400543810609555       in event            1 local:           1
 Added good helicity          130   40.153884729830814       in event            1 local:           1
 Added good helicity          131  0.16732817665788333       in event            1 local:           1
 Added good helicity          132  0.16228956673474249       in event            1 local:           1
 Added good helicity          145  0.69773511988545078       in event            1 local:           1
 Added good helicity          146  0.67672482042525539       in event            1 local:           1
 Added good helicity          147   2.8200292714677510E-003  in event            1 local:           1
 Added good helicity          148   2.7351121477885445E-003  in event            1 local:           1
 Added good helicity          257   202.71849215666387       in event            1 local:           1
 Added good helicity          258   199.56836963741759       in event            1 local:           1
 Added good helicity          259  0.81932536488657337       in event            1 local:           1
 Added good helicity          260  0.80659354523361926       in event            1 local:           1
 Added good helicity          273   3.4164723075215822       in event            1 local:           1
 Added good helicity          274   3.3633823982670785       in event            1 local:           1
 Added good helicity          275   1.3808323010915684E-002  in event            1 local:           1
 Added good helicity          276   1.3593750039264482E-002  in event            1 local:           1
 Added good helicity          385   5.9232435791945646       in event            1 local:           1
 Added good helicity          386   5.9998951734438837       in event            1 local:           1
 Added good helicity          387   2.3939916165242485E-002  in event            1 local:           1
 Added good helicity          388   2.4249718170796353E-002  in event            1 local:           1
 Added good helicity          401   9.9826105870362988E-002  in event            1 local:           1
 Added good helicity          402  0.10111793695250347       in event            1 local:           1
 Added good helicity          403   4.0346620456963424E-004  in event            1 local:           1
 Added good helicity          404   4.0868738573361885E-004  in event            1 local:           1
 RESET CUMULATIVE VARIABLE
 RESET CUMULATIVE VARIABLE
 Iteration  1   Mean: 0.3111E-05 Abs mean: 0.3111E-05   Fluctuation:  0.154E-05   0.290E-02     1.4%
  1    0.3111E-05 0.3111E-05 +- 0.1544E-05     22.20
 Writing out events   1.3719808030083662E-008   22.196941883842474     
 Relative summed weights:
  0.1000E+01  0.0000E+00
 Relative number of events:
  0.1000E+01  0.0000E+00
 Events:
        2002           0
 Iteration  2   Mean: 0.1375E-04 Abs mean: 0.1375E-04   Fluctuation:  0.881E-05   0.347E-01     7.0%
  2    0.1375E-04 0.1375E-04 +- 0.8811E-05     40.52
 Relative summed weights:
  0.1000E+01  0.0000E+00
 Relative number of events:
  0.1000E+01  0.0000E+00
 Events:
        3999           0
 Iteration  3   Mean: 0.4262E-05 Abs mean: 0.4262E-05   Fluctuation:  0.663E-06   0.289E-02     7.2%
  3    0.4262E-05 0.4262E-05 +- 0.6627E-06     13.91
 Relative summed weights:
  0.1000E+01  0.0000E+00
 Relative number of events:
  0.1000E+01  0.0000E+00
 Events:
        7999           0
 Accuracy:    0.325   0.010   0.145   5.042
 Found          525  events.
 Wrote            9  events.
 Actual xsec    4.6475376352820486E-006
 Correct abs xsec    4.6475376379785145E-006
 Event xsec    4.6475376379785145E-006
 Events wgts > 1:            0
 % Cross section > 1:    0.0000000000000000        0.0000000000000000     
 Iteration  4   Mean: 0.5512E-05 Abs mean: 0.5512E-05   Fluctuation:  0.760E-06   0.895E-02     7.9%
  4    0.5512E-05 0.5512E-05 +- 0.7603E-06     17.45
 Relative summed weights:
  0.1000E+01  0.0000E+00
 Relative number of events:
  0.1000E+01  0.0000E+00
 Events:
       15999           0
 Accuracy:    0.174   0.010   0.100   3.031
Thanks for using LHAPDF 6.2.1. Please make sure to cite the paper:
  Eur.Phys.J. C75 (2015) 3, 132  (http://arxiv.org/abs/1412.7420)
 Found         3190  events.
 Wrote           14  events.
 Actual xsec    5.1837149844529324E-006
 Correct abs xsec    5.1837149844695715E-006
 Event xsec    5.1837149844695715E-006
 Events wgts > 1:            0
 % Cross section > 1:    0.0000000000000000        0.0000000000000000     
 Iteration  5   Mean: 0.5764E-05 Abs mean: 0.5764E-05   Fluctuation:  0.347E-06   0.545E-02     8.5%
  5    0.5764E-05 0.5764E-05 +- 0.3467E-06     10.76
 Relative summed weights:
  0.1000E+01  0.0000E+00
 Relative number of events:
  0.1000E+01  0.0000E+00
 Events:
       31996           0
 Accuracy:    0.076   0.010   0.052   2.154
 Found         7680  events.
 Wrote           31  events.
 Actual xsec    5.5600569291176286E-006
 Correct abs xsec    5.5600569765004289E-006
 Event xsec    5.5600569765004238E-006
 Events wgts > 1:            2
 % Cross section > 1:    3.0471885882396589E-008  0.54804988530128362     
 Iteration  6   Mean: 0.5753E-05 Abs mean: 0.5753E-05   Fluctuation:  0.138E-06   0.252E-02     8.3%
  6    0.5753E-05 0.5753E-05 +- 0.1376E-06      6.05
 Relative summed weights:
  0.1000E+01  0.0000E+00
 Relative number of events:
  0.1000E+01  0.0000E+00
 Events:
       63994           0
 Accuracy:    0.028   0.010   0.022   1.694
 Found        19849  events.
 Wrote          221  events.
 Actual xsec    5.7486027196783486E-006
 Correct abs xsec    5.7486027492036123E-006
 Event xsec    5.7486027492036369E-006
 Events wgts > 1:            6
 % Cross section > 1:    4.5812135569889815E-008  0.79692644575651439     
 Iteration  7   Mean: 0.5671E-05 Abs mean: 0.5671E-05   Fluctuation:  0.628E-07   0.107E-02     8.1%
  7    0.5671E-05 0.5671E-05 +- 0.6278E-07      3.96
 Relative summed weights:
  0.1000E+01  0.0000E+00
 Relative number of events:
  0.1000E+01  0.0000E+00
 Events:
      127994           0
 Accuracy:    0.012   0.010   0.010   1.457
 Found        46482  events.
 Wrote         1523  events.
 Actual xsec    5.6879285075964624E-006
 Correct abs xsec    5.6879285225016359E-006
 Event xsec    5.6879285225016783E-006
 Events wgts > 1:           39
 % Cross section > 1:    5.5272006304502543E-008  0.97174227991516116     
 Iteration  8   Mean: 0.5808E-05 Abs mean: 0.5808E-05   Fluctuation:  0.550E-07   0.988E-02     8.1%
  8    0.5808E-05 0.5808E-05 +- 0.5499E-07      4.79
 Exceeded boost          18           1   256000.000    
 Relative summed weights:
  0.1000E+01  0.0000E+00
 Relative number of events:
  0.1000E+01  0.0000E+00
 Events:
      255979           0
 Accuracy:    0.009   0.010   0.007   1.588
 Finished due to accuracy    8.6053320246496472E-003   1.0000000000000000E-002

 -------------------------------------------------------------------------------
 Accumulated results:   Integral =  0.5748E-05
                        Std dev  =  0.3925E-07
                       Cross sec =  0.5748E-05
             Chi**2 per DoF.     =      1.5878
 -------------------------------------------------------------------------------
 Found       101548  events.
 Wrote         3257  events.
 Actual xsec    5.7506496611648395E-006
 Correct abs xsec    5.7506497135516335E-006
 Event xsec    5.7506497135518723E-006
 Events wgts > 1:           51
 % Cross section > 1:    5.9864645259095953E-008   1.0410066382242003     
-------------------------------------------------
---------------------------
 Results Last   3 iters: Integral =   0.5751E-05
                     Abs integral =   0.5751E-05
                          Std dev =   0.3962E-07
                  Chi**2 per DoF. =      1.3459
-------------------------------------------------
---------------------------
 Status   1.0000000000000000E-002           9           8

ls status:
events.lhe
ftn26
input_app.txt
results.dat
run1_app.log
